ERROR - 2022-07-06 22:40:17 --> Error connecting to the database: Unknown database 'sai1wb'
CRITICAL - 2022-07-06 22:40:17 --> Unable to connect to the database.
Main connection [MySQLi]: Unknown database 'sai1wb'
#0 C:\xampp\htdocs\astraagrolestari-weightbridge\vendor\codeigniter4\framework\system\Database\BaseConnection.php(570): CodeIgniter\Database\BaseConnection->initialize()
#1 C:\xampp\htdocs\astraagrolestari-weightbridge\vendor\codeigniter4\framework\system\Database\BaseBuilder.php(1428): CodeIgniter\Database\BaseConnection->query('SELECT *\nFROM `...', Array, false)
#2 C:\xampp\htdocs\astraagrolestari-weightbridge\vendor\codeigniter4\framework\system\Model.php(142): CodeIgniter\Database\BaseBuilder->get()
#3 C:\xampp\htdocs\astraagrolestari-weightbridge\vendor\codeigniter4\framework\system\BaseModel.php(523): CodeIgniter\Model->doFind(true, 'admin@gmail.com')
#4 C:\xampp\htdocs\astraagrolestari-weightbridge\app\Controllers\Master\Users.php(134): CodeIgniter\BaseModel->find('admin@gmail.com')
#5 C:\xampp\htdocs\astraagrolestari-weightbridge\vendor\codeigniter4\framework\system\CodeIgniter.php(802): App\Controllers\Master\Users->login()
#6 C:\xampp\htdocs\astraagrolestari-weightbridge\vendor\codeigniter4\framework\system\CodeIgniter.php(399): CodeIgniter\CodeIgniter->runController(Object(App\Controllers\Master\Users))
#7 C:\xampp\htdocs\astraagrolestari-weightbridge\vendor\codeigniter4\framework\system\CodeIgniter.php(317): CodeIgniter\CodeIgniter->handleRequest(NULL, Object(Config\Cache), false)
#8 C:\xampp\htdocs\astraagrolestari-weightbridge\public\index.php(37): CodeIgniter\CodeIgniter->run()
#9 {main}
ERROR - 2022-07-06 22:46:39 --> Unknown column 'm_parameter_values.description' in 'where clause'
ERROR - 2022-07-06 22:46:40 --> Unknown column 'm_parameter_values.description' in 'where clause'
ERROR - 2022-07-06 22:46:41 --> Unknown column 'm_parameter_values.description' in 'where clause'
ERROR - 2022-07-06 22:46:41 --> Unknown column 'm_parameter_values.description' in 'where clause'
ERROR - 2022-07-06 22:46:41 --> Unknown column 'm_parameter_values.description' in 'where clause'
ERROR - 2022-07-06 22:46:43 --> Unknown column 'm_parameter_values.description' in 'where clause'
CRITICAL - 2022-07-06 23:28:53 --> Invalid file: report/nota.php
#0 C:\xampp\htdocs\astraagrolestari-weightbridge\vendor\codeigniter4\framework\system\View\View.php(198): CodeIgniter\Exceptions\FrameworkException::forInvalidFile('report/nota.php')
#1 C:\xampp\htdocs\astraagrolestari-weightbridge\vendor\codeigniter4\framework\system\Common.php(1092): CodeIgniter\View\View->render('report/nota', Array, true)
#2 C:\xampp\htdocs\astraagrolestari-weightbridge\app\Controllers\DataTimbang.php(266): view('report/nota', Array)
#3 C:\xampp\htdocs\astraagrolestari-weightbridge\vendor\codeigniter4\framework\system\CodeIgniter.php(802): App\Controllers\DataTimbang->nota('EDI1P1220705103')
#4 C:\xampp\htdocs\astraagrolestari-weightbridge\vendor\codeigniter4\framework\system\CodeIgniter.php(399): CodeIgniter\CodeIgniter->runController(Object(App\Controllers\DataTimbang))
#5 C:\xampp\htdocs\astraagrolestari-weightbridge\vendor\codeigniter4\framework\system\CodeIgniter.php(317): CodeIgniter\CodeIgniter->handleRequest(NULL, Object(Config\Cache), false)
#6 C:\xampp\htdocs\astraagrolestari-weightbridge\public\index.php(37): CodeIgniter\CodeIgniter->run()
#7 {main}
CRITICAL - 2022-07-06 23:29:38 --> Invalid file: report/nota.php
#0 C:\xampp\htdocs\astraagrolestari-weightbridge\vendor\codeigniter4\framework\system\View\View.php(198): CodeIgniter\Exceptions\FrameworkException::forInvalidFile('report/nota.php')
#1 C:\xampp\htdocs\astraagrolestari-weightbridge\vendor\codeigniter4\framework\system\Common.php(1092): CodeIgniter\View\View->render('report/nota', Array, true)
#2 C:\xampp\htdocs\astraagrolestari-weightbridge\app\Controllers\DataTimbang.php(266): view('report/nota', Array)
#3 C:\xampp\htdocs\astraagrolestari-weightbridge\vendor\codeigniter4\framework\system\CodeIgniter.php(802): App\Controllers\DataTimbang->nota('EDI1P1220705103')
#4 C:\xampp\htdocs\astraagrolestari-weightbridge\vendor\codeigniter4\framework\system\CodeIgniter.php(399): CodeIgniter\CodeIgniter->runController(Object(App\Controllers\DataTimbang))
#5 C:\xampp\htdocs\astraagrolestari-weightbridge\vendor\codeigniter4\framework\system\CodeIgniter.php(317): CodeIgniter\CodeIgniter->handleRequest(NULL, Object(Config\Cache), false)
#6 C:\xampp\htdocs\astraagrolestari-weightbridge\public\index.php(37): CodeIgniter\CodeIgniter->run()
#7 {main}
ERROR - 2022-07-06 23:57:25 --> Unknown column 'm_parameter_values.description' in 'where clause'
ERROR - 2022-07-06 23:57:26 --> Unknown column 'm_parameter_values.description' in 'where clause'
ERROR - 2022-07-06 23:57:26 --> Unknown column 'm_parameter_values.description' in 'where clause'
ERROR - 2022-07-06 23:57:27 --> Unknown column 'm_parameter_values.description' in 'where clause'
ERROR - 2022-07-06 23:57:29 --> Unknown column 'm_parameter_values.description' in 'where clause'
ERROR - 2022-07-06 23:57:30 --> Unknown column 'm_parameter_values.description' in 'where clause'
ERROR - 2022-07-06 23:57:31 --> Unknown column 'm_parameter_values.description' in 'where clause'
ERROR - 2022-07-06 23:57:32 --> Unknown column 'm_parameter_values.description' in 'where clause'
ERROR - 2022-07-06 23:57:33 --> Unknown column 'm_parameter_values.description' in 'where clause'
ERROR - 2022-07-06 23:57:34 --> Unknown column 'm_parameter_values.description' in 'where clause'
ERROR - 2022-07-06 23:57:34 --> Unknown column 'm_parameter_values.description' in 'where clause'
ERROR - 2022-07-06 23:57:36 --> Unknown column 'm_parameter_values.description' in 'where clause'
ERROR - 2022-07-06 23:57:38 --> Unknown column 'm_parameter_values.description' in 'where clause'
