ERROR - 2022-07-02 09:58:01 --> Error connecting to the database: No connection could be made because the target machine actively refused it.

CRITICAL - 2022-07-02 09:58:01 --> Unable to connect to the database.
Main connection [MySQLi]: No connection could be made because the target machine actively refused it.

#0 C:\xampp\htdocs\astraagrolestari-weightbridge\vendor\codeigniter4\framework\system\Database\BaseConnection.php(570): CodeIgniter\Database\BaseConnection->initialize()
#1 C:\xampp\htdocs\astraagrolestari-weightbridge\vendor\codeigniter4\framework\system\Database\BaseBuilder.php(1428): CodeIgniter\Database\BaseConnection->query('SELECT *\nFROM `...', Array, false)
#2 C:\xampp\htdocs\astraagrolestari-weightbridge\vendor\codeigniter4\framework\system\Model.php(142): CodeIgniter\Database\BaseBuilder->get()
#3 C:\xampp\htdocs\astraagrolestari-weightbridge\vendor\codeigniter4\framework\system\BaseModel.php(523): CodeIgniter\Model->doFind(true, 'admin@gmail.com')
#4 C:\xampp\htdocs\astraagrolestari-weightbridge\app\Controllers\Master\Users.php(134): CodeIgniter\BaseModel->find('admin@gmail.com')
#5 C:\xampp\htdocs\astraagrolestari-weightbridge\vendor\codeigniter4\framework\system\CodeIgniter.php(802): App\Controllers\Master\Users->login()
#6 C:\xampp\htdocs\astraagrolestari-weightbridge\vendor\codeigniter4\framework\system\CodeIgniter.php(399): CodeIgniter\CodeIgniter->runController(Object(App\Controllers\Master\Users))
#7 C:\xampp\htdocs\astraagrolestari-weightbridge\vendor\codeigniter4\framework\system\CodeIgniter.php(317): CodeIgniter\CodeIgniter->handleRequest(NULL, Object(Config\Cache), false)
#8 C:\xampp\htdocs\astraagrolestari-weightbridge\public\index.php(37): CodeIgniter\CodeIgniter->run()
#9 {main}
ERROR - 2022-07-02 09:58:22 --> Error connecting to the database: No connection could be made because the target machine actively refused it.

CRITICAL - 2022-07-02 09:58:22 --> Unable to connect to the database.
Main connection [MySQLi]: No connection could be made because the target machine actively refused it.

#0 C:\xampp\htdocs\astraagrolestari-weightbridge\vendor\codeigniter4\framework\system\Database\BaseConnection.php(570): CodeIgniter\Database\BaseConnection->initialize()
#1 C:\xampp\htdocs\astraagrolestari-weightbridge\vendor\codeigniter4\framework\system\Database\BaseBuilder.php(1428): CodeIgniter\Database\BaseConnection->query('SELECT *\nFROM `...', Array, false)
#2 C:\xampp\htdocs\astraagrolestari-weightbridge\vendor\codeigniter4\framework\system\Model.php(142): CodeIgniter\Database\BaseBuilder->get()
#3 C:\xampp\htdocs\astraagrolestari-weightbridge\vendor\codeigniter4\framework\system\BaseModel.php(523): CodeIgniter\Model->doFind(true, 'admin@gmail.com')
#4 C:\xampp\htdocs\astraagrolestari-weightbridge\app\Controllers\Master\Users.php(134): CodeIgniter\BaseModel->find('admin@gmail.com')
#5 C:\xampp\htdocs\astraagrolestari-weightbridge\vendor\codeigniter4\framework\system\CodeIgniter.php(802): App\Controllers\Master\Users->login()
#6 C:\xampp\htdocs\astraagrolestari-weightbridge\vendor\codeigniter4\framework\system\CodeIgniter.php(399): CodeIgniter\CodeIgniter->runController(Object(App\Controllers\Master\Users))
#7 C:\xampp\htdocs\astraagrolestari-weightbridge\vendor\codeigniter4\framework\system\CodeIgniter.php(317): CodeIgniter\CodeIgniter->handleRequest(NULL, Object(Config\Cache), false)
#8 C:\xampp\htdocs\astraagrolestari-weightbridge\public\index.php(37): CodeIgniter\CodeIgniter->run()
#9 {main}
