CRITICAL - 2022-10-27 01:14:16 --> Class 'Andre' not found
#0 /var/www/html/astraagrolestari-weightbridge/vendor/codeigniter4/framework/system/CodeIgniter.php(802): App\Controllers\Master\Users->login()
#1 /var/www/html/astraagrolestari-weightbridge/vendor/codeigniter4/framework/system/CodeIgniter.php(399): CodeIgniter\CodeIgniter->runController()
#2 /var/www/html/astraagrolestari-weightbridge/vendor/codeigniter4/framework/system/CodeIgniter.php(317): CodeIgniter\CodeIgniter->handleRequest()
#3 /var/www/html/astraagrolestari-weightbridge/public/index.php(37): CodeIgniter\CodeIgniter->run()
#4 /var/www/html/astraagrolestari-weightbridge/vendor/codeigniter4/framework/system/Commands/Server/rewrite.php(43): require_once('/var/www/html/a...')
#5 {main}
CRITICAL - 2022-10-27 01:17:46 --> Class 'Andre' not found
#0 /var/www/html/astraagrolestari-weightbridge/vendor/codeigniter4/framework/system/CodeIgniter.php(802): App\Controllers\Master\Users->login()
#1 /var/www/html/astraagrolestari-weightbridge/vendor/codeigniter4/framework/system/CodeIgniter.php(399): CodeIgniter\CodeIgniter->runController()
#2 /var/www/html/astraagrolestari-weightbridge/vendor/codeigniter4/framework/system/CodeIgniter.php(317): CodeIgniter\CodeIgniter->handleRequest()
#3 /var/www/html/astraagrolestari-weightbridge/public/index.php(37): CodeIgniter\CodeIgniter->run()
#4 /var/www/html/astraagrolestari-weightbridge/vendor/codeigniter4/framework/system/Commands/Server/rewrite.php(43): require_once('/var/www/html/a...')
#5 {main}
CRITICAL - 2022-10-27 01:18:28 --> Class 'Andre' not found
#0 /var/www/html/astraagrolestari-weightbridge/vendor/codeigniter4/framework/system/CodeIgniter.php(802): App\Controllers\Master\Users->login()
#1 /var/www/html/astraagrolestari-weightbridge/vendor/codeigniter4/framework/system/CodeIgniter.php(399): CodeIgniter\CodeIgniter->runController()
#2 /var/www/html/astraagrolestari-weightbridge/vendor/codeigniter4/framework/system/CodeIgniter.php(317): CodeIgniter\CodeIgniter->handleRequest()
#3 /var/www/html/astraagrolestari-weightbridge/public/index.php(37): CodeIgniter\CodeIgniter->run()
#4 /var/www/html/astraagrolestari-weightbridge/vendor/codeigniter4/framework/system/Commands/Server/rewrite.php(43): require_once('/var/www/html/a...')
#5 {main}
CRITICAL - 2022-10-27 01:22:29 --> Class 'Andre' not found
#0 /var/www/html/astraagrolestari-weightbridge/vendor/codeigniter4/framework/system/CodeIgniter.php(802): App\Controllers\Master\Users->login()
#1 /var/www/html/astraagrolestari-weightbridge/vendor/codeigniter4/framework/system/CodeIgniter.php(399): CodeIgniter\CodeIgniter->runController()
#2 /var/www/html/astraagrolestari-weightbridge/vendor/codeigniter4/framework/system/CodeIgniter.php(317): CodeIgniter\CodeIgniter->handleRequest()
#3 /var/www/html/astraagrolestari-weightbridge/public/index.php(37): CodeIgniter\CodeIgniter->run()
#4 /var/www/html/astraagrolestari-weightbridge/vendor/codeigniter4/framework/system/Commands/Server/rewrite.php(43): require_once('/var/www/html/a...')
#5 {main}
CRITICAL - 2022-10-27 01:29:33 --> Class 'Andre' not found
#0 /var/www/html/astraagrolestari-weightbridge/vendor/codeigniter4/framework/system/CodeIgniter.php(802): App\Controllers\Master\Users->login()
#1 /var/www/html/astraagrolestari-weightbridge/vendor/codeigniter4/framework/system/CodeIgniter.php(399): CodeIgniter\CodeIgniter->runController()
#2 /var/www/html/astraagrolestari-weightbridge/vendor/codeigniter4/framework/system/CodeIgniter.php(317): CodeIgniter\CodeIgniter->handleRequest()
#3 /var/www/html/astraagrolestari-weightbridge/public/index.php(37): CodeIgniter\CodeIgniter->run()
#4 /var/www/html/astraagrolestari-weightbridge/vendor/codeigniter4/framework/system/Commands/Server/rewrite.php(43): require_once('/var/www/html/a...')
#5 {main}
CRITICAL - 2022-10-27 01:33:08 --> Undefined property: App\Controllers\Master\Users::$Andre
#0 /var/www/html/astraagrolestari-weightbridge/app/Controllers/Master/Users.php(130): CodeIgniter\Debug\Exceptions->errorHandler()
#1 /var/www/html/astraagrolestari-weightbridge/vendor/codeigniter4/framework/system/CodeIgniter.php(802): App\Controllers\Master\Users->login()
#2 /var/www/html/astraagrolestari-weightbridge/vendor/codeigniter4/framework/system/CodeIgniter.php(399): CodeIgniter\CodeIgniter->runController()
#3 /var/www/html/astraagrolestari-weightbridge/vendor/codeigniter4/framework/system/CodeIgniter.php(317): CodeIgniter\CodeIgniter->handleRequest()
#4 /var/www/html/astraagrolestari-weightbridge/public/index.php(37): CodeIgniter\CodeIgniter->run()
#5 /var/www/html/astraagrolestari-weightbridge/vendor/codeigniter4/framework/system/Commands/Server/rewrite.php(43): require_once('/var/www/html/a...')
#6 {main}
CRITICAL - 2022-10-27 01:33:23 --> Undefined property: App\Controllers\Master\Users::$andre
#0 /var/www/html/astraagrolestari-weightbridge/app/Controllers/Master/Users.php(130): CodeIgniter\Debug\Exceptions->errorHandler()
#1 /var/www/html/astraagrolestari-weightbridge/vendor/codeigniter4/framework/system/CodeIgniter.php(802): App\Controllers\Master\Users->login()
#2 /var/www/html/astraagrolestari-weightbridge/vendor/codeigniter4/framework/system/CodeIgniter.php(399): CodeIgniter\CodeIgniter->runController()
#3 /var/www/html/astraagrolestari-weightbridge/vendor/codeigniter4/framework/system/CodeIgniter.php(317): CodeIgniter\CodeIgniter->handleRequest()
#4 /var/www/html/astraagrolestari-weightbridge/public/index.php(37): CodeIgniter\CodeIgniter->run()
#5 /var/www/html/astraagrolestari-weightbridge/vendor/codeigniter4/framework/system/Commands/Server/rewrite.php(43): require_once('/var/www/html/a...')
#6 {main}
CRITICAL - 2022-10-27 01:39:50 --> Class 'Andre' not found
#0 /var/www/html/astraagrolestari-weightbridge/vendor/codeigniter4/framework/system/CodeIgniter.php(802): App\Controllers\Master\Users->login()
#1 /var/www/html/astraagrolestari-weightbridge/vendor/codeigniter4/framework/system/CodeIgniter.php(399): CodeIgniter\CodeIgniter->runController()
#2 /var/www/html/astraagrolestari-weightbridge/vendor/codeigniter4/framework/system/CodeIgniter.php(317): CodeIgniter\CodeIgniter->handleRequest()
#3 /var/www/html/astraagrolestari-weightbridge/public/index.php(37): CodeIgniter\CodeIgniter->run()
#4 /var/www/html/astraagrolestari-weightbridge/vendor/codeigniter4/framework/system/Commands/Server/rewrite.php(43): require_once('/var/www/html/a...')
#5 {main}
CRITICAL - 2022-10-27 01:40:40 --> Class 'Andre_helper' not found
#0 /var/www/html/astraagrolestari-weightbridge/vendor/codeigniter4/framework/system/CodeIgniter.php(802): App\Controllers\Master\Users->login()
#1 /var/www/html/astraagrolestari-weightbridge/vendor/codeigniter4/framework/system/CodeIgniter.php(399): CodeIgniter\CodeIgniter->runController()
#2 /var/www/html/astraagrolestari-weightbridge/vendor/codeigniter4/framework/system/CodeIgniter.php(317): CodeIgniter\CodeIgniter->handleRequest()
#3 /var/www/html/astraagrolestari-weightbridge/public/index.php(37): CodeIgniter\CodeIgniter->run()
#4 /var/www/html/astraagrolestari-weightbridge/vendor/codeigniter4/framework/system/Commands/Server/rewrite.php(43): require_once('/var/www/html/a...')
#5 {main}
CRITICAL - 2022-10-27 01:40:44 --> Class 'Andre_helper' not found
#0 /var/www/html/astraagrolestari-weightbridge/vendor/codeigniter4/framework/system/CodeIgniter.php(802): App\Controllers\Master\Users->login()
#1 /var/www/html/astraagrolestari-weightbridge/vendor/codeigniter4/framework/system/CodeIgniter.php(399): CodeIgniter\CodeIgniter->runController()
#2 /var/www/html/astraagrolestari-weightbridge/vendor/codeigniter4/framework/system/CodeIgniter.php(317): CodeIgniter\CodeIgniter->handleRequest()
#3 /var/www/html/astraagrolestari-weightbridge/public/index.php(37): CodeIgniter\CodeIgniter->run()
#4 /var/www/html/astraagrolestari-weightbridge/vendor/codeigniter4/framework/system/Commands/Server/rewrite.php(43): require_once('/var/www/html/a...')
#5 {main}
CRITICAL - 2022-10-27 01:40:49 --> Class 'Andre_helper' not found
#0 /var/www/html/astraagrolestari-weightbridge/vendor/codeigniter4/framework/system/CodeIgniter.php(802): App\Controllers\Master\Users->login()
#1 /var/www/html/astraagrolestari-weightbridge/vendor/codeigniter4/framework/system/CodeIgniter.php(399): CodeIgniter\CodeIgniter->runController()
#2 /var/www/html/astraagrolestari-weightbridge/vendor/codeigniter4/framework/system/CodeIgniter.php(317): CodeIgniter\CodeIgniter->handleRequest()
#3 /var/www/html/astraagrolestari-weightbridge/public/index.php(37): CodeIgniter\CodeIgniter->run()
#4 /var/www/html/astraagrolestari-weightbridge/vendor/codeigniter4/framework/system/Commands/Server/rewrite.php(43): require_once('/var/www/html/a...')
#5 {main}
CRITICAL - 2022-10-27 01:45:05 --> Non-static method Andre::recordLog() should not be called statically
#0 /var/www/html/astraagrolestari-weightbridge/app/Controllers/Master/Users.php(132): CodeIgniter\Debug\Exceptions->errorHandler()
#1 /var/www/html/astraagrolestari-weightbridge/vendor/codeigniter4/framework/system/CodeIgniter.php(802): App\Controllers\Master\Users->login()
#2 /var/www/html/astraagrolestari-weightbridge/vendor/codeigniter4/framework/system/CodeIgniter.php(399): CodeIgniter\CodeIgniter->runController()
#3 /var/www/html/astraagrolestari-weightbridge/vendor/codeigniter4/framework/system/CodeIgniter.php(317): CodeIgniter\CodeIgniter->handleRequest()
#4 /var/www/html/astraagrolestari-weightbridge/public/index.php(37): CodeIgniter\CodeIgniter->run()
#5 /var/www/html/astraagrolestari-weightbridge/vendor/codeigniter4/framework/system/Commands/Server/rewrite.php(43): require_once('/var/www/html/a...')
#6 {main}
CRITICAL - 2022-10-27 01:45:26 --> Non-static method Andre::recordLog() should not be called statically
#0 /var/www/html/astraagrolestari-weightbridge/app/Controllers/Master/Users.php(132): CodeIgniter\Debug\Exceptions->errorHandler()
#1 /var/www/html/astraagrolestari-weightbridge/vendor/codeigniter4/framework/system/CodeIgniter.php(802): App\Controllers\Master\Users->login()
#2 /var/www/html/astraagrolestari-weightbridge/vendor/codeigniter4/framework/system/CodeIgniter.php(399): CodeIgniter\CodeIgniter->runController()
#3 /var/www/html/astraagrolestari-weightbridge/vendor/codeigniter4/framework/system/CodeIgniter.php(317): CodeIgniter\CodeIgniter->handleRequest()
#4 /var/www/html/astraagrolestari-weightbridge/public/index.php(37): CodeIgniter\CodeIgniter->run()
#5 /var/www/html/astraagrolestari-weightbridge/vendor/codeigniter4/framework/system/Commands/Server/rewrite.php(43): require_once('/var/www/html/a...')
#6 {main}
CRITICAL - 2022-10-27 01:45:32 --> Non-static method Andre::recordLog() should not be called statically
#0 /var/www/html/astraagrolestari-weightbridge/app/Controllers/Master/Users.php(132): CodeIgniter\Debug\Exceptions->errorHandler()
#1 /var/www/html/astraagrolestari-weightbridge/vendor/codeigniter4/framework/system/CodeIgniter.php(802): App\Controllers\Master\Users->login()
#2 /var/www/html/astraagrolestari-weightbridge/vendor/codeigniter4/framework/system/CodeIgniter.php(399): CodeIgniter\CodeIgniter->runController()
#3 /var/www/html/astraagrolestari-weightbridge/vendor/codeigniter4/framework/system/CodeIgniter.php(317): CodeIgniter\CodeIgniter->handleRequest()
#4 /var/www/html/astraagrolestari-weightbridge/public/index.php(37): CodeIgniter\CodeIgniter->run()
#5 /var/www/html/astraagrolestari-weightbridge/vendor/codeigniter4/framework/system/Commands/Server/rewrite.php(43): require_once('/var/www/html/a...')
#6 {main}
CRITICAL - 2022-10-27 01:46:49 --> Undefined property: Andre::$response
#0 /var/www/html/astraagrolestari-weightbridge/app/Helpers/Andre_helper.php(6): CodeIgniter\Debug\Exceptions->errorHandler()
#1 /var/www/html/astraagrolestari-weightbridge/app/Controllers/Master/Users.php(133): Andre->recordLog()
#2 /var/www/html/astraagrolestari-weightbridge/vendor/codeigniter4/framework/system/CodeIgniter.php(802): App\Controllers\Master\Users->login()
#3 /var/www/html/astraagrolestari-weightbridge/vendor/codeigniter4/framework/system/CodeIgniter.php(399): CodeIgniter\CodeIgniter->runController()
#4 /var/www/html/astraagrolestari-weightbridge/vendor/codeigniter4/framework/system/CodeIgniter.php(317): CodeIgniter\CodeIgniter->handleRequest()
#5 /var/www/html/astraagrolestari-weightbridge/public/index.php(37): CodeIgniter\CodeIgniter->run()
#6 /var/www/html/astraagrolestari-weightbridge/vendor/codeigniter4/framework/system/Commands/Server/rewrite.php(43): require_once('/var/www/html/a...')
#7 {main}
CRITICAL - 2022-10-27 02:10:57 --> Allowed fields must be specified for model: App\Models\LogModel
#0 /var/www/html/astraagrolestari-weightbridge/vendor/codeigniter4/framework/system/BaseModel.php(1134): CodeIgniter\Database\Exceptions\DataException::forInvalidAllowedFields()
#1 /var/www/html/astraagrolestari-weightbridge/vendor/codeigniter4/framework/system/BaseModel.php(713): CodeIgniter\BaseModel->doProtectFields()
#2 /var/www/html/astraagrolestari-weightbridge/vendor/codeigniter4/framework/system/Model.php(620): CodeIgniter\BaseModel->insert()
#3 /var/www/html/astraagrolestari-weightbridge/app/Helpers/Andre_helper.php(17): CodeIgniter\Model->insert()
#4 /var/www/html/astraagrolestari-weightbridge/app/Controllers/Master/Users.php(147): Andre->save()
#5 /var/www/html/astraagrolestari-weightbridge/vendor/codeigniter4/framework/system/CodeIgniter.php(802): App\Controllers\Master\Users->login()
#6 /var/www/html/astraagrolestari-weightbridge/vendor/codeigniter4/framework/system/CodeIgniter.php(399): CodeIgniter\CodeIgniter->runController()
#7 /var/www/html/astraagrolestari-weightbridge/vendor/codeigniter4/framework/system/CodeIgniter.php(317): CodeIgniter\CodeIgniter->handleRequest()
#8 /var/www/html/astraagrolestari-weightbridge/public/index.php(37): CodeIgniter\CodeIgniter->run()
#9 /var/www/html/astraagrolestari-weightbridge/vendor/codeigniter4/framework/system/Commands/Server/rewrite.php(43): require_once('/var/www/html/a...')
#10 {main}
CRITICAL - 2022-10-27 02:16:22 --> Allowed fields must be specified for model: App\Models\LogModel
#0 /var/www/html/astraagrolestari-weightbridge/vendor/codeigniter4/framework/system/BaseModel.php(1134): CodeIgniter\Database\Exceptions\DataException::forInvalidAllowedFields()
#1 /var/www/html/astraagrolestari-weightbridge/vendor/codeigniter4/framework/system/BaseModel.php(713): CodeIgniter\BaseModel->doProtectFields()
#2 /var/www/html/astraagrolestari-weightbridge/vendor/codeigniter4/framework/system/Model.php(620): CodeIgniter\BaseModel->insert()
#3 /var/www/html/astraagrolestari-weightbridge/app/Helpers/Andre_helper.php(17): CodeIgniter\Model->insert()
#4 /var/www/html/astraagrolestari-weightbridge/app/Controllers/Master/Users.php(147): Andre->save()
#5 /var/www/html/astraagrolestari-weightbridge/vendor/codeigniter4/framework/system/CodeIgniter.php(802): App\Controllers\Master\Users->login()
#6 /var/www/html/astraagrolestari-weightbridge/vendor/codeigniter4/framework/system/CodeIgniter.php(399): CodeIgniter\CodeIgniter->runController()
#7 /var/www/html/astraagrolestari-weightbridge/vendor/codeigniter4/framework/system/CodeIgniter.php(317): CodeIgniter\CodeIgniter->handleRequest()
#8 /var/www/html/astraagrolestari-weightbridge/public/index.php(37): CodeIgniter\CodeIgniter->run()
#9 /var/www/html/astraagrolestari-weightbridge/vendor/codeigniter4/framework/system/Commands/Server/rewrite.php(43): require_once('/var/www/html/a...')
#10 {main}
CRITICAL - 2022-10-27 02:20:47 --> Allowed fields must be specified for model: App\Models\LogModel
#0 /var/www/html/astraagrolestari-weightbridge/vendor/codeigniter4/framework/system/BaseModel.php(1134): CodeIgniter\Database\Exceptions\DataException::forInvalidAllowedFields()
#1 /var/www/html/astraagrolestari-weightbridge/vendor/codeigniter4/framework/system/BaseModel.php(713): CodeIgniter\BaseModel->doProtectFields()
#2 /var/www/html/astraagrolestari-weightbridge/vendor/codeigniter4/framework/system/Model.php(620): CodeIgniter\BaseModel->insert()
#3 /var/www/html/astraagrolestari-weightbridge/app/Helpers/Andre_helper.php(18): CodeIgniter\Model->insert()
#4 /var/www/html/astraagrolestari-weightbridge/app/Controllers/Master/Users.php(147): Andre->save()
#5 /var/www/html/astraagrolestari-weightbridge/vendor/codeigniter4/framework/system/CodeIgniter.php(802): App\Controllers\Master\Users->login()
#6 /var/www/html/astraagrolestari-weightbridge/vendor/codeigniter4/framework/system/CodeIgniter.php(399): CodeIgniter\CodeIgniter->runController()
#7 /var/www/html/astraagrolestari-weightbridge/vendor/codeigniter4/framework/system/CodeIgniter.php(317): CodeIgniter\CodeIgniter->handleRequest()
#8 /var/www/html/astraagrolestari-weightbridge/public/index.php(37): CodeIgniter\CodeIgniter->run()
#9 /var/www/html/astraagrolestari-weightbridge/vendor/codeigniter4/framework/system/Commands/Server/rewrite.php(43): require_once('/var/www/html/a...')
#10 {main}
ERROR - 2022-10-27 02:24:20 --> Unknown column 'tr_log.deleted_at' in 'where clause'
CRITICAL - 2022-10-27 02:24:20 --> Unknown column 'tr_log.deleted_at' in 'where clause'
#0 /var/www/html/astraagrolestari-weightbridge/vendor/codeigniter4/framework/system/Database/MySQLi/Connection.php(280): mysqli->query()
#1 /var/www/html/astraagrolestari-weightbridge/vendor/codeigniter4/framework/system/Database/BaseConnection.php(663): CodeIgniter\Database\MySQLi\Connection->execute()
#2 /var/www/html/astraagrolestari-weightbridge/vendor/codeigniter4/framework/system/Database/BaseConnection.php(591): CodeIgniter\Database\BaseConnection->simpleQuery()
#3 /var/www/html/astraagrolestari-weightbridge/vendor/codeigniter4/framework/system/Database/BaseBuilder.php(1512): CodeIgniter\Database\BaseConnection->query()
#4 /var/www/html/astraagrolestari-weightbridge/vendor/codeigniter4/framework/system/Model.php(509): CodeIgniter\Database\BaseBuilder->countAllResults()
#5 /var/www/html/astraagrolestari-weightbridge/vendor/codeigniter4/framework/system/Model.php(592): CodeIgniter\Model->countAllResults()
#6 /var/www/html/astraagrolestari-weightbridge/vendor/codeigniter4/framework/system/BaseModel.php(655): CodeIgniter\Model->shouldUpdate()
#7 /var/www/html/astraagrolestari-weightbridge/app/Helpers/Andre_helper.php(18): CodeIgniter\BaseModel->save()
#8 /var/www/html/astraagrolestari-weightbridge/app/Controllers/Master/Users.php(147): Andre->save()
#9 /var/www/html/astraagrolestari-weightbridge/vendor/codeigniter4/framework/system/CodeIgniter.php(802): App\Controllers\Master\Users->login()
#10 /var/www/html/astraagrolestari-weightbridge/vendor/codeigniter4/framework/system/CodeIgniter.php(399): CodeIgniter\CodeIgniter->runController()
#11 /var/www/html/astraagrolestari-weightbridge/vendor/codeigniter4/framework/system/CodeIgniter.php(317): CodeIgniter\CodeIgniter->handleRequest()
#12 /var/www/html/astraagrolestari-weightbridge/public/index.php(37): CodeIgniter\CodeIgniter->run()
#13 /var/www/html/astraagrolestari-weightbridge/vendor/codeigniter4/framework/system/Commands/Server/rewrite.php(43): require_once('/var/www/html/a...')
#14 {main}
CRITICAL - 2022-10-27 02:25:34 --> Allowed fields must be specified for model: App\Models\LogModel
#0 /var/www/html/astraagrolestari-weightbridge/vendor/codeigniter4/framework/system/BaseModel.php(1134): CodeIgniter\Database\Exceptions\DataException::forInvalidAllowedFields()
#1 /var/www/html/astraagrolestari-weightbridge/vendor/codeigniter4/framework/system/BaseModel.php(713): CodeIgniter\BaseModel->doProtectFields()
#2 /var/www/html/astraagrolestari-weightbridge/vendor/codeigniter4/framework/system/Model.php(620): CodeIgniter\BaseModel->insert()
#3 /var/www/html/astraagrolestari-weightbridge/vendor/codeigniter4/framework/system/BaseModel.php(658): CodeIgniter\Model->insert()
#4 /var/www/html/astraagrolestari-weightbridge/app/Helpers/Andre_helper.php(18): CodeIgniter\BaseModel->save()
#5 /var/www/html/astraagrolestari-weightbridge/app/Controllers/Master/Users.php(147): Andre->save()
#6 /var/www/html/astraagrolestari-weightbridge/vendor/codeigniter4/framework/system/CodeIgniter.php(802): App\Controllers\Master\Users->login()
#7 /var/www/html/astraagrolestari-weightbridge/vendor/codeigniter4/framework/system/CodeIgniter.php(399): CodeIgniter\CodeIgniter->runController()
#8 /var/www/html/astraagrolestari-weightbridge/vendor/codeigniter4/framework/system/CodeIgniter.php(317): CodeIgniter\CodeIgniter->handleRequest()
#9 /var/www/html/astraagrolestari-weightbridge/public/index.php(37): CodeIgniter\CodeIgniter->run()
#10 /var/www/html/astraagrolestari-weightbridge/vendor/codeigniter4/framework/system/Commands/Server/rewrite.php(43): require_once('/var/www/html/a...')
#11 {main}
CRITICAL - 2022-10-27 02:26:05 --> Allowed fields must be specified for model: App\Models\LogModel
#0 /var/www/html/astraagrolestari-weightbridge/vendor/codeigniter4/framework/system/BaseModel.php(1134): CodeIgniter\Database\Exceptions\DataException::forInvalidAllowedFields()
#1 /var/www/html/astraagrolestari-weightbridge/vendor/codeigniter4/framework/system/BaseModel.php(713): CodeIgniter\BaseModel->doProtectFields()
#2 /var/www/html/astraagrolestari-weightbridge/vendor/codeigniter4/framework/system/Model.php(620): CodeIgniter\BaseModel->insert()
#3 /var/www/html/astraagrolestari-weightbridge/vendor/codeigniter4/framework/system/BaseModel.php(658): CodeIgniter\Model->insert()
#4 /var/www/html/astraagrolestari-weightbridge/app/Helpers/Andre_helper.php(18): CodeIgniter\BaseModel->save()
#5 /var/www/html/astraagrolestari-weightbridge/app/Controllers/Master/Users.php(147): Andre->save()
#6 /var/www/html/astraagrolestari-weightbridge/vendor/codeigniter4/framework/system/CodeIgniter.php(802): App\Controllers\Master\Users->login()
#7 /var/www/html/astraagrolestari-weightbridge/vendor/codeigniter4/framework/system/CodeIgniter.php(399): CodeIgniter\CodeIgniter->runController()
#8 /var/www/html/astraagrolestari-weightbridge/vendor/codeigniter4/framework/system/CodeIgniter.php(317): CodeIgniter\CodeIgniter->handleRequest()
#9 /var/www/html/astraagrolestari-weightbridge/public/index.php(37): CodeIgniter\CodeIgniter->run()
#10 /var/www/html/astraagrolestari-weightbridge/vendor/codeigniter4/framework/system/Commands/Server/rewrite.php(43): require_once('/var/www/html/a...')
#11 {main}
CRITICAL - 2022-10-27 02:26:24 --> Allowed fields must be specified for model: App\Models\LogModel
#0 /var/www/html/astraagrolestari-weightbridge/vendor/codeigniter4/framework/system/BaseModel.php(1134): CodeIgniter\Database\Exceptions\DataException::forInvalidAllowedFields()
#1 /var/www/html/astraagrolestari-weightbridge/vendor/codeigniter4/framework/system/BaseModel.php(713): CodeIgniter\BaseModel->doProtectFields()
#2 /var/www/html/astraagrolestari-weightbridge/vendor/codeigniter4/framework/system/Model.php(620): CodeIgniter\BaseModel->insert()
#3 /var/www/html/astraagrolestari-weightbridge/vendor/codeigniter4/framework/system/BaseModel.php(658): CodeIgniter\Model->insert()
#4 /var/www/html/astraagrolestari-weightbridge/app/Helpers/Andre_helper.php(18): CodeIgniter\BaseModel->save()
#5 /var/www/html/astraagrolestari-weightbridge/app/Controllers/Master/Users.php(147): Andre->save()
#6 /var/www/html/astraagrolestari-weightbridge/vendor/codeigniter4/framework/system/CodeIgniter.php(802): App\Controllers\Master\Users->login()
#7 /var/www/html/astraagrolestari-weightbridge/vendor/codeigniter4/framework/system/CodeIgniter.php(399): CodeIgniter\CodeIgniter->runController()
#8 /var/www/html/astraagrolestari-weightbridge/vendor/codeigniter4/framework/system/CodeIgniter.php(317): CodeIgniter\CodeIgniter->handleRequest()
#9 /var/www/html/astraagrolestari-weightbridge/public/index.php(37): CodeIgniter\CodeIgniter->run()
#10 /var/www/html/astraagrolestari-weightbridge/vendor/codeigniter4/framework/system/Commands/Server/rewrite.php(43): require_once('/var/www/html/a...')
#11 {main}
CRITICAL - 2022-10-27 02:29:57 --> Allowed fields must be specified for model: App\Models\LogModel
#0 /var/www/html/astraagrolestari-weightbridge/vendor/codeigniter4/framework/system/BaseModel.php(1134): CodeIgniter\Database\Exceptions\DataException::forInvalidAllowedFields()
#1 /var/www/html/astraagrolestari-weightbridge/vendor/codeigniter4/framework/system/BaseModel.php(713): CodeIgniter\BaseModel->doProtectFields()
#2 /var/www/html/astraagrolestari-weightbridge/vendor/codeigniter4/framework/system/Model.php(620): CodeIgniter\BaseModel->insert()
#3 /var/www/html/astraagrolestari-weightbridge/vendor/codeigniter4/framework/system/BaseModel.php(658): CodeIgniter\Model->insert()
#4 /var/www/html/astraagrolestari-weightbridge/app/Helpers/Andre_helper.php(18): CodeIgniter\BaseModel->save()
#5 /var/www/html/astraagrolestari-weightbridge/app/Controllers/Master/Users.php(147): Andre->save()
#6 /var/www/html/astraagrolestari-weightbridge/vendor/codeigniter4/framework/system/CodeIgniter.php(802): App\Controllers\Master\Users->login()
#7 /var/www/html/astraagrolestari-weightbridge/vendor/codeigniter4/framework/system/CodeIgniter.php(399): CodeIgniter\CodeIgniter->runController()
#8 /var/www/html/astraagrolestari-weightbridge/vendor/codeigniter4/framework/system/CodeIgniter.php(317): CodeIgniter\CodeIgniter->handleRequest()
#9 /var/www/html/astraagrolestari-weightbridge/public/index.php(37): CodeIgniter\CodeIgniter->run()
#10 /var/www/html/astraagrolestari-weightbridge/vendor/codeigniter4/framework/system/Commands/Server/rewrite.php(43): require_once('/var/www/html/a...')
#11 {main}
ERROR - 2022-10-27 03:21:18 --> Unknown column 'tr_log.deleted_at' in 'where clause'
CRITICAL - 2022-10-27 03:21:18 --> Unknown column 'tr_log.deleted_at' in 'where clause'
#0 /var/www/html/astraagrolestari-weightbridge/vendor/codeigniter4/framework/system/Database/MySQLi/Connection.php(280): mysqli->query()
#1 /var/www/html/astraagrolestari-weightbridge/vendor/codeigniter4/framework/system/Database/BaseConnection.php(663): CodeIgniter\Database\MySQLi\Connection->execute()
#2 /var/www/html/astraagrolestari-weightbridge/vendor/codeigniter4/framework/system/Database/BaseConnection.php(591): CodeIgniter\Database\BaseConnection->simpleQuery()
#3 /var/www/html/astraagrolestari-weightbridge/vendor/codeigniter4/framework/system/Database/BaseBuilder.php(1512): CodeIgniter\Database\BaseConnection->query()
#4 /var/www/html/astraagrolestari-weightbridge/vendor/codeigniter4/framework/system/Model.php(509): CodeIgniter\Database\BaseBuilder->countAllResults()
#5 /var/www/html/astraagrolestari-weightbridge/vendor/codeigniter4/framework/system/Model.php(592): CodeIgniter\Model->countAllResults()
#6 /var/www/html/astraagrolestari-weightbridge/vendor/codeigniter4/framework/system/BaseModel.php(655): CodeIgniter\Model->shouldUpdate()
#7 /var/www/html/astraagrolestari-weightbridge/app/Helpers/Andre_helper.php(18): CodeIgniter\BaseModel->save()
#8 /var/www/html/astraagrolestari-weightbridge/app/Controllers/Master/Users.php(147): Andre->save()
#9 /var/www/html/astraagrolestari-weightbridge/vendor/codeigniter4/framework/system/CodeIgniter.php(802): App\Controllers\Master\Users->login()
#10 /var/www/html/astraagrolestari-weightbridge/vendor/codeigniter4/framework/system/CodeIgniter.php(399): CodeIgniter\CodeIgniter->runController()
#11 /var/www/html/astraagrolestari-weightbridge/vendor/codeigniter4/framework/system/CodeIgniter.php(317): CodeIgniter\CodeIgniter->handleRequest()
#12 /var/www/html/astraagrolestari-weightbridge/public/index.php(37): CodeIgniter\CodeIgniter->run()
#13 /var/www/html/astraagrolestari-weightbridge/vendor/codeigniter4/framework/system/Commands/Server/rewrite.php(43): require_once('/var/www/html/a...')
#14 {main}
CRITICAL - 2022-10-27 03:23:24 --> Allowed fields must be specified for model: App\Models\LogModel
#0 /var/www/html/astraagrolestari-weightbridge/vendor/codeigniter4/framework/system/BaseModel.php(1134): CodeIgniter\Database\Exceptions\DataException::forInvalidAllowedFields()
#1 /var/www/html/astraagrolestari-weightbridge/vendor/codeigniter4/framework/system/BaseModel.php(713): CodeIgniter\BaseModel->doProtectFields()
#2 /var/www/html/astraagrolestari-weightbridge/vendor/codeigniter4/framework/system/Model.php(620): CodeIgniter\BaseModel->insert()
#3 /var/www/html/astraagrolestari-weightbridge/vendor/codeigniter4/framework/system/BaseModel.php(658): CodeIgniter\Model->insert()
#4 /var/www/html/astraagrolestari-weightbridge/app/Helpers/Andre_helper.php(18): CodeIgniter\BaseModel->save()
#5 /var/www/html/astraagrolestari-weightbridge/app/Controllers/Master/Users.php(147): Andre->save()
#6 /var/www/html/astraagrolestari-weightbridge/vendor/codeigniter4/framework/system/CodeIgniter.php(802): App\Controllers\Master\Users->login()
#7 /var/www/html/astraagrolestari-weightbridge/vendor/codeigniter4/framework/system/CodeIgniter.php(399): CodeIgniter\CodeIgniter->runController()
#8 /var/www/html/astraagrolestari-weightbridge/vendor/codeigniter4/framework/system/CodeIgniter.php(317): CodeIgniter\CodeIgniter->handleRequest()
#9 /var/www/html/astraagrolestari-weightbridge/public/index.php(37): CodeIgniter\CodeIgniter->run()
#10 /var/www/html/astraagrolestari-weightbridge/vendor/codeigniter4/framework/system/Commands/Server/rewrite.php(43): require_once('/var/www/html/a...')
#11 {main}
CRITICAL - 2022-10-27 03:24:22 --> Allowed fields must be specified for model: App\Models\LogModel
#0 /var/www/html/astraagrolestari-weightbridge/vendor/codeigniter4/framework/system/BaseModel.php(1134): CodeIgniter\Database\Exceptions\DataException::forInvalidAllowedFields()
#1 /var/www/html/astraagrolestari-weightbridge/vendor/codeigniter4/framework/system/BaseModel.php(713): CodeIgniter\BaseModel->doProtectFields()
#2 /var/www/html/astraagrolestari-weightbridge/vendor/codeigniter4/framework/system/Model.php(620): CodeIgniter\BaseModel->insert()
#3 /var/www/html/astraagrolestari-weightbridge/vendor/codeigniter4/framework/system/BaseModel.php(658): CodeIgniter\Model->insert()
#4 /var/www/html/astraagrolestari-weightbridge/app/Helpers/Andre_helper.php(18): CodeIgniter\BaseModel->save()
#5 /var/www/html/astraagrolestari-weightbridge/app/Controllers/Master/Users.php(147): Andre->save()
#6 /var/www/html/astraagrolestari-weightbridge/vendor/codeigniter4/framework/system/CodeIgniter.php(802): App\Controllers\Master\Users->login()
#7 /var/www/html/astraagrolestari-weightbridge/vendor/codeigniter4/framework/system/CodeIgniter.php(399): CodeIgniter\CodeIgniter->runController()
#8 /var/www/html/astraagrolestari-weightbridge/vendor/codeigniter4/framework/system/CodeIgniter.php(317): CodeIgniter\CodeIgniter->handleRequest()
#9 /var/www/html/astraagrolestari-weightbridge/public/index.php(37): CodeIgniter\CodeIgniter->run()
#10 /var/www/html/astraagrolestari-weightbridge/vendor/codeigniter4/framework/system/Commands/Server/rewrite.php(43): require_once('/var/www/html/a...')
#11 {main}
CRITICAL - 2022-10-27 03:52:08 --> Allowed fields must be specified for model: App\Models\LogModel
#0 /var/www/html/astraagrolestari-weightbridge/vendor/codeigniter4/framework/system/BaseModel.php(1134): CodeIgniter\Database\Exceptions\DataException::forInvalidAllowedFields()
#1 /var/www/html/astraagrolestari-weightbridge/vendor/codeigniter4/framework/system/BaseModel.php(713): CodeIgniter\BaseModel->doProtectFields()
#2 /var/www/html/astraagrolestari-weightbridge/vendor/codeigniter4/framework/system/Model.php(620): CodeIgniter\BaseModel->insert()
#3 /var/www/html/astraagrolestari-weightbridge/vendor/codeigniter4/framework/system/BaseModel.php(658): CodeIgniter\Model->insert()
#4 /var/www/html/astraagrolestari-weightbridge/app/Helpers/Andre_helper.php(20): CodeIgniter\BaseModel->save()
#5 /var/www/html/astraagrolestari-weightbridge/app/Controllers/Master/Users.php(147): Andre->save()
#6 /var/www/html/astraagrolestari-weightbridge/vendor/codeigniter4/framework/system/CodeIgniter.php(802): App\Controllers\Master\Users->login()
#7 /var/www/html/astraagrolestari-weightbridge/vendor/codeigniter4/framework/system/CodeIgniter.php(399): CodeIgniter\CodeIgniter->runController()
#8 /var/www/html/astraagrolestari-weightbridge/vendor/codeigniter4/framework/system/CodeIgniter.php(317): CodeIgniter\CodeIgniter->handleRequest()
#9 /var/www/html/astraagrolestari-weightbridge/public/index.php(37): CodeIgniter\CodeIgniter->run()
#10 /var/www/html/astraagrolestari-weightbridge/vendor/codeigniter4/framework/system/Commands/Server/rewrite.php(43): require_once('/var/www/html/a...')
#11 {main}
CRITICAL - 2022-10-27 03:55:45 --> Allowed fields must be specified for model: App\Models\LogModel
#0 /var/www/html/astraagrolestari-weightbridge/vendor/codeigniter4/framework/system/BaseModel.php(1134): CodeIgniter\Database\Exceptions\DataException::forInvalidAllowedFields()
#1 /var/www/html/astraagrolestari-weightbridge/vendor/codeigniter4/framework/system/BaseModel.php(713): CodeIgniter\BaseModel->doProtectFields()
#2 /var/www/html/astraagrolestari-weightbridge/vendor/codeigniter4/framework/system/Model.php(620): CodeIgniter\BaseModel->insert()
#3 /var/www/html/astraagrolestari-weightbridge/app/Helpers/Andre_helper.php(20): CodeIgniter\Model->insert()
#4 /var/www/html/astraagrolestari-weightbridge/app/Controllers/Master/Users.php(147): Andre->save()
#5 /var/www/html/astraagrolestari-weightbridge/vendor/codeigniter4/framework/system/CodeIgniter.php(802): App\Controllers\Master\Users->login()
#6 /var/www/html/astraagrolestari-weightbridge/vendor/codeigniter4/framework/system/CodeIgniter.php(399): CodeIgniter\CodeIgniter->runController()
#7 /var/www/html/astraagrolestari-weightbridge/vendor/codeigniter4/framework/system/CodeIgniter.php(317): CodeIgniter\CodeIgniter->handleRequest()
#8 /var/www/html/astraagrolestari-weightbridge/public/index.php(37): CodeIgniter\CodeIgniter->run()
#9 /var/www/html/astraagrolestari-weightbridge/vendor/codeigniter4/framework/system/Commands/Server/rewrite.php(43): require_once('/var/www/html/a...')
#10 {main}
CRITICAL - 2022-10-27 03:56:26 --> Allowed fields must be specified for model: App\Models\LogModel
#0 /var/www/html/astraagrolestari-weightbridge/vendor/codeigniter4/framework/system/BaseModel.php(1134): CodeIgniter\Database\Exceptions\DataException::forInvalidAllowedFields()
#1 /var/www/html/astraagrolestari-weightbridge/vendor/codeigniter4/framework/system/BaseModel.php(713): CodeIgniter\BaseModel->doProtectFields()
#2 /var/www/html/astraagrolestari-weightbridge/vendor/codeigniter4/framework/system/Model.php(620): CodeIgniter\BaseModel->insert()
#3 /var/www/html/astraagrolestari-weightbridge/app/Helpers/Andre_helper.php(20): CodeIgniter\Model->insert()
#4 /var/www/html/astraagrolestari-weightbridge/app/Controllers/Master/Users.php(147): Andre->save()
#5 /var/www/html/astraagrolestari-weightbridge/vendor/codeigniter4/framework/system/CodeIgniter.php(802): App\Controllers\Master\Users->login()
#6 /var/www/html/astraagrolestari-weightbridge/vendor/codeigniter4/framework/system/CodeIgniter.php(399): CodeIgniter\CodeIgniter->runController()
#7 /var/www/html/astraagrolestari-weightbridge/vendor/codeigniter4/framework/system/CodeIgniter.php(317): CodeIgniter\CodeIgniter->handleRequest()
#8 /var/www/html/astraagrolestari-weightbridge/public/index.php(37): CodeIgniter\CodeIgniter->run()
#9 /var/www/html/astraagrolestari-weightbridge/vendor/codeigniter4/framework/system/Commands/Server/rewrite.php(43): require_once('/var/www/html/a...')
#10 {main}
CRITICAL - 2022-10-27 03:59:40 --> Allowed fields must be specified for model: App\Models\LogModel
#0 /var/www/html/astraagrolestari-weightbridge/vendor/codeigniter4/framework/system/BaseModel.php(1134): CodeIgniter\Database\Exceptions\DataException::forInvalidAllowedFields()
#1 /var/www/html/astraagrolestari-weightbridge/vendor/codeigniter4/framework/system/BaseModel.php(713): CodeIgniter\BaseModel->doProtectFields()
#2 /var/www/html/astraagrolestari-weightbridge/vendor/codeigniter4/framework/system/Model.php(620): CodeIgniter\BaseModel->insert()
#3 /var/www/html/astraagrolestari-weightbridge/app/Helpers/Andre_helper.php(18): CodeIgniter\Model->insert()
#4 /var/www/html/astraagrolestari-weightbridge/app/Controllers/Master/Users.php(147): Andre->save()
#5 /var/www/html/astraagrolestari-weightbridge/vendor/codeigniter4/framework/system/CodeIgniter.php(802): App\Controllers\Master\Users->login()
#6 /var/www/html/astraagrolestari-weightbridge/vendor/codeigniter4/framework/system/CodeIgniter.php(399): CodeIgniter\CodeIgniter->runController()
#7 /var/www/html/astraagrolestari-weightbridge/vendor/codeigniter4/framework/system/CodeIgniter.php(317): CodeIgniter\CodeIgniter->handleRequest()
#8 /var/www/html/astraagrolestari-weightbridge/public/index.php(37): CodeIgniter\CodeIgniter->run()
#9 /var/www/html/astraagrolestari-weightbridge/vendor/codeigniter4/framework/system/Commands/Server/rewrite.php(43): require_once('/var/www/html/a...')
#10 {main}
CRITICAL - 2022-10-27 04:00:50 --> Allowed fields must be specified for model: App\Models\LogModel
#0 /var/www/html/astraagrolestari-weightbridge/vendor/codeigniter4/framework/system/BaseModel.php(1134): CodeIgniter\Database\Exceptions\DataException::forInvalidAllowedFields()
#1 /var/www/html/astraagrolestari-weightbridge/vendor/codeigniter4/framework/system/BaseModel.php(713): CodeIgniter\BaseModel->doProtectFields()
#2 /var/www/html/astraagrolestari-weightbridge/vendor/codeigniter4/framework/system/Model.php(620): CodeIgniter\BaseModel->insert()
#3 /var/www/html/astraagrolestari-weightbridge/app/Helpers/Andre_helper.php(18): CodeIgniter\Model->insert()
#4 /var/www/html/astraagrolestari-weightbridge/app/Controllers/Master/Users.php(147): Andre->save()
#5 /var/www/html/astraagrolestari-weightbridge/vendor/codeigniter4/framework/system/CodeIgniter.php(802): App\Controllers\Master\Users->login()
#6 /var/www/html/astraagrolestari-weightbridge/vendor/codeigniter4/framework/system/CodeIgniter.php(399): CodeIgniter\CodeIgniter->runController()
#7 /var/www/html/astraagrolestari-weightbridge/vendor/codeigniter4/framework/system/CodeIgniter.php(317): CodeIgniter\CodeIgniter->handleRequest()
#8 /var/www/html/astraagrolestari-weightbridge/public/index.php(37): CodeIgniter\CodeIgniter->run()
#9 /var/www/html/astraagrolestari-weightbridge/vendor/codeigniter4/framework/system/Commands/Server/rewrite.php(43): require_once('/var/www/html/a...')
#10 {main}
CRITICAL - 2022-10-27 04:01:38 --> Allowed fields must be specified for model: App\Models\LogModel
#0 /var/www/html/astraagrolestari-weightbridge/vendor/codeigniter4/framework/system/BaseModel.php(1134): CodeIgniter\Database\Exceptions\DataException::forInvalidAllowedFields()
#1 /var/www/html/astraagrolestari-weightbridge/vendor/codeigniter4/framework/system/BaseModel.php(713): CodeIgniter\BaseModel->doProtectFields()
#2 /var/www/html/astraagrolestari-weightbridge/vendor/codeigniter4/framework/system/Model.php(620): CodeIgniter\BaseModel->insert()
#3 /var/www/html/astraagrolestari-weightbridge/app/Helpers/Andre_helper.php(18): CodeIgniter\Model->insert()
#4 /var/www/html/astraagrolestari-weightbridge/app/Controllers/Master/Users.php(147): Andre->save()
#5 /var/www/html/astraagrolestari-weightbridge/vendor/codeigniter4/framework/system/CodeIgniter.php(802): App\Controllers\Master\Users->login()
#6 /var/www/html/astraagrolestari-weightbridge/vendor/codeigniter4/framework/system/CodeIgniter.php(399): CodeIgniter\CodeIgniter->runController()
#7 /var/www/html/astraagrolestari-weightbridge/vendor/codeigniter4/framework/system/CodeIgniter.php(317): CodeIgniter\CodeIgniter->handleRequest()
#8 /var/www/html/astraagrolestari-weightbridge/public/index.php(37): CodeIgniter\CodeIgniter->run()
#9 /var/www/html/astraagrolestari-weightbridge/vendor/codeigniter4/framework/system/Commands/Server/rewrite.php(43): require_once('/var/www/html/a...')
#10 {main}
CRITICAL - 2022-10-27 04:02:28 --> Allowed fields must be specified for model: App\Models\LogModel
#0 /var/www/html/astraagrolestari-weightbridge/vendor/codeigniter4/framework/system/BaseModel.php(1134): CodeIgniter\Database\Exceptions\DataException::forInvalidAllowedFields()
#1 /var/www/html/astraagrolestari-weightbridge/vendor/codeigniter4/framework/system/BaseModel.php(713): CodeIgniter\BaseModel->doProtectFields()
#2 /var/www/html/astraagrolestari-weightbridge/vendor/codeigniter4/framework/system/Model.php(620): CodeIgniter\BaseModel->insert()
#3 /var/www/html/astraagrolestari-weightbridge/app/Helpers/Andre_helper.php(18): CodeIgniter\Model->insert()
#4 /var/www/html/astraagrolestari-weightbridge/app/Controllers/Master/Users.php(147): Andre->save()
#5 /var/www/html/astraagrolestari-weightbridge/vendor/codeigniter4/framework/system/CodeIgniter.php(802): App\Controllers\Master\Users->login()
#6 /var/www/html/astraagrolestari-weightbridge/vendor/codeigniter4/framework/system/CodeIgniter.php(399): CodeIgniter\CodeIgniter->runController()
#7 /var/www/html/astraagrolestari-weightbridge/vendor/codeigniter4/framework/system/CodeIgniter.php(317): CodeIgniter\CodeIgniter->handleRequest()
#8 /var/www/html/astraagrolestari-weightbridge/public/index.php(37): CodeIgniter\CodeIgniter->run()
#9 /var/www/html/astraagrolestari-weightbridge/vendor/codeigniter4/framework/system/Commands/Server/rewrite.php(43): require_once('/var/www/html/a...')
#10 {main}
CRITICAL - 2022-10-27 04:03:46 --> Allowed fields must be specified for model: App\Models\LogModel
#0 /var/www/html/astraagrolestari-weightbridge/vendor/codeigniter4/framework/system/BaseModel.php(1134): CodeIgniter\Database\Exceptions\DataException::forInvalidAllowedFields()
#1 /var/www/html/astraagrolestari-weightbridge/vendor/codeigniter4/framework/system/BaseModel.php(713): CodeIgniter\BaseModel->doProtectFields()
#2 /var/www/html/astraagrolestari-weightbridge/vendor/codeigniter4/framework/system/Model.php(620): CodeIgniter\BaseModel->insert()
#3 /var/www/html/astraagrolestari-weightbridge/app/Helpers/Andre_helper.php(18): CodeIgniter\Model->insert()
#4 /var/www/html/astraagrolestari-weightbridge/app/Controllers/Master/Users.php(147): Andre->save()
#5 /var/www/html/astraagrolestari-weightbridge/vendor/codeigniter4/framework/system/CodeIgniter.php(802): App\Controllers\Master\Users->login()
#6 /var/www/html/astraagrolestari-weightbridge/vendor/codeigniter4/framework/system/CodeIgniter.php(399): CodeIgniter\CodeIgniter->runController()
#7 /var/www/html/astraagrolestari-weightbridge/vendor/codeigniter4/framework/system/CodeIgniter.php(317): CodeIgniter\CodeIgniter->handleRequest()
#8 /var/www/html/astraagrolestari-weightbridge/public/index.php(37): CodeIgniter\CodeIgniter->run()
#9 /var/www/html/astraagrolestari-weightbridge/vendor/codeigniter4/framework/system/Commands/Server/rewrite.php(43): require_once('/var/www/html/a...')
#10 {main}
CRITICAL - 2022-10-27 04:04:15 --> Allowed fields must be specified for model: App\Models\LogModel
#0 /var/www/html/astraagrolestari-weightbridge/vendor/codeigniter4/framework/system/BaseModel.php(1134): CodeIgniter\Database\Exceptions\DataException::forInvalidAllowedFields()
#1 /var/www/html/astraagrolestari-weightbridge/vendor/codeigniter4/framework/system/BaseModel.php(713): CodeIgniter\BaseModel->doProtectFields()
#2 /var/www/html/astraagrolestari-weightbridge/vendor/codeigniter4/framework/system/Model.php(620): CodeIgniter\BaseModel->insert()
#3 /var/www/html/astraagrolestari-weightbridge/app/Helpers/Andre_helper.php(18): CodeIgniter\Model->insert()
#4 /var/www/html/astraagrolestari-weightbridge/app/Controllers/Master/Users.php(147): Andre->save()
#5 /var/www/html/astraagrolestari-weightbridge/vendor/codeigniter4/framework/system/CodeIgniter.php(802): App\Controllers\Master\Users->login()
#6 /var/www/html/astraagrolestari-weightbridge/vendor/codeigniter4/framework/system/CodeIgniter.php(399): CodeIgniter\CodeIgniter->runController()
#7 /var/www/html/astraagrolestari-weightbridge/vendor/codeigniter4/framework/system/CodeIgniter.php(317): CodeIgniter\CodeIgniter->handleRequest()
#8 /var/www/html/astraagrolestari-weightbridge/public/index.php(37): CodeIgniter\CodeIgniter->run()
#9 /var/www/html/astraagrolestari-weightbridge/vendor/codeigniter4/framework/system/Commands/Server/rewrite.php(43): require_once('/var/www/html/a...')
#10 {main}
CRITICAL - 2022-10-27 04:05:53 --> Allowed fields must be specified for model: App\Models\LogModel
#0 /var/www/html/astraagrolestari-weightbridge/vendor/codeigniter4/framework/system/BaseModel.php(1134): CodeIgniter\Database\Exceptions\DataException::forInvalidAllowedFields()
#1 /var/www/html/astraagrolestari-weightbridge/vendor/codeigniter4/framework/system/BaseModel.php(713): CodeIgniter\BaseModel->doProtectFields()
#2 /var/www/html/astraagrolestari-weightbridge/vendor/codeigniter4/framework/system/Model.php(620): CodeIgniter\BaseModel->insert()
#3 /var/www/html/astraagrolestari-weightbridge/app/Helpers/Andre_helper.php(18): CodeIgniter\Model->insert()
#4 /var/www/html/astraagrolestari-weightbridge/app/Controllers/Master/Users.php(147): Andre->save()
#5 /var/www/html/astraagrolestari-weightbridge/vendor/codeigniter4/framework/system/CodeIgniter.php(802): App\Controllers\Master\Users->login()
#6 /var/www/html/astraagrolestari-weightbridge/vendor/codeigniter4/framework/system/CodeIgniter.php(399): CodeIgniter\CodeIgniter->runController()
#7 /var/www/html/astraagrolestari-weightbridge/vendor/codeigniter4/framework/system/CodeIgniter.php(317): CodeIgniter\CodeIgniter->handleRequest()
#8 /var/www/html/astraagrolestari-weightbridge/public/index.php(37): CodeIgniter\CodeIgniter->run()
#9 /var/www/html/astraagrolestari-weightbridge/vendor/codeigniter4/framework/system/Commands/Server/rewrite.php(43): require_once('/var/www/html/a...')
#10 {main}
CRITICAL - 2022-10-27 04:06:38 --> Allowed fields must be specified for model: App\Models\LogModel
#0 /var/www/html/astraagrolestari-weightbridge/vendor/codeigniter4/framework/system/BaseModel.php(1134): CodeIgniter\Database\Exceptions\DataException::forInvalidAllowedFields()
#1 /var/www/html/astraagrolestari-weightbridge/vendor/codeigniter4/framework/system/BaseModel.php(713): CodeIgniter\BaseModel->doProtectFields()
#2 /var/www/html/astraagrolestari-weightbridge/vendor/codeigniter4/framework/system/Model.php(620): CodeIgniter\BaseModel->insert()
#3 /var/www/html/astraagrolestari-weightbridge/app/Helpers/Andre_helper.php(18): CodeIgniter\Model->insert()
#4 /var/www/html/astraagrolestari-weightbridge/app/Controllers/Master/Users.php(147): Andre->save()
#5 /var/www/html/astraagrolestari-weightbridge/vendor/codeigniter4/framework/system/CodeIgniter.php(802): App\Controllers\Master\Users->login()
#6 /var/www/html/astraagrolestari-weightbridge/vendor/codeigniter4/framework/system/CodeIgniter.php(399): CodeIgniter\CodeIgniter->runController()
#7 /var/www/html/astraagrolestari-weightbridge/vendor/codeigniter4/framework/system/CodeIgniter.php(317): CodeIgniter\CodeIgniter->handleRequest()
#8 /var/www/html/astraagrolestari-weightbridge/public/index.php(37): CodeIgniter\CodeIgniter->run()
#9 /var/www/html/astraagrolestari-weightbridge/vendor/codeigniter4/framework/system/Commands/Server/rewrite.php(43): require_once('/var/www/html/a...')
#10 {main}
