ERROR - 2023-10-22 19:46:55 --> Incorrect DATETIME value: '00-00-0000 00:00:00'
CRITICAL - 2023-10-22 19:46:55 --> Incorrect DATETIME value: '00-00-0000 00:00:00'
#0 /var/www/astraagrolestari-weightbridge-v3/vendor/codeigniter4/framework/system/Database/MySQLi/Connection.php(280): mysqli->query()
#1 /var/www/astraagrolestari-weightbridge-v3/vendor/codeigniter4/framework/system/Database/BaseConnection.php(663): CodeIgniter\Database\MySQLi\Connection->execute()
#2 /var/www/astraagrolestari-weightbridge-v3/vendor/codeigniter4/framework/system/Database/BaseConnection.php(591): CodeIgniter\Database\BaseConnection->simpleQuery()
#3 /var/www/astraagrolestari-weightbridge-v3/vendor/codeigniter4/framework/system/Database/BaseBuilder.php(1428): CodeIgniter\Database\BaseConnection->query()
#4 /var/www/astraagrolestari-weightbridge-v3/vendor/codeigniter4/framework/system/Model.php(183): CodeIgniter\Database\BaseBuilder->get()
#5 /var/www/astraagrolestari-weightbridge-v3/vendor/codeigniter4/framework/system/BaseModel.php(584): CodeIgniter\Model->doFindAll()
#6 /var/www/astraagrolestari-weightbridge-v3/app/Controllers/Cron.php(260): CodeIgniter\BaseModel->findAll()
#7 /var/www/astraagrolestari-weightbridge-v3/vendor/codeigniter4/framework/system/CodeIgniter.php(802): App\Controllers\Cron->sendWbIn()
#8 /var/www/astraagrolestari-weightbridge-v3/vendor/codeigniter4/framework/system/CodeIgniter.php(399): CodeIgniter\CodeIgniter->runController()
#9 /var/www/astraagrolestari-weightbridge-v3/vendor/codeigniter4/framework/system/CodeIgniter.php(317): CodeIgniter\CodeIgniter->handleRequest()
#10 /var/www/astraagrolestari-weightbridge-v3/public/index.php(37): CodeIgniter\CodeIgniter->run()
#11 {main}
ERROR - 2023-10-22 19:48:03 --> Incorrect DATETIME value: '0000-00-00 00:00:00'
CRITICAL - 2023-10-22 19:48:03 --> Incorrect DATETIME value: '0000-00-00 00:00:00'
#0 /var/www/astraagrolestari-weightbridge-v3/vendor/codeigniter4/framework/system/Database/MySQLi/Connection.php(280): mysqli->query()
#1 /var/www/astraagrolestari-weightbridge-v3/vendor/codeigniter4/framework/system/Database/BaseConnection.php(663): CodeIgniter\Database\MySQLi\Connection->execute()
#2 /var/www/astraagrolestari-weightbridge-v3/vendor/codeigniter4/framework/system/Database/BaseConnection.php(591): CodeIgniter\Database\BaseConnection->simpleQuery()
#3 /var/www/astraagrolestari-weightbridge-v3/vendor/codeigniter4/framework/system/Database/BaseBuilder.php(1428): CodeIgniter\Database\BaseConnection->query()
#4 /var/www/astraagrolestari-weightbridge-v3/vendor/codeigniter4/framework/system/Model.php(183): CodeIgniter\Database\BaseBuilder->get()
#5 /var/www/astraagrolestari-weightbridge-v3/vendor/codeigniter4/framework/system/BaseModel.php(584): CodeIgniter\Model->doFindAll()
#6 /var/www/astraagrolestari-weightbridge-v3/app/Controllers/Cron.php(260): CodeIgniter\BaseModel->findAll()
#7 /var/www/astraagrolestari-weightbridge-v3/vendor/codeigniter4/framework/system/CodeIgniter.php(802): App\Controllers\Cron->sendWbIn()
#8 /var/www/astraagrolestari-weightbridge-v3/vendor/codeigniter4/framework/system/CodeIgniter.php(399): CodeIgniter\CodeIgniter->runController()
#9 /var/www/astraagrolestari-weightbridge-v3/vendor/codeigniter4/framework/system/CodeIgniter.php(317): CodeIgniter\CodeIgniter->handleRequest()
#10 /var/www/astraagrolestari-weightbridge-v3/public/index.php(37): CodeIgniter\CodeIgniter->run()
#11 {main}
ERROR - 2023-10-22 19:49:24 --> Incorrect DATETIME value: '0000-00-00 00:00:00'
CRITICAL - 2023-10-22 19:49:24 --> Incorrect DATETIME value: '0000-00-00 00:00:00'
#0 /var/www/astraagrolestari-weightbridge-v3/vendor/codeigniter4/framework/system/Database/MySQLi/Connection.php(280): mysqli->query()
#1 /var/www/astraagrolestari-weightbridge-v3/vendor/codeigniter4/framework/system/Database/BaseConnection.php(663): CodeIgniter\Database\MySQLi\Connection->execute()
#2 /var/www/astraagrolestari-weightbridge-v3/vendor/codeigniter4/framework/system/Database/BaseConnection.php(591): CodeIgniter\Database\BaseConnection->simpleQuery()
#3 /var/www/astraagrolestari-weightbridge-v3/vendor/codeigniter4/framework/system/Database/BaseBuilder.php(1428): CodeIgniter\Database\BaseConnection->query()
#4 /var/www/astraagrolestari-weightbridge-v3/vendor/codeigniter4/framework/system/Model.php(183): CodeIgniter\Database\BaseBuilder->get()
#5 /var/www/astraagrolestari-weightbridge-v3/vendor/codeigniter4/framework/system/BaseModel.php(584): CodeIgniter\Model->doFindAll()
#6 /var/www/astraagrolestari-weightbridge-v3/app/Controllers/Cron.php(262): CodeIgniter\BaseModel->findAll()
#7 /var/www/astraagrolestari-weightbridge-v3/vendor/codeigniter4/framework/system/CodeIgniter.php(802): App\Controllers\Cron->sendWbIn()
#8 /var/www/astraagrolestari-weightbridge-v3/vendor/codeigniter4/framework/system/CodeIgniter.php(399): CodeIgniter\CodeIgniter->runController()
#9 /var/www/astraagrolestari-weightbridge-v3/vendor/codeigniter4/framework/system/CodeIgniter.php(317): CodeIgniter\CodeIgniter->handleRequest()
#10 /var/www/astraagrolestari-weightbridge-v3/public/index.php(37): CodeIgniter\CodeIgniter->run()
#11 {main}
ERROR - 2023-10-22 19:49:51 --> Incorrect DATETIME value: '0000-00-00 00:00:00'
CRITICAL - 2023-10-22 19:49:51 --> Incorrect DATETIME value: '0000-00-00 00:00:00'
#0 /var/www/astraagrolestari-weightbridge-v3/vendor/codeigniter4/framework/system/Database/MySQLi/Connection.php(280): mysqli->query()
#1 /var/www/astraagrolestari-weightbridge-v3/vendor/codeigniter4/framework/system/Database/BaseConnection.php(663): CodeIgniter\Database\MySQLi\Connection->execute()
#2 /var/www/astraagrolestari-weightbridge-v3/vendor/codeigniter4/framework/system/Database/BaseConnection.php(591): CodeIgniter\Database\BaseConnection->simpleQuery()
#3 /var/www/astraagrolestari-weightbridge-v3/vendor/codeigniter4/framework/system/Database/BaseBuilder.php(1428): CodeIgniter\Database\BaseConnection->query()
#4 /var/www/astraagrolestari-weightbridge-v3/vendor/codeigniter4/framework/system/Model.php(183): CodeIgniter\Database\BaseBuilder->get()
#5 /var/www/astraagrolestari-weightbridge-v3/vendor/codeigniter4/framework/system/BaseModel.php(584): CodeIgniter\Model->doFindAll()
#6 /var/www/astraagrolestari-weightbridge-v3/app/Controllers/Cron.php(263): CodeIgniter\BaseModel->findAll()
#7 /var/www/astraagrolestari-weightbridge-v3/vendor/codeigniter4/framework/system/CodeIgniter.php(802): App\Controllers\Cron->sendWbIn()
#8 /var/www/astraagrolestari-weightbridge-v3/vendor/codeigniter4/framework/system/CodeIgniter.php(399): CodeIgniter\CodeIgniter->runController()
#9 /var/www/astraagrolestari-weightbridge-v3/vendor/codeigniter4/framework/system/CodeIgniter.php(317): CodeIgniter\CodeIgniter->handleRequest()
#10 /var/www/astraagrolestari-weightbridge-v3/public/index.php(37): CodeIgniter\CodeIgniter->run()
#11 {main}
ERROR - 2023-10-22 19:51:07 --> Incorrect DATETIME value: '0000-00-00 00:00:00'
CRITICAL - 2023-10-22 19:51:07 --> Incorrect DATETIME value: '0000-00-00 00:00:00'
#0 /var/www/astraagrolestari-weightbridge-v3/vendor/codeigniter4/framework/system/Database/MySQLi/Connection.php(280): mysqli->query()
#1 /var/www/astraagrolestari-weightbridge-v3/vendor/codeigniter4/framework/system/Database/BaseConnection.php(663): CodeIgniter\Database\MySQLi\Connection->execute()
#2 /var/www/astraagrolestari-weightbridge-v3/vendor/codeigniter4/framework/system/Database/BaseConnection.php(591): CodeIgniter\Database\BaseConnection->simpleQuery()
#3 /var/www/astraagrolestari-weightbridge-v3/vendor/codeigniter4/framework/system/Database/BaseBuilder.php(1428): CodeIgniter\Database\BaseConnection->query()
#4 /var/www/astraagrolestari-weightbridge-v3/vendor/codeigniter4/framework/system/Model.php(183): CodeIgniter\Database\BaseBuilder->get()
#5 /var/www/astraagrolestari-weightbridge-v3/vendor/codeigniter4/framework/system/BaseModel.php(584): CodeIgniter\Model->doFindAll()
#6 /var/www/astraagrolestari-weightbridge-v3/app/Controllers/Cron.php(261): CodeIgniter\BaseModel->findAll()
#7 /var/www/astraagrolestari-weightbridge-v3/vendor/codeigniter4/framework/system/CodeIgniter.php(802): App\Controllers\Cron->sendWbIn()
#8 /var/www/astraagrolestari-weightbridge-v3/vendor/codeigniter4/framework/system/CodeIgniter.php(399): CodeIgniter\CodeIgniter->runController()
#9 /var/www/astraagrolestari-weightbridge-v3/vendor/codeigniter4/framework/system/CodeIgniter.php(317): CodeIgniter\CodeIgniter->handleRequest()
#10 /var/www/astraagrolestari-weightbridge-v3/public/index.php(37): CodeIgniter\CodeIgniter->run()
#11 {main}
CRITICAL - 2023-10-22 19:57:25 --> syntax error, unexpected '0' (T_LNUMBER), expecting ')'
#0 /var/www/astraagrolestari-weightbridge-v3/vendor/codeigniter4/framework/system/Autoloader/Autoloader.php(241): CodeIgniter\Autoloader\Autoloader->includeFile()
#1 /var/www/astraagrolestari-weightbridge-v3/vendor/codeigniter4/framework/system/Autoloader/Autoloader.php(219): CodeIgniter\Autoloader\Autoloader->loadInNamespace()
#2 [internal function]: CodeIgniter\Autoloader\Autoloader->loadClass()
#3 [internal function]: spl_autoload_call()
#4 /var/www/astraagrolestari-weightbridge-v3/vendor/codeigniter4/framework/system/CodeIgniter.php(767): class_exists()
#5 /var/www/astraagrolestari-weightbridge-v3/vendor/codeigniter4/framework/system/CodeIgniter.php(386): CodeIgniter\CodeIgniter->startController()
#6 /var/www/astraagrolestari-weightbridge-v3/vendor/codeigniter4/framework/system/CodeIgniter.php(317): CodeIgniter\CodeIgniter->handleRequest()
#7 /var/www/astraagrolestari-weightbridge-v3/public/index.php(37): CodeIgniter\CodeIgniter->run()
#8 {main}
ERROR - 2023-10-22 19:57:34 --> You have an error in your SQL syntax; check the manual that corresponds to your MySQL server version for the right syntax to use near ') AND `status` = "0"
AND `tr_wb`.`deleted_at` IS NULL
 LIMIT 5' at line 6
CRITICAL - 2023-10-22 19:57:34 --> You have an error in your SQL syntax; check the manual that corresponds to your MySQL server version for the right syntax to use near ') AND `status` = "0"
AND `tr_wb`.`deleted_at` IS NULL
 LIMIT 5' at line 6
#0 /var/www/astraagrolestari-weightbridge-v3/vendor/codeigniter4/framework/system/Database/MySQLi/Connection.php(280): mysqli->query()
#1 /var/www/astraagrolestari-weightbridge-v3/vendor/codeigniter4/framework/system/Database/BaseConnection.php(663): CodeIgniter\Database\MySQLi\Connection->execute()
#2 /var/www/astraagrolestari-weightbridge-v3/vendor/codeigniter4/framework/system/Database/BaseConnection.php(591): CodeIgniter\Database\BaseConnection->simpleQuery()
#3 /var/www/astraagrolestari-weightbridge-v3/vendor/codeigniter4/framework/system/Database/BaseBuilder.php(1428): CodeIgniter\Database\BaseConnection->query()
#4 /var/www/astraagrolestari-weightbridge-v3/vendor/codeigniter4/framework/system/Model.php(183): CodeIgniter\Database\BaseBuilder->get()
#5 /var/www/astraagrolestari-weightbridge-v3/vendor/codeigniter4/framework/system/BaseModel.php(584): CodeIgniter\Model->doFindAll()
#6 /var/www/astraagrolestari-weightbridge-v3/app/Controllers/Cron.php(261): CodeIgniter\BaseModel->findAll()
#7 /var/www/astraagrolestari-weightbridge-v3/vendor/codeigniter4/framework/system/CodeIgniter.php(802): App\Controllers\Cron->sendWbIn()
#8 /var/www/astraagrolestari-weightbridge-v3/vendor/codeigniter4/framework/system/CodeIgniter.php(399): CodeIgniter\CodeIgniter->runController()
#9 /var/www/astraagrolestari-weightbridge-v3/vendor/codeigniter4/framework/system/CodeIgniter.php(317): CodeIgniter\CodeIgniter->handleRequest()
#10 /var/www/astraagrolestari-weightbridge-v3/public/index.php(37): CodeIgniter\CodeIgniter->run()
#11 {main}
CRITICAL - 2023-10-22 20:22:10 --> Undefined index: wb_out
#0 /var/www/astraagrolestari-weightbridge-v3/app/Controllers/Cron.php(272): CodeIgniter\Debug\Exceptions->errorHandler()
#1 /var/www/astraagrolestari-weightbridge-v3/vendor/codeigniter4/framework/system/CodeIgniter.php(802): App\Controllers\Cron->sendWbIn()
#2 /var/www/astraagrolestari-weightbridge-v3/vendor/codeigniter4/framework/system/CodeIgniter.php(399): CodeIgniter\CodeIgniter->runController()
#3 /var/www/astraagrolestari-weightbridge-v3/vendor/codeigniter4/framework/system/CodeIgniter.php(317): CodeIgniter\CodeIgniter->handleRequest()
#4 /var/www/astraagrolestari-weightbridge-v3/public/index.php(37): CodeIgniter\CodeIgniter->run()
#5 {main}
