CRITICAL - 2023-10-26 02:07:03 --> Cannot use object of type CodeIgniter\HTTP\Response as array
#0 /var/www/astraagrolestari-weightbridge-v3/app/Controllers/Cron.php(440): App\Controllers\Cron->updateAPIWb()
#1 /var/www/astraagrolestari-weightbridge-v3/vendor/codeigniter4/framework/system/CodeIgniter.php(802): App\Controllers\Cron->sendWbOut()
#2 /var/www/astraagrolestari-weightbridge-v3/vendor/codeigniter4/framework/system/CodeIgniter.php(399): CodeIgniter\CodeIgniter->runController()
#3 /var/www/astraagrolestari-weightbridge-v3/vendor/codeigniter4/framework/system/CodeIgniter.php(317): CodeIgniter\CodeIgniter->handleRequest()
#4 /var/www/astraagrolestari-weightbridge-v3/public/index.php(37): CodeIgniter\CodeIgniter->run()
#5 {main}
CRITICAL - 2023-10-26 02:07:23 --> Cannot use object of type CodeIgniter\HTTP\Response as array
#0 /var/www/astraagrolestari-weightbridge-v3/app/Controllers/Cron.php(440): App\Controllers\Cron->updateAPIWb()
#1 /var/www/astraagrolestari-weightbridge-v3/vendor/codeigniter4/framework/system/CodeIgniter.php(802): App\Controllers\Cron->sendWbOut()
#2 /var/www/astraagrolestari-weightbridge-v3/vendor/codeigniter4/framework/system/CodeIgniter.php(399): CodeIgniter\CodeIgniter->runController()
#3 /var/www/astraagrolestari-weightbridge-v3/vendor/codeigniter4/framework/system/CodeIgniter.php(317): CodeIgniter\CodeIgniter->handleRequest()
#4 /var/www/astraagrolestari-weightbridge-v3/public/index.php(37): CodeIgniter\CodeIgniter->run()
#5 {main}
CRITICAL - 2023-10-26 02:09:07 --> Cannot access protected property CodeIgniter\HTTP\Response::$body
#0 /var/www/astraagrolestari-weightbridge-v3/app/Controllers/Cron.php(440): App\Controllers\Cron->updateAPIWb()
#1 /var/www/astraagrolestari-weightbridge-v3/vendor/codeigniter4/framework/system/CodeIgniter.php(802): App\Controllers\Cron->sendWbOut()
#2 /var/www/astraagrolestari-weightbridge-v3/vendor/codeigniter4/framework/system/CodeIgniter.php(399): CodeIgniter\CodeIgniter->runController()
#3 /var/www/astraagrolestari-weightbridge-v3/vendor/codeigniter4/framework/system/CodeIgniter.php(317): CodeIgniter\CodeIgniter->handleRequest()
#4 /var/www/astraagrolestari-weightbridge-v3/public/index.php(37): CodeIgniter\CodeIgniter->run()
#5 {main}
ERROR - 2023-10-26 02:13:11 --> You have an error in your SQL syntax; check the manual that corresponds to your MySQL server version for the right syntax to use near ', `tr_wb`.`unitcode`, `m_unit`.`transportercode`, `tr_wb`.`npk_driver`, `tr_wb`.' at line 1
CRITICAL - 2023-10-26 02:13:11 --> You have an error in your SQL syntax; check the manual that corresponds to your MySQL server version for the right syntax to use near ', `tr_wb`.`unitcode`, `m_unit`.`transportercode`, `tr_wb`.`npk_driver`, `tr_wb`.' at line 1
#0 /var/www/astraagrolestari-weightbridge-v3/vendor/codeigniter4/framework/system/Database/MySQLi/Connection.php(280): mysqli->query()
#1 /var/www/astraagrolestari-weightbridge-v3/vendor/codeigniter4/framework/system/Database/BaseConnection.php(663): CodeIgniter\Database\MySQLi\Connection->execute()
#2 /var/www/astraagrolestari-weightbridge-v3/vendor/codeigniter4/framework/system/Database/BaseConnection.php(591): CodeIgniter\Database\BaseConnection->simpleQuery()
#3 /var/www/astraagrolestari-weightbridge-v3/vendor/codeigniter4/framework/system/Database/BaseBuilder.php(1428): CodeIgniter\Database\BaseConnection->query()
#4 /var/www/astraagrolestari-weightbridge-v3/vendor/codeigniter4/framework/system/Model.php(183): CodeIgniter\Database\BaseBuilder->get()
#5 /var/www/astraagrolestari-weightbridge-v3/vendor/codeigniter4/framework/system/BaseModel.php(584): CodeIgniter\Model->doFindAll()
#6 /var/www/astraagrolestari-weightbridge-v3/app/Controllers/Cron.php(337): CodeIgniter\BaseModel->findAll()
#7 /var/www/astraagrolestari-weightbridge-v3/vendor/codeigniter4/framework/system/CodeIgniter.php(802): App\Controllers\Cron->sendWbIn()
#8 /var/www/astraagrolestari-weightbridge-v3/vendor/codeigniter4/framework/system/CodeIgniter.php(399): CodeIgniter\CodeIgniter->runController()
#9 /var/www/astraagrolestari-weightbridge-v3/vendor/codeigniter4/framework/system/CodeIgniter.php(317): CodeIgniter\CodeIgniter->handleRequest()
#10 /var/www/astraagrolestari-weightbridge-v3/public/index.php(37): CodeIgniter\CodeIgniter->run()
#11 {main}
ERROR - 2023-10-26 02:14:53 --> You have an error in your SQL syntax; check the manual that corresponds to your MySQL server version for the right syntax to use near ', `tr_wb`.`unitcode`, `m_unit`.`transportercode`, `tr_wb`.`npk_driver`, `tr_wb`.' at line 1
CRITICAL - 2023-10-26 02:14:53 --> You have an error in your SQL syntax; check the manual that corresponds to your MySQL server version for the right syntax to use near ', `tr_wb`.`unitcode`, `m_unit`.`transportercode`, `tr_wb`.`npk_driver`, `tr_wb`.' at line 1
#0 /var/www/astraagrolestari-weightbridge-v3/vendor/codeigniter4/framework/system/Database/MySQLi/Connection.php(280): mysqli->query()
#1 /var/www/astraagrolestari-weightbridge-v3/vendor/codeigniter4/framework/system/Database/BaseConnection.php(663): CodeIgniter\Database\MySQLi\Connection->execute()
#2 /var/www/astraagrolestari-weightbridge-v3/vendor/codeigniter4/framework/system/Database/BaseConnection.php(591): CodeIgniter\Database\BaseConnection->simpleQuery()
#3 /var/www/astraagrolestari-weightbridge-v3/vendor/codeigniter4/framework/system/Database/BaseBuilder.php(1428): CodeIgniter\Database\BaseConnection->query()
#4 /var/www/astraagrolestari-weightbridge-v3/vendor/codeigniter4/framework/system/Model.php(183): CodeIgniter\Database\BaseBuilder->get()
#5 /var/www/astraagrolestari-weightbridge-v3/vendor/codeigniter4/framework/system/BaseModel.php(584): CodeIgniter\Model->doFindAll()
#6 /var/www/astraagrolestari-weightbridge-v3/app/Controllers/Cron.php(337): CodeIgniter\BaseModel->findAll()
#7 /var/www/astraagrolestari-weightbridge-v3/vendor/codeigniter4/framework/system/CodeIgniter.php(802): App\Controllers\Cron->sendWbIn()
#8 /var/www/astraagrolestari-weightbridge-v3/vendor/codeigniter4/framework/system/CodeIgniter.php(399): CodeIgniter\CodeIgniter->runController()
#9 /var/www/astraagrolestari-weightbridge-v3/vendor/codeigniter4/framework/system/CodeIgniter.php(317): CodeIgniter\CodeIgniter->handleRequest()
#10 /var/www/astraagrolestari-weightbridge-v3/public/index.php(37): CodeIgniter\CodeIgniter->run()
#11 {main}
ERROR - 2023-10-26 02:15:11 --> You have an error in your SQL syntax; check the manual that corresponds to your MySQL server version for the right syntax to use near ', `tr_wb`.`unitcode`, `m_unit`.`transportercode`, `tr_wb`.`npk_driver`, `tr_wb`.' at line 1
CRITICAL - 2023-10-26 02:15:11 --> You have an error in your SQL syntax; check the manual that corresponds to your MySQL server version for the right syntax to use near ', `tr_wb`.`unitcode`, `m_unit`.`transportercode`, `tr_wb`.`npk_driver`, `tr_wb`.' at line 1
#0 /var/www/astraagrolestari-weightbridge-v3/vendor/codeigniter4/framework/system/Database/MySQLi/Connection.php(280): mysqli->query()
#1 /var/www/astraagrolestari-weightbridge-v3/vendor/codeigniter4/framework/system/Database/BaseConnection.php(663): CodeIgniter\Database\MySQLi\Connection->execute()
#2 /var/www/astraagrolestari-weightbridge-v3/vendor/codeigniter4/framework/system/Database/BaseConnection.php(591): CodeIgniter\Database\BaseConnection->simpleQuery()
#3 /var/www/astraagrolestari-weightbridge-v3/vendor/codeigniter4/framework/system/Database/BaseBuilder.php(1428): CodeIgniter\Database\BaseConnection->query()
#4 /var/www/astraagrolestari-weightbridge-v3/vendor/codeigniter4/framework/system/Model.php(183): CodeIgniter\Database\BaseBuilder->get()
#5 /var/www/astraagrolestari-weightbridge-v3/vendor/codeigniter4/framework/system/BaseModel.php(584): CodeIgniter\Model->doFindAll()
#6 /var/www/astraagrolestari-weightbridge-v3/app/Controllers/Cron.php(337): CodeIgniter\BaseModel->findAll()
#7 /var/www/astraagrolestari-weightbridge-v3/vendor/codeigniter4/framework/system/CodeIgniter.php(802): App\Controllers\Cron->sendWbIn()
#8 /var/www/astraagrolestari-weightbridge-v3/vendor/codeigniter4/framework/system/CodeIgniter.php(399): CodeIgniter\CodeIgniter->runController()
#9 /var/www/astraagrolestari-weightbridge-v3/vendor/codeigniter4/framework/system/CodeIgniter.php(317): CodeIgniter\CodeIgniter->handleRequest()
#10 /var/www/astraagrolestari-weightbridge-v3/public/index.php(37): CodeIgniter\CodeIgniter->run()
#11 {main}
ERROR - 2023-10-26 02:15:13 --> You have an error in your SQL syntax; check the manual that corresponds to your MySQL server version for the right syntax to use near ', `tr_wb`.`unitcode`, `m_unit`.`transportercode`, `tr_wb`.`npk_driver`, `tr_wb`.' at line 1
CRITICAL - 2023-10-26 02:15:13 --> You have an error in your SQL syntax; check the manual that corresponds to your MySQL server version for the right syntax to use near ', `tr_wb`.`unitcode`, `m_unit`.`transportercode`, `tr_wb`.`npk_driver`, `tr_wb`.' at line 1
#0 /var/www/astraagrolestari-weightbridge-v3/vendor/codeigniter4/framework/system/Database/MySQLi/Connection.php(280): mysqli->query()
#1 /var/www/astraagrolestari-weightbridge-v3/vendor/codeigniter4/framework/system/Database/BaseConnection.php(663): CodeIgniter\Database\MySQLi\Connection->execute()
#2 /var/www/astraagrolestari-weightbridge-v3/vendor/codeigniter4/framework/system/Database/BaseConnection.php(591): CodeIgniter\Database\BaseConnection->simpleQuery()
#3 /var/www/astraagrolestari-weightbridge-v3/vendor/codeigniter4/framework/system/Database/BaseBuilder.php(1428): CodeIgniter\Database\BaseConnection->query()
#4 /var/www/astraagrolestari-weightbridge-v3/vendor/codeigniter4/framework/system/Model.php(183): CodeIgniter\Database\BaseBuilder->get()
#5 /var/www/astraagrolestari-weightbridge-v3/vendor/codeigniter4/framework/system/BaseModel.php(584): CodeIgniter\Model->doFindAll()
#6 /var/www/astraagrolestari-weightbridge-v3/app/Controllers/Cron.php(337): CodeIgniter\BaseModel->findAll()
#7 /var/www/astraagrolestari-weightbridge-v3/vendor/codeigniter4/framework/system/CodeIgniter.php(802): App\Controllers\Cron->sendWbIn()
#8 /var/www/astraagrolestari-weightbridge-v3/vendor/codeigniter4/framework/system/CodeIgniter.php(399): CodeIgniter\CodeIgniter->runController()
#9 /var/www/astraagrolestari-weightbridge-v3/vendor/codeigniter4/framework/system/CodeIgniter.php(317): CodeIgniter\CodeIgniter->handleRequest()
#10 /var/www/astraagrolestari-weightbridge-v3/public/index.php(37): CodeIgniter\CodeIgniter->run()
#11 {main}
ERROR - 2023-10-26 02:15:43 --> You have an error in your SQL syntax; check the manual that corresponds to your MySQL server version for the right syntax to use near ', `tr_wb`.`unitcode`, `m_unit`.`transportercode`, `tr_wb`.`npk_driver`, `tr_wb`.' at line 1
CRITICAL - 2023-10-26 02:15:43 --> You have an error in your SQL syntax; check the manual that corresponds to your MySQL server version for the right syntax to use near ', `tr_wb`.`unitcode`, `m_unit`.`transportercode`, `tr_wb`.`npk_driver`, `tr_wb`.' at line 1
#0 /var/www/astraagrolestari-weightbridge-v3/vendor/codeigniter4/framework/system/Database/MySQLi/Connection.php(280): mysqli->query()
#1 /var/www/astraagrolestari-weightbridge-v3/vendor/codeigniter4/framework/system/Database/BaseConnection.php(663): CodeIgniter\Database\MySQLi\Connection->execute()
#2 /var/www/astraagrolestari-weightbridge-v3/vendor/codeigniter4/framework/system/Database/BaseConnection.php(591): CodeIgniter\Database\BaseConnection->simpleQuery()
#3 /var/www/astraagrolestari-weightbridge-v3/vendor/codeigniter4/framework/system/Database/BaseBuilder.php(1428): CodeIgniter\Database\BaseConnection->query()
#4 /var/www/astraagrolestari-weightbridge-v3/vendor/codeigniter4/framework/system/Model.php(183): CodeIgniter\Database\BaseBuilder->get()
#5 /var/www/astraagrolestari-weightbridge-v3/vendor/codeigniter4/framework/system/BaseModel.php(584): CodeIgniter\Model->doFindAll()
#6 /var/www/astraagrolestari-weightbridge-v3/app/Controllers/Cron.php(337): CodeIgniter\BaseModel->findAll()
#7 /var/www/astraagrolestari-weightbridge-v3/vendor/codeigniter4/framework/system/CodeIgniter.php(802): App\Controllers\Cron->sendWbIn()
#8 /var/www/astraagrolestari-weightbridge-v3/vendor/codeigniter4/framework/system/CodeIgniter.php(399): CodeIgniter\CodeIgniter->runController()
#9 /var/www/astraagrolestari-weightbridge-v3/vendor/codeigniter4/framework/system/CodeIgniter.php(317): CodeIgniter\CodeIgniter->handleRequest()
#10 /var/www/astraagrolestari-weightbridge-v3/public/index.php(37): CodeIgniter\CodeIgniter->run()
#11 {main}
ERROR - 2023-10-26 02:16:56 --> You have an error in your SQL syntax; check the manual that corresponds to your MySQL server version for the right syntax to use near ', `tr_wb`.`unitcode`, `m_unit`.`transportercode`, `tr_wb`.`npk_driver`, `tr_wb`.' at line 1
CRITICAL - 2023-10-26 02:16:56 --> You have an error in your SQL syntax; check the manual that corresponds to your MySQL server version for the right syntax to use near ', `tr_wb`.`unitcode`, `m_unit`.`transportercode`, `tr_wb`.`npk_driver`, `tr_wb`.' at line 1
#0 /var/www/astraagrolestari-weightbridge-v3/vendor/codeigniter4/framework/system/Database/MySQLi/Connection.php(280): mysqli->query()
#1 /var/www/astraagrolestari-weightbridge-v3/vendor/codeigniter4/framework/system/Database/BaseConnection.php(663): CodeIgniter\Database\MySQLi\Connection->execute()
#2 /var/www/astraagrolestari-weightbridge-v3/vendor/codeigniter4/framework/system/Database/BaseConnection.php(591): CodeIgniter\Database\BaseConnection->simpleQuery()
#3 /var/www/astraagrolestari-weightbridge-v3/vendor/codeigniter4/framework/system/Database/BaseBuilder.php(1428): CodeIgniter\Database\BaseConnection->query()
#4 /var/www/astraagrolestari-weightbridge-v3/vendor/codeigniter4/framework/system/Model.php(183): CodeIgniter\Database\BaseBuilder->get()
#5 /var/www/astraagrolestari-weightbridge-v3/vendor/codeigniter4/framework/system/BaseModel.php(584): CodeIgniter\Model->doFindAll()
#6 /var/www/astraagrolestari-weightbridge-v3/app/Controllers/Cron.php(337): CodeIgniter\BaseModel->findAll()
#7 /var/www/astraagrolestari-weightbridge-v3/vendor/codeigniter4/framework/system/CodeIgniter.php(802): App\Controllers\Cron->sendWbIn()
#8 /var/www/astraagrolestari-weightbridge-v3/vendor/codeigniter4/framework/system/CodeIgniter.php(399): CodeIgniter\CodeIgniter->runController()
#9 /var/www/astraagrolestari-weightbridge-v3/vendor/codeigniter4/framework/system/CodeIgniter.php(317): CodeIgniter\CodeIgniter->handleRequest()
#10 /var/www/astraagrolestari-weightbridge-v3/public/index.php(37): CodeIgniter\CodeIgniter->run()
#11 {main}
ERROR - 2023-10-26 04:46:22 --> You have an error in your SQL syntax; check the manual that corresponds to your MySQL server version for the right syntax to use near '`sentout` = "0"
AND `tr_wb`.`deleted_at` IS NULL
 LIMIT 2' at line 3
CRITICAL - 2023-10-26 04:46:22 --> You have an error in your SQL syntax; check the manual that corresponds to your MySQL server version for the right syntax to use near '`sentout` = "0"
AND `tr_wb`.`deleted_at` IS NULL
 LIMIT 2' at line 3
#0 /var/www/astraagrolestari-weightbridge-v3/vendor/codeigniter4/framework/system/Database/MySQLi/Connection.php(280): mysqli->query()
#1 /var/www/astraagrolestari-weightbridge-v3/vendor/codeigniter4/framework/system/Database/BaseConnection.php(663): CodeIgniter\Database\MySQLi\Connection->execute()
#2 /var/www/astraagrolestari-weightbridge-v3/vendor/codeigniter4/framework/system/Database/BaseConnection.php(591): CodeIgniter\Database\BaseConnection->simpleQuery()
#3 /var/www/astraagrolestari-weightbridge-v3/vendor/codeigniter4/framework/system/Database/BaseBuilder.php(1428): CodeIgniter\Database\BaseConnection->query()
#4 /var/www/astraagrolestari-weightbridge-v3/vendor/codeigniter4/framework/system/Model.php(183): CodeIgniter\Database\BaseBuilder->get()
#5 /var/www/astraagrolestari-weightbridge-v3/vendor/codeigniter4/framework/system/BaseModel.php(584): CodeIgniter\Model->doFindAll()
#6 /var/www/astraagrolestari-weightbridge-v3/app/Controllers/Cron.php(427): CodeIgniter\BaseModel->findAll()
#7 /var/www/astraagrolestari-weightbridge-v3/vendor/codeigniter4/framework/system/CodeIgniter.php(802): App\Controllers\Cron->sendWbOut()
#8 /var/www/astraagrolestari-weightbridge-v3/vendor/codeigniter4/framework/system/CodeIgniter.php(399): CodeIgniter\CodeIgniter->runController()
#9 /var/www/astraagrolestari-weightbridge-v3/vendor/codeigniter4/framework/system/CodeIgniter.php(317): CodeIgniter\CodeIgniter->handleRequest()
#10 /var/www/astraagrolestari-weightbridge-v3/public/index.php(37): CodeIgniter\CodeIgniter->run()
#11 {main}
