CRITICAL - 2023-05-02 04:12:53 --> Failed to parse json string, error: "Malformed UTF-8 characters, possibly incorrectly encoded".
#0 /var/www/astraagrolestari-weightbridge/vendor/codeigniter4/framework/system/Format/JSONFormatter.php(41): CodeIgniter\Format\Exceptions\FormatException::forInvalidJSON()
#1 /var/www/astraagrolestari-weightbridge/vendor/codeigniter4/framework/system/HTTP/ResponseTrait.php(317): CodeIgniter\Format\JSONFormatter->format()
#2 /var/www/astraagrolestari-weightbridge/vendor/codeigniter4/framework/system/HTTP/ResponseTrait.php(243): CodeIgniter\HTTP\Response->formatBody()
#3 /var/www/astraagrolestari-weightbridge/app/Controllers/Timbang.php(649): CodeIgniter\HTTP\Response->setJSON()
#4 /var/www/astraagrolestari-weightbridge/vendor/codeigniter4/framework/system/CodeIgniter.php(802): App\Controllers\Timbang->writeKab()
#5 /var/www/astraagrolestari-weightbridge/vendor/codeigniter4/framework/system/CodeIgniter.php(399): CodeIgniter\CodeIgniter->runController()
#6 /var/www/astraagrolestari-weightbridge/vendor/codeigniter4/framework/system/CodeIgniter.php(317): CodeIgniter\CodeIgniter->handleRequest()
#7 /var/www/astraagrolestari-weightbridge/public/index.php(37): CodeIgniter\CodeIgniter->run()
#8 {main}
ERROR - 2023-05-02 05:14:01 --> Duplicate entry 'SPP1P1230502097' for key 'tr_wb.PRIMARY'
CRITICAL - 2023-05-02 08:09:59 --> Failed to parse json string, error: "Malformed UTF-8 characters, possibly incorrectly encoded".
#0 /var/www/astraagrolestari-weightbridge/vendor/codeigniter4/framework/system/Format/JSONFormatter.php(41): CodeIgniter\Format\Exceptions\FormatException::forInvalidJSON()
#1 /var/www/astraagrolestari-weightbridge/vendor/codeigniter4/framework/system/HTTP/ResponseTrait.php(317): CodeIgniter\Format\JSONFormatter->format()
#2 /var/www/astraagrolestari-weightbridge/vendor/codeigniter4/framework/system/HTTP/ResponseTrait.php(243): CodeIgniter\HTTP\Response->formatBody()
#3 /var/www/astraagrolestari-weightbridge/app/Controllers/Timbang.php(649): CodeIgniter\HTTP\Response->setJSON()
#4 /var/www/astraagrolestari-weightbridge/vendor/codeigniter4/framework/system/CodeIgniter.php(802): App\Controllers\Timbang->writeKab()
#5 /var/www/astraagrolestari-weightbridge/vendor/codeigniter4/framework/system/CodeIgniter.php(399): CodeIgniter\CodeIgniter->runController()
#6 /var/www/astraagrolestari-weightbridge/vendor/codeigniter4/framework/system/CodeIgniter.php(317): CodeIgniter\CodeIgniter->handleRequest()
#7 /var/www/astraagrolestari-weightbridge/public/index.php(37): CodeIgniter\CodeIgniter->run()
#8 {main}
ERROR - 2023-05-02 08:29:18 --> Duplicate entry 'SPP1P1230502132' for key 'tr_wb.PRIMARY'
CRITICAL - 2023-05-02 09:05:12 --> Failed to parse json string, error: "Malformed UTF-8 characters, possibly incorrectly encoded".
#0 /var/www/astraagrolestari-weightbridge/vendor/codeigniter4/framework/system/Format/JSONFormatter.php(41): CodeIgniter\Format\Exceptions\FormatException::forInvalidJSON()
#1 /var/www/astraagrolestari-weightbridge/vendor/codeigniter4/framework/system/HTTP/ResponseTrait.php(317): CodeIgniter\Format\JSONFormatter->format()
#2 /var/www/astraagrolestari-weightbridge/vendor/codeigniter4/framework/system/HTTP/ResponseTrait.php(243): CodeIgniter\HTTP\Response->formatBody()
#3 /var/www/astraagrolestari-weightbridge/app/Controllers/Timbang.php(649): CodeIgniter\HTTP\Response->setJSON()
#4 /var/www/astraagrolestari-weightbridge/vendor/codeigniter4/framework/system/CodeIgniter.php(802): App\Controllers\Timbang->writeKab()
#5 /var/www/astraagrolestari-weightbridge/vendor/codeigniter4/framework/system/CodeIgniter.php(399): CodeIgniter\CodeIgniter->runController()
#6 /var/www/astraagrolestari-weightbridge/vendor/codeigniter4/framework/system/CodeIgniter.php(317): CodeIgniter\CodeIgniter->handleRequest()
#7 /var/www/astraagrolestari-weightbridge/public/index.php(37): CodeIgniter\CodeIgniter->run()
#8 {main}
ERROR - 2023-05-02 20:08:02 --> Duplicate entry 'BP' for key 'm_transporter.PRIMARY'
ERROR - 2023-05-02 20:11:40 --> Duplicate entry 'CV.BP' for key 'm_customer.PRIMARY'
ERROR - 2023-05-02 20:15:22 --> Duplicate entry 'BP' for key 'm_transporter.PRIMARY'
ERROR - 2023-05-02 20:17:16 --> Duplicate entry 'BP' for key 'm_transporter.PRIMARY'
