ERROR - 2024-04-01 04:04:01 --> Error connecting to the database: Access denied for user '****'@'localhost' (using password: YES)
CRITICAL - 2024-04-01 04:04:01 --> Unable to connect to the database.
Main connection [MySQLi]: Access denied for user '****'@'localhost' (using password: YES)
#0 /var/www/astraagrolestari-weightbridge-v3/vendor/codeigniter4/framework/system/Database/BaseConnection.php(570): CodeIgniter\Database\BaseConnection->initialize()
#1 /var/www/astraagrolestari-weightbridge-v3/vendor/codeigniter4/framework/system/Database/BaseBuilder.php(1428): CodeIgniter\Database\BaseConnection->query()
#2 /var/www/astraagrolestari-weightbridge-v3/vendor/codeigniter4/framework/system/Model.php(183): CodeIgniter\Database\BaseBuilder->get()
#3 /var/www/astraagrolestari-weightbridge-v3/vendor/codeigniter4/framework/system/BaseModel.php(584): CodeIgniter\Model->doFindAll()
#4 /var/www/astraagrolestari-weightbridge-v3/app/Controllers/Cron.php(263): CodeIgniter\BaseModel->findAll()
#5 /var/www/astraagrolestari-weightbridge-v3/vendor/codeigniter4/framework/system/CodeIgniter.php(802): App\Controllers\Cron->sendWbIn()
#6 /var/www/astraagrolestari-weightbridge-v3/vendor/codeigniter4/framework/system/CodeIgniter.php(399): CodeIgniter\CodeIgniter->runController()
#7 /var/www/astraagrolestari-weightbridge-v3/vendor/codeigniter4/framework/system/CodeIgniter.php(317): CodeIgniter\CodeIgniter->handleRequest()
#8 /var/www/astraagrolestari-weightbridge-v3/public/index.php(37): CodeIgniter\CodeIgniter->run()
#9 {main}
ERROR - 2024-04-01 04:06:01 --> Error connecting to the database: Access denied for user '****'@'localhost' (using password: YES)
CRITICAL - 2024-04-01 04:06:01 --> Unable to connect to the database.
Main connection [MySQLi]: Access denied for user '****'@'localhost' (using password: YES)
#0 /var/www/astraagrolestari-weightbridge-v3/vendor/codeigniter4/framework/system/Database/BaseConnection.php(570): CodeIgniter\Database\BaseConnection->initialize()
#1 /var/www/astraagrolestari-weightbridge-v3/vendor/codeigniter4/framework/system/Database/BaseBuilder.php(1428): CodeIgniter\Database\BaseConnection->query()
#2 /var/www/astraagrolestari-weightbridge-v3/vendor/codeigniter4/framework/system/Model.php(183): CodeIgniter\Database\BaseBuilder->get()
#3 /var/www/astraagrolestari-weightbridge-v3/vendor/codeigniter4/framework/system/BaseModel.php(584): CodeIgniter\Model->doFindAll()
#4 /var/www/astraagrolestari-weightbridge-v3/app/Controllers/Cron.php(263): CodeIgniter\BaseModel->findAll()
#5 /var/www/astraagrolestari-weightbridge-v3/vendor/codeigniter4/framework/system/CodeIgniter.php(802): App\Controllers\Cron->sendWbIn()
#6 /var/www/astraagrolestari-weightbridge-v3/vendor/codeigniter4/framework/system/CodeIgniter.php(399): CodeIgniter\CodeIgniter->runController()
#7 /var/www/astraagrolestari-weightbridge-v3/vendor/codeigniter4/framework/system/CodeIgniter.php(317): CodeIgniter\CodeIgniter->handleRequest()
#8 /var/www/astraagrolestari-weightbridge-v3/public/index.php(37): CodeIgniter\CodeIgniter->run()
#9 {main}
ERROR - 2024-04-01 04:07:01 --> Error connecting to the database: Access denied for user '****'@'localhost' (using password: YES)
CRITICAL - 2024-04-01 04:07:01 --> Unable to connect to the database.
Main connection [MySQLi]: Access denied for user '****'@'localhost' (using password: YES)
#0 /var/www/astraagrolestari-weightbridge-v3/vendor/codeigniter4/framework/system/Database/BaseConnection.php(570): CodeIgniter\Database\BaseConnection->initialize()
#1 /var/www/astraagrolestari-weightbridge-v3/vendor/codeigniter4/framework/system/Database/BaseBuilder.php(1428): CodeIgniter\Database\BaseConnection->query()
#2 /var/www/astraagrolestari-weightbridge-v3/vendor/codeigniter4/framework/system/Model.php(183): CodeIgniter\Database\BaseBuilder->get()
#3 /var/www/astraagrolestari-weightbridge-v3/vendor/codeigniter4/framework/system/BaseModel.php(584): CodeIgniter\Model->doFindAll()
#4 /var/www/astraagrolestari-weightbridge-v3/app/Controllers/Cron.php(357): CodeIgniter\BaseModel->findAll()
#5 /var/www/astraagrolestari-weightbridge-v3/vendor/codeigniter4/framework/system/CodeIgniter.php(802): App\Controllers\Cron->sendWbOut()
#6 /var/www/astraagrolestari-weightbridge-v3/vendor/codeigniter4/framework/system/CodeIgniter.php(399): CodeIgniter\CodeIgniter->runController()
#7 /var/www/astraagrolestari-weightbridge-v3/vendor/codeigniter4/framework/system/CodeIgniter.php(317): CodeIgniter\CodeIgniter->handleRequest()
#8 /var/www/astraagrolestari-weightbridge-v3/public/index.php(37): CodeIgniter\CodeIgniter->run()
#9 {main}
ERROR - 2024-04-01 04:08:01 --> Error connecting to the database: Access denied for user '****'@'localhost' (using password: YES)
CRITICAL - 2024-04-01 04:08:01 --> Unable to connect to the database.
Main connection [MySQLi]: Access denied for user '****'@'localhost' (using password: YES)
#0 /var/www/astraagrolestari-weightbridge-v3/vendor/codeigniter4/framework/system/Database/BaseConnection.php(570): CodeIgniter\Database\BaseConnection->initialize()
#1 /var/www/astraagrolestari-weightbridge-v3/vendor/codeigniter4/framework/system/Database/BaseBuilder.php(1428): CodeIgniter\Database\BaseConnection->query()
#2 /var/www/astraagrolestari-weightbridge-v3/vendor/codeigniter4/framework/system/Model.php(183): CodeIgniter\Database\BaseBuilder->get()
#3 /var/www/astraagrolestari-weightbridge-v3/vendor/codeigniter4/framework/system/BaseModel.php(584): CodeIgniter\Model->doFindAll()
#4 /var/www/astraagrolestari-weightbridge-v3/app/Controllers/Cron.php(263): CodeIgniter\BaseModel->findAll()
#5 /var/www/astraagrolestari-weightbridge-v3/vendor/codeigniter4/framework/system/CodeIgniter.php(802): App\Controllers\Cron->sendWbIn()
#6 /var/www/astraagrolestari-weightbridge-v3/vendor/codeigniter4/framework/system/CodeIgniter.php(399): CodeIgniter\CodeIgniter->runController()
#7 /var/www/astraagrolestari-weightbridge-v3/vendor/codeigniter4/framework/system/CodeIgniter.php(317): CodeIgniter\CodeIgniter->handleRequest()
#8 /var/www/astraagrolestari-weightbridge-v3/public/index.php(37): CodeIgniter\CodeIgniter->run()
#9 {main}
ERROR - 2024-04-01 04:10:01 --> Error connecting to the database: Access denied for user '****'@'localhost' (using password: YES)
CRITICAL - 2024-04-01 04:10:01 --> Unable to connect to the database.
Main connection [MySQLi]: Access denied for user '****'@'localhost' (using password: YES)
#0 /var/www/astraagrolestari-weightbridge-v3/vendor/codeigniter4/framework/system/Database/BaseConnection.php(570): CodeIgniter\Database\BaseConnection->initialize()
#1 /var/www/astraagrolestari-weightbridge-v3/vendor/codeigniter4/framework/system/Database/BaseBuilder.php(1428): CodeIgniter\Database\BaseConnection->query()
#2 /var/www/astraagrolestari-weightbridge-v3/vendor/codeigniter4/framework/system/Model.php(183): CodeIgniter\Database\BaseBuilder->get()
#3 /var/www/astraagrolestari-weightbridge-v3/vendor/codeigniter4/framework/system/BaseModel.php(584): CodeIgniter\Model->doFindAll()
#4 /var/www/astraagrolestari-weightbridge-v3/app/Controllers/Cron.php(263): CodeIgniter\BaseModel->findAll()
#5 /var/www/astraagrolestari-weightbridge-v3/vendor/codeigniter4/framework/system/CodeIgniter.php(802): App\Controllers\Cron->sendWbIn()
#6 /var/www/astraagrolestari-weightbridge-v3/vendor/codeigniter4/framework/system/CodeIgniter.php(399): CodeIgniter\CodeIgniter->runController()
#7 /var/www/astraagrolestari-weightbridge-v3/vendor/codeigniter4/framework/system/CodeIgniter.php(317): CodeIgniter\CodeIgniter->handleRequest()
#8 /var/www/astraagrolestari-weightbridge-v3/public/index.php(37): CodeIgniter\CodeIgniter->run()
#9 {main}
ERROR - 2024-04-01 04:12:01 --> Error connecting to the database: Access denied for user '****'@'localhost' (using password: YES)
CRITICAL - 2024-04-01 04:12:01 --> Unable to connect to the database.
Main connection [MySQLi]: Access denied for user '****'@'localhost' (using password: YES)
#0 /var/www/astraagrolestari-weightbridge-v3/vendor/codeigniter4/framework/system/Database/BaseConnection.php(570): CodeIgniter\Database\BaseConnection->initialize()
#1 /var/www/astraagrolestari-weightbridge-v3/vendor/codeigniter4/framework/system/Database/BaseBuilder.php(1428): CodeIgniter\Database\BaseConnection->query()
#2 /var/www/astraagrolestari-weightbridge-v3/vendor/codeigniter4/framework/system/Model.php(183): CodeIgniter\Database\BaseBuilder->get()
#3 /var/www/astraagrolestari-weightbridge-v3/vendor/codeigniter4/framework/system/BaseModel.php(584): CodeIgniter\Model->doFindAll()
#4 /var/www/astraagrolestari-weightbridge-v3/app/Controllers/Cron.php(263): CodeIgniter\BaseModel->findAll()
#5 /var/www/astraagrolestari-weightbridge-v3/vendor/codeigniter4/framework/system/CodeIgniter.php(802): App\Controllers\Cron->sendWbIn()
#6 /var/www/astraagrolestari-weightbridge-v3/vendor/codeigniter4/framework/system/CodeIgniter.php(399): CodeIgniter\CodeIgniter->runController()
#7 /var/www/astraagrolestari-weightbridge-v3/vendor/codeigniter4/framework/system/CodeIgniter.php(317): CodeIgniter\CodeIgniter->handleRequest()
#8 /var/www/astraagrolestari-weightbridge-v3/public/index.php(37): CodeIgniter\CodeIgniter->run()
#9 {main}
ERROR - 2024-04-01 04:14:01 --> Error connecting to the database: Access denied for user '****'@'localhost' (using password: YES)
ERROR - 2024-04-01 04:14:01 --> Error connecting to the database: Access denied for user '****'@'localhost' (using password: YES)
CRITICAL - 2024-04-01 04:14:01 --> Unable to connect to the database.
Main connection [MySQLi]: Access denied for user '****'@'localhost' (using password: YES)
#0 /var/www/astraagrolestari-weightbridge-v3/vendor/codeigniter4/framework/system/Database/BaseConnection.php(570): CodeIgniter\Database\BaseConnection->initialize()
#1 /var/www/astraagrolestari-weightbridge-v3/vendor/codeigniter4/framework/system/Database/BaseBuilder.php(1428): CodeIgniter\Database\BaseConnection->query()
#2 /var/www/astraagrolestari-weightbridge-v3/vendor/codeigniter4/framework/system/Model.php(183): CodeIgniter\Database\BaseBuilder->get()
#3 /var/www/astraagrolestari-weightbridge-v3/vendor/codeigniter4/framework/system/BaseModel.php(584): CodeIgniter\Model->doFindAll()
#4 /var/www/astraagrolestari-weightbridge-v3/app/Controllers/Cron.php(263): CodeIgniter\BaseModel->findAll()
#5 /var/www/astraagrolestari-weightbridge-v3/vendor/codeigniter4/framework/system/CodeIgniter.php(802): App\Controllers\Cron->sendWbIn()
#6 /var/www/astraagrolestari-weightbridge-v3/vendor/codeigniter4/framework/system/CodeIgniter.php(399): CodeIgniter\CodeIgniter->runController()
#7 /var/www/astraagrolestari-weightbridge-v3/vendor/codeigniter4/framework/system/CodeIgniter.php(317): CodeIgniter\CodeIgniter->handleRequest()
#8 /var/www/astraagrolestari-weightbridge-v3/public/index.php(37): CodeIgniter\CodeIgniter->run()
#9 {main}
CRITICAL - 2024-04-01 04:14:01 --> Unable to connect to the database.
Main connection [MySQLi]: Access denied for user '****'@'localhost' (using password: YES)
#0 /var/www/astraagrolestari-weightbridge-v3/vendor/codeigniter4/framework/system/Database/BaseConnection.php(570): CodeIgniter\Database\BaseConnection->initialize()
#1 /var/www/astraagrolestari-weightbridge-v3/vendor/codeigniter4/framework/system/Database/BaseBuilder.php(1428): CodeIgniter\Database\BaseConnection->query()
#2 /var/www/astraagrolestari-weightbridge-v3/vendor/codeigniter4/framework/system/Model.php(183): CodeIgniter\Database\BaseBuilder->get()
#3 /var/www/astraagrolestari-weightbridge-v3/vendor/codeigniter4/framework/system/BaseModel.php(584): CodeIgniter\Model->doFindAll()
#4 /var/www/astraagrolestari-weightbridge-v3/app/Controllers/Cron.php(357): CodeIgniter\BaseModel->findAll()
#5 /var/www/astraagrolestari-weightbridge-v3/vendor/codeigniter4/framework/system/CodeIgniter.php(802): App\Controllers\Cron->sendWbOut()
#6 /var/www/astraagrolestari-weightbridge-v3/vendor/codeigniter4/framework/system/CodeIgniter.php(399): CodeIgniter\CodeIgniter->runController()
#7 /var/www/astraagrolestari-weightbridge-v3/vendor/codeigniter4/framework/system/CodeIgniter.php(317): CodeIgniter\CodeIgniter->handleRequest()
#8 /var/www/astraagrolestari-weightbridge-v3/public/index.php(37): CodeIgniter\CodeIgniter->run()
#9 {main}
ERROR - 2024-04-01 04:16:01 --> Error connecting to the database: Access denied for user '****'@'localhost' (using password: YES)
CRITICAL - 2024-04-01 04:16:01 --> Unable to connect to the database.
Main connection [MySQLi]: Access denied for user '****'@'localhost' (using password: YES)
#0 /var/www/astraagrolestari-weightbridge-v3/vendor/codeigniter4/framework/system/Database/BaseConnection.php(570): CodeIgniter\Database\BaseConnection->initialize()
#1 /var/www/astraagrolestari-weightbridge-v3/vendor/codeigniter4/framework/system/Database/BaseBuilder.php(1428): CodeIgniter\Database\BaseConnection->query()
#2 /var/www/astraagrolestari-weightbridge-v3/vendor/codeigniter4/framework/system/Model.php(183): CodeIgniter\Database\BaseBuilder->get()
#3 /var/www/astraagrolestari-weightbridge-v3/vendor/codeigniter4/framework/system/BaseModel.php(584): CodeIgniter\Model->doFindAll()
#4 /var/www/astraagrolestari-weightbridge-v3/app/Controllers/Cron.php(263): CodeIgniter\BaseModel->findAll()
#5 /var/www/astraagrolestari-weightbridge-v3/vendor/codeigniter4/framework/system/CodeIgniter.php(802): App\Controllers\Cron->sendWbIn()
#6 /var/www/astraagrolestari-weightbridge-v3/vendor/codeigniter4/framework/system/CodeIgniter.php(399): CodeIgniter\CodeIgniter->runController()
#7 /var/www/astraagrolestari-weightbridge-v3/vendor/codeigniter4/framework/system/CodeIgniter.php(317): CodeIgniter\CodeIgniter->handleRequest()
#8 /var/www/astraagrolestari-weightbridge-v3/public/index.php(37): CodeIgniter\CodeIgniter->run()
#9 {main}
ERROR - 2024-04-01 20:24:01 --> Error connecting to the database: Access denied for user '****'@'localhost' (using password: YES)
CRITICAL - 2024-04-01 20:24:01 --> Unable to connect to the database.
Main connection [MySQLi]: Access denied for user '****'@'localhost' (using password: YES)
#0 /var/www/astraagrolestari-weightbridge-v3/vendor/codeigniter4/framework/system/Database/BaseConnection.php(570): CodeIgniter\Database\BaseConnection->initialize()
#1 /var/www/astraagrolestari-weightbridge-v3/vendor/codeigniter4/framework/system/Database/BaseBuilder.php(1428): CodeIgniter\Database\BaseConnection->query()
#2 /var/www/astraagrolestari-weightbridge-v3/vendor/codeigniter4/framework/system/Model.php(183): CodeIgniter\Database\BaseBuilder->get()
#3 /var/www/astraagrolestari-weightbridge-v3/vendor/codeigniter4/framework/system/BaseModel.php(584): CodeIgniter\Model->doFindAll()
#4 /var/www/astraagrolestari-weightbridge-v3/app/Controllers/Cron.php(263): CodeIgniter\BaseModel->findAll()
#5 /var/www/astraagrolestari-weightbridge-v3/vendor/codeigniter4/framework/system/CodeIgniter.php(802): App\Controllers\Cron->sendWbIn()
#6 /var/www/astraagrolestari-weightbridge-v3/vendor/codeigniter4/framework/system/CodeIgniter.php(399): CodeIgniter\CodeIgniter->runController()
#7 /var/www/astraagrolestari-weightbridge-v3/vendor/codeigniter4/framework/system/CodeIgniter.php(317): CodeIgniter\CodeIgniter->handleRequest()
#8 /var/www/astraagrolestari-weightbridge-v3/public/index.php(37): CodeIgniter\CodeIgniter->run()
#9 {main}
ERROR - 2024-04-01 20:26:01 --> Error connecting to the database: Access denied for user '****'@'localhost' (using password: YES)
CRITICAL - 2024-04-01 20:26:01 --> Unable to connect to the database.
Main connection [MySQLi]: Access denied for user '****'@'localhost' (using password: YES)
#0 /var/www/astraagrolestari-weightbridge-v3/vendor/codeigniter4/framework/system/Database/BaseConnection.php(570): CodeIgniter\Database\BaseConnection->initialize()
#1 /var/www/astraagrolestari-weightbridge-v3/vendor/codeigniter4/framework/system/Database/BaseBuilder.php(1428): CodeIgniter\Database\BaseConnection->query()
#2 /var/www/astraagrolestari-weightbridge-v3/vendor/codeigniter4/framework/system/Model.php(183): CodeIgniter\Database\BaseBuilder->get()
#3 /var/www/astraagrolestari-weightbridge-v3/vendor/codeigniter4/framework/system/BaseModel.php(584): CodeIgniter\Model->doFindAll()
#4 /var/www/astraagrolestari-weightbridge-v3/app/Controllers/Cron.php(263): CodeIgniter\BaseModel->findAll()
#5 /var/www/astraagrolestari-weightbridge-v3/vendor/codeigniter4/framework/system/CodeIgniter.php(802): App\Controllers\Cron->sendWbIn()
#6 /var/www/astraagrolestari-weightbridge-v3/vendor/codeigniter4/framework/system/CodeIgniter.php(399): CodeIgniter\CodeIgniter->runController()
#7 /var/www/astraagrolestari-weightbridge-v3/vendor/codeigniter4/framework/system/CodeIgniter.php(317): CodeIgniter\CodeIgniter->handleRequest()
#8 /var/www/astraagrolestari-weightbridge-v3/public/index.php(37): CodeIgniter\CodeIgniter->run()
#9 {main}
ERROR - 2024-04-01 20:28:01 --> Error connecting to the database: Access denied for user '****'@'localhost' (using password: YES)
CRITICAL - 2024-04-01 20:28:01 --> Unable to connect to the database.
Main connection [MySQLi]: Access denied for user '****'@'localhost' (using password: YES)
#0 /var/www/astraagrolestari-weightbridge-v3/vendor/codeigniter4/framework/system/Database/BaseConnection.php(570): CodeIgniter\Database\BaseConnection->initialize()
#1 /var/www/astraagrolestari-weightbridge-v3/vendor/codeigniter4/framework/system/Database/BaseBuilder.php(1428): CodeIgniter\Database\BaseConnection->query()
#2 /var/www/astraagrolestari-weightbridge-v3/vendor/codeigniter4/framework/system/Model.php(183): CodeIgniter\Database\BaseBuilder->get()
#3 /var/www/astraagrolestari-weightbridge-v3/vendor/codeigniter4/framework/system/BaseModel.php(584): CodeIgniter\Model->doFindAll()
#4 /var/www/astraagrolestari-weightbridge-v3/app/Controllers/Cron.php(357): CodeIgniter\BaseModel->findAll()
#5 /var/www/astraagrolestari-weightbridge-v3/vendor/codeigniter4/framework/system/CodeIgniter.php(802): App\Controllers\Cron->sendWbOut()
#6 /var/www/astraagrolestari-weightbridge-v3/vendor/codeigniter4/framework/system/CodeIgniter.php(399): CodeIgniter\CodeIgniter->runController()
#7 /var/www/astraagrolestari-weightbridge-v3/vendor/codeigniter4/framework/system/CodeIgniter.php(317): CodeIgniter\CodeIgniter->handleRequest()
#8 /var/www/astraagrolestari-weightbridge-v3/public/index.php(37): CodeIgniter\CodeIgniter->run()
#9 {main}
ERROR - 2024-04-01 20:28:01 --> Error connecting to the database: Access denied for user '****'@'localhost' (using password: YES)
CRITICAL - 2024-04-01 20:28:01 --> Unable to connect to the database.
Main connection [MySQLi]: Access denied for user '****'@'localhost' (using password: YES)
#0 /var/www/astraagrolestari-weightbridge-v3/vendor/codeigniter4/framework/system/Database/BaseConnection.php(570): CodeIgniter\Database\BaseConnection->initialize()
#1 /var/www/astraagrolestari-weightbridge-v3/vendor/codeigniter4/framework/system/Database/BaseBuilder.php(1428): CodeIgniter\Database\BaseConnection->query()
#2 /var/www/astraagrolestari-weightbridge-v3/vendor/codeigniter4/framework/system/Model.php(183): CodeIgniter\Database\BaseBuilder->get()
#3 /var/www/astraagrolestari-weightbridge-v3/vendor/codeigniter4/framework/system/BaseModel.php(584): CodeIgniter\Model->doFindAll()
#4 /var/www/astraagrolestari-weightbridge-v3/app/Controllers/Cron.php(263): CodeIgniter\BaseModel->findAll()
#5 /var/www/astraagrolestari-weightbridge-v3/vendor/codeigniter4/framework/system/CodeIgniter.php(802): App\Controllers\Cron->sendWbIn()
#6 /var/www/astraagrolestari-weightbridge-v3/vendor/codeigniter4/framework/system/CodeIgniter.php(399): CodeIgniter\CodeIgniter->runController()
#7 /var/www/astraagrolestari-weightbridge-v3/vendor/codeigniter4/framework/system/CodeIgniter.php(317): CodeIgniter\CodeIgniter->handleRequest()
#8 /var/www/astraagrolestari-weightbridge-v3/public/index.php(37): CodeIgniter\CodeIgniter->run()
#9 {main}
