CRITICAL - 2023-12-04 02:10:39 --> fopen(/dev/ttyACM0): failed to open stream: No such file or directory
#0 [internal function]: CodeIgniter\Debug\Exceptions->errorHandler()
#1 /var/www/astraagrolestari-weightbridge-v3/app/Controllers/Timbang.php(722): fopen()
#2 /var/www/astraagrolestari-weightbridge-v3/vendor/codeigniter4/framework/system/CodeIgniter.php(802): App\Controllers\Timbang->weighRead()
#3 /var/www/astraagrolestari-weightbridge-v3/vendor/codeigniter4/framework/system/CodeIgniter.php(399): CodeIgniter\CodeIgniter->runController()
#4 /var/www/astraagrolestari-weightbridge-v3/vendor/codeigniter4/framework/system/CodeIgniter.php(317): CodeIgniter\CodeIgniter->handleRequest()
#5 /var/www/astraagrolestari-weightbridge-v3/public/index.php(37): CodeIgniter\CodeIgniter->run()
#6 {main}
CRITICAL - 2023-12-04 02:12:39 --> fopen(/dev/ttyACM0): failed to open stream: No such file or directory
#0 [internal function]: CodeIgniter\Debug\Exceptions->errorHandler()
#1 /var/www/astraagrolestari-weightbridge-v3/app/Controllers/Timbang.php(722): fopen()
#2 /var/www/astraagrolestari-weightbridge-v3/vendor/codeigniter4/framework/system/CodeIgniter.php(802): App\Controllers\Timbang->weighRead()
#3 /var/www/astraagrolestari-weightbridge-v3/vendor/codeigniter4/framework/system/CodeIgniter.php(399): CodeIgniter\CodeIgniter->runController()
#4 /var/www/astraagrolestari-weightbridge-v3/vendor/codeigniter4/framework/system/CodeIgniter.php(317): CodeIgniter\CodeIgniter->handleRequest()
#5 /var/www/astraagrolestari-weightbridge-v3/public/index.php(37): CodeIgniter\CodeIgniter->run()
#6 {main}
CRITICAL - 2023-12-04 02:12:44 --> fopen(/dev/ttyACM0): failed to open stream: No such file or directory
#0 [internal function]: CodeIgniter\Debug\Exceptions->errorHandler()
#1 /var/www/astraagrolestari-weightbridge-v3/app/Controllers/Timbang.php(722): fopen()
#2 /var/www/astraagrolestari-weightbridge-v3/vendor/codeigniter4/framework/system/CodeIgniter.php(802): App\Controllers\Timbang->weighRead()
#3 /var/www/astraagrolestari-weightbridge-v3/vendor/codeigniter4/framework/system/CodeIgniter.php(399): CodeIgniter\CodeIgniter->runController()
#4 /var/www/astraagrolestari-weightbridge-v3/vendor/codeigniter4/framework/system/CodeIgniter.php(317): CodeIgniter\CodeIgniter->handleRequest()
#5 /var/www/astraagrolestari-weightbridge-v3/public/index.php(37): CodeIgniter\CodeIgniter->run()
#6 {main}
CRITICAL - 2023-12-04 02:12:49 --> fopen(/dev/ttyACM0): failed to open stream: No such file or directory
#0 [internal function]: CodeIgniter\Debug\Exceptions->errorHandler()
#1 /var/www/astraagrolestari-weightbridge-v3/app/Controllers/Timbang.php(722): fopen()
#2 /var/www/astraagrolestari-weightbridge-v3/vendor/codeigniter4/framework/system/CodeIgniter.php(802): App\Controllers\Timbang->weighRead()
#3 /var/www/astraagrolestari-weightbridge-v3/vendor/codeigniter4/framework/system/CodeIgniter.php(399): CodeIgniter\CodeIgniter->runController()
#4 /var/www/astraagrolestari-weightbridge-v3/vendor/codeigniter4/framework/system/CodeIgniter.php(317): CodeIgniter\CodeIgniter->handleRequest()
#5 /var/www/astraagrolestari-weightbridge-v3/public/index.php(37): CodeIgniter\CodeIgniter->run()
#6 {main}
ERROR - 2023-12-04 20:20:01 --> Error connecting to the database: Access denied for user '****'@'localhost' (using password: YES)
CRITICAL - 2023-12-04 20:20:01 --> Unable to connect to the database.
Main connection [MySQLi]: Access denied for user '****'@'localhost' (using password: YES)
#0 /var/www/astraagrolestari-weightbridge-v3/vendor/codeigniter4/framework/system/Database/BaseConnection.php(570): CodeIgniter\Database\BaseConnection->initialize()
#1 /var/www/astraagrolestari-weightbridge-v3/vendor/codeigniter4/framework/system/Database/BaseBuilder.php(1428): CodeIgniter\Database\BaseConnection->query()
#2 /var/www/astraagrolestari-weightbridge-v3/vendor/codeigniter4/framework/system/Model.php(183): CodeIgniter\Database\BaseBuilder->get()
#3 /var/www/astraagrolestari-weightbridge-v3/vendor/codeigniter4/framework/system/BaseModel.php(584): CodeIgniter\Model->doFindAll()
#4 /var/www/astraagrolestari-weightbridge-v3/app/Controllers/Cron.php(261): CodeIgniter\BaseModel->findAll()
#5 /var/www/astraagrolestari-weightbridge-v3/vendor/codeigniter4/framework/system/CodeIgniter.php(802): App\Controllers\Cron->sendWbIn()
#6 /var/www/astraagrolestari-weightbridge-v3/vendor/codeigniter4/framework/system/CodeIgniter.php(399): CodeIgniter\CodeIgniter->runController()
#7 /var/www/astraagrolestari-weightbridge-v3/vendor/codeigniter4/framework/system/CodeIgniter.php(317): CodeIgniter\CodeIgniter->handleRequest()
#8 /var/www/astraagrolestari-weightbridge-v3/public/index.php(37): CodeIgniter\CodeIgniter->run()
#9 {main}
ERROR - 2023-12-04 20:21:01 --> Error connecting to the database: Access denied for user '****'@'localhost' (using password: YES)
CRITICAL - 2023-12-04 20:21:01 --> Unable to connect to the database.
Main connection [MySQLi]: Access denied for user '****'@'localhost' (using password: YES)
#0 /var/www/astraagrolestari-weightbridge-v3/vendor/codeigniter4/framework/system/Database/BaseConnection.php(570): CodeIgniter\Database\BaseConnection->initialize()
#1 /var/www/astraagrolestari-weightbridge-v3/vendor/codeigniter4/framework/system/Database/BaseBuilder.php(1428): CodeIgniter\Database\BaseConnection->query()
#2 /var/www/astraagrolestari-weightbridge-v3/vendor/codeigniter4/framework/system/Model.php(183): CodeIgniter\Database\BaseBuilder->get()
#3 /var/www/astraagrolestari-weightbridge-v3/vendor/codeigniter4/framework/system/BaseModel.php(584): CodeIgniter\Model->doFindAll()
#4 /var/www/astraagrolestari-weightbridge-v3/app/Controllers/Cron.php(355): CodeIgniter\BaseModel->findAll()
#5 /var/www/astraagrolestari-weightbridge-v3/vendor/codeigniter4/framework/system/CodeIgniter.php(802): App\Controllers\Cron->sendWbOut()
#6 /var/www/astraagrolestari-weightbridge-v3/vendor/codeigniter4/framework/system/CodeIgniter.php(399): CodeIgniter\CodeIgniter->runController()
#7 /var/www/astraagrolestari-weightbridge-v3/vendor/codeigniter4/framework/system/CodeIgniter.php(317): CodeIgniter\CodeIgniter->handleRequest()
#8 /var/www/astraagrolestari-weightbridge-v3/public/index.php(37): CodeIgniter\CodeIgniter->run()
#9 {main}
ERROR - 2023-12-04 20:22:01 --> Error connecting to the database: Access denied for user '****'@'localhost' (using password: YES)
CRITICAL - 2023-12-04 20:22:01 --> Unable to connect to the database.
Main connection [MySQLi]: Access denied for user '****'@'localhost' (using password: YES)
#0 /var/www/astraagrolestari-weightbridge-v3/vendor/codeigniter4/framework/system/Database/BaseConnection.php(570): CodeIgniter\Database\BaseConnection->initialize()
#1 /var/www/astraagrolestari-weightbridge-v3/vendor/codeigniter4/framework/system/Database/BaseBuilder.php(1428): CodeIgniter\Database\BaseConnection->query()
#2 /var/www/astraagrolestari-weightbridge-v3/vendor/codeigniter4/framework/system/Model.php(183): CodeIgniter\Database\BaseBuilder->get()
#3 /var/www/astraagrolestari-weightbridge-v3/vendor/codeigniter4/framework/system/BaseModel.php(584): CodeIgniter\Model->doFindAll()
#4 /var/www/astraagrolestari-weightbridge-v3/app/Controllers/Cron.php(261): CodeIgniter\BaseModel->findAll()
#5 /var/www/astraagrolestari-weightbridge-v3/vendor/codeigniter4/framework/system/CodeIgniter.php(802): App\Controllers\Cron->sendWbIn()
#6 /var/www/astraagrolestari-weightbridge-v3/vendor/codeigniter4/framework/system/CodeIgniter.php(399): CodeIgniter\CodeIgniter->runController()
#7 /var/www/astraagrolestari-weightbridge-v3/vendor/codeigniter4/framework/system/CodeIgniter.php(317): CodeIgniter\CodeIgniter->handleRequest()
#8 /var/www/astraagrolestari-weightbridge-v3/public/index.php(37): CodeIgniter\CodeIgniter->run()
#9 {main}
ERROR - 2023-12-04 20:24:01 --> Error connecting to the database: Access denied for user '****'@'localhost' (using password: YES)
CRITICAL - 2023-12-04 20:24:01 --> Unable to connect to the database.
Main connection [MySQLi]: Access denied for user '****'@'localhost' (using password: YES)
#0 /var/www/astraagrolestari-weightbridge-v3/vendor/codeigniter4/framework/system/Database/BaseConnection.php(570): CodeIgniter\Database\BaseConnection->initialize()
#1 /var/www/astraagrolestari-weightbridge-v3/vendor/codeigniter4/framework/system/Database/BaseBuilder.php(1428): CodeIgniter\Database\BaseConnection->query()
#2 /var/www/astraagrolestari-weightbridge-v3/vendor/codeigniter4/framework/system/Model.php(183): CodeIgniter\Database\BaseBuilder->get()
#3 /var/www/astraagrolestari-weightbridge-v3/vendor/codeigniter4/framework/system/BaseModel.php(584): CodeIgniter\Model->doFindAll()
#4 /var/www/astraagrolestari-weightbridge-v3/app/Controllers/Cron.php(261): CodeIgniter\BaseModel->findAll()
#5 /var/www/astraagrolestari-weightbridge-v3/vendor/codeigniter4/framework/system/CodeIgniter.php(802): App\Controllers\Cron->sendWbIn()
#6 /var/www/astraagrolestari-weightbridge-v3/vendor/codeigniter4/framework/system/CodeIgniter.php(399): CodeIgniter\CodeIgniter->runController()
#7 /var/www/astraagrolestari-weightbridge-v3/vendor/codeigniter4/framework/system/CodeIgniter.php(317): CodeIgniter\CodeIgniter->handleRequest()
#8 /var/www/astraagrolestari-weightbridge-v3/public/index.php(37): CodeIgniter\CodeIgniter->run()
#9 {main}
ERROR - 2023-12-04 20:27:10 --> Error connecting to the database: Access denied for user '****'@'localhost' (using password: YES)
CRITICAL - 2023-12-04 20:27:10 --> Unable to connect to the database.
Main connection [MySQLi]: Access denied for user '****'@'localhost' (using password: YES)
#0 /var/www/astraagrolestari-weightbridge-v3/vendor/codeigniter4/framework/system/Database/BaseConnection.php(570): CodeIgniter\Database\BaseConnection->initialize()
#1 /var/www/astraagrolestari-weightbridge-v3/vendor/codeigniter4/framework/system/Database/BaseBuilder.php(1428): CodeIgniter\Database\BaseConnection->query()
#2 /var/www/astraagrolestari-weightbridge-v3/vendor/codeigniter4/framework/system/Model.php(183): CodeIgniter\Database\BaseBuilder->get()
#3 /var/www/astraagrolestari-weightbridge-v3/vendor/codeigniter4/framework/system/BaseModel.php(584): CodeIgniter\Model->doFindAll()
#4 /var/www/astraagrolestari-weightbridge-v3/app/Filters/UsersAuthFilter.php(223): CodeIgniter\BaseModel->findAll()
#5 /var/www/astraagrolestari-weightbridge-v3/app/Filters/UsersAuthFilter.php(207): App\Filters\UsersAuthFilter::can()
#6 /var/www/astraagrolestari-weightbridge-v3/vendor/codeigniter4/framework/system/Filters/Filters.php(169): App\Filters\UsersAuthFilter->before()
#7 /var/www/astraagrolestari-weightbridge-v3/vendor/codeigniter4/framework/system/CodeIgniter.php(374): CodeIgniter\Filters\Filters->run()
#8 /var/www/astraagrolestari-weightbridge-v3/vendor/codeigniter4/framework/system/CodeIgniter.php(317): CodeIgniter\CodeIgniter->handleRequest()
#9 /var/www/astraagrolestari-weightbridge-v3/public/index.php(37): CodeIgniter\CodeIgniter->run()
#10 {main}
ERROR - 2023-12-04 20:28:01 --> Error connecting to the database: Access denied for user '****'@'localhost' (using password: YES)
CRITICAL - 2023-12-04 20:28:01 --> Unable to connect to the database.
Main connection [MySQLi]: Access denied for user '****'@'localhost' (using password: YES)
#0 /var/www/astraagrolestari-weightbridge-v3/vendor/codeigniter4/framework/system/Database/BaseConnection.php(570): CodeIgniter\Database\BaseConnection->initialize()
#1 /var/www/astraagrolestari-weightbridge-v3/vendor/codeigniter4/framework/system/Database/BaseBuilder.php(1428): CodeIgniter\Database\BaseConnection->query()
#2 /var/www/astraagrolestari-weightbridge-v3/vendor/codeigniter4/framework/system/Model.php(183): CodeIgniter\Database\BaseBuilder->get()
#3 /var/www/astraagrolestari-weightbridge-v3/vendor/codeigniter4/framework/system/BaseModel.php(584): CodeIgniter\Model->doFindAll()
#4 /var/www/astraagrolestari-weightbridge-v3/app/Controllers/Cron.php(261): CodeIgniter\BaseModel->findAll()
#5 /var/www/astraagrolestari-weightbridge-v3/vendor/codeigniter4/framework/system/CodeIgniter.php(802): App\Controllers\Cron->sendWbIn()
#6 /var/www/astraagrolestari-weightbridge-v3/vendor/codeigniter4/framework/system/CodeIgniter.php(399): CodeIgniter\CodeIgniter->runController()
#7 /var/www/astraagrolestari-weightbridge-v3/vendor/codeigniter4/framework/system/CodeIgniter.php(317): CodeIgniter\CodeIgniter->handleRequest()
#8 /var/www/astraagrolestari-weightbridge-v3/public/index.php(37): CodeIgniter\CodeIgniter->run()
#9 {main}
ERROR - 2023-12-04 20:28:01 --> Error connecting to the database: Access denied for user '****'@'localhost' (using password: YES)
CRITICAL - 2023-12-04 20:28:01 --> Unable to connect to the database.
Main connection [MySQLi]: Access denied for user '****'@'localhost' (using password: YES)
#0 /var/www/astraagrolestari-weightbridge-v3/vendor/codeigniter4/framework/system/Database/BaseConnection.php(570): CodeIgniter\Database\BaseConnection->initialize()
#1 /var/www/astraagrolestari-weightbridge-v3/vendor/codeigniter4/framework/system/Database/BaseBuilder.php(1428): CodeIgniter\Database\BaseConnection->query()
#2 /var/www/astraagrolestari-weightbridge-v3/vendor/codeigniter4/framework/system/Model.php(183): CodeIgniter\Database\BaseBuilder->get()
#3 /var/www/astraagrolestari-weightbridge-v3/vendor/codeigniter4/framework/system/BaseModel.php(584): CodeIgniter\Model->doFindAll()
#4 /var/www/astraagrolestari-weightbridge-v3/app/Controllers/Cron.php(355): CodeIgniter\BaseModel->findAll()
#5 /var/www/astraagrolestari-weightbridge-v3/vendor/codeigniter4/framework/system/CodeIgniter.php(802): App\Controllers\Cron->sendWbOut()
#6 /var/www/astraagrolestari-weightbridge-v3/vendor/codeigniter4/framework/system/CodeIgniter.php(399): CodeIgniter\CodeIgniter->runController()
#7 /var/www/astraagrolestari-weightbridge-v3/vendor/codeigniter4/framework/system/CodeIgniter.php(317): CodeIgniter\CodeIgniter->handleRequest()
#8 /var/www/astraagrolestari-weightbridge-v3/public/index.php(37): CodeIgniter\CodeIgniter->run()
#9 {main}
ERROR - 2023-12-04 20:30:01 --> Error connecting to the database: Access denied for user '****'@'localhost' (using password: YES)
CRITICAL - 2023-12-04 20:30:01 --> Unable to connect to the database.
Main connection [MySQLi]: Access denied for user '****'@'localhost' (using password: YES)
#0 /var/www/astraagrolestari-weightbridge-v3/vendor/codeigniter4/framework/system/Database/BaseConnection.php(570): CodeIgniter\Database\BaseConnection->initialize()
#1 /var/www/astraagrolestari-weightbridge-v3/vendor/codeigniter4/framework/system/Database/BaseBuilder.php(1428): CodeIgniter\Database\BaseConnection->query()
#2 /var/www/astraagrolestari-weightbridge-v3/vendor/codeigniter4/framework/system/Model.php(183): CodeIgniter\Database\BaseBuilder->get()
#3 /var/www/astraagrolestari-weightbridge-v3/vendor/codeigniter4/framework/system/BaseModel.php(584): CodeIgniter\Model->doFindAll()
#4 /var/www/astraagrolestari-weightbridge-v3/app/Controllers/Cron.php(261): CodeIgniter\BaseModel->findAll()
#5 /var/www/astraagrolestari-weightbridge-v3/vendor/codeigniter4/framework/system/CodeIgniter.php(802): App\Controllers\Cron->sendWbIn()
#6 /var/www/astraagrolestari-weightbridge-v3/vendor/codeigniter4/framework/system/CodeIgniter.php(399): CodeIgniter\CodeIgniter->runController()
#7 /var/www/astraagrolestari-weightbridge-v3/vendor/codeigniter4/framework/system/CodeIgniter.php(317): CodeIgniter\CodeIgniter->handleRequest()
#8 /var/www/astraagrolestari-weightbridge-v3/public/index.php(37): CodeIgniter\CodeIgniter->run()
#9 {main}
ERROR - 2023-12-04 20:32:01 --> Error connecting to the database: Access denied for user '****'@'localhost' (using password: YES)
CRITICAL - 2023-12-04 20:32:01 --> Unable to connect to the database.
Main connection [MySQLi]: Access denied for user '****'@'localhost' (using password: YES)
#0 /var/www/astraagrolestari-weightbridge-v3/vendor/codeigniter4/framework/system/Database/BaseConnection.php(570): CodeIgniter\Database\BaseConnection->initialize()
#1 /var/www/astraagrolestari-weightbridge-v3/vendor/codeigniter4/framework/system/Database/BaseBuilder.php(1428): CodeIgniter\Database\BaseConnection->query()
#2 /var/www/astraagrolestari-weightbridge-v3/vendor/codeigniter4/framework/system/Model.php(183): CodeIgniter\Database\BaseBuilder->get()
#3 /var/www/astraagrolestari-weightbridge-v3/vendor/codeigniter4/framework/system/BaseModel.php(584): CodeIgniter\Model->doFindAll()
#4 /var/www/astraagrolestari-weightbridge-v3/app/Controllers/Cron.php(261): CodeIgniter\BaseModel->findAll()
#5 /var/www/astraagrolestari-weightbridge-v3/vendor/codeigniter4/framework/system/CodeIgniter.php(802): App\Controllers\Cron->sendWbIn()
#6 /var/www/astraagrolestari-weightbridge-v3/vendor/codeigniter4/framework/system/CodeIgniter.php(399): CodeIgniter\CodeIgniter->runController()
#7 /var/www/astraagrolestari-weightbridge-v3/vendor/codeigniter4/framework/system/CodeIgniter.php(317): CodeIgniter\CodeIgniter->handleRequest()
#8 /var/www/astraagrolestari-weightbridge-v3/public/index.php(37): CodeIgniter\CodeIgniter->run()
#9 {main}
ERROR - 2023-12-04 20:34:01 --> Error connecting to the database: Access denied for user '****'@'localhost' (using password: YES)
CRITICAL - 2023-12-04 20:34:01 --> Unable to connect to the database.
Main connection [MySQLi]: Access denied for user '****'@'localhost' (using password: YES)
#0 /var/www/astraagrolestari-weightbridge-v3/vendor/codeigniter4/framework/system/Database/BaseConnection.php(570): CodeIgniter\Database\BaseConnection->initialize()
#1 /var/www/astraagrolestari-weightbridge-v3/vendor/codeigniter4/framework/system/Database/BaseBuilder.php(1428): CodeIgniter\Database\BaseConnection->query()
#2 /var/www/astraagrolestari-weightbridge-v3/vendor/codeigniter4/framework/system/Model.php(183): CodeIgniter\Database\BaseBuilder->get()
#3 /var/www/astraagrolestari-weightbridge-v3/vendor/codeigniter4/framework/system/BaseModel.php(584): CodeIgniter\Model->doFindAll()
#4 /var/www/astraagrolestari-weightbridge-v3/app/Controllers/Cron.php(261): CodeIgniter\BaseModel->findAll()
#5 /var/www/astraagrolestari-weightbridge-v3/vendor/codeigniter4/framework/system/CodeIgniter.php(802): App\Controllers\Cron->sendWbIn()
#6 /var/www/astraagrolestari-weightbridge-v3/vendor/codeigniter4/framework/system/CodeIgniter.php(399): CodeIgniter\CodeIgniter->runController()
#7 /var/www/astraagrolestari-weightbridge-v3/vendor/codeigniter4/framework/system/CodeIgniter.php(317): CodeIgniter\CodeIgniter->handleRequest()
#8 /var/www/astraagrolestari-weightbridge-v3/public/index.php(37): CodeIgniter\CodeIgniter->run()
#9 {main}
ERROR - 2023-12-04 20:35:01 --> Error connecting to the database: Access denied for user '****'@'localhost' (using password: YES)
CRITICAL - 2023-12-04 20:35:01 --> Unable to connect to the database.
Main connection [MySQLi]: Access denied for user '****'@'localhost' (using password: YES)
#0 /var/www/astraagrolestari-weightbridge-v3/vendor/codeigniter4/framework/system/Database/BaseConnection.php(570): CodeIgniter\Database\BaseConnection->initialize()
#1 /var/www/astraagrolestari-weightbridge-v3/vendor/codeigniter4/framework/system/Database/BaseBuilder.php(1428): CodeIgniter\Database\BaseConnection->query()
#2 /var/www/astraagrolestari-weightbridge-v3/vendor/codeigniter4/framework/system/Model.php(183): CodeIgniter\Database\BaseBuilder->get()
#3 /var/www/astraagrolestari-weightbridge-v3/vendor/codeigniter4/framework/system/BaseModel.php(584): CodeIgniter\Model->doFindAll()
#4 /var/www/astraagrolestari-weightbridge-v3/app/Controllers/Cron.php(355): CodeIgniter\BaseModel->findAll()
#5 /var/www/astraagrolestari-weightbridge-v3/vendor/codeigniter4/framework/system/CodeIgniter.php(802): App\Controllers\Cron->sendWbOut()
#6 /var/www/astraagrolestari-weightbridge-v3/vendor/codeigniter4/framework/system/CodeIgniter.php(399): CodeIgniter\CodeIgniter->runController()
#7 /var/www/astraagrolestari-weightbridge-v3/vendor/codeigniter4/framework/system/CodeIgniter.php(317): CodeIgniter\CodeIgniter->handleRequest()
#8 /var/www/astraagrolestari-weightbridge-v3/public/index.php(37): CodeIgniter\CodeIgniter->run()
#9 {main}
ERROR - 2023-12-04 20:36:01 --> Error connecting to the database: Access denied for user '****'@'localhost' (using password: YES)
CRITICAL - 2023-12-04 20:36:01 --> Unable to connect to the database.
Main connection [MySQLi]: Access denied for user '****'@'localhost' (using password: YES)
#0 /var/www/astraagrolestari-weightbridge-v3/vendor/codeigniter4/framework/system/Database/BaseConnection.php(570): CodeIgniter\Database\BaseConnection->initialize()
#1 /var/www/astraagrolestari-weightbridge-v3/vendor/codeigniter4/framework/system/Database/BaseBuilder.php(1428): CodeIgniter\Database\BaseConnection->query()
#2 /var/www/astraagrolestari-weightbridge-v3/vendor/codeigniter4/framework/system/Model.php(183): CodeIgniter\Database\BaseBuilder->get()
#3 /var/www/astraagrolestari-weightbridge-v3/vendor/codeigniter4/framework/system/BaseModel.php(584): CodeIgniter\Model->doFindAll()
#4 /var/www/astraagrolestari-weightbridge-v3/app/Controllers/Cron.php(261): CodeIgniter\BaseModel->findAll()
#5 /var/www/astraagrolestari-weightbridge-v3/vendor/codeigniter4/framework/system/CodeIgniter.php(802): App\Controllers\Cron->sendWbIn()
#6 /var/www/astraagrolestari-weightbridge-v3/vendor/codeigniter4/framework/system/CodeIgniter.php(399): CodeIgniter\CodeIgniter->runController()
#7 /var/www/astraagrolestari-weightbridge-v3/vendor/codeigniter4/framework/system/CodeIgniter.php(317): CodeIgniter\CodeIgniter->handleRequest()
#8 /var/www/astraagrolestari-weightbridge-v3/public/index.php(37): CodeIgniter\CodeIgniter->run()
#9 {main}
ERROR - 2023-12-04 20:38:01 --> Error connecting to the database: Access denied for user '****'@'localhost' (using password: YES)
CRITICAL - 2023-12-04 20:38:01 --> Unable to connect to the database.
Main connection [MySQLi]: Access denied for user '****'@'localhost' (using password: YES)
#0 /var/www/astraagrolestari-weightbridge-v3/vendor/codeigniter4/framework/system/Database/BaseConnection.php(570): CodeIgniter\Database\BaseConnection->initialize()
#1 /var/www/astraagrolestari-weightbridge-v3/vendor/codeigniter4/framework/system/Database/BaseBuilder.php(1428): CodeIgniter\Database\BaseConnection->query()
#2 /var/www/astraagrolestari-weightbridge-v3/vendor/codeigniter4/framework/system/Model.php(183): CodeIgniter\Database\BaseBuilder->get()
#3 /var/www/astraagrolestari-weightbridge-v3/vendor/codeigniter4/framework/system/BaseModel.php(584): CodeIgniter\Model->doFindAll()
#4 /var/www/astraagrolestari-weightbridge-v3/app/Controllers/Cron.php(261): CodeIgniter\BaseModel->findAll()
#5 /var/www/astraagrolestari-weightbridge-v3/vendor/codeigniter4/framework/system/CodeIgniter.php(802): App\Controllers\Cron->sendWbIn()
#6 /var/www/astraagrolestari-weightbridge-v3/vendor/codeigniter4/framework/system/CodeIgniter.php(399): CodeIgniter\CodeIgniter->runController()
#7 /var/www/astraagrolestari-weightbridge-v3/vendor/codeigniter4/framework/system/CodeIgniter.php(317): CodeIgniter\CodeIgniter->handleRequest()
#8 /var/www/astraagrolestari-weightbridge-v3/public/index.php(37): CodeIgniter\CodeIgniter->run()
#9 {main}
ERROR - 2023-12-04 20:40:01 --> Error connecting to the database: Access denied for user '****'@'localhost' (using password: YES)
CRITICAL - 2023-12-04 20:40:01 --> Unable to connect to the database.
Main connection [MySQLi]: Access denied for user '****'@'localhost' (using password: YES)
#0 /var/www/astraagrolestari-weightbridge-v3/vendor/codeigniter4/framework/system/Database/BaseConnection.php(570): CodeIgniter\Database\BaseConnection->initialize()
#1 /var/www/astraagrolestari-weightbridge-v3/vendor/codeigniter4/framework/system/Database/BaseBuilder.php(1428): CodeIgniter\Database\BaseConnection->query()
#2 /var/www/astraagrolestari-weightbridge-v3/vendor/codeigniter4/framework/system/Model.php(183): CodeIgniter\Database\BaseBuilder->get()
#3 /var/www/astraagrolestari-weightbridge-v3/vendor/codeigniter4/framework/system/BaseModel.php(584): CodeIgniter\Model->doFindAll()
#4 /var/www/astraagrolestari-weightbridge-v3/app/Controllers/Cron.php(261): CodeIgniter\BaseModel->findAll()
#5 /var/www/astraagrolestari-weightbridge-v3/vendor/codeigniter4/framework/system/CodeIgniter.php(802): App\Controllers\Cron->sendWbIn()
#6 /var/www/astraagrolestari-weightbridge-v3/vendor/codeigniter4/framework/system/CodeIgniter.php(399): CodeIgniter\CodeIgniter->runController()
#7 /var/www/astraagrolestari-weightbridge-v3/vendor/codeigniter4/framework/system/CodeIgniter.php(317): CodeIgniter\CodeIgniter->handleRequest()
#8 /var/www/astraagrolestari-weightbridge-v3/public/index.php(37): CodeIgniter\CodeIgniter->run()
#9 {main}
ERROR - 2023-12-04 20:42:01 --> Error connecting to the database: Access denied for user '****'@'localhost' (using password: YES)
CRITICAL - 2023-12-04 20:42:01 --> Unable to connect to the database.
Main connection [MySQLi]: Access denied for user '****'@'localhost' (using password: YES)
#0 /var/www/astraagrolestari-weightbridge-v3/vendor/codeigniter4/framework/system/Database/BaseConnection.php(570): CodeIgniter\Database\BaseConnection->initialize()
#1 /var/www/astraagrolestari-weightbridge-v3/vendor/codeigniter4/framework/system/Database/BaseBuilder.php(1428): CodeIgniter\Database\BaseConnection->query()
#2 /var/www/astraagrolestari-weightbridge-v3/vendor/codeigniter4/framework/system/Model.php(183): CodeIgniter\Database\BaseBuilder->get()
#3 /var/www/astraagrolestari-weightbridge-v3/vendor/codeigniter4/framework/system/BaseModel.php(584): CodeIgniter\Model->doFindAll()
#4 /var/www/astraagrolestari-weightbridge-v3/app/Controllers/Cron.php(355): CodeIgniter\BaseModel->findAll()
#5 /var/www/astraagrolestari-weightbridge-v3/vendor/codeigniter4/framework/system/CodeIgniter.php(802): App\Controllers\Cron->sendWbOut()
#6 /var/www/astraagrolestari-weightbridge-v3/vendor/codeigniter4/framework/system/CodeIgniter.php(399): CodeIgniter\CodeIgniter->runController()
#7 /var/www/astraagrolestari-weightbridge-v3/vendor/codeigniter4/framework/system/CodeIgniter.php(317): CodeIgniter\CodeIgniter->handleRequest()
#8 /var/www/astraagrolestari-weightbridge-v3/public/index.php(37): CodeIgniter\CodeIgniter->run()
#9 {main}
ERROR - 2023-12-04 20:42:01 --> Error connecting to the database: Access denied for user '****'@'localhost' (using password: YES)
CRITICAL - 2023-12-04 20:42:01 --> Unable to connect to the database.
Main connection [MySQLi]: Access denied for user '****'@'localhost' (using password: YES)
#0 /var/www/astraagrolestari-weightbridge-v3/vendor/codeigniter4/framework/system/Database/BaseConnection.php(570): CodeIgniter\Database\BaseConnection->initialize()
#1 /var/www/astraagrolestari-weightbridge-v3/vendor/codeigniter4/framework/system/Database/BaseBuilder.php(1428): CodeIgniter\Database\BaseConnection->query()
#2 /var/www/astraagrolestari-weightbridge-v3/vendor/codeigniter4/framework/system/Model.php(183): CodeIgniter\Database\BaseBuilder->get()
#3 /var/www/astraagrolestari-weightbridge-v3/vendor/codeigniter4/framework/system/BaseModel.php(584): CodeIgniter\Model->doFindAll()
#4 /var/www/astraagrolestari-weightbridge-v3/app/Controllers/Cron.php(261): CodeIgniter\BaseModel->findAll()
#5 /var/www/astraagrolestari-weightbridge-v3/vendor/codeigniter4/framework/system/CodeIgniter.php(802): App\Controllers\Cron->sendWbIn()
#6 /var/www/astraagrolestari-weightbridge-v3/vendor/codeigniter4/framework/system/CodeIgniter.php(399): CodeIgniter\CodeIgniter->runController()
#7 /var/www/astraagrolestari-weightbridge-v3/vendor/codeigniter4/framework/system/CodeIgniter.php(317): CodeIgniter\CodeIgniter->handleRequest()
#8 /var/www/astraagrolestari-weightbridge-v3/public/index.php(37): CodeIgniter\CodeIgniter->run()
#9 {main}
ERROR - 2023-12-04 20:44:01 --> Error connecting to the database: Access denied for user '****'@'localhost' (using password: YES)
CRITICAL - 2023-12-04 20:44:01 --> Unable to connect to the database.
Main connection [MySQLi]: Access denied for user '****'@'localhost' (using password: YES)
#0 /var/www/astraagrolestari-weightbridge-v3/vendor/codeigniter4/framework/system/Database/BaseConnection.php(570): CodeIgniter\Database\BaseConnection->initialize()
#1 /var/www/astraagrolestari-weightbridge-v3/vendor/codeigniter4/framework/system/Database/BaseBuilder.php(1428): CodeIgniter\Database\BaseConnection->query()
#2 /var/www/astraagrolestari-weightbridge-v3/vendor/codeigniter4/framework/system/Model.php(183): CodeIgniter\Database\BaseBuilder->get()
#3 /var/www/astraagrolestari-weightbridge-v3/vendor/codeigniter4/framework/system/BaseModel.php(584): CodeIgniter\Model->doFindAll()
#4 /var/www/astraagrolestari-weightbridge-v3/app/Controllers/Cron.php(261): CodeIgniter\BaseModel->findAll()
#5 /var/www/astraagrolestari-weightbridge-v3/vendor/codeigniter4/framework/system/CodeIgniter.php(802): App\Controllers\Cron->sendWbIn()
#6 /var/www/astraagrolestari-weightbridge-v3/vendor/codeigniter4/framework/system/CodeIgniter.php(399): CodeIgniter\CodeIgniter->runController()
#7 /var/www/astraagrolestari-weightbridge-v3/vendor/codeigniter4/framework/system/CodeIgniter.php(317): CodeIgniter\CodeIgniter->handleRequest()
#8 /var/www/astraagrolestari-weightbridge-v3/public/index.php(37): CodeIgniter\CodeIgniter->run()
#9 {main}
ERROR - 2023-12-04 20:46:01 --> Error connecting to the database: Access denied for user '****'@'localhost' (using password: YES)
CRITICAL - 2023-12-04 20:46:01 --> Unable to connect to the database.
Main connection [MySQLi]: Access denied for user '****'@'localhost' (using password: YES)
#0 /var/www/astraagrolestari-weightbridge-v3/vendor/codeigniter4/framework/system/Database/BaseConnection.php(570): CodeIgniter\Database\BaseConnection->initialize()
#1 /var/www/astraagrolestari-weightbridge-v3/vendor/codeigniter4/framework/system/Database/BaseBuilder.php(1428): CodeIgniter\Database\BaseConnection->query()
#2 /var/www/astraagrolestari-weightbridge-v3/vendor/codeigniter4/framework/system/Model.php(183): CodeIgniter\Database\BaseBuilder->get()
#3 /var/www/astraagrolestari-weightbridge-v3/vendor/codeigniter4/framework/system/BaseModel.php(584): CodeIgniter\Model->doFindAll()
#4 /var/www/astraagrolestari-weightbridge-v3/app/Controllers/Cron.php(261): CodeIgniter\BaseModel->findAll()
#5 /var/www/astraagrolestari-weightbridge-v3/vendor/codeigniter4/framework/system/CodeIgniter.php(802): App\Controllers\Cron->sendWbIn()
#6 /var/www/astraagrolestari-weightbridge-v3/vendor/codeigniter4/framework/system/CodeIgniter.php(399): CodeIgniter\CodeIgniter->runController()
#7 /var/www/astraagrolestari-weightbridge-v3/vendor/codeigniter4/framework/system/CodeIgniter.php(317): CodeIgniter\CodeIgniter->handleRequest()
#8 /var/www/astraagrolestari-weightbridge-v3/public/index.php(37): CodeIgniter\CodeIgniter->run()
#9 {main}
ERROR - 2023-12-04 20:48:01 --> Error connecting to the database: Access denied for user '****'@'localhost' (using password: YES)
CRITICAL - 2023-12-04 20:48:01 --> Unable to connect to the database.
Main connection [MySQLi]: Access denied for user '****'@'localhost' (using password: YES)
#0 /var/www/astraagrolestari-weightbridge-v3/vendor/codeigniter4/framework/system/Database/BaseConnection.php(570): CodeIgniter\Database\BaseConnection->initialize()
#1 /var/www/astraagrolestari-weightbridge-v3/vendor/codeigniter4/framework/system/Database/BaseBuilder.php(1428): CodeIgniter\Database\BaseConnection->query()
#2 /var/www/astraagrolestari-weightbridge-v3/vendor/codeigniter4/framework/system/Model.php(183): CodeIgniter\Database\BaseBuilder->get()
#3 /var/www/astraagrolestari-weightbridge-v3/vendor/codeigniter4/framework/system/BaseModel.php(584): CodeIgniter\Model->doFindAll()
#4 /var/www/astraagrolestari-weightbridge-v3/app/Controllers/Cron.php(261): CodeIgniter\BaseModel->findAll()
#5 /var/www/astraagrolestari-weightbridge-v3/vendor/codeigniter4/framework/system/CodeIgniter.php(802): App\Controllers\Cron->sendWbIn()
#6 /var/www/astraagrolestari-weightbridge-v3/vendor/codeigniter4/framework/system/CodeIgniter.php(399): CodeIgniter\CodeIgniter->runController()
#7 /var/www/astraagrolestari-weightbridge-v3/vendor/codeigniter4/framework/system/CodeIgniter.php(317): CodeIgniter\CodeIgniter->handleRequest()
#8 /var/www/astraagrolestari-weightbridge-v3/public/index.php(37): CodeIgniter\CodeIgniter->run()
#9 {main}
ERROR - 2023-12-04 20:49:01 --> Error connecting to the database: Access denied for user '****'@'localhost' (using password: YES)
CRITICAL - 2023-12-04 20:49:01 --> Unable to connect to the database.
Main connection [MySQLi]: Access denied for user '****'@'localhost' (using password: YES)
#0 /var/www/astraagrolestari-weightbridge-v3/vendor/codeigniter4/framework/system/Database/BaseConnection.php(570): CodeIgniter\Database\BaseConnection->initialize()
#1 /var/www/astraagrolestari-weightbridge-v3/vendor/codeigniter4/framework/system/Database/BaseBuilder.php(1428): CodeIgniter\Database\BaseConnection->query()
#2 /var/www/astraagrolestari-weightbridge-v3/vendor/codeigniter4/framework/system/Model.php(183): CodeIgniter\Database\BaseBuilder->get()
#3 /var/www/astraagrolestari-weightbridge-v3/vendor/codeigniter4/framework/system/BaseModel.php(584): CodeIgniter\Model->doFindAll()
#4 /var/www/astraagrolestari-weightbridge-v3/app/Controllers/Cron.php(355): CodeIgniter\BaseModel->findAll()
#5 /var/www/astraagrolestari-weightbridge-v3/vendor/codeigniter4/framework/system/CodeIgniter.php(802): App\Controllers\Cron->sendWbOut()
#6 /var/www/astraagrolestari-weightbridge-v3/vendor/codeigniter4/framework/system/CodeIgniter.php(399): CodeIgniter\CodeIgniter->runController()
#7 /var/www/astraagrolestari-weightbridge-v3/vendor/codeigniter4/framework/system/CodeIgniter.php(317): CodeIgniter\CodeIgniter->handleRequest()
#8 /var/www/astraagrolestari-weightbridge-v3/public/index.php(37): CodeIgniter\CodeIgniter->run()
#9 {main}
ERROR - 2023-12-04 20:50:01 --> Error connecting to the database: Access denied for user '****'@'localhost' (using password: YES)
CRITICAL - 2023-12-04 20:50:01 --> Unable to connect to the database.
Main connection [MySQLi]: Access denied for user '****'@'localhost' (using password: YES)
#0 /var/www/astraagrolestari-weightbridge-v3/vendor/codeigniter4/framework/system/Database/BaseConnection.php(570): CodeIgniter\Database\BaseConnection->initialize()
#1 /var/www/astraagrolestari-weightbridge-v3/vendor/codeigniter4/framework/system/Database/BaseBuilder.php(1428): CodeIgniter\Database\BaseConnection->query()
#2 /var/www/astraagrolestari-weightbridge-v3/vendor/codeigniter4/framework/system/Model.php(183): CodeIgniter\Database\BaseBuilder->get()
#3 /var/www/astraagrolestari-weightbridge-v3/vendor/codeigniter4/framework/system/BaseModel.php(584): CodeIgniter\Model->doFindAll()
#4 /var/www/astraagrolestari-weightbridge-v3/app/Controllers/Cron.php(261): CodeIgniter\BaseModel->findAll()
#5 /var/www/astraagrolestari-weightbridge-v3/vendor/codeigniter4/framework/system/CodeIgniter.php(802): App\Controllers\Cron->sendWbIn()
#6 /var/www/astraagrolestari-weightbridge-v3/vendor/codeigniter4/framework/system/CodeIgniter.php(399): CodeIgniter\CodeIgniter->runController()
#7 /var/www/astraagrolestari-weightbridge-v3/vendor/codeigniter4/framework/system/CodeIgniter.php(317): CodeIgniter\CodeIgniter->handleRequest()
#8 /var/www/astraagrolestari-weightbridge-v3/public/index.php(37): CodeIgniter\CodeIgniter->run()
#9 {main}
ERROR - 2023-12-04 20:52:01 --> Error connecting to the database: Access denied for user '****'@'localhost' (using password: YES)
CRITICAL - 2023-12-04 20:52:01 --> Unable to connect to the database.
Main connection [MySQLi]: Access denied for user '****'@'localhost' (using password: YES)
#0 /var/www/astraagrolestari-weightbridge-v3/vendor/codeigniter4/framework/system/Database/BaseConnection.php(570): CodeIgniter\Database\BaseConnection->initialize()
#1 /var/www/astraagrolestari-weightbridge-v3/vendor/codeigniter4/framework/system/Database/BaseBuilder.php(1428): CodeIgniter\Database\BaseConnection->query()
#2 /var/www/astraagrolestari-weightbridge-v3/vendor/codeigniter4/framework/system/Model.php(183): CodeIgniter\Database\BaseBuilder->get()
#3 /var/www/astraagrolestari-weightbridge-v3/vendor/codeigniter4/framework/system/BaseModel.php(584): CodeIgniter\Model->doFindAll()
#4 /var/www/astraagrolestari-weightbridge-v3/app/Controllers/Cron.php(261): CodeIgniter\BaseModel->findAll()
#5 /var/www/astraagrolestari-weightbridge-v3/vendor/codeigniter4/framework/system/CodeIgniter.php(802): App\Controllers\Cron->sendWbIn()
#6 /var/www/astraagrolestari-weightbridge-v3/vendor/codeigniter4/framework/system/CodeIgniter.php(399): CodeIgniter\CodeIgniter->runController()
#7 /var/www/astraagrolestari-weightbridge-v3/vendor/codeigniter4/framework/system/CodeIgniter.php(317): CodeIgniter\CodeIgniter->handleRequest()
#8 /var/www/astraagrolestari-weightbridge-v3/public/index.php(37): CodeIgniter\CodeIgniter->run()
#9 {main}
ERROR - 2023-12-04 20:54:01 --> Error connecting to the database: Access denied for user '****'@'localhost' (using password: YES)
CRITICAL - 2023-12-04 20:54:01 --> Unable to connect to the database.
Main connection [MySQLi]: Access denied for user '****'@'localhost' (using password: YES)
#0 /var/www/astraagrolestari-weightbridge-v3/vendor/codeigniter4/framework/system/Database/BaseConnection.php(570): CodeIgniter\Database\BaseConnection->initialize()
#1 /var/www/astraagrolestari-weightbridge-v3/vendor/codeigniter4/framework/system/Database/BaseBuilder.php(1428): CodeIgniter\Database\BaseConnection->query()
#2 /var/www/astraagrolestari-weightbridge-v3/vendor/codeigniter4/framework/system/Model.php(183): CodeIgniter\Database\BaseBuilder->get()
#3 /var/www/astraagrolestari-weightbridge-v3/vendor/codeigniter4/framework/system/BaseModel.php(584): CodeIgniter\Model->doFindAll()
#4 /var/www/astraagrolestari-weightbridge-v3/app/Controllers/Cron.php(261): CodeIgniter\BaseModel->findAll()
#5 /var/www/astraagrolestari-weightbridge-v3/vendor/codeigniter4/framework/system/CodeIgniter.php(802): App\Controllers\Cron->sendWbIn()
#6 /var/www/astraagrolestari-weightbridge-v3/vendor/codeigniter4/framework/system/CodeIgniter.php(399): CodeIgniter\CodeIgniter->runController()
#7 /var/www/astraagrolestari-weightbridge-v3/vendor/codeigniter4/framework/system/CodeIgniter.php(317): CodeIgniter\CodeIgniter->handleRequest()
#8 /var/www/astraagrolestari-weightbridge-v3/public/index.php(37): CodeIgniter\CodeIgniter->run()
#9 {main}
ERROR - 2023-12-04 20:56:01 --> Error connecting to the database: Access denied for user '****'@'localhost' (using password: YES)
CRITICAL - 2023-12-04 20:56:01 --> Unable to connect to the database.
Main connection [MySQLi]: Access denied for user '****'@'localhost' (using password: YES)
#0 /var/www/astraagrolestari-weightbridge-v3/vendor/codeigniter4/framework/system/Database/BaseConnection.php(570): CodeIgniter\Database\BaseConnection->initialize()
#1 /var/www/astraagrolestari-weightbridge-v3/vendor/codeigniter4/framework/system/Database/BaseBuilder.php(1428): CodeIgniter\Database\BaseConnection->query()
#2 /var/www/astraagrolestari-weightbridge-v3/vendor/codeigniter4/framework/system/Model.php(183): CodeIgniter\Database\BaseBuilder->get()
#3 /var/www/astraagrolestari-weightbridge-v3/vendor/codeigniter4/framework/system/BaseModel.php(584): CodeIgniter\Model->doFindAll()
#4 /var/www/astraagrolestari-weightbridge-v3/app/Controllers/Cron.php(261): CodeIgniter\BaseModel->findAll()
#5 /var/www/astraagrolestari-weightbridge-v3/vendor/codeigniter4/framework/system/CodeIgniter.php(802): App\Controllers\Cron->sendWbIn()
#6 /var/www/astraagrolestari-weightbridge-v3/vendor/codeigniter4/framework/system/CodeIgniter.php(399): CodeIgniter\CodeIgniter->runController()
#7 /var/www/astraagrolestari-weightbridge-v3/vendor/codeigniter4/framework/system/CodeIgniter.php(317): CodeIgniter\CodeIgniter->handleRequest()
#8 /var/www/astraagrolestari-weightbridge-v3/public/index.php(37): CodeIgniter\CodeIgniter->run()
#9 {main}
ERROR - 2023-12-04 20:56:01 --> Error connecting to the database: Access denied for user '****'@'localhost' (using password: YES)
CRITICAL - 2023-12-04 20:56:01 --> Unable to connect to the database.
Main connection [MySQLi]: Access denied for user '****'@'localhost' (using password: YES)
#0 /var/www/astraagrolestari-weightbridge-v3/vendor/codeigniter4/framework/system/Database/BaseConnection.php(570): CodeIgniter\Database\BaseConnection->initialize()
#1 /var/www/astraagrolestari-weightbridge-v3/vendor/codeigniter4/framework/system/Database/BaseBuilder.php(1428): CodeIgniter\Database\BaseConnection->query()
#2 /var/www/astraagrolestari-weightbridge-v3/vendor/codeigniter4/framework/system/Model.php(183): CodeIgniter\Database\BaseBuilder->get()
#3 /var/www/astraagrolestari-weightbridge-v3/vendor/codeigniter4/framework/system/BaseModel.php(584): CodeIgniter\Model->doFindAll()
#4 /var/www/astraagrolestari-weightbridge-v3/app/Controllers/Cron.php(355): CodeIgniter\BaseModel->findAll()
#5 /var/www/astraagrolestari-weightbridge-v3/vendor/codeigniter4/framework/system/CodeIgniter.php(802): App\Controllers\Cron->sendWbOut()
#6 /var/www/astraagrolestari-weightbridge-v3/vendor/codeigniter4/framework/system/CodeIgniter.php(399): CodeIgniter\CodeIgniter->runController()
#7 /var/www/astraagrolestari-weightbridge-v3/vendor/codeigniter4/framework/system/CodeIgniter.php(317): CodeIgniter\CodeIgniter->handleRequest()
#8 /var/www/astraagrolestari-weightbridge-v3/public/index.php(37): CodeIgniter\CodeIgniter->run()
#9 {main}
ERROR - 2023-12-04 20:58:01 --> Error connecting to the database: Access denied for user '****'@'localhost' (using password: YES)
CRITICAL - 2023-12-04 20:58:01 --> Unable to connect to the database.
Main connection [MySQLi]: Access denied for user '****'@'localhost' (using password: YES)
#0 /var/www/astraagrolestari-weightbridge-v3/vendor/codeigniter4/framework/system/Database/BaseConnection.php(570): CodeIgniter\Database\BaseConnection->initialize()
#1 /var/www/astraagrolestari-weightbridge-v3/vendor/codeigniter4/framework/system/Database/BaseBuilder.php(1428): CodeIgniter\Database\BaseConnection->query()
#2 /var/www/astraagrolestari-weightbridge-v3/vendor/codeigniter4/framework/system/Model.php(183): CodeIgniter\Database\BaseBuilder->get()
#3 /var/www/astraagrolestari-weightbridge-v3/vendor/codeigniter4/framework/system/BaseModel.php(584): CodeIgniter\Model->doFindAll()
#4 /var/www/astraagrolestari-weightbridge-v3/app/Controllers/Cron.php(261): CodeIgniter\BaseModel->findAll()
#5 /var/www/astraagrolestari-weightbridge-v3/vendor/codeigniter4/framework/system/CodeIgniter.php(802): App\Controllers\Cron->sendWbIn()
#6 /var/www/astraagrolestari-weightbridge-v3/vendor/codeigniter4/framework/system/CodeIgniter.php(399): CodeIgniter\CodeIgniter->runController()
#7 /var/www/astraagrolestari-weightbridge-v3/vendor/codeigniter4/framework/system/CodeIgniter.php(317): CodeIgniter\CodeIgniter->handleRequest()
#8 /var/www/astraagrolestari-weightbridge-v3/public/index.php(37): CodeIgniter\CodeIgniter->run()
#9 {main}
ERROR - 2023-12-04 21:00:01 --> Error connecting to the database: Access denied for user '****'@'localhost' (using password: YES)
CRITICAL - 2023-12-04 21:00:01 --> Unable to connect to the database.
Main connection [MySQLi]: Access denied for user '****'@'localhost' (using password: YES)
#0 /var/www/astraagrolestari-weightbridge-v3/vendor/codeigniter4/framework/system/Database/BaseConnection.php(570): CodeIgniter\Database\BaseConnection->initialize()
#1 /var/www/astraagrolestari-weightbridge-v3/vendor/codeigniter4/framework/system/Database/BaseBuilder.php(1428): CodeIgniter\Database\BaseConnection->query()
#2 /var/www/astraagrolestari-weightbridge-v3/vendor/codeigniter4/framework/system/Model.php(183): CodeIgniter\Database\BaseBuilder->get()
#3 /var/www/astraagrolestari-weightbridge-v3/vendor/codeigniter4/framework/system/BaseModel.php(584): CodeIgniter\Model->doFindAll()
#4 /var/www/astraagrolestari-weightbridge-v3/app/Controllers/Cron.php(261): CodeIgniter\BaseModel->findAll()
#5 /var/www/astraagrolestari-weightbridge-v3/vendor/codeigniter4/framework/system/CodeIgniter.php(802): App\Controllers\Cron->sendWbIn()
#6 /var/www/astraagrolestari-weightbridge-v3/vendor/codeigniter4/framework/system/CodeIgniter.php(399): CodeIgniter\CodeIgniter->runController()
#7 /var/www/astraagrolestari-weightbridge-v3/vendor/codeigniter4/framework/system/CodeIgniter.php(317): CodeIgniter\CodeIgniter->handleRequest()
#8 /var/www/astraagrolestari-weightbridge-v3/public/index.php(37): CodeIgniter\CodeIgniter->run()
#9 {main}
ERROR - 2023-12-04 21:00:01 --> Error connecting to the database: Access denied for user '****'@'localhost' (using password: YES)
CRITICAL - 2023-12-04 21:00:01 --> Unable to connect to the database.
Main connection [MySQLi]: Access denied for user '****'@'localhost' (using password: YES)
#0 /var/www/astraagrolestari-weightbridge-v3/vendor/codeigniter4/framework/system/Database/BaseConnection.php(570): CodeIgniter\Database\BaseConnection->initialize()
#1 /var/www/astraagrolestari-weightbridge-v3/vendor/codeigniter4/framework/system/Database/BaseBuilder.php(1428): CodeIgniter\Database\BaseConnection->query()
#2 /var/www/astraagrolestari-weightbridge-v3/vendor/codeigniter4/framework/system/Model.php(183): CodeIgniter\Database\BaseBuilder->get()
#3 /var/www/astraagrolestari-weightbridge-v3/vendor/codeigniter4/framework/system/BaseModel.php(584): CodeIgniter\Model->doFindAll()
#4 /var/www/astraagrolestari-weightbridge-v3/app/Controllers/Cron.php(355): CodeIgniter\BaseModel->findAll()
#5 /var/www/astraagrolestari-weightbridge-v3/vendor/codeigniter4/framework/system/CodeIgniter.php(802): App\Controllers\Cron->sendWbOut()
#6 /var/www/astraagrolestari-weightbridge-v3/vendor/codeigniter4/framework/system/CodeIgniter.php(399): CodeIgniter\CodeIgniter->runController()
#7 /var/www/astraagrolestari-weightbridge-v3/vendor/codeigniter4/framework/system/CodeIgniter.php(317): CodeIgniter\CodeIgniter->handleRequest()
#8 /var/www/astraagrolestari-weightbridge-v3/public/index.php(37): CodeIgniter\CodeIgniter->run()
#9 {main}
ERROR - 2023-12-04 21:02:01 --> Error connecting to the database: Access denied for user '****'@'localhost' (using password: YES)
CRITICAL - 2023-12-04 21:02:01 --> Unable to connect to the database.
Main connection [MySQLi]: Access denied for user '****'@'localhost' (using password: YES)
#0 /var/www/astraagrolestari-weightbridge-v3/vendor/codeigniter4/framework/system/Database/BaseConnection.php(570): CodeIgniter\Database\BaseConnection->initialize()
#1 /var/www/astraagrolestari-weightbridge-v3/vendor/codeigniter4/framework/system/Database/BaseBuilder.php(1428): CodeIgniter\Database\BaseConnection->query()
#2 /var/www/astraagrolestari-weightbridge-v3/vendor/codeigniter4/framework/system/Model.php(183): CodeIgniter\Database\BaseBuilder->get()
#3 /var/www/astraagrolestari-weightbridge-v3/vendor/codeigniter4/framework/system/BaseModel.php(584): CodeIgniter\Model->doFindAll()
#4 /var/www/astraagrolestari-weightbridge-v3/app/Controllers/Cron.php(261): CodeIgniter\BaseModel->findAll()
#5 /var/www/astraagrolestari-weightbridge-v3/vendor/codeigniter4/framework/system/CodeIgniter.php(802): App\Controllers\Cron->sendWbIn()
#6 /var/www/astraagrolestari-weightbridge-v3/vendor/codeigniter4/framework/system/CodeIgniter.php(399): CodeIgniter\CodeIgniter->runController()
#7 /var/www/astraagrolestari-weightbridge-v3/vendor/codeigniter4/framework/system/CodeIgniter.php(317): CodeIgniter\CodeIgniter->handleRequest()
#8 /var/www/astraagrolestari-weightbridge-v3/public/index.php(37): CodeIgniter\CodeIgniter->run()
#9 {main}
ERROR - 2023-12-04 21:04:01 --> Error connecting to the database: Access denied for user '****'@'localhost' (using password: YES)
CRITICAL - 2023-12-04 21:04:01 --> Unable to connect to the database.
Main connection [MySQLi]: Access denied for user '****'@'localhost' (using password: YES)
#0 /var/www/astraagrolestari-weightbridge-v3/vendor/codeigniter4/framework/system/Database/BaseConnection.php(570): CodeIgniter\Database\BaseConnection->initialize()
#1 /var/www/astraagrolestari-weightbridge-v3/vendor/codeigniter4/framework/system/Database/BaseBuilder.php(1428): CodeIgniter\Database\BaseConnection->query()
#2 /var/www/astraagrolestari-weightbridge-v3/vendor/codeigniter4/framework/system/Model.php(183): CodeIgniter\Database\BaseBuilder->get()
#3 /var/www/astraagrolestari-weightbridge-v3/vendor/codeigniter4/framework/system/BaseModel.php(584): CodeIgniter\Model->doFindAll()
#4 /var/www/astraagrolestari-weightbridge-v3/app/Controllers/Cron.php(261): CodeIgniter\BaseModel->findAll()
#5 /var/www/astraagrolestari-weightbridge-v3/vendor/codeigniter4/framework/system/CodeIgniter.php(802): App\Controllers\Cron->sendWbIn()
#6 /var/www/astraagrolestari-weightbridge-v3/vendor/codeigniter4/framework/system/CodeIgniter.php(399): CodeIgniter\CodeIgniter->runController()
#7 /var/www/astraagrolestari-weightbridge-v3/vendor/codeigniter4/framework/system/CodeIgniter.php(317): CodeIgniter\CodeIgniter->handleRequest()
#8 /var/www/astraagrolestari-weightbridge-v3/public/index.php(37): CodeIgniter\CodeIgniter->run()
#9 {main}
ERROR - 2023-12-04 21:06:01 --> Error connecting to the database: Access denied for user '****'@'localhost' (using password: YES)
CRITICAL - 2023-12-04 21:06:01 --> Unable to connect to the database.
Main connection [MySQLi]: Access denied for user '****'@'localhost' (using password: YES)
#0 /var/www/astraagrolestari-weightbridge-v3/vendor/codeigniter4/framework/system/Database/BaseConnection.php(570): CodeIgniter\Database\BaseConnection->initialize()
#1 /var/www/astraagrolestari-weightbridge-v3/vendor/codeigniter4/framework/system/Database/BaseBuilder.php(1428): CodeIgniter\Database\BaseConnection->query()
#2 /var/www/astraagrolestari-weightbridge-v3/vendor/codeigniter4/framework/system/Model.php(183): CodeIgniter\Database\BaseBuilder->get()
#3 /var/www/astraagrolestari-weightbridge-v3/vendor/codeigniter4/framework/system/BaseModel.php(584): CodeIgniter\Model->doFindAll()
#4 /var/www/astraagrolestari-weightbridge-v3/app/Controllers/Cron.php(261): CodeIgniter\BaseModel->findAll()
#5 /var/www/astraagrolestari-weightbridge-v3/vendor/codeigniter4/framework/system/CodeIgniter.php(802): App\Controllers\Cron->sendWbIn()
#6 /var/www/astraagrolestari-weightbridge-v3/vendor/codeigniter4/framework/system/CodeIgniter.php(399): CodeIgniter\CodeIgniter->runController()
#7 /var/www/astraagrolestari-weightbridge-v3/vendor/codeigniter4/framework/system/CodeIgniter.php(317): CodeIgniter\CodeIgniter->handleRequest()
#8 /var/www/astraagrolestari-weightbridge-v3/public/index.php(37): CodeIgniter\CodeIgniter->run()
#9 {main}
ERROR - 2023-12-04 21:07:01 --> Error connecting to the database: Access denied for user '****'@'localhost' (using password: YES)
CRITICAL - 2023-12-04 21:07:01 --> Unable to connect to the database.
Main connection [MySQLi]: Access denied for user '****'@'localhost' (using password: YES)
#0 /var/www/astraagrolestari-weightbridge-v3/vendor/codeigniter4/framework/system/Database/BaseConnection.php(570): CodeIgniter\Database\BaseConnection->initialize()
#1 /var/www/astraagrolestari-weightbridge-v3/vendor/codeigniter4/framework/system/Database/BaseBuilder.php(1428): CodeIgniter\Database\BaseConnection->query()
#2 /var/www/astraagrolestari-weightbridge-v3/vendor/codeigniter4/framework/system/Model.php(183): CodeIgniter\Database\BaseBuilder->get()
#3 /var/www/astraagrolestari-weightbridge-v3/vendor/codeigniter4/framework/system/BaseModel.php(584): CodeIgniter\Model->doFindAll()
#4 /var/www/astraagrolestari-weightbridge-v3/app/Controllers/Cron.php(355): CodeIgniter\BaseModel->findAll()
#5 /var/www/astraagrolestari-weightbridge-v3/vendor/codeigniter4/framework/system/CodeIgniter.php(802): App\Controllers\Cron->sendWbOut()
#6 /var/www/astraagrolestari-weightbridge-v3/vendor/codeigniter4/framework/system/CodeIgniter.php(399): CodeIgniter\CodeIgniter->runController()
#7 /var/www/astraagrolestari-weightbridge-v3/vendor/codeigniter4/framework/system/CodeIgniter.php(317): CodeIgniter\CodeIgniter->handleRequest()
#8 /var/www/astraagrolestari-weightbridge-v3/public/index.php(37): CodeIgniter\CodeIgniter->run()
#9 {main}
ERROR - 2023-12-04 21:08:01 --> Error connecting to the database: Access denied for user '****'@'localhost' (using password: YES)
CRITICAL - 2023-12-04 21:08:01 --> Unable to connect to the database.
Main connection [MySQLi]: Access denied for user '****'@'localhost' (using password: YES)
#0 /var/www/astraagrolestari-weightbridge-v3/vendor/codeigniter4/framework/system/Database/BaseConnection.php(570): CodeIgniter\Database\BaseConnection->initialize()
#1 /var/www/astraagrolestari-weightbridge-v3/vendor/codeigniter4/framework/system/Database/BaseBuilder.php(1428): CodeIgniter\Database\BaseConnection->query()
#2 /var/www/astraagrolestari-weightbridge-v3/vendor/codeigniter4/framework/system/Model.php(183): CodeIgniter\Database\BaseBuilder->get()
#3 /var/www/astraagrolestari-weightbridge-v3/vendor/codeigniter4/framework/system/BaseModel.php(584): CodeIgniter\Model->doFindAll()
#4 /var/www/astraagrolestari-weightbridge-v3/app/Controllers/Cron.php(261): CodeIgniter\BaseModel->findAll()
#5 /var/www/astraagrolestari-weightbridge-v3/vendor/codeigniter4/framework/system/CodeIgniter.php(802): App\Controllers\Cron->sendWbIn()
#6 /var/www/astraagrolestari-weightbridge-v3/vendor/codeigniter4/framework/system/CodeIgniter.php(399): CodeIgniter\CodeIgniter->runController()
#7 /var/www/astraagrolestari-weightbridge-v3/vendor/codeigniter4/framework/system/CodeIgniter.php(317): CodeIgniter\CodeIgniter->handleRequest()
#8 /var/www/astraagrolestari-weightbridge-v3/public/index.php(37): CodeIgniter\CodeIgniter->run()
#9 {main}
ERROR - 2023-12-04 21:10:02 --> Error connecting to the database: Access denied for user '****'@'localhost' (using password: YES)
CRITICAL - 2023-12-04 21:10:02 --> Unable to connect to the database.
Main connection [MySQLi]: Access denied for user '****'@'localhost' (using password: YES)
#0 /var/www/astraagrolestari-weightbridge-v3/vendor/codeigniter4/framework/system/Database/BaseConnection.php(570): CodeIgniter\Database\BaseConnection->initialize()
#1 /var/www/astraagrolestari-weightbridge-v3/vendor/codeigniter4/framework/system/Database/BaseBuilder.php(1428): CodeIgniter\Database\BaseConnection->query()
#2 /var/www/astraagrolestari-weightbridge-v3/vendor/codeigniter4/framework/system/Model.php(183): CodeIgniter\Database\BaseBuilder->get()
#3 /var/www/astraagrolestari-weightbridge-v3/vendor/codeigniter4/framework/system/BaseModel.php(584): CodeIgniter\Model->doFindAll()
#4 /var/www/astraagrolestari-weightbridge-v3/app/Controllers/Cron.php(261): CodeIgniter\BaseModel->findAll()
#5 /var/www/astraagrolestari-weightbridge-v3/vendor/codeigniter4/framework/system/CodeIgniter.php(802): App\Controllers\Cron->sendWbIn()
#6 /var/www/astraagrolestari-weightbridge-v3/vendor/codeigniter4/framework/system/CodeIgniter.php(399): CodeIgniter\CodeIgniter->runController()
#7 /var/www/astraagrolestari-weightbridge-v3/vendor/codeigniter4/framework/system/CodeIgniter.php(317): CodeIgniter\CodeIgniter->handleRequest()
#8 /var/www/astraagrolestari-weightbridge-v3/public/index.php(37): CodeIgniter\CodeIgniter->run()
#9 {main}
ERROR - 2023-12-04 21:12:01 --> Error connecting to the database: Access denied for user '****'@'localhost' (using password: YES)
CRITICAL - 2023-12-04 21:12:01 --> Unable to connect to the database.
Main connection [MySQLi]: Access denied for user '****'@'localhost' (using password: YES)
#0 /var/www/astraagrolestari-weightbridge-v3/vendor/codeigniter4/framework/system/Database/BaseConnection.php(570): CodeIgniter\Database\BaseConnection->initialize()
#1 /var/www/astraagrolestari-weightbridge-v3/vendor/codeigniter4/framework/system/Database/BaseBuilder.php(1428): CodeIgniter\Database\BaseConnection->query()
#2 /var/www/astraagrolestari-weightbridge-v3/vendor/codeigniter4/framework/system/Model.php(183): CodeIgniter\Database\BaseBuilder->get()
#3 /var/www/astraagrolestari-weightbridge-v3/vendor/codeigniter4/framework/system/BaseModel.php(584): CodeIgniter\Model->doFindAll()
#4 /var/www/astraagrolestari-weightbridge-v3/app/Controllers/Cron.php(261): CodeIgniter\BaseModel->findAll()
#5 /var/www/astraagrolestari-weightbridge-v3/vendor/codeigniter4/framework/system/CodeIgniter.php(802): App\Controllers\Cron->sendWbIn()
#6 /var/www/astraagrolestari-weightbridge-v3/vendor/codeigniter4/framework/system/CodeIgniter.php(399): CodeIgniter\CodeIgniter->runController()
#7 /var/www/astraagrolestari-weightbridge-v3/vendor/codeigniter4/framework/system/CodeIgniter.php(317): CodeIgniter\CodeIgniter->handleRequest()
#8 /var/www/astraagrolestari-weightbridge-v3/public/index.php(37): CodeIgniter\CodeIgniter->run()
#9 {main}
ERROR - 2023-12-04 21:14:01 --> Error connecting to the database: Access denied for user '****'@'localhost' (using password: YES)
CRITICAL - 2023-12-04 21:14:01 --> Unable to connect to the database.
Main connection [MySQLi]: Access denied for user '****'@'localhost' (using password: YES)
#0 /var/www/astraagrolestari-weightbridge-v3/vendor/codeigniter4/framework/system/Database/BaseConnection.php(570): CodeIgniter\Database\BaseConnection->initialize()
#1 /var/www/astraagrolestari-weightbridge-v3/vendor/codeigniter4/framework/system/Database/BaseBuilder.php(1428): CodeIgniter\Database\BaseConnection->query()
#2 /var/www/astraagrolestari-weightbridge-v3/vendor/codeigniter4/framework/system/Model.php(183): CodeIgniter\Database\BaseBuilder->get()
#3 /var/www/astraagrolestari-weightbridge-v3/vendor/codeigniter4/framework/system/BaseModel.php(584): CodeIgniter\Model->doFindAll()
#4 /var/www/astraagrolestari-weightbridge-v3/app/Controllers/Cron.php(261): CodeIgniter\BaseModel->findAll()
#5 /var/www/astraagrolestari-weightbridge-v3/vendor/codeigniter4/framework/system/CodeIgniter.php(802): App\Controllers\Cron->sendWbIn()
#6 /var/www/astraagrolestari-weightbridge-v3/vendor/codeigniter4/framework/system/CodeIgniter.php(399): CodeIgniter\CodeIgniter->runController()
#7 /var/www/astraagrolestari-weightbridge-v3/vendor/codeigniter4/framework/system/CodeIgniter.php(317): CodeIgniter\CodeIgniter->handleRequest()
#8 /var/www/astraagrolestari-weightbridge-v3/public/index.php(37): CodeIgniter\CodeIgniter->run()
#9 {main}
ERROR - 2023-12-04 21:14:01 --> Error connecting to the database: Access denied for user '****'@'localhost' (using password: YES)
CRITICAL - 2023-12-04 21:14:01 --> Unable to connect to the database.
Main connection [MySQLi]: Access denied for user '****'@'localhost' (using password: YES)
#0 /var/www/astraagrolestari-weightbridge-v3/vendor/codeigniter4/framework/system/Database/BaseConnection.php(570): CodeIgniter\Database\BaseConnection->initialize()
#1 /var/www/astraagrolestari-weightbridge-v3/vendor/codeigniter4/framework/system/Database/BaseBuilder.php(1428): CodeIgniter\Database\BaseConnection->query()
#2 /var/www/astraagrolestari-weightbridge-v3/vendor/codeigniter4/framework/system/Model.php(183): CodeIgniter\Database\BaseBuilder->get()
#3 /var/www/astraagrolestari-weightbridge-v3/vendor/codeigniter4/framework/system/BaseModel.php(584): CodeIgniter\Model->doFindAll()
#4 /var/www/astraagrolestari-weightbridge-v3/app/Controllers/Cron.php(355): CodeIgniter\BaseModel->findAll()
#5 /var/www/astraagrolestari-weightbridge-v3/vendor/codeigniter4/framework/system/CodeIgniter.php(802): App\Controllers\Cron->sendWbOut()
#6 /var/www/astraagrolestari-weightbridge-v3/vendor/codeigniter4/framework/system/CodeIgniter.php(399): CodeIgniter\CodeIgniter->runController()
#7 /var/www/astraagrolestari-weightbridge-v3/vendor/codeigniter4/framework/system/CodeIgniter.php(317): CodeIgniter\CodeIgniter->handleRequest()
#8 /var/www/astraagrolestari-weightbridge-v3/public/index.php(37): CodeIgniter\CodeIgniter->run()
#9 {main}
ERROR - 2023-12-04 21:16:01 --> Error connecting to the database: Access denied for user '****'@'localhost' (using password: YES)
CRITICAL - 2023-12-04 21:16:01 --> Unable to connect to the database.
Main connection [MySQLi]: Access denied for user '****'@'localhost' (using password: YES)
#0 /var/www/astraagrolestari-weightbridge-v3/vendor/codeigniter4/framework/system/Database/BaseConnection.php(570): CodeIgniter\Database\BaseConnection->initialize()
#1 /var/www/astraagrolestari-weightbridge-v3/vendor/codeigniter4/framework/system/Database/BaseBuilder.php(1428): CodeIgniter\Database\BaseConnection->query()
#2 /var/www/astraagrolestari-weightbridge-v3/vendor/codeigniter4/framework/system/Model.php(183): CodeIgniter\Database\BaseBuilder->get()
#3 /var/www/astraagrolestari-weightbridge-v3/vendor/codeigniter4/framework/system/BaseModel.php(584): CodeIgniter\Model->doFindAll()
#4 /var/www/astraagrolestari-weightbridge-v3/app/Controllers/Cron.php(261): CodeIgniter\BaseModel->findAll()
#5 /var/www/astraagrolestari-weightbridge-v3/vendor/codeigniter4/framework/system/CodeIgniter.php(802): App\Controllers\Cron->sendWbIn()
#6 /var/www/astraagrolestari-weightbridge-v3/vendor/codeigniter4/framework/system/CodeIgniter.php(399): CodeIgniter\CodeIgniter->runController()
#7 /var/www/astraagrolestari-weightbridge-v3/vendor/codeigniter4/framework/system/CodeIgniter.php(317): CodeIgniter\CodeIgniter->handleRequest()
#8 /var/www/astraagrolestari-weightbridge-v3/public/index.php(37): CodeIgniter\CodeIgniter->run()
#9 {main}
ERROR - 2023-12-04 21:18:01 --> Error connecting to the database: Access denied for user '****'@'localhost' (using password: YES)
CRITICAL - 2023-12-04 21:18:01 --> Unable to connect to the database.
Main connection [MySQLi]: Access denied for user '****'@'localhost' (using password: YES)
#0 /var/www/astraagrolestari-weightbridge-v3/vendor/codeigniter4/framework/system/Database/BaseConnection.php(570): CodeIgniter\Database\BaseConnection->initialize()
#1 /var/www/astraagrolestari-weightbridge-v3/vendor/codeigniter4/framework/system/Database/BaseBuilder.php(1428): CodeIgniter\Database\BaseConnection->query()
#2 /var/www/astraagrolestari-weightbridge-v3/vendor/codeigniter4/framework/system/Model.php(183): CodeIgniter\Database\BaseBuilder->get()
#3 /var/www/astraagrolestari-weightbridge-v3/vendor/codeigniter4/framework/system/BaseModel.php(584): CodeIgniter\Model->doFindAll()
#4 /var/www/astraagrolestari-weightbridge-v3/app/Controllers/Cron.php(261): CodeIgniter\BaseModel->findAll()
#5 /var/www/astraagrolestari-weightbridge-v3/vendor/codeigniter4/framework/system/CodeIgniter.php(802): App\Controllers\Cron->sendWbIn()
#6 /var/www/astraagrolestari-weightbridge-v3/vendor/codeigniter4/framework/system/CodeIgniter.php(399): CodeIgniter\CodeIgniter->runController()
#7 /var/www/astraagrolestari-weightbridge-v3/vendor/codeigniter4/framework/system/CodeIgniter.php(317): CodeIgniter\CodeIgniter->handleRequest()
#8 /var/www/astraagrolestari-weightbridge-v3/public/index.php(37): CodeIgniter\CodeIgniter->run()
#9 {main}
ERROR - 2023-12-04 21:20:01 --> Error connecting to the database: Access denied for user '****'@'localhost' (using password: YES)
CRITICAL - 2023-12-04 21:20:01 --> Unable to connect to the database.
Main connection [MySQLi]: Access denied for user '****'@'localhost' (using password: YES)
#0 /var/www/astraagrolestari-weightbridge-v3/vendor/codeigniter4/framework/system/Database/BaseConnection.php(570): CodeIgniter\Database\BaseConnection->initialize()
#1 /var/www/astraagrolestari-weightbridge-v3/vendor/codeigniter4/framework/system/Database/BaseBuilder.php(1428): CodeIgniter\Database\BaseConnection->query()
#2 /var/www/astraagrolestari-weightbridge-v3/vendor/codeigniter4/framework/system/Model.php(183): CodeIgniter\Database\BaseBuilder->get()
#3 /var/www/astraagrolestari-weightbridge-v3/vendor/codeigniter4/framework/system/BaseModel.php(584): CodeIgniter\Model->doFindAll()
#4 /var/www/astraagrolestari-weightbridge-v3/app/Controllers/Cron.php(261): CodeIgniter\BaseModel->findAll()
#5 /var/www/astraagrolestari-weightbridge-v3/vendor/codeigniter4/framework/system/CodeIgniter.php(802): App\Controllers\Cron->sendWbIn()
#6 /var/www/astraagrolestari-weightbridge-v3/vendor/codeigniter4/framework/system/CodeIgniter.php(399): CodeIgniter\CodeIgniter->runController()
#7 /var/www/astraagrolestari-weightbridge-v3/vendor/codeigniter4/framework/system/CodeIgniter.php(317): CodeIgniter\CodeIgniter->handleRequest()
#8 /var/www/astraagrolestari-weightbridge-v3/public/index.php(37): CodeIgniter\CodeIgniter->run()
#9 {main}
ERROR - 2023-12-04 21:21:01 --> Error connecting to the database: Access denied for user '****'@'localhost' (using password: YES)
CRITICAL - 2023-12-04 21:21:01 --> Unable to connect to the database.
Main connection [MySQLi]: Access denied for user '****'@'localhost' (using password: YES)
#0 /var/www/astraagrolestari-weightbridge-v3/vendor/codeigniter4/framework/system/Database/BaseConnection.php(570): CodeIgniter\Database\BaseConnection->initialize()
#1 /var/www/astraagrolestari-weightbridge-v3/vendor/codeigniter4/framework/system/Database/BaseBuilder.php(1428): CodeIgniter\Database\BaseConnection->query()
#2 /var/www/astraagrolestari-weightbridge-v3/vendor/codeigniter4/framework/system/Model.php(183): CodeIgniter\Database\BaseBuilder->get()
#3 /var/www/astraagrolestari-weightbridge-v3/vendor/codeigniter4/framework/system/BaseModel.php(584): CodeIgniter\Model->doFindAll()
#4 /var/www/astraagrolestari-weightbridge-v3/app/Controllers/Cron.php(355): CodeIgniter\BaseModel->findAll()
#5 /var/www/astraagrolestari-weightbridge-v3/vendor/codeigniter4/framework/system/CodeIgniter.php(802): App\Controllers\Cron->sendWbOut()
#6 /var/www/astraagrolestari-weightbridge-v3/vendor/codeigniter4/framework/system/CodeIgniter.php(399): CodeIgniter\CodeIgniter->runController()
#7 /var/www/astraagrolestari-weightbridge-v3/vendor/codeigniter4/framework/system/CodeIgniter.php(317): CodeIgniter\CodeIgniter->handleRequest()
#8 /var/www/astraagrolestari-weightbridge-v3/public/index.php(37): CodeIgniter\CodeIgniter->run()
#9 {main}
ERROR - 2023-12-04 21:22:02 --> Error connecting to the database: Access denied for user '****'@'localhost' (using password: YES)
CRITICAL - 2023-12-04 21:22:02 --> Unable to connect to the database.
Main connection [MySQLi]: Access denied for user '****'@'localhost' (using password: YES)
#0 /var/www/astraagrolestari-weightbridge-v3/vendor/codeigniter4/framework/system/Database/BaseConnection.php(570): CodeIgniter\Database\BaseConnection->initialize()
#1 /var/www/astraagrolestari-weightbridge-v3/vendor/codeigniter4/framework/system/Database/BaseBuilder.php(1428): CodeIgniter\Database\BaseConnection->query()
#2 /var/www/astraagrolestari-weightbridge-v3/vendor/codeigniter4/framework/system/Model.php(183): CodeIgniter\Database\BaseBuilder->get()
#3 /var/www/astraagrolestari-weightbridge-v3/vendor/codeigniter4/framework/system/BaseModel.php(584): CodeIgniter\Model->doFindAll()
#4 /var/www/astraagrolestari-weightbridge-v3/app/Controllers/Cron.php(261): CodeIgniter\BaseModel->findAll()
#5 /var/www/astraagrolestari-weightbridge-v3/vendor/codeigniter4/framework/system/CodeIgniter.php(802): App\Controllers\Cron->sendWbIn()
#6 /var/www/astraagrolestari-weightbridge-v3/vendor/codeigniter4/framework/system/CodeIgniter.php(399): CodeIgniter\CodeIgniter->runController()
#7 /var/www/astraagrolestari-weightbridge-v3/vendor/codeigniter4/framework/system/CodeIgniter.php(317): CodeIgniter\CodeIgniter->handleRequest()
#8 /var/www/astraagrolestari-weightbridge-v3/public/index.php(37): CodeIgniter\CodeIgniter->run()
#9 {main}
ERROR - 2023-12-04 21:24:01 --> Error connecting to the database: Access denied for user '****'@'localhost' (using password: YES)
CRITICAL - 2023-12-04 21:24:01 --> Unable to connect to the database.
Main connection [MySQLi]: Access denied for user '****'@'localhost' (using password: YES)
#0 /var/www/astraagrolestari-weightbridge-v3/vendor/codeigniter4/framework/system/Database/BaseConnection.php(570): CodeIgniter\Database\BaseConnection->initialize()
#1 /var/www/astraagrolestari-weightbridge-v3/vendor/codeigniter4/framework/system/Database/BaseBuilder.php(1428): CodeIgniter\Database\BaseConnection->query()
#2 /var/www/astraagrolestari-weightbridge-v3/vendor/codeigniter4/framework/system/Model.php(183): CodeIgniter\Database\BaseBuilder->get()
#3 /var/www/astraagrolestari-weightbridge-v3/vendor/codeigniter4/framework/system/BaseModel.php(584): CodeIgniter\Model->doFindAll()
#4 /var/www/astraagrolestari-weightbridge-v3/app/Controllers/Cron.php(261): CodeIgniter\BaseModel->findAll()
#5 /var/www/astraagrolestari-weightbridge-v3/vendor/codeigniter4/framework/system/CodeIgniter.php(802): App\Controllers\Cron->sendWbIn()
#6 /var/www/astraagrolestari-weightbridge-v3/vendor/codeigniter4/framework/system/CodeIgniter.php(399): CodeIgniter\CodeIgniter->runController()
#7 /var/www/astraagrolestari-weightbridge-v3/vendor/codeigniter4/framework/system/CodeIgniter.php(317): CodeIgniter\CodeIgniter->handleRequest()
#8 /var/www/astraagrolestari-weightbridge-v3/public/index.php(37): CodeIgniter\CodeIgniter->run()
#9 {main}
ERROR - 2023-12-04 21:26:01 --> Error connecting to the database: Access denied for user '****'@'localhost' (using password: YES)
CRITICAL - 2023-12-04 21:26:01 --> Unable to connect to the database.
Main connection [MySQLi]: Access denied for user '****'@'localhost' (using password: YES)
#0 /var/www/astraagrolestari-weightbridge-v3/vendor/codeigniter4/framework/system/Database/BaseConnection.php(570): CodeIgniter\Database\BaseConnection->initialize()
#1 /var/www/astraagrolestari-weightbridge-v3/vendor/codeigniter4/framework/system/Database/BaseBuilder.php(1428): CodeIgniter\Database\BaseConnection->query()
#2 /var/www/astraagrolestari-weightbridge-v3/vendor/codeigniter4/framework/system/Model.php(183): CodeIgniter\Database\BaseBuilder->get()
#3 /var/www/astraagrolestari-weightbridge-v3/vendor/codeigniter4/framework/system/BaseModel.php(584): CodeIgniter\Model->doFindAll()
#4 /var/www/astraagrolestari-weightbridge-v3/app/Controllers/Cron.php(261): CodeIgniter\BaseModel->findAll()
#5 /var/www/astraagrolestari-weightbridge-v3/vendor/codeigniter4/framework/system/CodeIgniter.php(802): App\Controllers\Cron->sendWbIn()
#6 /var/www/astraagrolestari-weightbridge-v3/vendor/codeigniter4/framework/system/CodeIgniter.php(399): CodeIgniter\CodeIgniter->runController()
#7 /var/www/astraagrolestari-weightbridge-v3/vendor/codeigniter4/framework/system/CodeIgniter.php(317): CodeIgniter\CodeIgniter->handleRequest()
#8 /var/www/astraagrolestari-weightbridge-v3/public/index.php(37): CodeIgniter\CodeIgniter->run()
#9 {main}
