CRITICAL - 2022-07-07 00:38:42 --> fopen(/dev/ttyUSB0): failed to open stream: No such file or directory
#0 [internal function]: CodeIgniter\Debug\Exceptions->errorHandler(2, 'fopen(/dev/ttyU...', 'C:\\xampp\\htdocs...', 91, Array)
#1 C:\xampp\htdocs\astraagrolestari-weightbridge\app\Controllers\Timbang.php(91): fopen('/dev/ttyUSB0', 'rb+')
#2 C:\xampp\htdocs\astraagrolestari-weightbridge\app\Controllers\Timbang.php(54): App\Controllers\Timbang->getRawNFCData()
#3 C:\xampp\htdocs\astraagrolestari-weightbridge\vendor\codeigniter4\framework\system\CodeIgniter.php(802): App\Controllers\Timbang->nfcRead()
#4 C:\xampp\htdocs\astraagrolestari-weightbridge\vendor\codeigniter4\framework\system\CodeIgniter.php(399): CodeIgniter\CodeIgniter->runController(Object(App\Controllers\Timbang))
#5 C:\xampp\htdocs\astraagrolestari-weightbridge\vendor\codeigniter4\framework\system\CodeIgniter.php(317): CodeIgniter\CodeIgniter->handleRequest(NULL, Object(Config\Cache), false)
#6 C:\xampp\htdocs\astraagrolestari-weightbridge\public\index.php(37): CodeIgniter\CodeIgniter->run()
#7 {main}
CRITICAL - 2022-07-07 00:40:54 --> fopen(COM5): failed to open stream: Permission denied
#0 [internal function]: CodeIgniter\Debug\Exceptions->errorHandler(2, 'fopen(COM5): fa...', 'C:\\xampp\\htdocs...', 92, Array)
#1 C:\xampp\htdocs\astraagrolestari-weightbridge\app\Controllers\Timbang.php(92): fopen('COM5', 'rb+')
#2 C:\xampp\htdocs\astraagrolestari-weightbridge\app\Controllers\Timbang.php(54): App\Controllers\Timbang->getRawNFCData()
#3 C:\xampp\htdocs\astraagrolestari-weightbridge\vendor\codeigniter4\framework\system\CodeIgniter.php(802): App\Controllers\Timbang->nfcRead()
#4 C:\xampp\htdocs\astraagrolestari-weightbridge\vendor\codeigniter4\framework\system\CodeIgniter.php(399): CodeIgniter\CodeIgniter->runController(Object(App\Controllers\Timbang))
#5 C:\xampp\htdocs\astraagrolestari-weightbridge\vendor\codeigniter4\framework\system\CodeIgniter.php(317): CodeIgniter\CodeIgniter->handleRequest(NULL, Object(Config\Cache), false)
#6 C:\xampp\htdocs\astraagrolestari-weightbridge\public\index.php(37): CodeIgniter\CodeIgniter->run()
#7 {main}
CRITICAL - 2022-07-07 00:40:57 --> fopen(COM5): failed to open stream: Permission denied
#0 [internal function]: CodeIgniter\Debug\Exceptions->errorHandler(2, 'fopen(COM5): fa...', 'C:\\xampp\\htdocs...', 92, Array)
#1 C:\xampp\htdocs\astraagrolestari-weightbridge\app\Controllers\Timbang.php(92): fopen('COM5', 'rb+')
#2 C:\xampp\htdocs\astraagrolestari-weightbridge\app\Controllers\Timbang.php(54): App\Controllers\Timbang->getRawNFCData()
#3 C:\xampp\htdocs\astraagrolestari-weightbridge\vendor\codeigniter4\framework\system\CodeIgniter.php(802): App\Controllers\Timbang->nfcRead()
#4 C:\xampp\htdocs\astraagrolestari-weightbridge\vendor\codeigniter4\framework\system\CodeIgniter.php(399): CodeIgniter\CodeIgniter->runController(Object(App\Controllers\Timbang))
#5 C:\xampp\htdocs\astraagrolestari-weightbridge\vendor\codeigniter4\framework\system\CodeIgniter.php(317): CodeIgniter\CodeIgniter->handleRequest(NULL, Object(Config\Cache), false)
#6 C:\xampp\htdocs\astraagrolestari-weightbridge\public\index.php(37): CodeIgniter\CodeIgniter->run()
#7 {main}
CRITICAL - 2022-07-07 00:43:04 --> fopen(COM5): failed to open stream: Permission denied
#0 [internal function]: CodeIgniter\Debug\Exceptions->errorHandler(2, 'fopen(COM5): fa...', 'C:\\xampp\\htdocs...', 92, Array)
#1 C:\xampp\htdocs\astraagrolestari-weightbridge\app\Controllers\Timbang.php(92): fopen('COM5', 'rb+')
#2 C:\xampp\htdocs\astraagrolestari-weightbridge\app\Controllers\Timbang.php(54): App\Controllers\Timbang->getRawNFCData()
#3 C:\xampp\htdocs\astraagrolestari-weightbridge\vendor\codeigniter4\framework\system\CodeIgniter.php(802): App\Controllers\Timbang->nfcRead()
#4 C:\xampp\htdocs\astraagrolestari-weightbridge\vendor\codeigniter4\framework\system\CodeIgniter.php(399): CodeIgniter\CodeIgniter->runController(Object(App\Controllers\Timbang))
#5 C:\xampp\htdocs\astraagrolestari-weightbridge\vendor\codeigniter4\framework\system\CodeIgniter.php(317): CodeIgniter\CodeIgniter->handleRequest(NULL, Object(Config\Cache), false)
#6 C:\xampp\htdocs\astraagrolestari-weightbridge\public\index.php(37): CodeIgniter\CodeIgniter->run()
#7 {main}
CRITICAL - 2022-07-07 00:44:00 --> fopen(COM5): failed to open stream: Permission denied
#0 [internal function]: CodeIgniter\Debug\Exceptions->errorHandler(2, 'fopen(COM5): fa...', 'C:\\xampp\\htdocs...', 92, Array)
#1 C:\xampp\htdocs\astraagrolestari-weightbridge\app\Controllers\Timbang.php(92): fopen('COM5', 'rb+')
#2 C:\xampp\htdocs\astraagrolestari-weightbridge\app\Controllers\Timbang.php(54): App\Controllers\Timbang->getRawNFCData()
#3 C:\xampp\htdocs\astraagrolestari-weightbridge\vendor\codeigniter4\framework\system\CodeIgniter.php(802): App\Controllers\Timbang->nfcRead()
#4 C:\xampp\htdocs\astraagrolestari-weightbridge\vendor\codeigniter4\framework\system\CodeIgniter.php(399): CodeIgniter\CodeIgniter->runController(Object(App\Controllers\Timbang))
#5 C:\xampp\htdocs\astraagrolestari-weightbridge\vendor\codeigniter4\framework\system\CodeIgniter.php(317): CodeIgniter\CodeIgniter->handleRequest(NULL, Object(Config\Cache), false)
#6 C:\xampp\htdocs\astraagrolestari-weightbridge\public\index.php(37): CodeIgniter\CodeIgniter->run()
#7 {main}
CRITICAL - 2022-07-07 00:48:47 --> fopen(COM5): failed to open stream: Permission denied
#0 [internal function]: CodeIgniter\Debug\Exceptions->errorHandler(2, 'fopen(COM5): fa...', 'C:\\xampp\\htdocs...', 93, Array)
#1 C:\xampp\htdocs\astraagrolestari-weightbridge\app\Controllers\Timbang.php(93): fopen('COM5', 'rb+')
#2 C:\xampp\htdocs\astraagrolestari-weightbridge\app\Controllers\Timbang.php(54): App\Controllers\Timbang->getRawNFCData()
#3 C:\xampp\htdocs\astraagrolestari-weightbridge\vendor\codeigniter4\framework\system\CodeIgniter.php(802): App\Controllers\Timbang->nfcRead()
#4 C:\xampp\htdocs\astraagrolestari-weightbridge\vendor\codeigniter4\framework\system\CodeIgniter.php(399): CodeIgniter\CodeIgniter->runController(Object(App\Controllers\Timbang))
#5 C:\xampp\htdocs\astraagrolestari-weightbridge\vendor\codeigniter4\framework\system\CodeIgniter.php(317): CodeIgniter\CodeIgniter->handleRequest(NULL, Object(Config\Cache), false)
#6 C:\xampp\htdocs\astraagrolestari-weightbridge\public\index.php(37): CodeIgniter\CodeIgniter->run()
#7 {main}
CRITICAL - 2022-07-07 00:48:57 --> fopen(COM5): failed to open stream: Permission denied
#0 [internal function]: CodeIgniter\Debug\Exceptions->errorHandler(2, 'fopen(COM5): fa...', 'C:\\xampp\\htdocs...', 93, Array)
#1 C:\xampp\htdocs\astraagrolestari-weightbridge\app\Controllers\Timbang.php(93): fopen('COM5', 'rb+')
#2 C:\xampp\htdocs\astraagrolestari-weightbridge\app\Controllers\Timbang.php(54): App\Controllers\Timbang->getRawNFCData()
#3 C:\xampp\htdocs\astraagrolestari-weightbridge\vendor\codeigniter4\framework\system\CodeIgniter.php(802): App\Controllers\Timbang->nfcRead()
#4 C:\xampp\htdocs\astraagrolestari-weightbridge\vendor\codeigniter4\framework\system\CodeIgniter.php(399): CodeIgniter\CodeIgniter->runController(Object(App\Controllers\Timbang))
#5 C:\xampp\htdocs\astraagrolestari-weightbridge\vendor\codeigniter4\framework\system\CodeIgniter.php(317): CodeIgniter\CodeIgniter->handleRequest(NULL, Object(Config\Cache), false)
#6 C:\xampp\htdocs\astraagrolestari-weightbridge\public\index.php(37): CodeIgniter\CodeIgniter->run()
#7 {main}
CRITICAL - 2022-07-07 00:49:14 --> fopen(COM5): failed to open stream: Permission denied
#0 [internal function]: CodeIgniter\Debug\Exceptions->errorHandler(2, 'fopen(COM5): fa...', 'C:\\xampp\\htdocs...', 93, Array)
#1 C:\xampp\htdocs\astraagrolestari-weightbridge\app\Controllers\Timbang.php(93): fopen('COM5', 'rb+')
#2 C:\xampp\htdocs\astraagrolestari-weightbridge\app\Controllers\Timbang.php(54): App\Controllers\Timbang->getRawNFCData()
#3 C:\xampp\htdocs\astraagrolestari-weightbridge\vendor\codeigniter4\framework\system\CodeIgniter.php(802): App\Controllers\Timbang->nfcRead()
#4 C:\xampp\htdocs\astraagrolestari-weightbridge\vendor\codeigniter4\framework\system\CodeIgniter.php(399): CodeIgniter\CodeIgniter->runController(Object(App\Controllers\Timbang))
#5 C:\xampp\htdocs\astraagrolestari-weightbridge\vendor\codeigniter4\framework\system\CodeIgniter.php(317): CodeIgniter\CodeIgniter->handleRequest(NULL, Object(Config\Cache), false)
#6 C:\xampp\htdocs\astraagrolestari-weightbridge\public\index.php(37): CodeIgniter\CodeIgniter->run()
#7 {main}
CRITICAL - 2022-07-07 00:49:25 --> fopen(COM5): failed to open stream: Permission denied
#0 [internal function]: CodeIgniter\Debug\Exceptions->errorHandler(2, 'fopen(COM5): fa...', 'C:\\xampp\\htdocs...', 93, Array)
#1 C:\xampp\htdocs\astraagrolestari-weightbridge\app\Controllers\Timbang.php(93): fopen('COM5', 'rb+')
#2 C:\xampp\htdocs\astraagrolestari-weightbridge\app\Controllers\Timbang.php(54): App\Controllers\Timbang->getRawNFCData()
#3 C:\xampp\htdocs\astraagrolestari-weightbridge\vendor\codeigniter4\framework\system\CodeIgniter.php(802): App\Controllers\Timbang->nfcRead()
#4 C:\xampp\htdocs\astraagrolestari-weightbridge\vendor\codeigniter4\framework\system\CodeIgniter.php(399): CodeIgniter\CodeIgniter->runController(Object(App\Controllers\Timbang))
#5 C:\xampp\htdocs\astraagrolestari-weightbridge\vendor\codeigniter4\framework\system\CodeIgniter.php(317): CodeIgniter\CodeIgniter->handleRequest(NULL, Object(Config\Cache), false)
#6 C:\xampp\htdocs\astraagrolestari-weightbridge\public\index.php(37): CodeIgniter\CodeIgniter->run()
#7 {main}
CRITICAL - 2022-07-07 00:49:34 --> fopen(COM5): failed to open stream: Permission denied
#0 [internal function]: CodeIgniter\Debug\Exceptions->errorHandler(2, 'fopen(COM5): fa...', 'C:\\xampp\\htdocs...', 93, Array)
#1 C:\xampp\htdocs\astraagrolestari-weightbridge\app\Controllers\Timbang.php(93): fopen('COM5', 'rb+')
#2 C:\xampp\htdocs\astraagrolestari-weightbridge\app\Controllers\Timbang.php(54): App\Controllers\Timbang->getRawNFCData()
#3 C:\xampp\htdocs\astraagrolestari-weightbridge\vendor\codeigniter4\framework\system\CodeIgniter.php(802): App\Controllers\Timbang->nfcRead()
#4 C:\xampp\htdocs\astraagrolestari-weightbridge\vendor\codeigniter4\framework\system\CodeIgniter.php(399): CodeIgniter\CodeIgniter->runController(Object(App\Controllers\Timbang))
#5 C:\xampp\htdocs\astraagrolestari-weightbridge\vendor\codeigniter4\framework\system\CodeIgniter.php(317): CodeIgniter\CodeIgniter->handleRequest(NULL, Object(Config\Cache), false)
#6 C:\xampp\htdocs\astraagrolestari-weightbridge\public\index.php(37): CodeIgniter\CodeIgniter->run()
#7 {main}
CRITICAL - 2022-07-07 01:40:36 --> fopen(COM5): failed to open stream: Permission denied
#0 [internal function]: CodeIgniter\Debug\Exceptions->errorHandler(2, 'fopen(COM5): fa...', 'C:\\xampp\\htdocs...', 107, Array)
#1 C:\xampp\htdocs\astraagrolestari-weightbridge\app\Controllers\Timbang.php(107): fopen('COM5', 'rb+')
#2 C:\xampp\htdocs\astraagrolestari-weightbridge\app\Controllers\Timbang.php(68): App\Controllers\Timbang->getRawNFCData()
#3 C:\xampp\htdocs\astraagrolestari-weightbridge\vendor\codeigniter4\framework\system\CodeIgniter.php(802): App\Controllers\Timbang->nfcRead()
#4 C:\xampp\htdocs\astraagrolestari-weightbridge\vendor\codeigniter4\framework\system\CodeIgniter.php(399): CodeIgniter\CodeIgniter->runController(Object(App\Controllers\Timbang))
#5 C:\xampp\htdocs\astraagrolestari-weightbridge\vendor\codeigniter4\framework\system\CodeIgniter.php(317): CodeIgniter\CodeIgniter->handleRequest(NULL, Object(Config\Cache), false)
#6 C:\xampp\htdocs\astraagrolestari-weightbridge\public\index.php(37): CodeIgniter\CodeIgniter->run()
#7 {main}
ERROR - 2022-07-07 02:34:49 --> Unknown column 'm_parameter_values.description' in 'where clause'
ERROR - 2022-07-07 02:34:50 --> Unknown column 'm_parameter_values.description' in 'where clause'
ERROR - 2022-07-07 02:34:51 --> Unknown column 'm_parameter_values.description' in 'where clause'
