ERROR - 2023-06-13 07:41:53 --> Duplicate entry 'SPP1P1230613199' for key 'tr_wb.PRIMARY'
ERROR - 2023-06-13 07:41:53 --> Duplicate entry 'SPP1P1230613199-46:67:F9:1C;;SPP1;1306231219;1;1;OJ;031;K016;KZR' for key 'tr_kab.chitnocvalue'
CRITICAL - 2023-06-13 08:22:11 --> Failed to parse json string, error: "Malformed UTF-8 characters, possibly incorrectly encoded".
#0 /var/www/astraagrolestari-weightbridge/vendor/codeigniter4/framework/system/Format/JSONFormatter.php(41): CodeIgniter\Format\Exceptions\FormatException::forInvalidJSON()
#1 /var/www/astraagrolestari-weightbridge/vendor/codeigniter4/framework/system/HTTP/ResponseTrait.php(317): CodeIgniter\Format\JSONFormatter->format()
#2 /var/www/astraagrolestari-weightbridge/vendor/codeigniter4/framework/system/HTTP/ResponseTrait.php(243): CodeIgniter\HTTP\Response->formatBody()
#3 /var/www/astraagrolestari-weightbridge/app/Controllers/Timbang.php(649): CodeIgniter\HTTP\Response->setJSON()
#4 /var/www/astraagrolestari-weightbridge/vendor/codeigniter4/framework/system/CodeIgniter.php(802): App\Controllers\Timbang->writeKab()
#5 /var/www/astraagrolestari-weightbridge/vendor/codeigniter4/framework/system/CodeIgniter.php(399): CodeIgniter\CodeIgniter->runController()
#6 /var/www/astraagrolestari-weightbridge/vendor/codeigniter4/framework/system/CodeIgniter.php(317): CodeIgniter\CodeIgniter->handleRequest()
#7 /var/www/astraagrolestari-weightbridge/public/index.php(37): CodeIgniter\CodeIgniter->run()
#8 {main}
CRITICAL - 2023-06-13 15:10:56 --> Failed to parse json string, error: "Malformed UTF-8 characters, possibly incorrectly encoded".
#0 /var/www/astraagrolestari-weightbridge/vendor/codeigniter4/framework/system/Format/JSONFormatter.php(41): CodeIgniter\Format\Exceptions\FormatException::forInvalidJSON()
#1 /var/www/astraagrolestari-weightbridge/vendor/codeigniter4/framework/system/HTTP/ResponseTrait.php(317): CodeIgniter\Format\JSONFormatter->format()
#2 /var/www/astraagrolestari-weightbridge/vendor/codeigniter4/framework/system/HTTP/ResponseTrait.php(243): CodeIgniter\HTTP\Response->formatBody()
#3 /var/www/astraagrolestari-weightbridge/app/Controllers/Timbang.php(649): CodeIgniter\HTTP\Response->setJSON()
#4 /var/www/astraagrolestari-weightbridge/vendor/codeigniter4/framework/system/CodeIgniter.php(802): App\Controllers\Timbang->writeKab()
#5 /var/www/astraagrolestari-weightbridge/vendor/codeigniter4/framework/system/CodeIgniter.php(399): CodeIgniter\CodeIgniter->runController()
#6 /var/www/astraagrolestari-weightbridge/vendor/codeigniter4/framework/system/CodeIgniter.php(317): CodeIgniter\CodeIgniter->handleRequest()
#7 /var/www/astraagrolestari-weightbridge/public/index.php(37): CodeIgniter\CodeIgniter->run()
#8 {main}
