CRITICAL - 2022-06-29 06:05:40 --> fopen(COM5): failed to open stream: No such file or directory
#0 [internal function]: CodeIgniter\Debug\Exceptions->errorHandler(2, 'fopen(COM5): fa...', 'C:\\xampp\\htdocs...', 91, Array)
#1 C:\xampp\htdocs\astraagrolestari-weightbridge\app\Controllers\Timbang.php(91): fopen('COM5', 'rb+')
#2 C:\xampp\htdocs\astraagrolestari-weightbridge\app\Controllers\Timbang.php(54): App\Controllers\Timbang->getRawNFCData()
#3 C:\xampp\htdocs\astraagrolestari-weightbridge\vendor\codeigniter4\framework\system\CodeIgniter.php(802): App\Controllers\Timbang->nfcRead()
#4 C:\xampp\htdocs\astraagrolestari-weightbridge\vendor\codeigniter4\framework\system\CodeIgniter.php(399): CodeIgniter\CodeIgniter->runController(Object(App\Controllers\Timbang))
#5 C:\xampp\htdocs\astraagrolestari-weightbridge\vendor\codeigniter4\framework\system\CodeIgniter.php(317): CodeIgniter\CodeIgniter->handleRequest(NULL, Object(Config\Cache), false)
#6 C:\xampp\htdocs\astraagrolestari-weightbridge\public\index.php(37): CodeIgniter\CodeIgniter->run()
#7 {main}
ERROR - 2022-06-29 07:17:02 --> Unknown column 'm_parameter_values.description' in 'where clause'
ERROR - 2022-06-29 07:17:02 --> Unknown column 'm_parameter_values.description' in 'where clause'
ERROR - 2022-06-29 07:17:02 --> Unknown column 'm_parameter_values.description' in 'where clause'
ERROR - 2022-06-29 07:17:03 --> Unknown column 'm_parameter_values.description' in 'where clause'
ERROR - 2022-06-29 07:17:05 --> Unknown column 'm_parameter_values.description' in 'where clause'
ERROR - 2022-06-29 07:17:05 --> Unknown column 'm_parameter_values.description' in 'where clause'
ERROR - 2022-06-29 07:17:06 --> Unknown column 'm_parameter_values.description' in 'where clause'
ERROR - 2022-06-29 07:17:07 --> Unknown column 'm_parameter_values.description' in 'where clause'
ERROR - 2022-06-29 07:17:09 --> Unknown column 'm_parameter_values.description' in 'where clause'
ERROR - 2022-06-29 07:17:13 --> Unknown column 'm_parameter_values.description' in 'where clause'
ERROR - 2022-06-29 07:36:57 --> Unknown column 'm_parameter_values.description' in 'where clause'
ERROR - 2022-06-29 08:06:17 --> Unknown column 'm_parameter_values.description' in 'where clause'
ERROR - 2022-06-29 08:06:18 --> Unknown column 'm_parameter_values.description' in 'where clause'
ERROR - 2022-06-29 08:09:08 --> Unknown column 'm_parameter_values.description' in 'where clause'
ERROR - 2022-06-29 08:09:09 --> Unknown column 'm_parameter_values.description' in 'where clause'
ERROR - 2022-06-29 08:09:10 --> Unknown column 'm_parameter_values.description' in 'where clause'
ERROR - 2022-06-29 08:09:11 --> Unknown column 'm_parameter_values.description' in 'where clause'
CRITICAL - 2022-06-29 20:52:44 --> fopen(COM5): failed to open stream: Permission denied
#0 [internal function]: CodeIgniter\Debug\Exceptions->errorHandler(2, 'fopen(COM5): fa...', 'C:\\xampp\\htdocs...', 91, Array)
#1 C:\xampp\htdocs\astraagrolestari-weightbridge\app\Controllers\Timbang.php(91): fopen('COM5', 'rb+')
#2 C:\xampp\htdocs\astraagrolestari-weightbridge\app\Controllers\Timbang.php(54): App\Controllers\Timbang->getRawNFCData()
#3 C:\xampp\htdocs\astraagrolestari-weightbridge\vendor\codeigniter4\framework\system\CodeIgniter.php(802): App\Controllers\Timbang->nfcRead()
#4 C:\xampp\htdocs\astraagrolestari-weightbridge\vendor\codeigniter4\framework\system\CodeIgniter.php(399): CodeIgniter\CodeIgniter->runController(Object(App\Controllers\Timbang))
#5 C:\xampp\htdocs\astraagrolestari-weightbridge\vendor\codeigniter4\framework\system\CodeIgniter.php(317): CodeIgniter\CodeIgniter->handleRequest(NULL, Object(Config\Cache), false)
#6 C:\xampp\htdocs\astraagrolestari-weightbridge\public\index.php(37): CodeIgniter\CodeIgniter->run()
#7 {main}
ERROR - 2022-06-29 21:07:40 --> Unknown column 'm_parameter_values.description' in 'where clause'
ERROR - 2022-06-29 21:08:34 --> Unknown column 'm_parameter_values.description' in 'where clause'
ERROR - 2022-06-29 21:08:41 --> Unknown column 'm_parameter_values.description' in 'where clause'
ERROR - 2022-06-29 21:10:07 --> Unknown column 'm_parameter_values.description' in 'where clause'
ERROR - 2022-06-29 21:10:09 --> Table 'sai1wb.v_jjg_blok' doesn't exist
CRITICAL - 2022-06-29 21:10:09 --> Call to a member function getFirstRow() on bool
#0 C:\xampp\htdocs\astraagrolestari-weightbridge\vendor\codeigniter4\framework\system\BaseModel.php(622): CodeIgniter\Model->doFirst()
#1 C:\xampp\htdocs\astraagrolestari-weightbridge\app\Controllers\DataTimbang.php(248): CodeIgniter\BaseModel->first()
#2 C:\xampp\htdocs\astraagrolestari-weightbridge\vendor\codeigniter4\framework\system\CodeIgniter.php(802): App\Controllers\DataTimbang->nota('EDI1P1220609002')
#3 C:\xampp\htdocs\astraagrolestari-weightbridge\vendor\codeigniter4\framework\system\CodeIgniter.php(399): CodeIgniter\CodeIgniter->runController(Object(App\Controllers\DataTimbang))
#4 C:\xampp\htdocs\astraagrolestari-weightbridge\vendor\codeigniter4\framework\system\CodeIgniter.php(317): CodeIgniter\CodeIgniter->handleRequest(NULL, Object(Config\Cache), false)
#5 C:\xampp\htdocs\astraagrolestari-weightbridge\public\index.php(37): CodeIgniter\CodeIgniter->run()
#6 {main}
ERROR - 2022-06-29 21:11:34 --> Table 'sai1wb.v_jjg_blok' doesn't exist
CRITICAL - 2022-06-29 21:11:34 --> Call to a member function getFirstRow() on bool
#0 C:\xampp\htdocs\astraagrolestari-weightbridge\vendor\codeigniter4\framework\system\BaseModel.php(622): CodeIgniter\Model->doFirst()
#1 C:\xampp\htdocs\astraagrolestari-weightbridge\app\Controllers\DataTimbang.php(248): CodeIgniter\BaseModel->first()
#2 C:\xampp\htdocs\astraagrolestari-weightbridge\vendor\codeigniter4\framework\system\CodeIgniter.php(802): App\Controllers\DataTimbang->nota('EDI1P1220609002')
#3 C:\xampp\htdocs\astraagrolestari-weightbridge\vendor\codeigniter4\framework\system\CodeIgniter.php(399): CodeIgniter\CodeIgniter->runController(Object(App\Controllers\DataTimbang))
#4 C:\xampp\htdocs\astraagrolestari-weightbridge\vendor\codeigniter4\framework\system\CodeIgniter.php(317): CodeIgniter\CodeIgniter->handleRequest(NULL, Object(Config\Cache), false)
#5 C:\xampp\htdocs\astraagrolestari-weightbridge\public\index.php(37): CodeIgniter\CodeIgniter->run()
#6 {main}
ERROR - 2022-06-29 21:12:58 --> Unknown column 'v_blok_jjgchitnumber' in 'on clause'
CRITICAL - 2022-06-29 21:12:58 --> Call to a member function getFirstRow() on bool
#0 C:\xampp\htdocs\astraagrolestari-weightbridge\vendor\codeigniter4\framework\system\BaseModel.php(622): CodeIgniter\Model->doFirst()
#1 C:\xampp\htdocs\astraagrolestari-weightbridge\app\Controllers\DataTimbang.php(248): CodeIgniter\BaseModel->first()
#2 C:\xampp\htdocs\astraagrolestari-weightbridge\vendor\codeigniter4\framework\system\CodeIgniter.php(802): App\Controllers\DataTimbang->nota('EDI1P1220609002')
#3 C:\xampp\htdocs\astraagrolestari-weightbridge\vendor\codeigniter4\framework\system\CodeIgniter.php(399): CodeIgniter\CodeIgniter->runController(Object(App\Controllers\DataTimbang))
#4 C:\xampp\htdocs\astraagrolestari-weightbridge\vendor\codeigniter4\framework\system\CodeIgniter.php(317): CodeIgniter\CodeIgniter->handleRequest(NULL, Object(Config\Cache), false)
#5 C:\xampp\htdocs\astraagrolestari-weightbridge\public\index.php(37): CodeIgniter\CodeIgniter->run()
#6 {main}
ERROR - 2022-06-29 21:13:01 --> Unknown column 'v_blok_jjgchitnumber' in 'on clause'
CRITICAL - 2022-06-29 21:13:01 --> Call to a member function getFirstRow() on bool
#0 C:\xampp\htdocs\astraagrolestari-weightbridge\vendor\codeigniter4\framework\system\BaseModel.php(622): CodeIgniter\Model->doFirst()
#1 C:\xampp\htdocs\astraagrolestari-weightbridge\app\Controllers\DataTimbang.php(248): CodeIgniter\BaseModel->first()
#2 C:\xampp\htdocs\astraagrolestari-weightbridge\vendor\codeigniter4\framework\system\CodeIgniter.php(802): App\Controllers\DataTimbang->nota('EDI1P1220609002')
#3 C:\xampp\htdocs\astraagrolestari-weightbridge\vendor\codeigniter4\framework\system\CodeIgniter.php(399): CodeIgniter\CodeIgniter->runController(Object(App\Controllers\DataTimbang))
#4 C:\xampp\htdocs\astraagrolestari-weightbridge\vendor\codeigniter4\framework\system\CodeIgniter.php(317): CodeIgniter\CodeIgniter->handleRequest(NULL, Object(Config\Cache), false)
#5 C:\xampp\htdocs\astraagrolestari-weightbridge\public\index.php(37): CodeIgniter\CodeIgniter->run()
#6 {main}
ERROR - 2022-06-29 21:13:11 --> Unknown column 'm_parameter_values.description' in 'where clause'
ERROR - 2022-06-29 21:13:11 --> Unknown column 'm_parameter_values.description' in 'where clause'
ERROR - 2022-06-29 21:13:12 --> Unknown column 'm_parameter_values.description' in 'where clause'
ERROR - 2022-06-29 21:13:17 --> Unknown column 'v_blok_jjgchitnumber' in 'on clause'
CRITICAL - 2022-06-29 21:13:17 --> Call to a member function getFirstRow() on bool
#0 C:\xampp\htdocs\astraagrolestari-weightbridge\vendor\codeigniter4\framework\system\BaseModel.php(622): CodeIgniter\Model->doFirst()
#1 C:\xampp\htdocs\astraagrolestari-weightbridge\app\Controllers\DataTimbang.php(248): CodeIgniter\BaseModel->first()
#2 C:\xampp\htdocs\astraagrolestari-weightbridge\vendor\codeigniter4\framework\system\CodeIgniter.php(802): App\Controllers\DataTimbang->nota('SAI1P1220629002')
#3 C:\xampp\htdocs\astraagrolestari-weightbridge\vendor\codeigniter4\framework\system\CodeIgniter.php(399): CodeIgniter\CodeIgniter->runController(Object(App\Controllers\DataTimbang))
#4 C:\xampp\htdocs\astraagrolestari-weightbridge\vendor\codeigniter4\framework\system\CodeIgniter.php(317): CodeIgniter\CodeIgniter->handleRequest(NULL, Object(Config\Cache), false)
#5 C:\xampp\htdocs\astraagrolestari-weightbridge\public\index.php(37): CodeIgniter\CodeIgniter->run()
#6 {main}
ERROR - 2022-06-29 21:17:41 --> Unknown column 'm_parameter_values.description' in 'where clause'
ERROR - 2022-06-29 21:17:41 --> Unknown column 'm_parameter_values.description' in 'where clause'
ERROR - 2022-06-29 21:17:45 --> Unknown column 'm_parameter_values.description' in 'where clause'
