ERROR - 2022-11-30 00:16:42 --> Duplicate entry 'EDI1P1221130003' for key 'tr_wb.PRIMARY'
CRITICAL - 2022-11-30 00:16:42 --> Duplicate entry 'EDI1P1221130003' for key 'tr_wb.PRIMARY'
#0 /var/www/astraagrolestari-weightbridge/vendor/codeigniter4/framework/system/Database/MySQLi/Connection.php(280): mysqli->query()
#1 /var/www/astraagrolestari-weightbridge/vendor/codeigniter4/framework/system/Database/BaseConnection.php(663): CodeIgniter\Database\MySQLi\Connection->execute()
#2 /var/www/astraagrolestari-weightbridge/vendor/codeigniter4/framework/system/Database/BaseConnection.php(591): CodeIgniter\Database\BaseConnection->simpleQuery()
#3 /var/www/astraagrolestari-weightbridge/vendor/codeigniter4/framework/system/Database/BaseBuilder.php(1612): CodeIgniter\Database\BaseConnection->query()
#4 /var/www/astraagrolestari-weightbridge/vendor/codeigniter4/framework/system/Model.php(272): CodeIgniter\Database\BaseBuilder->insertBatch()
#5 /var/www/astraagrolestari-weightbridge/vendor/codeigniter4/framework/system/BaseModel.php(814): CodeIgniter\Model->doInsertBatch()
#6 /var/www/astraagrolestari-weightbridge/app/Controllers/Timbang.php(1023): CodeIgniter\BaseModel->insertBatch()
#7 /var/www/astraagrolestari-weightbridge/vendor/codeigniter4/framework/system/CodeIgniter.php(802): App\Controllers\Timbang->save()
#8 /var/www/astraagrolestari-weightbridge/vendor/codeigniter4/framework/system/CodeIgniter.php(399): CodeIgniter\CodeIgniter->runController()
#9 /var/www/astraagrolestari-weightbridge/vendor/codeigniter4/framework/system/CodeIgniter.php(317): CodeIgniter\CodeIgniter->handleRequest()
#10 /var/www/astraagrolestari-weightbridge/public/index.php(37): CodeIgniter\CodeIgniter->run()
#11 {main}
CRITICAL - 2022-11-30 06:37:43 --> Undefined property: App\Controllers\Master\Users::$load
#0 /var/www/astraagrolestari-weightbridge/app/Controllers/Master/Users.php(129): CodeIgniter\Debug\Exceptions->errorHandler()
#1 /var/www/astraagrolestari-weightbridge/app/Controllers/Master/Users.php(165): App\Controllers\Master\Users->updgradeDB()
#2 /var/www/astraagrolestari-weightbridge/vendor/codeigniter4/framework/system/CodeIgniter.php(802): App\Controllers\Master\Users->login()
#3 /var/www/astraagrolestari-weightbridge/vendor/codeigniter4/framework/system/CodeIgniter.php(399): CodeIgniter\CodeIgniter->runController()
#4 /var/www/astraagrolestari-weightbridge/vendor/codeigniter4/framework/system/CodeIgniter.php(317): CodeIgniter\CodeIgniter->handleRequest()
#5 /var/www/astraagrolestari-weightbridge/public/index.php(37): CodeIgniter\CodeIgniter->run()
#6 {main}
CRITICAL - 2022-11-30 06:39:04 --> Undefined property: App\Controllers\Master\Users::$load
#0 /var/www/astraagrolestari-weightbridge/app/Controllers/Master/Users.php(129): CodeIgniter\Debug\Exceptions->errorHandler()
#1 /var/www/astraagrolestari-weightbridge/app/Controllers/Master/Users.php(165): App\Controllers\Master\Users->updgradeDB()
#2 /var/www/astraagrolestari-weightbridge/vendor/codeigniter4/framework/system/CodeIgniter.php(802): App\Controllers\Master\Users->login()
#3 /var/www/astraagrolestari-weightbridge/vendor/codeigniter4/framework/system/CodeIgniter.php(399): CodeIgniter\CodeIgniter->runController()
#4 /var/www/astraagrolestari-weightbridge/vendor/codeigniter4/framework/system/CodeIgniter.php(317): CodeIgniter\CodeIgniter->handleRequest()
#5 /var/www/astraagrolestari-weightbridge/public/index.php(37): CodeIgniter\CodeIgniter->run()
#6 {main}
CRITICAL - 2022-11-30 06:42:31 --> Undefined property: App\Controllers\Master\Users::$dbforge
#0 /var/www/astraagrolestari-weightbridge/app/Controllers/Master/Users.php(131): CodeIgniter\Debug\Exceptions->errorHandler()
#1 /var/www/astraagrolestari-weightbridge/app/Controllers/Master/Users.php(166): App\Controllers\Master\Users->upgradeDB()
#2 /var/www/astraagrolestari-weightbridge/vendor/codeigniter4/framework/system/CodeIgniter.php(802): App\Controllers\Master\Users->login()
#3 /var/www/astraagrolestari-weightbridge/vendor/codeigniter4/framework/system/CodeIgniter.php(399): CodeIgniter\CodeIgniter->runController()
#4 /var/www/astraagrolestari-weightbridge/vendor/codeigniter4/framework/system/CodeIgniter.php(317): CodeIgniter\CodeIgniter->handleRequest()
#5 /var/www/astraagrolestari-weightbridge/public/index.php(37): CodeIgniter\CodeIgniter->run()
#6 {main}
CRITICAL - 2022-11-30 06:43:11 --> Undefined property: App\Controllers\Master\Users::$dbforge
#0 /var/www/astraagrolestari-weightbridge/app/Controllers/Master/Users.php(132): CodeIgniter\Debug\Exceptions->errorHandler()
#1 /var/www/astraagrolestari-weightbridge/app/Controllers/Master/Users.php(167): App\Controllers\Master\Users->upgradeDB()
#2 /var/www/astraagrolestari-weightbridge/vendor/codeigniter4/framework/system/CodeIgniter.php(802): App\Controllers\Master\Users->login()
#3 /var/www/astraagrolestari-weightbridge/vendor/codeigniter4/framework/system/CodeIgniter.php(399): CodeIgniter\CodeIgniter->runController()
#4 /var/www/astraagrolestari-weightbridge/vendor/codeigniter4/framework/system/CodeIgniter.php(317): CodeIgniter\CodeIgniter->handleRequest()
#5 /var/www/astraagrolestari-weightbridge/public/index.php(37): CodeIgniter\CodeIgniter->run()
#6 {main}
CRITICAL - 2022-11-30 07:08:04 --> Call to undefined function App\Models\upgradeDB()
#0 /var/www/astraagrolestari-weightbridge/app/Controllers/Master/Users.php(134): App\Models\UpgradeModel->__construct()
#1 /var/www/astraagrolestari-weightbridge/vendor/codeigniter4/framework/system/CodeIgniter.php(802): App\Controllers\Master\Users->login()
#2 /var/www/astraagrolestari-weightbridge/vendor/codeigniter4/framework/system/CodeIgniter.php(399): CodeIgniter\CodeIgniter->runController()
#3 /var/www/astraagrolestari-weightbridge/vendor/codeigniter4/framework/system/CodeIgniter.php(317): CodeIgniter\CodeIgniter->handleRequest()
#4 /var/www/astraagrolestari-weightbridge/public/index.php(37): CodeIgniter\CodeIgniter->run()
#5 {main}
CRITICAL - 2022-11-30 07:08:36 --> You must set the database table to be used with your query.
#0 /var/www/astraagrolestari-weightbridge/vendor/codeigniter4/framework/system/Model.php(545): CodeIgniter\Database\BaseConnection->table()
#1 /var/www/astraagrolestari-weightbridge/vendor/codeigniter4/framework/system/Model.php(688): CodeIgniter\Model->builder()
#2 /var/www/astraagrolestari-weightbridge/app/Models/UpgradeModel.php(12): CodeIgniter\Model->__get()
#3 /var/www/astraagrolestari-weightbridge/app/Models/UpgradeModel.php(8): App\Models\UpgradeModel->upgradeDB()
#4 /var/www/astraagrolestari-weightbridge/app/Controllers/Master/Users.php(134): App\Models\UpgradeModel->__construct()
#5 /var/www/astraagrolestari-weightbridge/vendor/codeigniter4/framework/system/CodeIgniter.php(802): App\Controllers\Master\Users->login()
#6 /var/www/astraagrolestari-weightbridge/vendor/codeigniter4/framework/system/CodeIgniter.php(399): CodeIgniter\CodeIgniter->runController()
#7 /var/www/astraagrolestari-weightbridge/vendor/codeigniter4/framework/system/CodeIgniter.php(317): CodeIgniter\CodeIgniter->handleRequest()
#8 /var/www/astraagrolestari-weightbridge/public/index.php(37): CodeIgniter\CodeIgniter->run()
#9 {main}
CRITICAL - 2022-11-30 07:17:17 --> Undefined property: App\Controllers\Master\Users::$load
#0 /var/www/astraagrolestari-weightbridge/app/Controllers/Master/Users.php(133): CodeIgniter\Debug\Exceptions->errorHandler()
#1 /var/www/astraagrolestari-weightbridge/vendor/codeigniter4/framework/system/CodeIgniter.php(802): App\Controllers\Master\Users->login()
#2 /var/www/astraagrolestari-weightbridge/vendor/codeigniter4/framework/system/CodeIgniter.php(399): CodeIgniter\CodeIgniter->runController()
#3 /var/www/astraagrolestari-weightbridge/vendor/codeigniter4/framework/system/CodeIgniter.php(317): CodeIgniter\CodeIgniter->handleRequest()
#4 /var/www/astraagrolestari-weightbridge/public/index.php(37): CodeIgniter\CodeIgniter->run()
#5 {main}
CRITICAL - 2022-11-30 07:17:40 --> syntax error, unexpected '::' (T_PAAMAYIM_NEKUDOTAYIM)
#0 /var/www/astraagrolestari-weightbridge/vendor/codeigniter4/framework/system/Autoloader/Autoloader.php(241): CodeIgniter\Autoloader\Autoloader->includeFile()
#1 /var/www/astraagrolestari-weightbridge/vendor/codeigniter4/framework/system/Autoloader/Autoloader.php(219): CodeIgniter\Autoloader\Autoloader->loadInNamespace()
#2 [internal function]: CodeIgniter\Autoloader\Autoloader->loadClass()
#3 [internal function]: spl_autoload_call()
#4 /var/www/astraagrolestari-weightbridge/vendor/codeigniter4/framework/system/CodeIgniter.php(767): class_exists()
#5 /var/www/astraagrolestari-weightbridge/vendor/codeigniter4/framework/system/CodeIgniter.php(386): CodeIgniter\CodeIgniter->startController()
#6 /var/www/astraagrolestari-weightbridge/vendor/codeigniter4/framework/system/CodeIgniter.php(317): CodeIgniter\CodeIgniter->handleRequest()
#7 /var/www/astraagrolestari-weightbridge/public/index.php(37): CodeIgniter\CodeIgniter->run()
#8 {main}
CRITICAL - 2022-11-30 07:18:49 --> You must set the database table to be used with your query.
#0 /var/www/astraagrolestari-weightbridge/vendor/codeigniter4/framework/system/Model.php(545): CodeIgniter\Database\BaseConnection->table()
#1 /var/www/astraagrolestari-weightbridge/vendor/codeigniter4/framework/system/Model.php(688): CodeIgniter\Model->builder()
#2 /var/www/astraagrolestari-weightbridge/app/Models/UpgradeModel.php(8): CodeIgniter\Model->__get()
#3 /var/www/astraagrolestari-weightbridge/app/Controllers/Master/Users.php(133): App\Models\UpgradeModel->__construct()
#4 /var/www/astraagrolestari-weightbridge/vendor/codeigniter4/framework/system/CodeIgniter.php(802): App\Controllers\Master\Users->login()
#5 /var/www/astraagrolestari-weightbridge/vendor/codeigniter4/framework/system/CodeIgniter.php(399): CodeIgniter\CodeIgniter->runController()
#6 /var/www/astraagrolestari-weightbridge/vendor/codeigniter4/framework/system/CodeIgniter.php(317): CodeIgniter\CodeIgniter->handleRequest()
#7 /var/www/astraagrolestari-weightbridge/public/index.php(37): CodeIgniter\CodeIgniter->run()
#8 {main}
CRITICAL - 2022-11-30 07:22:26 --> You must set the database table to be used with your query.
#0 /var/www/astraagrolestari-weightbridge/vendor/codeigniter4/framework/system/Model.php(545): CodeIgniter\Database\BaseConnection->table()
#1 /var/www/astraagrolestari-weightbridge/vendor/codeigniter4/framework/system/Model.php(688): CodeIgniter\Model->builder()
#2 /var/www/astraagrolestari-weightbridge/app/Models/UpgradeModel.php(13): CodeIgniter\Model->__get()
#3 /var/www/astraagrolestari-weightbridge/app/Models/UpgradeModel.php(9): App\Models\UpgradeModel->upgradeDB()
#4 /var/www/astraagrolestari-weightbridge/app/Controllers/Master/Users.php(133): App\Models\UpgradeModel->__construct()
#5 /var/www/astraagrolestari-weightbridge/vendor/codeigniter4/framework/system/CodeIgniter.php(802): App\Controllers\Master\Users->login()
#6 /var/www/astraagrolestari-weightbridge/vendor/codeigniter4/framework/system/CodeIgniter.php(399): CodeIgniter\CodeIgniter->runController()
#7 /var/www/astraagrolestari-weightbridge/vendor/codeigniter4/framework/system/CodeIgniter.php(317): CodeIgniter\CodeIgniter->handleRequest()
#8 /var/www/astraagrolestari-weightbridge/public/index.php(37): CodeIgniter\CodeIgniter->run()
#9 {main}
CRITICAL - 2022-11-30 07:24:46 --> You must set the database table to be used with your query.
#0 /var/www/astraagrolestari-weightbridge/vendor/codeigniter4/framework/system/Model.php(545): CodeIgniter\Database\BaseConnection->table()
#1 /var/www/astraagrolestari-weightbridge/vendor/codeigniter4/framework/system/Model.php(688): CodeIgniter\Model->builder()
#2 /var/www/astraagrolestari-weightbridge/app/Models/UpgradeModel.php(11): CodeIgniter\Model->__get()
#3 /var/www/astraagrolestari-weightbridge/app/Controllers/Master/Users.php(135): App\Models\UpgradeModel->upgradeDB()
#4 /var/www/astraagrolestari-weightbridge/vendor/codeigniter4/framework/system/CodeIgniter.php(802): App\Controllers\Master\Users->login()
#5 /var/www/astraagrolestari-weightbridge/vendor/codeigniter4/framework/system/CodeIgniter.php(399): CodeIgniter\CodeIgniter->runController()
#6 /var/www/astraagrolestari-weightbridge/vendor/codeigniter4/framework/system/CodeIgniter.php(317): CodeIgniter\CodeIgniter->handleRequest()
#7 /var/www/astraagrolestari-weightbridge/public/index.php(37): CodeIgniter\CodeIgniter->run()
#8 {main}
CRITICAL - 2022-11-30 07:24:48 --> You must set the database table to be used with your query.
#0 /var/www/astraagrolestari-weightbridge/vendor/codeigniter4/framework/system/Model.php(545): CodeIgniter\Database\BaseConnection->table()
#1 /var/www/astraagrolestari-weightbridge/vendor/codeigniter4/framework/system/Model.php(688): CodeIgniter\Model->builder()
#2 /var/www/astraagrolestari-weightbridge/app/Models/UpgradeModel.php(11): CodeIgniter\Model->__get()
#3 /var/www/astraagrolestari-weightbridge/app/Controllers/Master/Users.php(135): App\Models\UpgradeModel->upgradeDB()
#4 /var/www/astraagrolestari-weightbridge/vendor/codeigniter4/framework/system/CodeIgniter.php(802): App\Controllers\Master\Users->login()
#5 /var/www/astraagrolestari-weightbridge/vendor/codeigniter4/framework/system/CodeIgniter.php(399): CodeIgniter\CodeIgniter->runController()
#6 /var/www/astraagrolestari-weightbridge/vendor/codeigniter4/framework/system/CodeIgniter.php(317): CodeIgniter\CodeIgniter->handleRequest()
#7 /var/www/astraagrolestari-weightbridge/public/index.php(37): CodeIgniter\CodeIgniter->run()
#8 {main}
CRITICAL - 2022-11-30 07:29:52 --> You must set the database table to be used with your query.
#0 /var/www/astraagrolestari-weightbridge/vendor/codeigniter4/framework/system/Model.php(545): CodeIgniter\Database\BaseConnection->table()
#1 /var/www/astraagrolestari-weightbridge/vendor/codeigniter4/framework/system/Model.php(688): CodeIgniter\Model->builder()
#2 /var/www/astraagrolestari-weightbridge/app/Models/UpgradeModel.php(12): CodeIgniter\Model->__get()
#3 /var/www/astraagrolestari-weightbridge/app/Controllers/Master/Users.php(135): App\Models\UpgradeModel->upgradeDB()
#4 /var/www/astraagrolestari-weightbridge/vendor/codeigniter4/framework/system/CodeIgniter.php(802): App\Controllers\Master\Users->login()
#5 /var/www/astraagrolestari-weightbridge/vendor/codeigniter4/framework/system/CodeIgniter.php(399): CodeIgniter\CodeIgniter->runController()
#6 /var/www/astraagrolestari-weightbridge/vendor/codeigniter4/framework/system/CodeIgniter.php(317): CodeIgniter\CodeIgniter->handleRequest()
#7 /var/www/astraagrolestari-weightbridge/public/index.php(37): CodeIgniter\CodeIgniter->run()
#8 {main}
CRITICAL - 2022-11-30 07:30:20 --> You must set the database table to be used with your query.
#0 /var/www/astraagrolestari-weightbridge/vendor/codeigniter4/framework/system/Model.php(545): CodeIgniter\Database\BaseConnection->table()
#1 /var/www/astraagrolestari-weightbridge/vendor/codeigniter4/framework/system/Model.php(688): CodeIgniter\Model->builder()
#2 /var/www/astraagrolestari-weightbridge/app/Models/UpgradeModel.php(12): CodeIgniter\Model->__get()
#3 /var/www/astraagrolestari-weightbridge/app/Controllers/Master/Users.php(135): App\Models\UpgradeModel->upgradeDB()
#4 /var/www/astraagrolestari-weightbridge/vendor/codeigniter4/framework/system/CodeIgniter.php(802): App\Controllers\Master\Users->login()
#5 /var/www/astraagrolestari-weightbridge/vendor/codeigniter4/framework/system/CodeIgniter.php(399): CodeIgniter\CodeIgniter->runController()
#6 /var/www/astraagrolestari-weightbridge/vendor/codeigniter4/framework/system/CodeIgniter.php(317): CodeIgniter\CodeIgniter->handleRequest()
#7 /var/www/astraagrolestari-weightbridge/public/index.php(37): CodeIgniter\CodeIgniter->run()
#8 {main}
CRITICAL - 2022-11-30 07:31:18 --> You must set the database table to be used with your query.
#0 /var/www/astraagrolestari-weightbridge/vendor/codeigniter4/framework/system/Model.php(545): CodeIgniter\Database\BaseConnection->table()
#1 /var/www/astraagrolestari-weightbridge/vendor/codeigniter4/framework/system/Model.php(688): CodeIgniter\Model->builder()
#2 /var/www/astraagrolestari-weightbridge/app/Models/UpgradeModel.php(12): CodeIgniter\Model->__get()
#3 /var/www/astraagrolestari-weightbridge/app/Controllers/Master/Users.php(135): App\Models\UpgradeModel->upgradeDB()
#4 /var/www/astraagrolestari-weightbridge/vendor/codeigniter4/framework/system/CodeIgniter.php(802): App\Controllers\Master\Users->login()
#5 /var/www/astraagrolestari-weightbridge/vendor/codeigniter4/framework/system/CodeIgniter.php(399): CodeIgniter\CodeIgniter->runController()
#6 /var/www/astraagrolestari-weightbridge/vendor/codeigniter4/framework/system/CodeIgniter.php(317): CodeIgniter\CodeIgniter->handleRequest()
#7 /var/www/astraagrolestari-weightbridge/public/index.php(37): CodeIgniter\CodeIgniter->run()
#8 {main}
CRITICAL - 2022-11-30 07:33:38 --> Undefined property: App\Controllers\Master\Users::$load
#0 /var/www/astraagrolestari-weightbridge/app/Controllers/BaseController.php(47): CodeIgniter\Debug\Exceptions->errorHandler()
#1 /var/www/astraagrolestari-weightbridge/vendor/codeigniter4/framework/system/CodeIgniter.php(780): App\Controllers\BaseController->initController()
#2 /var/www/astraagrolestari-weightbridge/vendor/codeigniter4/framework/system/CodeIgniter.php(390): CodeIgniter\CodeIgniter->createController()
#3 /var/www/astraagrolestari-weightbridge/vendor/codeigniter4/framework/system/CodeIgniter.php(317): CodeIgniter\CodeIgniter->handleRequest()
#4 /var/www/astraagrolestari-weightbridge/public/index.php(37): CodeIgniter\CodeIgniter->run()
#5 {main}
