CRITICAL - 2022-07-22 02:08:51 --> fopen(COM6): failed to open stream: No such file or directory
#0 [internal function]: CodeIgniter\Debug\Exceptions->errorHandler(2, 'fopen(COM6): fa...', 'C:\\xampp\\htdocs...', 107, Array)
#1 C:\xampp\htdocs\astraagrolestari-weightbridge\app\Controllers\Timbang.php(107): fopen('COM6', 'rb+')
#2 C:\xampp\htdocs\astraagrolestari-weightbridge\app\Controllers\Timbang.php(69): App\Controllers\Timbang->getRawNFCData()
#3 C:\xampp\htdocs\astraagrolestari-weightbridge\vendor\codeigniter4\framework\system\CodeIgniter.php(802): App\Controllers\Timbang->nfcRead()
#4 C:\xampp\htdocs\astraagrolestari-weightbridge\vendor\codeigniter4\framework\system\CodeIgniter.php(399): CodeIgniter\CodeIgniter->runController(Object(App\Controllers\Timbang))
#5 C:\xampp\htdocs\astraagrolestari-weightbridge\vendor\codeigniter4\framework\system\CodeIgniter.php(317): CodeIgniter\CodeIgniter->handleRequest(NULL, Object(Config\Cache), false)
#6 C:\xampp\htdocs\astraagrolestari-weightbridge\public\index.php(37): CodeIgniter\CodeIgniter->run()
#7 {main}
ERROR - 2022-07-22 02:23:51 --> Unknown column 'm_parameter_values.description' in 'where clause'
ERROR - 2022-07-22 02:23:52 --> Unknown column 'm_parameter_values.description' in 'where clause'
ERROR - 2022-07-22 02:23:58 --> Unknown column 'm_parameter_values.description' in 'where clause'
ERROR - 2022-07-22 02:36:12 --> Unknown column 'tr_grading.adjustweight' in 'field list'
CRITICAL - 2022-07-22 02:36:12 --> Call to a member function getFirstRow() on bool
#0 C:\xampp\htdocs\astraagrolestari-weightbridge\vendor\codeigniter4\framework\system\CodeIgniter.php(802): App\Controllers\Report->summary()
#1 C:\xampp\htdocs\astraagrolestari-weightbridge\vendor\codeigniter4\framework\system\CodeIgniter.php(399): CodeIgniter\CodeIgniter->runController(Object(App\Controllers\Report))
#2 C:\xampp\htdocs\astraagrolestari-weightbridge\vendor\codeigniter4\framework\system\CodeIgniter.php(317): CodeIgniter\CodeIgniter->handleRequest(NULL, Object(Config\Cache), false)
#3 C:\xampp\htdocs\astraagrolestari-weightbridge\public\index.php(37): CodeIgniter\CodeIgniter->run()
#4 {main}
ERROR - 2022-07-22 02:36:24 --> Unknown column 'tr_grading.adjustweight' in 'field list'
CRITICAL - 2022-07-22 02:36:24 --> Call to a member function getFirstRow() on bool
#0 C:\xampp\htdocs\astraagrolestari-weightbridge\vendor\codeigniter4\framework\system\CodeIgniter.php(802): App\Controllers\Report->summary()
#1 C:\xampp\htdocs\astraagrolestari-weightbridge\vendor\codeigniter4\framework\system\CodeIgniter.php(399): CodeIgniter\CodeIgniter->runController(Object(App\Controllers\Report))
#2 C:\xampp\htdocs\astraagrolestari-weightbridge\vendor\codeigniter4\framework\system\CodeIgniter.php(317): CodeIgniter\CodeIgniter->handleRequest(NULL, Object(Config\Cache), false)
#3 C:\xampp\htdocs\astraagrolestari-weightbridge\public\index.php(37): CodeIgniter\CodeIgniter->run()
#4 {main}
ERROR - 2022-07-22 02:36:27 --> Unknown column 'tr_grading.adjustweight' in 'field list'
CRITICAL - 2022-07-22 02:36:27 --> Call to a member function getFirstRow() on bool
#0 C:\xampp\htdocs\astraagrolestari-weightbridge\vendor\codeigniter4\framework\system\CodeIgniter.php(802): App\Controllers\Report->summary()
#1 C:\xampp\htdocs\astraagrolestari-weightbridge\vendor\codeigniter4\framework\system\CodeIgniter.php(399): CodeIgniter\CodeIgniter->runController(Object(App\Controllers\Report))
#2 C:\xampp\htdocs\astraagrolestari-weightbridge\vendor\codeigniter4\framework\system\CodeIgniter.php(317): CodeIgniter\CodeIgniter->handleRequest(NULL, Object(Config\Cache), false)
#3 C:\xampp\htdocs\astraagrolestari-weightbridge\public\index.php(37): CodeIgniter\CodeIgniter->run()
#4 {main}
ERROR - 2022-07-22 02:36:45 --> Unknown column 'tr_grading.adjustweight' in 'field list'
CRITICAL - 2022-07-22 02:36:45 --> Call to a member function getFirstRow() on bool
#0 C:\xampp\htdocs\astraagrolestari-weightbridge\vendor\codeigniter4\framework\system\CodeIgniter.php(802): App\Controllers\Report->summary()
#1 C:\xampp\htdocs\astraagrolestari-weightbridge\vendor\codeigniter4\framework\system\CodeIgniter.php(399): CodeIgniter\CodeIgniter->runController(Object(App\Controllers\Report))
#2 C:\xampp\htdocs\astraagrolestari-weightbridge\vendor\codeigniter4\framework\system\CodeIgniter.php(317): CodeIgniter\CodeIgniter->handleRequest(NULL, Object(Config\Cache), false)
#3 C:\xampp\htdocs\astraagrolestari-weightbridge\public\index.php(37): CodeIgniter\CodeIgniter->run()
#4 {main}
ERROR - 2022-07-22 02:38:49 --> Unknown column 'tr_grading.adjustweight' in 'field list'
CRITICAL - 2022-07-22 02:38:49 --> Call to a member function getFirstRow() on bool
#0 C:\xampp\htdocs\astraagrolestari-weightbridge\vendor\codeigniter4\framework\system\CodeIgniter.php(802): App\Controllers\Report->summary()
#1 C:\xampp\htdocs\astraagrolestari-weightbridge\vendor\codeigniter4\framework\system\CodeIgniter.php(399): CodeIgniter\CodeIgniter->runController(Object(App\Controllers\Report))
#2 C:\xampp\htdocs\astraagrolestari-weightbridge\vendor\codeigniter4\framework\system\CodeIgniter.php(317): CodeIgniter\CodeIgniter->handleRequest(NULL, Object(Config\Cache), false)
#3 C:\xampp\htdocs\astraagrolestari-weightbridge\public\index.php(37): CodeIgniter\CodeIgniter->run()
#4 {main}
CRITICAL - 2022-07-22 03:33:22 --> Invalid argument supplied for foreach()
#0 C:\xampp\htdocs\astraagrolestari-weightbridge\app\Views\report\summary.php(110): CodeIgniter\Debug\Exceptions->errorHandler(2, 'Invalid argumen...', 'C:\\xampp\\htdocs...', 110, Array)
#1 C:\xampp\htdocs\astraagrolestari-weightbridge\vendor\codeigniter4\framework\system\View\View.php(214): include('C:\\xampp\\htdocs...')
#2 C:\xampp\htdocs\astraagrolestari-weightbridge\vendor\codeigniter4\framework\system\View\View.php(217): CodeIgniter\View\View->CodeIgniter\View\{closure}()
#3 C:\xampp\htdocs\astraagrolestari-weightbridge\vendor\codeigniter4\framework\system\Common.php(1092): CodeIgniter\View\View->render('report/summary', Array, true)
#4 C:\xampp\htdocs\astraagrolestari-weightbridge\app\Controllers\Report.php(458): view('report/summary', Array)
#5 C:\xampp\htdocs\astraagrolestari-weightbridge\vendor\codeigniter4\framework\system\CodeIgniter.php(802): App\Controllers\Report->summary()
#6 C:\xampp\htdocs\astraagrolestari-weightbridge\vendor\codeigniter4\framework\system\CodeIgniter.php(399): CodeIgniter\CodeIgniter->runController(Object(App\Controllers\Report))
#7 C:\xampp\htdocs\astraagrolestari-weightbridge\vendor\codeigniter4\framework\system\CodeIgniter.php(317): CodeIgniter\CodeIgniter->handleRequest(NULL, Object(Config\Cache), false)
#8 C:\xampp\htdocs\astraagrolestari-weightbridge\public\index.php(37): CodeIgniter\CodeIgniter->run()
#9 {main}
CRITICAL - 2022-07-22 03:45:07 --> Invalid argument supplied for foreach()
#0 C:\xampp\htdocs\astraagrolestari-weightbridge\app\Views\report\summary.php(110): CodeIgniter\Debug\Exceptions->errorHandler(2, 'Invalid argumen...', 'C:\\xampp\\htdocs...', 110, Array)
#1 C:\xampp\htdocs\astraagrolestari-weightbridge\vendor\codeigniter4\framework\system\View\View.php(214): include('C:\\xampp\\htdocs...')
#2 C:\xampp\htdocs\astraagrolestari-weightbridge\vendor\codeigniter4\framework\system\View\View.php(217): CodeIgniter\View\View->CodeIgniter\View\{closure}()
#3 C:\xampp\htdocs\astraagrolestari-weightbridge\vendor\codeigniter4\framework\system\Common.php(1092): CodeIgniter\View\View->render('report/summary', Array, true)
#4 C:\xampp\htdocs\astraagrolestari-weightbridge\app\Controllers\Report.php(458): view('report/summary', Array)
#5 C:\xampp\htdocs\astraagrolestari-weightbridge\vendor\codeigniter4\framework\system\CodeIgniter.php(802): App\Controllers\Report->summary()
#6 C:\xampp\htdocs\astraagrolestari-weightbridge\vendor\codeigniter4\framework\system\CodeIgniter.php(399): CodeIgniter\CodeIgniter->runController(Object(App\Controllers\Report))
#7 C:\xampp\htdocs\astraagrolestari-weightbridge\vendor\codeigniter4\framework\system\CodeIgniter.php(317): CodeIgniter\CodeIgniter->handleRequest(NULL, Object(Config\Cache), false)
#8 C:\xampp\htdocs\astraagrolestari-weightbridge\public\index.php(37): CodeIgniter\CodeIgniter->run()
#9 {main}
CRITICAL - 2022-07-22 03:45:20 --> Invalid argument supplied for foreach()
#0 C:\xampp\htdocs\astraagrolestari-weightbridge\app\Views\report\summary.php(111): CodeIgniter\Debug\Exceptions->errorHandler(2, 'Invalid argumen...', 'C:\\xampp\\htdocs...', 111, Array)
#1 C:\xampp\htdocs\astraagrolestari-weightbridge\vendor\codeigniter4\framework\system\View\View.php(214): include('C:\\xampp\\htdocs...')
#2 C:\xampp\htdocs\astraagrolestari-weightbridge\vendor\codeigniter4\framework\system\View\View.php(217): CodeIgniter\View\View->CodeIgniter\View\{closure}()
#3 C:\xampp\htdocs\astraagrolestari-weightbridge\vendor\codeigniter4\framework\system\Common.php(1092): CodeIgniter\View\View->render('report/summary', Array, true)
#4 C:\xampp\htdocs\astraagrolestari-weightbridge\app\Controllers\Report.php(458): view('report/summary', Array)
#5 C:\xampp\htdocs\astraagrolestari-weightbridge\vendor\codeigniter4\framework\system\CodeIgniter.php(802): App\Controllers\Report->summary()
#6 C:\xampp\htdocs\astraagrolestari-weightbridge\vendor\codeigniter4\framework\system\CodeIgniter.php(399): CodeIgniter\CodeIgniter->runController(Object(App\Controllers\Report))
#7 C:\xampp\htdocs\astraagrolestari-weightbridge\vendor\codeigniter4\framework\system\CodeIgniter.php(317): CodeIgniter\CodeIgniter->handleRequest(NULL, Object(Config\Cache), false)
#8 C:\xampp\htdocs\astraagrolestari-weightbridge\public\index.php(37): CodeIgniter\CodeIgniter->run()
#9 {main}
ERROR - 2022-07-22 03:51:30 --> You have an error in your SQL syntax; check the manual that corresponds to your MariaDB server version for the right syntax to use near '`DESC`, `m_customer`.`name` ASC) AS src' at line 8
CRITICAL - 2022-07-22 03:51:30 --> Call to a member function getFirstRow() on bool
#0 C:\xampp\htdocs\astraagrolestari-weightbridge\vendor\codeigniter4\framework\system\CodeIgniter.php(802): App\Controllers\Report->summary()
#1 C:\xampp\htdocs\astraagrolestari-weightbridge\vendor\codeigniter4\framework\system\CodeIgniter.php(399): CodeIgniter\CodeIgniter->runController(Object(App\Controllers\Report))
#2 C:\xampp\htdocs\astraagrolestari-weightbridge\vendor\codeigniter4\framework\system\CodeIgniter.php(317): CodeIgniter\CodeIgniter->handleRequest(NULL, Object(Config\Cache), false)
#3 C:\xampp\htdocs\astraagrolestari-weightbridge\public\index.php(37): CodeIgniter\CodeIgniter->run()
#4 {main}
ERROR - 2022-07-22 03:51:34 --> You have an error in your SQL syntax; check the manual that corresponds to your MariaDB server version for the right syntax to use near '`DESC`, `m_customer`.`name` ASC) AS src' at line 8
CRITICAL - 2022-07-22 03:51:34 --> Call to a member function getFirstRow() on bool
#0 C:\xampp\htdocs\astraagrolestari-weightbridge\vendor\codeigniter4\framework\system\CodeIgniter.php(802): App\Controllers\Report->summary()
#1 C:\xampp\htdocs\astraagrolestari-weightbridge\vendor\codeigniter4\framework\system\CodeIgniter.php(399): CodeIgniter\CodeIgniter->runController(Object(App\Controllers\Report))
#2 C:\xampp\htdocs\astraagrolestari-weightbridge\vendor\codeigniter4\framework\system\CodeIgniter.php(317): CodeIgniter\CodeIgniter->handleRequest(NULL, Object(Config\Cache), false)
#3 C:\xampp\htdocs\astraagrolestari-weightbridge\public\index.php(37): CodeIgniter\CodeIgniter->run()
#4 {main}
ERROR - 2022-07-22 03:52:31 --> You have an error in your SQL syntax; check the manual that corresponds to your MariaDB server version for the right syntax to use near '`DESC`, `m_customer`.`name` ASC) AS src' at line 8
CRITICAL - 2022-07-22 03:52:31 --> Call to a member function getFirstRow() on bool
#0 C:\xampp\htdocs\astraagrolestari-weightbridge\vendor\codeigniter4\framework\system\CodeIgniter.php(802): App\Controllers\Report->summary()
#1 C:\xampp\htdocs\astraagrolestari-weightbridge\vendor\codeigniter4\framework\system\CodeIgniter.php(399): CodeIgniter\CodeIgniter->runController(Object(App\Controllers\Report))
#2 C:\xampp\htdocs\astraagrolestari-weightbridge\vendor\codeigniter4\framework\system\CodeIgniter.php(317): CodeIgniter\CodeIgniter->handleRequest(NULL, Object(Config\Cache), false)
#3 C:\xampp\htdocs\astraagrolestari-weightbridge\public\index.php(37): CodeIgniter\CodeIgniter->run()
#4 {main}
CRITICAL - 2022-07-22 10:19:19 --> Invalid argument supplied for foreach()
#0 C:\xampp\htdocs\astraagrolestari-weightbridge\app\Views\report\summary.php(123): CodeIgniter\Debug\Exceptions->errorHandler(2, 'Invalid argumen...', 'C:\\xampp\\htdocs...', 123, Array)
#1 C:\xampp\htdocs\astraagrolestari-weightbridge\vendor\codeigniter4\framework\system\View\View.php(214): include('C:\\xampp\\htdocs...')
#2 C:\xampp\htdocs\astraagrolestari-weightbridge\vendor\codeigniter4\framework\system\View\View.php(217): CodeIgniter\View\View->CodeIgniter\View\{closure}()
#3 C:\xampp\htdocs\astraagrolestari-weightbridge\vendor\codeigniter4\framework\system\Common.php(1092): CodeIgniter\View\View->render('report/summary', Array, true)
#4 C:\xampp\htdocs\astraagrolestari-weightbridge\app\Controllers\Report.php(469): view('report/summary', Array)
#5 C:\xampp\htdocs\astraagrolestari-weightbridge\vendor\codeigniter4\framework\system\CodeIgniter.php(802): App\Controllers\Report->summary()
#6 C:\xampp\htdocs\astraagrolestari-weightbridge\vendor\codeigniter4\framework\system\CodeIgniter.php(399): CodeIgniter\CodeIgniter->runController(Object(App\Controllers\Report))
#7 C:\xampp\htdocs\astraagrolestari-weightbridge\vendor\codeigniter4\framework\system\CodeIgniter.php(317): CodeIgniter\CodeIgniter->handleRequest(NULL, Object(Config\Cache), false)
#8 C:\xampp\htdocs\astraagrolestari-weightbridge\public\index.php(37): CodeIgniter\CodeIgniter->run()
#9 {main}
CRITICAL - 2022-07-22 10:27:20 --> syntax error, unexpected ';', expecting ')'
#0 C:\xampp\htdocs\astraagrolestari-weightbridge\vendor\codeigniter4\framework\system\Autoloader\Autoloader.php(241): CodeIgniter\Autoloader\Autoloader->includeFile('C:\\xampp\\htdocs...')
#1 C:\xampp\htdocs\astraagrolestari-weightbridge\vendor\codeigniter4\framework\system\Autoloader\Autoloader.php(219): CodeIgniter\Autoloader\Autoloader->loadInNamespace('App\\Controllers...')
#2 [internal function]: CodeIgniter\Autoloader\Autoloader->loadClass('App\\Controllers...')
#3 [internal function]: spl_autoload_call('App\\Controllers...')
#4 C:\xampp\htdocs\astraagrolestari-weightbridge\vendor\codeigniter4\framework\system\CodeIgniter.php(767): class_exists('\\App\\Controller...', true)
#5 C:\xampp\htdocs\astraagrolestari-weightbridge\vendor\codeigniter4\framework\system\CodeIgniter.php(386): CodeIgniter\CodeIgniter->startController()
#6 C:\xampp\htdocs\astraagrolestari-weightbridge\vendor\codeigniter4\framework\system\CodeIgniter.php(317): CodeIgniter\CodeIgniter->handleRequest(NULL, Object(Config\Cache), false)
#7 C:\xampp\htdocs\astraagrolestari-weightbridge\public\index.php(37): CodeIgniter\CodeIgniter->run()
#8 {main}
ERROR - 2022-07-22 10:34:52 --> You have an error in your SQL syntax; check the manual that corresponds to your MariaDB server version for the right syntax to use near '.`transactiontype`, COUNT(DISTINCT tr_wb.chitnumber) AS rit, SUM(tr_wb.weight...' at line 3
ERROR - 2022-07-22 10:34:52 --> You have an error in your SQL syntax; check the manual that corresponds to your MariaDB server version for the right syntax to use near '.`transactiontype`, COUNT(DISTINCT tr_wb.chitnumber) AS rit, SUM(tr_wb.weight...' at line 3
ERROR - 2022-07-22 10:34:52 --> You have an error in your SQL syntax; check the manual that corresponds to your MariaDB server version for the right syntax to use near '.`transactiontype`, COUNT(DISTINCT tr_wb.chitnumber) AS rit, SUM(tr_wb.weight...' at line 2
CRITICAL - 2022-07-22 10:34:52 --> Call to a member function getFirstRow() on bool
#0 C:\xampp\htdocs\astraagrolestari-weightbridge\vendor\codeigniter4\framework\system\CodeIgniter.php(802): App\Controllers\Report->summary()
#1 C:\xampp\htdocs\astraagrolestari-weightbridge\vendor\codeigniter4\framework\system\CodeIgniter.php(399): CodeIgniter\CodeIgniter->runController(Object(App\Controllers\Report))
#2 C:\xampp\htdocs\astraagrolestari-weightbridge\vendor\codeigniter4\framework\system\CodeIgniter.php(317): CodeIgniter\CodeIgniter->handleRequest(NULL, Object(Config\Cache), false)
#3 C:\xampp\htdocs\astraagrolestari-weightbridge\public\index.php(37): CodeIgniter\CodeIgniter->run()
#4 {main}
ERROR - 2022-07-22 10:34:56 --> You have an error in your SQL syntax; check the manual that corresponds to your MariaDB server version for the right syntax to use near '.`transactiontype`, COUNT(DISTINCT tr_wb.chitnumber) AS rit, SUM(tr_wb.weight...' at line 3
ERROR - 2022-07-22 10:34:56 --> You have an error in your SQL syntax; check the manual that corresponds to your MariaDB server version for the right syntax to use near '.`transactiontype`, COUNT(DISTINCT tr_wb.chitnumber) AS rit, SUM(tr_wb.weight...' at line 3
ERROR - 2022-07-22 10:34:56 --> You have an error in your SQL syntax; check the manual that corresponds to your MariaDB server version for the right syntax to use near '.`transactiontype`, COUNT(DISTINCT tr_wb.chitnumber) AS rit, SUM(tr_wb.weight...' at line 2
CRITICAL - 2022-07-22 10:34:56 --> Call to a member function getFirstRow() on bool
#0 C:\xampp\htdocs\astraagrolestari-weightbridge\vendor\codeigniter4\framework\system\CodeIgniter.php(802): App\Controllers\Report->summary()
#1 C:\xampp\htdocs\astraagrolestari-weightbridge\vendor\codeigniter4\framework\system\CodeIgniter.php(399): CodeIgniter\CodeIgniter->runController(Object(App\Controllers\Report))
#2 C:\xampp\htdocs\astraagrolestari-weightbridge\vendor\codeigniter4\framework\system\CodeIgniter.php(317): CodeIgniter\CodeIgniter->handleRequest(NULL, Object(Config\Cache), false)
#3 C:\xampp\htdocs\astraagrolestari-weightbridge\public\index.php(37): CodeIgniter\CodeIgniter->run()
#4 {main}
