CRITICAL - 2022-07-16 10:06:50 --> syntax error, unexpected 'echo' (T_ECHO)
#0 C:\xampp\htdocs\astraagrolestari-weightbridge\vendor\codeigniter4\framework\system\View\View.php(217): CodeIgniter\View\View->CodeIgniter\View\{closure}()
#1 C:\xampp\htdocs\astraagrolestari-weightbridge\vendor\codeigniter4\framework\system\Common.php(1092): CodeIgniter\View\View->render('report/nota-tim...', Array, true)
#2 C:\xampp\htdocs\astraagrolestari-weightbridge\app\Controllers\DataTimbang.php(352): view('report/nota-tim...', Array)
#3 C:\xampp\htdocs\astraagrolestari-weightbridge\vendor\codeigniter4\framework\system\CodeIgniter.php(802): App\Controllers\DataTimbang->notaPrePrint('EDI1P1220705106')
#4 C:\xampp\htdocs\astraagrolestari-weightbridge\vendor\codeigniter4\framework\system\CodeIgniter.php(399): CodeIgniter\CodeIgniter->runController(Object(App\Controllers\DataTimbang))
#5 C:\xampp\htdocs\astraagrolestari-weightbridge\vendor\codeigniter4\framework\system\CodeIgniter.php(317): CodeIgniter\CodeIgniter->handleRequest(NULL, Object(Config\Cache), false)
#6 C:\xampp\htdocs\astraagrolestari-weightbridge\public\index.php(37): CodeIgniter\CodeIgniter->run()
#7 {main}
ERROR - 2022-07-16 18:56:41 --> Unknown column 'm_parameter_values.description' in 'where clause'
ERROR - 2022-07-16 18:56:45 --> Unknown column 'm_parameter_values.description' in 'where clause'
ERROR - 2022-07-16 18:56:46 --> Unknown column 'm_parameter_values.description' in 'where clause'
ERROR - 2022-07-16 18:56:46 --> Unknown column 'm_parameter_values.description' in 'where clause'
ERROR - 2022-07-16 18:56:48 --> Unknown column 'm_parameter_values.description' in 'where clause'
ERROR - 2022-07-16 18:57:02 --> Unknown column 'm_parameter_values.description' in 'where clause'
ERROR - 2022-07-16 18:57:02 --> Unknown column 'm_parameter_values.description' in 'where clause'
ERROR - 2022-07-16 18:57:03 --> Unknown column 'm_parameter_values.description' in 'where clause'
ERROR - 2022-07-16 18:57:08 --> Unknown column 'm_parameter_values.description' in 'where clause'
ERROR - 2022-07-16 18:57:10 --> Unknown column 'm_parameter_values.description' in 'where clause'
ERROR - 2022-07-16 18:57:10 --> Unknown column 'm_parameter_values.description' in 'where clause'
ERROR - 2022-07-16 18:57:10 --> Unknown column 'm_parameter_values.description' in 'where clause'
ERROR - 2022-07-16 18:57:10 --> Unknown column 'm_parameter_values.description' in 'where clause'
ERROR - 2022-07-16 18:57:11 --> Unknown column 'm_parameter_values.description' in 'where clause'
ERROR - 2022-07-16 18:57:11 --> Unknown column 'm_parameter_values.description' in 'where clause'
ERROR - 2022-07-16 18:57:13 --> Unknown column 'm_parameter_values.description' in 'where clause'
ERROR - 2022-07-16 19:05:41 --> Unknown column 'm_parameter_values.description' in 'where clause'
ERROR - 2022-07-16 19:05:41 --> Unknown column 'm_parameter_values.description' in 'where clause'
ERROR - 2022-07-16 19:05:46 --> Unknown column 'm_parameter_values.description' in 'where clause'
ERROR - 2022-07-16 19:05:46 --> Unknown column 'm_parameter_values.description' in 'where clause'
ERROR - 2022-07-16 19:05:47 --> Unknown column 'm_parameter_values.description' in 'where clause'
ERROR - 2022-07-16 19:05:48 --> Unknown column 'm_parameter_values.description' in 'where clause'
ERROR - 2022-07-16 19:05:50 --> Unknown column 'm_parameter_values.description' in 'where clause'
ERROR - 2022-07-16 19:05:51 --> Unknown column 'm_parameter_values.description' in 'where clause'
ERROR - 2022-07-16 19:05:59 --> Unknown column 'm_parameter_values.description' in 'where clause'
ERROR - 2022-07-16 19:05:59 --> Unknown column 'm_parameter_values.description' in 'where clause'
ERROR - 2022-07-16 19:06:00 --> Unknown column 'm_parameter_values.description' in 'where clause'
ERROR - 2022-07-16 19:06:01 --> Unknown column 'm_parameter_values.description' in 'where clause'
