CRITICAL - 2022-11-29 09:41:36 --> fopen(COM6): failed to open stream: No such file or directory
#0 [internal function]: CodeIgniter\Debug\Exceptions->errorHandler()
#1 /var/www/astraagrolestari-weightbridge/app/Controllers/Timbang.php(108): fopen()
#2 /var/www/astraagrolestari-weightbridge/app/Controllers/Timbang.php(70): App\Controllers\Timbang->getRawNFCData()
#3 /var/www/astraagrolestari-weightbridge/vendor/codeigniter4/framework/system/CodeIgniter.php(802): App\Controllers\Timbang->nfcRead()
#4 /var/www/astraagrolestari-weightbridge/vendor/codeigniter4/framework/system/CodeIgniter.php(399): CodeIgniter\CodeIgniter->runController()
#5 /var/www/astraagrolestari-weightbridge/vendor/codeigniter4/framework/system/CodeIgniter.php(317): CodeIgniter\CodeIgniter->handleRequest()
#6 /var/www/astraagrolestari-weightbridge/public/index.php(37): CodeIgniter\CodeIgniter->run()
#7 {main}
CRITICAL - 2022-11-29 09:41:39 --> fopen(COM6): failed to open stream: No such file or directory
#0 [internal function]: CodeIgniter\Debug\Exceptions->errorHandler()
#1 /var/www/astraagrolestari-weightbridge/app/Controllers/Timbang.php(108): fopen()
#2 /var/www/astraagrolestari-weightbridge/app/Controllers/Timbang.php(70): App\Controllers\Timbang->getRawNFCData()
#3 /var/www/astraagrolestari-weightbridge/vendor/codeigniter4/framework/system/CodeIgniter.php(802): App\Controllers\Timbang->nfcRead()
#4 /var/www/astraagrolestari-weightbridge/vendor/codeigniter4/framework/system/CodeIgniter.php(399): CodeIgniter\CodeIgniter->runController()
#5 /var/www/astraagrolestari-weightbridge/vendor/codeigniter4/framework/system/CodeIgniter.php(317): CodeIgniter\CodeIgniter->handleRequest()
#6 /var/www/astraagrolestari-weightbridge/public/index.php(37): CodeIgniter\CodeIgniter->run()
#7 {main}
ERROR - 2022-11-29 09:52:31 --> Unknown column 'm_parameter_values.description' in 'where clause'
CRITICAL - 2022-11-29 09:52:31 --> Unknown column 'm_parameter_values.description' in 'where clause'
#0 /var/www/astraagrolestari-weightbridge/vendor/codeigniter4/framework/system/Database/MySQLi/Connection.php(280): mysqli->query()
#1 /var/www/astraagrolestari-weightbridge/vendor/codeigniter4/framework/system/Database/BaseConnection.php(663): CodeIgniter\Database\MySQLi\Connection->execute()
#2 /var/www/astraagrolestari-weightbridge/vendor/codeigniter4/framework/system/Database/BaseConnection.php(591): CodeIgniter\Database\BaseConnection->simpleQuery()
#3 /var/www/astraagrolestari-weightbridge/vendor/codeigniter4/framework/system/Database/BaseBuilder.php(1512): CodeIgniter\Database\BaseConnection->query()
#4 /var/www/astraagrolestari-weightbridge/app/Models/ServerSideModel.php(76): CodeIgniter\Database\BaseBuilder->countAllResults()
#5 /var/www/astraagrolestari-weightbridge/app/Controllers/DataTimbang.php(87): App\Models\ServerSideModel->count_filtered()
#6 /var/www/astraagrolestari-weightbridge/app/Controllers/DataTimbang.php(165): App\Controllers\DataTimbang->getList()
#7 /var/www/astraagrolestari-weightbridge/vendor/codeigniter4/framework/system/CodeIgniter.php(802): App\Controllers\DataTimbang->pending()
#8 /var/www/astraagrolestari-weightbridge/vendor/codeigniter4/framework/system/CodeIgniter.php(399): CodeIgniter\CodeIgniter->runController()
#9 /var/www/astraagrolestari-weightbridge/vendor/codeigniter4/framework/system/CodeIgniter.php(317): CodeIgniter\CodeIgniter->handleRequest()
#10 /var/www/astraagrolestari-weightbridge/public/index.php(37): CodeIgniter\CodeIgniter->run()
#11 {main}
ERROR - 2022-11-29 09:52:33 --> Unknown column 'm_parameter_values.description' in 'where clause'
CRITICAL - 2022-11-29 09:52:33 --> Unknown column 'm_parameter_values.description' in 'where clause'
#0 /var/www/astraagrolestari-weightbridge/vendor/codeigniter4/framework/system/Database/MySQLi/Connection.php(280): mysqli->query()
#1 /var/www/astraagrolestari-weightbridge/vendor/codeigniter4/framework/system/Database/BaseConnection.php(663): CodeIgniter\Database\MySQLi\Connection->execute()
#2 /var/www/astraagrolestari-weightbridge/vendor/codeigniter4/framework/system/Database/BaseConnection.php(591): CodeIgniter\Database\BaseConnection->simpleQuery()
#3 /var/www/astraagrolestari-weightbridge/vendor/codeigniter4/framework/system/Database/BaseBuilder.php(1512): CodeIgniter\Database\BaseConnection->query()
#4 /var/www/astraagrolestari-weightbridge/app/Models/ServerSideModel.php(76): CodeIgniter\Database\BaseBuilder->countAllResults()
#5 /var/www/astraagrolestari-weightbridge/app/Controllers/DataTimbang.php(87): App\Models\ServerSideModel->count_filtered()
#6 /var/www/astraagrolestari-weightbridge/app/Controllers/DataTimbang.php(165): App\Controllers\DataTimbang->getList()
#7 /var/www/astraagrolestari-weightbridge/vendor/codeigniter4/framework/system/CodeIgniter.php(802): App\Controllers\DataTimbang->pending()
#8 /var/www/astraagrolestari-weightbridge/vendor/codeigniter4/framework/system/CodeIgniter.php(399): CodeIgniter\CodeIgniter->runController()
#9 /var/www/astraagrolestari-weightbridge/vendor/codeigniter4/framework/system/CodeIgniter.php(317): CodeIgniter\CodeIgniter->handleRequest()
#10 /var/www/astraagrolestari-weightbridge/public/index.php(37): CodeIgniter\CodeIgniter->run()
#11 {main}
ERROR - 2022-11-29 09:52:35 --> Unknown column 'm_parameter_values.description' in 'where clause'
CRITICAL - 2022-11-29 09:52:35 --> Unknown column 'm_parameter_values.description' in 'where clause'
#0 /var/www/astraagrolestari-weightbridge/vendor/codeigniter4/framework/system/Database/MySQLi/Connection.php(280): mysqli->query()
#1 /var/www/astraagrolestari-weightbridge/vendor/codeigniter4/framework/system/Database/BaseConnection.php(663): CodeIgniter\Database\MySQLi\Connection->execute()
#2 /var/www/astraagrolestari-weightbridge/vendor/codeigniter4/framework/system/Database/BaseConnection.php(591): CodeIgniter\Database\BaseConnection->simpleQuery()
#3 /var/www/astraagrolestari-weightbridge/vendor/codeigniter4/framework/system/Database/BaseBuilder.php(1512): CodeIgniter\Database\BaseConnection->query()
#4 /var/www/astraagrolestari-weightbridge/app/Models/ServerSideModel.php(76): CodeIgniter\Database\BaseBuilder->countAllResults()
#5 /var/www/astraagrolestari-weightbridge/app/Controllers/DataTimbang.php(87): App\Models\ServerSideModel->count_filtered()
#6 /var/www/astraagrolestari-weightbridge/app/Controllers/DataTimbang.php(165): App\Controllers\DataTimbang->getList()
#7 /var/www/astraagrolestari-weightbridge/vendor/codeigniter4/framework/system/CodeIgniter.php(802): App\Controllers\DataTimbang->pending()
#8 /var/www/astraagrolestari-weightbridge/vendor/codeigniter4/framework/system/CodeIgniter.php(399): CodeIgniter\CodeIgniter->runController()
#9 /var/www/astraagrolestari-weightbridge/vendor/codeigniter4/framework/system/CodeIgniter.php(317): CodeIgniter\CodeIgniter->handleRequest()
#10 /var/www/astraagrolestari-weightbridge/public/index.php(37): CodeIgniter\CodeIgniter->run()
#11 {main}
ERROR - 2022-11-29 09:52:36 --> Unknown column 'm_parameter_values.description' in 'where clause'
CRITICAL - 2022-11-29 09:52:36 --> Unknown column 'm_parameter_values.description' in 'where clause'
#0 /var/www/astraagrolestari-weightbridge/vendor/codeigniter4/framework/system/Database/MySQLi/Connection.php(280): mysqli->query()
#1 /var/www/astraagrolestari-weightbridge/vendor/codeigniter4/framework/system/Database/BaseConnection.php(663): CodeIgniter\Database\MySQLi\Connection->execute()
#2 /var/www/astraagrolestari-weightbridge/vendor/codeigniter4/framework/system/Database/BaseConnection.php(591): CodeIgniter\Database\BaseConnection->simpleQuery()
#3 /var/www/astraagrolestari-weightbridge/vendor/codeigniter4/framework/system/Database/BaseBuilder.php(1512): CodeIgniter\Database\BaseConnection->query()
#4 /var/www/astraagrolestari-weightbridge/app/Models/ServerSideModel.php(76): CodeIgniter\Database\BaseBuilder->countAllResults()
#5 /var/www/astraagrolestari-weightbridge/app/Controllers/DataTimbang.php(87): App\Models\ServerSideModel->count_filtered()
#6 /var/www/astraagrolestari-weightbridge/app/Controllers/DataTimbang.php(165): App\Controllers\DataTimbang->getList()
#7 /var/www/astraagrolestari-weightbridge/vendor/codeigniter4/framework/system/CodeIgniter.php(802): App\Controllers\DataTimbang->pending()
#8 /var/www/astraagrolestari-weightbridge/vendor/codeigniter4/framework/system/CodeIgniter.php(399): CodeIgniter\CodeIgniter->runController()
#9 /var/www/astraagrolestari-weightbridge/vendor/codeigniter4/framework/system/CodeIgniter.php(317): CodeIgniter\CodeIgniter->handleRequest()
#10 /var/www/astraagrolestari-weightbridge/public/index.php(37): CodeIgniter\CodeIgniter->run()
#11 {main}
ERROR - 2022-11-29 09:52:36 --> Unknown column 'm_parameter_values.description' in 'where clause'
CRITICAL - 2022-11-29 09:52:36 --> Unknown column 'm_parameter_values.description' in 'where clause'
#0 /var/www/astraagrolestari-weightbridge/vendor/codeigniter4/framework/system/Database/MySQLi/Connection.php(280): mysqli->query()
#1 /var/www/astraagrolestari-weightbridge/vendor/codeigniter4/framework/system/Database/BaseConnection.php(663): CodeIgniter\Database\MySQLi\Connection->execute()
#2 /var/www/astraagrolestari-weightbridge/vendor/codeigniter4/framework/system/Database/BaseConnection.php(591): CodeIgniter\Database\BaseConnection->simpleQuery()
#3 /var/www/astraagrolestari-weightbridge/vendor/codeigniter4/framework/system/Database/BaseBuilder.php(1512): CodeIgniter\Database\BaseConnection->query()
#4 /var/www/astraagrolestari-weightbridge/app/Models/ServerSideModel.php(76): CodeIgniter\Database\BaseBuilder->countAllResults()
#5 /var/www/astraagrolestari-weightbridge/app/Controllers/DataTimbang.php(87): App\Models\ServerSideModel->count_filtered()
#6 /var/www/astraagrolestari-weightbridge/app/Controllers/DataTimbang.php(165): App\Controllers\DataTimbang->getList()
#7 /var/www/astraagrolestari-weightbridge/vendor/codeigniter4/framework/system/CodeIgniter.php(802): App\Controllers\DataTimbang->pending()
#8 /var/www/astraagrolestari-weightbridge/vendor/codeigniter4/framework/system/CodeIgniter.php(399): CodeIgniter\CodeIgniter->runController()
#9 /var/www/astraagrolestari-weightbridge/vendor/codeigniter4/framework/system/CodeIgniter.php(317): CodeIgniter\CodeIgniter->handleRequest()
#10 /var/www/astraagrolestari-weightbridge/public/index.php(37): CodeIgniter\CodeIgniter->run()
#11 {main}
ERROR - 2022-11-29 09:52:37 --> Unknown column 'm_parameter_values.description' in 'where clause'
CRITICAL - 2022-11-29 09:52:37 --> Unknown column 'm_parameter_values.description' in 'where clause'
#0 /var/www/astraagrolestari-weightbridge/vendor/codeigniter4/framework/system/Database/MySQLi/Connection.php(280): mysqli->query()
#1 /var/www/astraagrolestari-weightbridge/vendor/codeigniter4/framework/system/Database/BaseConnection.php(663): CodeIgniter\Database\MySQLi\Connection->execute()
#2 /var/www/astraagrolestari-weightbridge/vendor/codeigniter4/framework/system/Database/BaseConnection.php(591): CodeIgniter\Database\BaseConnection->simpleQuery()
#3 /var/www/astraagrolestari-weightbridge/vendor/codeigniter4/framework/system/Database/BaseBuilder.php(1512): CodeIgniter\Database\BaseConnection->query()
#4 /var/www/astraagrolestari-weightbridge/app/Models/ServerSideModel.php(76): CodeIgniter\Database\BaseBuilder->countAllResults()
#5 /var/www/astraagrolestari-weightbridge/app/Controllers/DataTimbang.php(87): App\Models\ServerSideModel->count_filtered()
#6 /var/www/astraagrolestari-weightbridge/app/Controllers/DataTimbang.php(165): App\Controllers\DataTimbang->getList()
#7 /var/www/astraagrolestari-weightbridge/vendor/codeigniter4/framework/system/CodeIgniter.php(802): App\Controllers\DataTimbang->pending()
#8 /var/www/astraagrolestari-weightbridge/vendor/codeigniter4/framework/system/CodeIgniter.php(399): CodeIgniter\CodeIgniter->runController()
#9 /var/www/astraagrolestari-weightbridge/vendor/codeigniter4/framework/system/CodeIgniter.php(317): CodeIgniter\CodeIgniter->handleRequest()
#10 /var/www/astraagrolestari-weightbridge/public/index.php(37): CodeIgniter\CodeIgniter->run()
#11 {main}
ERROR - 2022-11-29 09:52:37 --> Unknown column 'm_parameter_values.description' in 'where clause'
CRITICAL - 2022-11-29 09:52:37 --> Unknown column 'm_parameter_values.description' in 'where clause'
#0 /var/www/astraagrolestari-weightbridge/vendor/codeigniter4/framework/system/Database/MySQLi/Connection.php(280): mysqli->query()
#1 /var/www/astraagrolestari-weightbridge/vendor/codeigniter4/framework/system/Database/BaseConnection.php(663): CodeIgniter\Database\MySQLi\Connection->execute()
#2 /var/www/astraagrolestari-weightbridge/vendor/codeigniter4/framework/system/Database/BaseConnection.php(591): CodeIgniter\Database\BaseConnection->simpleQuery()
#3 /var/www/astraagrolestari-weightbridge/vendor/codeigniter4/framework/system/Database/BaseBuilder.php(1512): CodeIgniter\Database\BaseConnection->query()
#4 /var/www/astraagrolestari-weightbridge/app/Models/ServerSideModel.php(76): CodeIgniter\Database\BaseBuilder->countAllResults()
#5 /var/www/astraagrolestari-weightbridge/app/Controllers/DataTimbang.php(87): App\Models\ServerSideModel->count_filtered()
#6 /var/www/astraagrolestari-weightbridge/app/Controllers/DataTimbang.php(165): App\Controllers\DataTimbang->getList()
#7 /var/www/astraagrolestari-weightbridge/vendor/codeigniter4/framework/system/CodeIgniter.php(802): App\Controllers\DataTimbang->pending()
#8 /var/www/astraagrolestari-weightbridge/vendor/codeigniter4/framework/system/CodeIgniter.php(399): CodeIgniter\CodeIgniter->runController()
#9 /var/www/astraagrolestari-weightbridge/vendor/codeigniter4/framework/system/CodeIgniter.php(317): CodeIgniter\CodeIgniter->handleRequest()
#10 /var/www/astraagrolestari-weightbridge/public/index.php(37): CodeIgniter\CodeIgniter->run()
#11 {main}
ERROR - 2022-11-29 09:52:45 --> Unknown column 'm_parameter_values.description' in 'where clause'
CRITICAL - 2022-11-29 09:52:45 --> Unknown column 'm_parameter_values.description' in 'where clause'
#0 /var/www/astraagrolestari-weightbridge/vendor/codeigniter4/framework/system/Database/MySQLi/Connection.php(280): mysqli->query()
#1 /var/www/astraagrolestari-weightbridge/vendor/codeigniter4/framework/system/Database/BaseConnection.php(663): CodeIgniter\Database\MySQLi\Connection->execute()
#2 /var/www/astraagrolestari-weightbridge/vendor/codeigniter4/framework/system/Database/BaseConnection.php(591): CodeIgniter\Database\BaseConnection->simpleQuery()
#3 /var/www/astraagrolestari-weightbridge/vendor/codeigniter4/framework/system/Database/BaseBuilder.php(1512): CodeIgniter\Database\BaseConnection->query()
#4 /var/www/astraagrolestari-weightbridge/app/Models/ServerSideModel.php(76): CodeIgniter\Database\BaseBuilder->countAllResults()
#5 /var/www/astraagrolestari-weightbridge/app/Controllers/DataTimbang.php(87): App\Models\ServerSideModel->count_filtered()
#6 /var/www/astraagrolestari-weightbridge/app/Controllers/DataTimbang.php(165): App\Controllers\DataTimbang->getList()
#7 /var/www/astraagrolestari-weightbridge/vendor/codeigniter4/framework/system/CodeIgniter.php(802): App\Controllers\DataTimbang->pending()
#8 /var/www/astraagrolestari-weightbridge/vendor/codeigniter4/framework/system/CodeIgniter.php(399): CodeIgniter\CodeIgniter->runController()
#9 /var/www/astraagrolestari-weightbridge/vendor/codeigniter4/framework/system/CodeIgniter.php(317): CodeIgniter\CodeIgniter->handleRequest()
#10 /var/www/astraagrolestari-weightbridge/public/index.php(37): CodeIgniter\CodeIgniter->run()
#11 {main}
ERROR - 2022-11-29 09:52:46 --> Unknown column 'm_parameter_values.description' in 'where clause'
CRITICAL - 2022-11-29 09:52:46 --> Unknown column 'm_parameter_values.description' in 'where clause'
#0 /var/www/astraagrolestari-weightbridge/vendor/codeigniter4/framework/system/Database/MySQLi/Connection.php(280): mysqli->query()
#1 /var/www/astraagrolestari-weightbridge/vendor/codeigniter4/framework/system/Database/BaseConnection.php(663): CodeIgniter\Database\MySQLi\Connection->execute()
#2 /var/www/astraagrolestari-weightbridge/vendor/codeigniter4/framework/system/Database/BaseConnection.php(591): CodeIgniter\Database\BaseConnection->simpleQuery()
#3 /var/www/astraagrolestari-weightbridge/vendor/codeigniter4/framework/system/Database/BaseBuilder.php(1512): CodeIgniter\Database\BaseConnection->query()
#4 /var/www/astraagrolestari-weightbridge/app/Models/ServerSideModel.php(76): CodeIgniter\Database\BaseBuilder->countAllResults()
#5 /var/www/astraagrolestari-weightbridge/app/Controllers/DataTimbang.php(87): App\Models\ServerSideModel->count_filtered()
#6 /var/www/astraagrolestari-weightbridge/app/Controllers/DataTimbang.php(165): App\Controllers\DataTimbang->getList()
#7 /var/www/astraagrolestari-weightbridge/vendor/codeigniter4/framework/system/CodeIgniter.php(802): App\Controllers\DataTimbang->pending()
#8 /var/www/astraagrolestari-weightbridge/vendor/codeigniter4/framework/system/CodeIgniter.php(399): CodeIgniter\CodeIgniter->runController()
#9 /var/www/astraagrolestari-weightbridge/vendor/codeigniter4/framework/system/CodeIgniter.php(317): CodeIgniter\CodeIgniter->handleRequest()
#10 /var/www/astraagrolestari-weightbridge/public/index.php(37): CodeIgniter\CodeIgniter->run()
#11 {main}
ERROR - 2022-11-29 09:52:47 --> Unknown column 'm_parameter_values.description' in 'where clause'
CRITICAL - 2022-11-29 09:52:47 --> Unknown column 'm_parameter_values.description' in 'where clause'
#0 /var/www/astraagrolestari-weightbridge/vendor/codeigniter4/framework/system/Database/MySQLi/Connection.php(280): mysqli->query()
#1 /var/www/astraagrolestari-weightbridge/vendor/codeigniter4/framework/system/Database/BaseConnection.php(663): CodeIgniter\Database\MySQLi\Connection->execute()
#2 /var/www/astraagrolestari-weightbridge/vendor/codeigniter4/framework/system/Database/BaseConnection.php(591): CodeIgniter\Database\BaseConnection->simpleQuery()
#3 /var/www/astraagrolestari-weightbridge/vendor/codeigniter4/framework/system/Database/BaseBuilder.php(1512): CodeIgniter\Database\BaseConnection->query()
#4 /var/www/astraagrolestari-weightbridge/app/Models/ServerSideModel.php(76): CodeIgniter\Database\BaseBuilder->countAllResults()
#5 /var/www/astraagrolestari-weightbridge/app/Controllers/DataTimbang.php(87): App\Models\ServerSideModel->count_filtered()
#6 /var/www/astraagrolestari-weightbridge/app/Controllers/DataTimbang.php(165): App\Controllers\DataTimbang->getList()
#7 /var/www/astraagrolestari-weightbridge/vendor/codeigniter4/framework/system/CodeIgniter.php(802): App\Controllers\DataTimbang->pending()
#8 /var/www/astraagrolestari-weightbridge/vendor/codeigniter4/framework/system/CodeIgniter.php(399): CodeIgniter\CodeIgniter->runController()
#9 /var/www/astraagrolestari-weightbridge/vendor/codeigniter4/framework/system/CodeIgniter.php(317): CodeIgniter\CodeIgniter->handleRequest()
#10 /var/www/astraagrolestari-weightbridge/public/index.php(37): CodeIgniter\CodeIgniter->run()
#11 {main}
ERROR - 2022-11-29 09:52:49 --> Unknown column 'm_parameter_values.description' in 'where clause'
CRITICAL - 2022-11-29 09:52:49 --> Unknown column 'm_parameter_values.description' in 'where clause'
#0 /var/www/astraagrolestari-weightbridge/vendor/codeigniter4/framework/system/Database/MySQLi/Connection.php(280): mysqli->query()
#1 /var/www/astraagrolestari-weightbridge/vendor/codeigniter4/framework/system/Database/BaseConnection.php(663): CodeIgniter\Database\MySQLi\Connection->execute()
#2 /var/www/astraagrolestari-weightbridge/vendor/codeigniter4/framework/system/Database/BaseConnection.php(591): CodeIgniter\Database\BaseConnection->simpleQuery()
#3 /var/www/astraagrolestari-weightbridge/vendor/codeigniter4/framework/system/Database/BaseBuilder.php(1512): CodeIgniter\Database\BaseConnection->query()
#4 /var/www/astraagrolestari-weightbridge/app/Models/ServerSideModel.php(76): CodeIgniter\Database\BaseBuilder->countAllResults()
#5 /var/www/astraagrolestari-weightbridge/app/Controllers/DataTimbang.php(87): App\Models\ServerSideModel->count_filtered()
#6 /var/www/astraagrolestari-weightbridge/app/Controllers/DataTimbang.php(165): App\Controllers\DataTimbang->getList()
#7 /var/www/astraagrolestari-weightbridge/vendor/codeigniter4/framework/system/CodeIgniter.php(802): App\Controllers\DataTimbang->pending()
#8 /var/www/astraagrolestari-weightbridge/vendor/codeigniter4/framework/system/CodeIgniter.php(399): CodeIgniter\CodeIgniter->runController()
#9 /var/www/astraagrolestari-weightbridge/vendor/codeigniter4/framework/system/CodeIgniter.php(317): CodeIgniter\CodeIgniter->handleRequest()
#10 /var/www/astraagrolestari-weightbridge/public/index.php(37): CodeIgniter\CodeIgniter->run()
#11 {main}
ERROR - 2022-11-29 09:53:06 --> Unknown column 'm_parameter_values.description' in 'where clause'
CRITICAL - 2022-11-29 09:53:06 --> Unknown column 'm_parameter_values.description' in 'where clause'
#0 /var/www/astraagrolestari-weightbridge/vendor/codeigniter4/framework/system/Database/MySQLi/Connection.php(280): mysqli->query()
#1 /var/www/astraagrolestari-weightbridge/vendor/codeigniter4/framework/system/Database/BaseConnection.php(663): CodeIgniter\Database\MySQLi\Connection->execute()
#2 /var/www/astraagrolestari-weightbridge/vendor/codeigniter4/framework/system/Database/BaseConnection.php(591): CodeIgniter\Database\BaseConnection->simpleQuery()
#3 /var/www/astraagrolestari-weightbridge/vendor/codeigniter4/framework/system/Database/BaseBuilder.php(1512): CodeIgniter\Database\BaseConnection->query()
#4 /var/www/astraagrolestari-weightbridge/app/Models/ServerSideModel.php(76): CodeIgniter\Database\BaseBuilder->countAllResults()
#5 /var/www/astraagrolestari-weightbridge/app/Controllers/DataTimbang.php(87): App\Models\ServerSideModel->count_filtered()
#6 /var/www/astraagrolestari-weightbridge/app/Controllers/DataTimbang.php(187): App\Controllers\DataTimbang->getList()
#7 /var/www/astraagrolestari-weightbridge/vendor/codeigniter4/framework/system/CodeIgniter.php(802): App\Controllers\DataTimbang->report()
#8 /var/www/astraagrolestari-weightbridge/vendor/codeigniter4/framework/system/CodeIgniter.php(399): CodeIgniter\CodeIgniter->runController()
#9 /var/www/astraagrolestari-weightbridge/vendor/codeigniter4/framework/system/CodeIgniter.php(317): CodeIgniter\CodeIgniter->handleRequest()
#10 /var/www/astraagrolestari-weightbridge/public/index.php(37): CodeIgniter\CodeIgniter->run()
#11 {main}
ERROR - 2022-11-29 09:53:09 --> Unknown column 'm_parameter_values.description' in 'where clause'
CRITICAL - 2022-11-29 09:53:09 --> Unknown column 'm_parameter_values.description' in 'where clause'
#0 /var/www/astraagrolestari-weightbridge/vendor/codeigniter4/framework/system/Database/MySQLi/Connection.php(280): mysqli->query()
#1 /var/www/astraagrolestari-weightbridge/vendor/codeigniter4/framework/system/Database/BaseConnection.php(663): CodeIgniter\Database\MySQLi\Connection->execute()
#2 /var/www/astraagrolestari-weightbridge/vendor/codeigniter4/framework/system/Database/BaseConnection.php(591): CodeIgniter\Database\BaseConnection->simpleQuery()
#3 /var/www/astraagrolestari-weightbridge/vendor/codeigniter4/framework/system/Database/BaseBuilder.php(1512): CodeIgniter\Database\BaseConnection->query()
#4 /var/www/astraagrolestari-weightbridge/app/Models/ServerSideModel.php(76): CodeIgniter\Database\BaseBuilder->countAllResults()
#5 /var/www/astraagrolestari-weightbridge/app/Controllers/DataTimbang.php(87): App\Models\ServerSideModel->count_filtered()
#6 /var/www/astraagrolestari-weightbridge/app/Controllers/DataTimbang.php(187): App\Controllers\DataTimbang->getList()
#7 /var/www/astraagrolestari-weightbridge/vendor/codeigniter4/framework/system/CodeIgniter.php(802): App\Controllers\DataTimbang->report()
#8 /var/www/astraagrolestari-weightbridge/vendor/codeigniter4/framework/system/CodeIgniter.php(399): CodeIgniter\CodeIgniter->runController()
#9 /var/www/astraagrolestari-weightbridge/vendor/codeigniter4/framework/system/CodeIgniter.php(317): CodeIgniter\CodeIgniter->handleRequest()
#10 /var/www/astraagrolestari-weightbridge/public/index.php(37): CodeIgniter\CodeIgniter->run()
#11 {main}
ERROR - 2022-11-29 09:53:10 --> Unknown column 'm_parameter_values.description' in 'where clause'
CRITICAL - 2022-11-29 09:53:10 --> Unknown column 'm_parameter_values.description' in 'where clause'
#0 /var/www/astraagrolestari-weightbridge/vendor/codeigniter4/framework/system/Database/MySQLi/Connection.php(280): mysqli->query()
#1 /var/www/astraagrolestari-weightbridge/vendor/codeigniter4/framework/system/Database/BaseConnection.php(663): CodeIgniter\Database\MySQLi\Connection->execute()
#2 /var/www/astraagrolestari-weightbridge/vendor/codeigniter4/framework/system/Database/BaseConnection.php(591): CodeIgniter\Database\BaseConnection->simpleQuery()
#3 /var/www/astraagrolestari-weightbridge/vendor/codeigniter4/framework/system/Database/BaseBuilder.php(1512): CodeIgniter\Database\BaseConnection->query()
#4 /var/www/astraagrolestari-weightbridge/app/Models/ServerSideModel.php(76): CodeIgniter\Database\BaseBuilder->countAllResults()
#5 /var/www/astraagrolestari-weightbridge/app/Controllers/DataTimbang.php(87): App\Models\ServerSideModel->count_filtered()
#6 /var/www/astraagrolestari-weightbridge/app/Controllers/DataTimbang.php(187): App\Controllers\DataTimbang->getList()
#7 /var/www/astraagrolestari-weightbridge/vendor/codeigniter4/framework/system/CodeIgniter.php(802): App\Controllers\DataTimbang->report()
#8 /var/www/astraagrolestari-weightbridge/vendor/codeigniter4/framework/system/CodeIgniter.php(399): CodeIgniter\CodeIgniter->runController()
#9 /var/www/astraagrolestari-weightbridge/vendor/codeigniter4/framework/system/CodeIgniter.php(317): CodeIgniter\CodeIgniter->handleRequest()
#10 /var/www/astraagrolestari-weightbridge/public/index.php(37): CodeIgniter\CodeIgniter->run()
#11 {main}
ERROR - 2022-11-29 09:53:11 --> Unknown column 'm_parameter_values.description' in 'where clause'
CRITICAL - 2022-11-29 09:53:11 --> Unknown column 'm_parameter_values.description' in 'where clause'
#0 /var/www/astraagrolestari-weightbridge/vendor/codeigniter4/framework/system/Database/MySQLi/Connection.php(280): mysqli->query()
#1 /var/www/astraagrolestari-weightbridge/vendor/codeigniter4/framework/system/Database/BaseConnection.php(663): CodeIgniter\Database\MySQLi\Connection->execute()
#2 /var/www/astraagrolestari-weightbridge/vendor/codeigniter4/framework/system/Database/BaseConnection.php(591): CodeIgniter\Database\BaseConnection->simpleQuery()
#3 /var/www/astraagrolestari-weightbridge/vendor/codeigniter4/framework/system/Database/BaseBuilder.php(1512): CodeIgniter\Database\BaseConnection->query()
#4 /var/www/astraagrolestari-weightbridge/app/Models/ServerSideModel.php(76): CodeIgniter\Database\BaseBuilder->countAllResults()
#5 /var/www/astraagrolestari-weightbridge/app/Controllers/DataTimbang.php(87): App\Models\ServerSideModel->count_filtered()
#6 /var/www/astraagrolestari-weightbridge/app/Controllers/DataTimbang.php(187): App\Controllers\DataTimbang->getList()
#7 /var/www/astraagrolestari-weightbridge/vendor/codeigniter4/framework/system/CodeIgniter.php(802): App\Controllers\DataTimbang->report()
#8 /var/www/astraagrolestari-weightbridge/vendor/codeigniter4/framework/system/CodeIgniter.php(399): CodeIgniter\CodeIgniter->runController()
#9 /var/www/astraagrolestari-weightbridge/vendor/codeigniter4/framework/system/CodeIgniter.php(317): CodeIgniter\CodeIgniter->handleRequest()
#10 /var/www/astraagrolestari-weightbridge/public/index.php(37): CodeIgniter\CodeIgniter->run()
#11 {main}
ERROR - 2022-11-29 09:53:11 --> Unknown column 'm_parameter_values.description' in 'where clause'
CRITICAL - 2022-11-29 09:53:11 --> Unknown column 'm_parameter_values.description' in 'where clause'
#0 /var/www/astraagrolestari-weightbridge/vendor/codeigniter4/framework/system/Database/MySQLi/Connection.php(280): mysqli->query()
#1 /var/www/astraagrolestari-weightbridge/vendor/codeigniter4/framework/system/Database/BaseConnection.php(663): CodeIgniter\Database\MySQLi\Connection->execute()
#2 /var/www/astraagrolestari-weightbridge/vendor/codeigniter4/framework/system/Database/BaseConnection.php(591): CodeIgniter\Database\BaseConnection->simpleQuery()
#3 /var/www/astraagrolestari-weightbridge/vendor/codeigniter4/framework/system/Database/BaseBuilder.php(1512): CodeIgniter\Database\BaseConnection->query()
#4 /var/www/astraagrolestari-weightbridge/app/Models/ServerSideModel.php(76): CodeIgniter\Database\BaseBuilder->countAllResults()
#5 /var/www/astraagrolestari-weightbridge/app/Controllers/DataTimbang.php(87): App\Models\ServerSideModel->count_filtered()
#6 /var/www/astraagrolestari-weightbridge/app/Controllers/DataTimbang.php(187): App\Controllers\DataTimbang->getList()
#7 /var/www/astraagrolestari-weightbridge/vendor/codeigniter4/framework/system/CodeIgniter.php(802): App\Controllers\DataTimbang->report()
#8 /var/www/astraagrolestari-weightbridge/vendor/codeigniter4/framework/system/CodeIgniter.php(399): CodeIgniter\CodeIgniter->runController()
#9 /var/www/astraagrolestari-weightbridge/vendor/codeigniter4/framework/system/CodeIgniter.php(317): CodeIgniter\CodeIgniter->handleRequest()
#10 /var/www/astraagrolestari-weightbridge/public/index.php(37): CodeIgniter\CodeIgniter->run()
#11 {main}
ERROR - 2022-11-29 09:53:12 --> Unknown column 'm_parameter_values.description' in 'where clause'
CRITICAL - 2022-11-29 09:53:12 --> Unknown column 'm_parameter_values.description' in 'where clause'
#0 /var/www/astraagrolestari-weightbridge/vendor/codeigniter4/framework/system/Database/MySQLi/Connection.php(280): mysqli->query()
#1 /var/www/astraagrolestari-weightbridge/vendor/codeigniter4/framework/system/Database/BaseConnection.php(663): CodeIgniter\Database\MySQLi\Connection->execute()
#2 /var/www/astraagrolestari-weightbridge/vendor/codeigniter4/framework/system/Database/BaseConnection.php(591): CodeIgniter\Database\BaseConnection->simpleQuery()
#3 /var/www/astraagrolestari-weightbridge/vendor/codeigniter4/framework/system/Database/BaseBuilder.php(1512): CodeIgniter\Database\BaseConnection->query()
#4 /var/www/astraagrolestari-weightbridge/app/Models/ServerSideModel.php(76): CodeIgniter\Database\BaseBuilder->countAllResults()
#5 /var/www/astraagrolestari-weightbridge/app/Controllers/DataTimbang.php(87): App\Models\ServerSideModel->count_filtered()
#6 /var/www/astraagrolestari-weightbridge/app/Controllers/DataTimbang.php(187): App\Controllers\DataTimbang->getList()
#7 /var/www/astraagrolestari-weightbridge/vendor/codeigniter4/framework/system/CodeIgniter.php(802): App\Controllers\DataTimbang->report()
#8 /var/www/astraagrolestari-weightbridge/vendor/codeigniter4/framework/system/CodeIgniter.php(399): CodeIgniter\CodeIgniter->runController()
#9 /var/www/astraagrolestari-weightbridge/vendor/codeigniter4/framework/system/CodeIgniter.php(317): CodeIgniter\CodeIgniter->handleRequest()
#10 /var/www/astraagrolestari-weightbridge/public/index.php(37): CodeIgniter\CodeIgniter->run()
#11 {main}
ERROR - 2022-11-29 09:53:12 --> Unknown column 'm_parameter_values.description' in 'where clause'
CRITICAL - 2022-11-29 09:53:12 --> Unknown column 'm_parameter_values.description' in 'where clause'
#0 /var/www/astraagrolestari-weightbridge/vendor/codeigniter4/framework/system/Database/MySQLi/Connection.php(280): mysqli->query()
#1 /var/www/astraagrolestari-weightbridge/vendor/codeigniter4/framework/system/Database/BaseConnection.php(663): CodeIgniter\Database\MySQLi\Connection->execute()
#2 /var/www/astraagrolestari-weightbridge/vendor/codeigniter4/framework/system/Database/BaseConnection.php(591): CodeIgniter\Database\BaseConnection->simpleQuery()
#3 /var/www/astraagrolestari-weightbridge/vendor/codeigniter4/framework/system/Database/BaseBuilder.php(1512): CodeIgniter\Database\BaseConnection->query()
#4 /var/www/astraagrolestari-weightbridge/app/Models/ServerSideModel.php(76): CodeIgniter\Database\BaseBuilder->countAllResults()
#5 /var/www/astraagrolestari-weightbridge/app/Controllers/DataTimbang.php(87): App\Models\ServerSideModel->count_filtered()
#6 /var/www/astraagrolestari-weightbridge/app/Controllers/DataTimbang.php(187): App\Controllers\DataTimbang->getList()
#7 /var/www/astraagrolestari-weightbridge/vendor/codeigniter4/framework/system/CodeIgniter.php(802): App\Controllers\DataTimbang->report()
#8 /var/www/astraagrolestari-weightbridge/vendor/codeigniter4/framework/system/CodeIgniter.php(399): CodeIgniter\CodeIgniter->runController()
#9 /var/www/astraagrolestari-weightbridge/vendor/codeigniter4/framework/system/CodeIgniter.php(317): CodeIgniter\CodeIgniter->handleRequest()
#10 /var/www/astraagrolestari-weightbridge/public/index.php(37): CodeIgniter\CodeIgniter->run()
#11 {main}
ERROR - 2022-11-29 09:53:13 --> Unknown column 'm_parameter_values.description' in 'where clause'
CRITICAL - 2022-11-29 09:53:13 --> Unknown column 'm_parameter_values.description' in 'where clause'
#0 /var/www/astraagrolestari-weightbridge/vendor/codeigniter4/framework/system/Database/MySQLi/Connection.php(280): mysqli->query()
#1 /var/www/astraagrolestari-weightbridge/vendor/codeigniter4/framework/system/Database/BaseConnection.php(663): CodeIgniter\Database\MySQLi\Connection->execute()
#2 /var/www/astraagrolestari-weightbridge/vendor/codeigniter4/framework/system/Database/BaseConnection.php(591): CodeIgniter\Database\BaseConnection->simpleQuery()
#3 /var/www/astraagrolestari-weightbridge/vendor/codeigniter4/framework/system/Database/BaseBuilder.php(1512): CodeIgniter\Database\BaseConnection->query()
#4 /var/www/astraagrolestari-weightbridge/app/Models/ServerSideModel.php(76): CodeIgniter\Database\BaseBuilder->countAllResults()
#5 /var/www/astraagrolestari-weightbridge/app/Controllers/DataTimbang.php(87): App\Models\ServerSideModel->count_filtered()
#6 /var/www/astraagrolestari-weightbridge/app/Controllers/DataTimbang.php(187): App\Controllers\DataTimbang->getList()
#7 /var/www/astraagrolestari-weightbridge/vendor/codeigniter4/framework/system/CodeIgniter.php(802): App\Controllers\DataTimbang->report()
#8 /var/www/astraagrolestari-weightbridge/vendor/codeigniter4/framework/system/CodeIgniter.php(399): CodeIgniter\CodeIgniter->runController()
#9 /var/www/astraagrolestari-weightbridge/vendor/codeigniter4/framework/system/CodeIgniter.php(317): CodeIgniter\CodeIgniter->handleRequest()
#10 /var/www/astraagrolestari-weightbridge/public/index.php(37): CodeIgniter\CodeIgniter->run()
#11 {main}
ERROR - 2022-11-29 09:53:16 --> Unknown column 'm_parameter_values.description' in 'where clause'
CRITICAL - 2022-11-29 09:53:16 --> Unknown column 'm_parameter_values.description' in 'where clause'
#0 /var/www/astraagrolestari-weightbridge/vendor/codeigniter4/framework/system/Database/MySQLi/Connection.php(280): mysqli->query()
#1 /var/www/astraagrolestari-weightbridge/vendor/codeigniter4/framework/system/Database/BaseConnection.php(663): CodeIgniter\Database\MySQLi\Connection->execute()
#2 /var/www/astraagrolestari-weightbridge/vendor/codeigniter4/framework/system/Database/BaseConnection.php(591): CodeIgniter\Database\BaseConnection->simpleQuery()
#3 /var/www/astraagrolestari-weightbridge/vendor/codeigniter4/framework/system/Database/BaseBuilder.php(1512): CodeIgniter\Database\BaseConnection->query()
#4 /var/www/astraagrolestari-weightbridge/app/Models/ServerSideModel.php(76): CodeIgniter\Database\BaseBuilder->countAllResults()
#5 /var/www/astraagrolestari-weightbridge/app/Controllers/DataTimbang.php(87): App\Models\ServerSideModel->count_filtered()
#6 /var/www/astraagrolestari-weightbridge/app/Controllers/DataTimbang.php(187): App\Controllers\DataTimbang->getList()
#7 /var/www/astraagrolestari-weightbridge/vendor/codeigniter4/framework/system/CodeIgniter.php(802): App\Controllers\DataTimbang->report()
#8 /var/www/astraagrolestari-weightbridge/vendor/codeigniter4/framework/system/CodeIgniter.php(399): CodeIgniter\CodeIgniter->runController()
#9 /var/www/astraagrolestari-weightbridge/vendor/codeigniter4/framework/system/CodeIgniter.php(317): CodeIgniter\CodeIgniter->handleRequest()
#10 /var/www/astraagrolestari-weightbridge/public/index.php(37): CodeIgniter\CodeIgniter->run()
#11 {main}
ERROR - 2022-11-29 09:53:19 --> Unknown column 'm_parameter_values.description' in 'where clause'
CRITICAL - 2022-11-29 09:53:19 --> Unknown column 'm_parameter_values.description' in 'where clause'
#0 /var/www/astraagrolestari-weightbridge/vendor/codeigniter4/framework/system/Database/MySQLi/Connection.php(280): mysqli->query()
#1 /var/www/astraagrolestari-weightbridge/vendor/codeigniter4/framework/system/Database/BaseConnection.php(663): CodeIgniter\Database\MySQLi\Connection->execute()
#2 /var/www/astraagrolestari-weightbridge/vendor/codeigniter4/framework/system/Database/BaseConnection.php(591): CodeIgniter\Database\BaseConnection->simpleQuery()
#3 /var/www/astraagrolestari-weightbridge/vendor/codeigniter4/framework/system/Database/BaseBuilder.php(1512): CodeIgniter\Database\BaseConnection->query()
#4 /var/www/astraagrolestari-weightbridge/app/Models/ServerSideModel.php(76): CodeIgniter\Database\BaseBuilder->countAllResults()
#5 /var/www/astraagrolestari-weightbridge/app/Controllers/DataTimbang.php(87): App\Models\ServerSideModel->count_filtered()
#6 /var/www/astraagrolestari-weightbridge/app/Controllers/DataTimbang.php(187): App\Controllers\DataTimbang->getList()
#7 /var/www/astraagrolestari-weightbridge/vendor/codeigniter4/framework/system/CodeIgniter.php(802): App\Controllers\DataTimbang->report()
#8 /var/www/astraagrolestari-weightbridge/vendor/codeigniter4/framework/system/CodeIgniter.php(399): CodeIgniter\CodeIgniter->runController()
#9 /var/www/astraagrolestari-weightbridge/vendor/codeigniter4/framework/system/CodeIgniter.php(317): CodeIgniter\CodeIgniter->handleRequest()
#10 /var/www/astraagrolestari-weightbridge/public/index.php(37): CodeIgniter\CodeIgniter->run()
#11 {main}
ERROR - 2022-11-29 09:53:20 --> Unknown column 'm_parameter_values.description' in 'where clause'
CRITICAL - 2022-11-29 09:53:20 --> Unknown column 'm_parameter_values.description' in 'where clause'
#0 /var/www/astraagrolestari-weightbridge/vendor/codeigniter4/framework/system/Database/MySQLi/Connection.php(280): mysqli->query()
#1 /var/www/astraagrolestari-weightbridge/vendor/codeigniter4/framework/system/Database/BaseConnection.php(663): CodeIgniter\Database\MySQLi\Connection->execute()
#2 /var/www/astraagrolestari-weightbridge/vendor/codeigniter4/framework/system/Database/BaseConnection.php(591): CodeIgniter\Database\BaseConnection->simpleQuery()
#3 /var/www/astraagrolestari-weightbridge/vendor/codeigniter4/framework/system/Database/BaseBuilder.php(1512): CodeIgniter\Database\BaseConnection->query()
#4 /var/www/astraagrolestari-weightbridge/app/Models/ServerSideModel.php(76): CodeIgniter\Database\BaseBuilder->countAllResults()
#5 /var/www/astraagrolestari-weightbridge/app/Controllers/DataTimbang.php(87): App\Models\ServerSideModel->count_filtered()
#6 /var/www/astraagrolestari-weightbridge/app/Controllers/DataTimbang.php(187): App\Controllers\DataTimbang->getList()
#7 /var/www/astraagrolestari-weightbridge/vendor/codeigniter4/framework/system/CodeIgniter.php(802): App\Controllers\DataTimbang->report()
#8 /var/www/astraagrolestari-weightbridge/vendor/codeigniter4/framework/system/CodeIgniter.php(399): CodeIgniter\CodeIgniter->runController()
#9 /var/www/astraagrolestari-weightbridge/vendor/codeigniter4/framework/system/CodeIgniter.php(317): CodeIgniter\CodeIgniter->handleRequest()
#10 /var/www/astraagrolestari-weightbridge/public/index.php(37): CodeIgniter\CodeIgniter->run()
#11 {main}
ERROR - 2022-11-29 09:57:41 --> Unknown column 'm_parameter_values.description' in 'where clause'
CRITICAL - 2022-11-29 09:57:41 --> Unknown column 'm_parameter_values.description' in 'where clause'
#0 /var/www/astraagrolestari-weightbridge/vendor/codeigniter4/framework/system/Database/MySQLi/Connection.php(280): mysqli->query()
#1 /var/www/astraagrolestari-weightbridge/vendor/codeigniter4/framework/system/Database/BaseConnection.php(663): CodeIgniter\Database\MySQLi\Connection->execute()
#2 /var/www/astraagrolestari-weightbridge/vendor/codeigniter4/framework/system/Database/BaseConnection.php(591): CodeIgniter\Database\BaseConnection->simpleQuery()
#3 /var/www/astraagrolestari-weightbridge/vendor/codeigniter4/framework/system/Database/BaseBuilder.php(1512): CodeIgniter\Database\BaseConnection->query()
#4 /var/www/astraagrolestari-weightbridge/app/Models/ServerSideModel.php(76): CodeIgniter\Database\BaseBuilder->countAllResults()
#5 /var/www/astraagrolestari-weightbridge/app/Controllers/DataTimbang.php(87): App\Models\ServerSideModel->count_filtered()
#6 /var/www/astraagrolestari-weightbridge/app/Controllers/DataTimbang.php(187): App\Controllers\DataTimbang->getList()
#7 /var/www/astraagrolestari-weightbridge/vendor/codeigniter4/framework/system/CodeIgniter.php(802): App\Controllers\DataTimbang->report()
#8 /var/www/astraagrolestari-weightbridge/vendor/codeigniter4/framework/system/CodeIgniter.php(399): CodeIgniter\CodeIgniter->runController()
#9 /var/www/astraagrolestari-weightbridge/vendor/codeigniter4/framework/system/CodeIgniter.php(317): CodeIgniter\CodeIgniter->handleRequest()
#10 /var/www/astraagrolestari-weightbridge/public/index.php(37): CodeIgniter\CodeIgniter->run()
#11 {main}
CRITICAL - 2022-11-29 09:59:38 --> syntax error, unexpected '(', expecting identifier (T_STRING) or variable (T_VARIABLE) or '{' or '$'
#0 /var/www/astraagrolestari-weightbridge/vendor/codeigniter4/framework/system/Autoloader/Autoloader.php(241): CodeIgniter\Autoloader\Autoloader->includeFile()
#1 /var/www/astraagrolestari-weightbridge/vendor/codeigniter4/framework/system/Autoloader/Autoloader.php(219): CodeIgniter\Autoloader\Autoloader->loadInNamespace()
#2 [internal function]: CodeIgniter\Autoloader\Autoloader->loadClass()
#3 [internal function]: spl_autoload_call()
#4 /var/www/astraagrolestari-weightbridge/vendor/codeigniter4/framework/system/CodeIgniter.php(767): class_exists()
#5 /var/www/astraagrolestari-weightbridge/vendor/codeigniter4/framework/system/CodeIgniter.php(386): CodeIgniter\CodeIgniter->startController()
#6 /var/www/astraagrolestari-weightbridge/vendor/codeigniter4/framework/system/CodeIgniter.php(317): CodeIgniter\CodeIgniter->handleRequest()
#7 /var/www/astraagrolestari-weightbridge/public/index.php(37): CodeIgniter\CodeIgniter->run()
#8 {main}
CRITICAL - 2022-11-29 10:02:02 --> syntax error, unexpected '(', expecting identifier (T_STRING) or variable (T_VARIABLE) or '{' or '$'
#0 /var/www/astraagrolestari-weightbridge/vendor/codeigniter4/framework/system/Autoloader/Autoloader.php(241): CodeIgniter\Autoloader\Autoloader->includeFile()
#1 /var/www/astraagrolestari-weightbridge/vendor/codeigniter4/framework/system/Autoloader/Autoloader.php(219): CodeIgniter\Autoloader\Autoloader->loadInNamespace()
#2 [internal function]: CodeIgniter\Autoloader\Autoloader->loadClass()
#3 [internal function]: spl_autoload_call()
#4 /var/www/astraagrolestari-weightbridge/vendor/codeigniter4/framework/system/CodeIgniter.php(767): class_exists()
#5 /var/www/astraagrolestari-weightbridge/vendor/codeigniter4/framework/system/CodeIgniter.php(386): CodeIgniter\CodeIgniter->startController()
#6 /var/www/astraagrolestari-weightbridge/vendor/codeigniter4/framework/system/CodeIgniter.php(317): CodeIgniter\CodeIgniter->handleRequest()
#7 /var/www/astraagrolestari-weightbridge/public/index.php(37): CodeIgniter\CodeIgniter->run()
#8 {main}
