CRITICAL - 2022-06-30 03:56:40 --> fopen(COM5): failed to open stream: No such file or directory
#0 [internal function]: CodeIgniter\Debug\Exceptions->errorHandler(2, 'fopen(COM5): fa...', 'C:\\xampp\\htdocs...', 91, Array)
#1 C:\xampp\htdocs\astraagrolestari-weightbridge\app\Controllers\Timbang.php(91): fopen('COM5', 'rb+')
#2 C:\xampp\htdocs\astraagrolestari-weightbridge\app\Controllers\Timbang.php(54): App\Controllers\Timbang->getRawNFCData()
#3 C:\xampp\htdocs\astraagrolestari-weightbridge\vendor\codeigniter4\framework\system\CodeIgniter.php(802): App\Controllers\Timbang->nfcRead()
#4 C:\xampp\htdocs\astraagrolestari-weightbridge\vendor\codeigniter4\framework\system\CodeIgniter.php(399): CodeIgniter\CodeIgniter->runController(Object(App\Controllers\Timbang))
#5 C:\xampp\htdocs\astraagrolestari-weightbridge\vendor\codeigniter4\framework\system\CodeIgniter.php(317): CodeIgniter\CodeIgniter->handleRequest(NULL, Object(Config\Cache), false)
#6 C:\xampp\htdocs\astraagrolestari-weightbridge\public\index.php(37): CodeIgniter\CodeIgniter->run()
#7 {main}
CRITICAL - 2022-06-30 04:34:35 --> fopen(COM5): failed to open stream: No such file or directory
#0 [internal function]: CodeIgniter\Debug\Exceptions->errorHandler(2, 'fopen(COM5): fa...', 'C:\\xampp\\htdocs...', 91, Array)
#1 C:\xampp\htdocs\astraagrolestari-weightbridge\app\Controllers\Timbang.php(91): fopen('COM5', 'rb+')
#2 C:\xampp\htdocs\astraagrolestari-weightbridge\app\Controllers\Timbang.php(54): App\Controllers\Timbang->getRawNFCData()
#3 C:\xampp\htdocs\astraagrolestari-weightbridge\vendor\codeigniter4\framework\system\CodeIgniter.php(802): App\Controllers\Timbang->nfcRead()
#4 C:\xampp\htdocs\astraagrolestari-weightbridge\vendor\codeigniter4\framework\system\CodeIgniter.php(399): CodeIgniter\CodeIgniter->runController(Object(App\Controllers\Timbang))
#5 C:\xampp\htdocs\astraagrolestari-weightbridge\vendor\codeigniter4\framework\system\CodeIgniter.php(317): CodeIgniter\CodeIgniter->handleRequest(NULL, Object(Config\Cache), false)
#6 C:\xampp\htdocs\astraagrolestari-weightbridge\public\index.php(37): CodeIgniter\CodeIgniter->run()
#7 {main}
ERROR - 2022-06-30 04:37:15 --> Unknown column 'm_parameter_values.description' in 'where clause'
ERROR - 2022-06-30 04:37:15 --> Unknown column 'm_parameter_values.description' in 'where clause'
ERROR - 2022-06-30 04:37:17 --> Unknown column 'm_parameter_values.description' in 'where clause'
ERROR - 2022-06-30 04:37:17 --> Unknown column 'm_parameter_values.description' in 'where clause'
ERROR - 2022-06-30 04:37:18 --> Unknown column 'm_parameter_values.description' in 'where clause'
ERROR - 2022-06-30 04:37:19 --> Unknown column 'm_parameter_values.description' in 'where clause'
ERROR - 2022-06-30 04:37:19 --> Unknown column 'm_parameter_values.description' in 'where clause'
ERROR - 2022-06-30 04:37:20 --> Unknown column 'm_parameter_values.description' in 'where clause'
ERROR - 2022-06-30 04:37:20 --> Unknown column 'm_parameter_values.description' in 'where clause'
ERROR - 2022-06-30 04:37:21 --> Unknown column 'm_parameter_values.description' in 'where clause'
ERROR - 2022-06-30 04:37:26 --> Unknown column 'm_parameter_values.description' in 'where clause'
ERROR - 2022-06-30 04:37:27 --> Unknown column 'm_parameter_values.description' in 'where clause'
ERROR - 2022-06-30 04:37:28 --> Unknown column 'm_parameter_values.description' in 'where clause'
ERROR - 2022-06-30 04:37:29 --> Unknown column 'm_parameter_values.description' in 'where clause'
ERROR - 2022-06-30 04:37:29 --> Unknown column 'm_parameter_values.description' in 'where clause'
ERROR - 2022-06-30 04:37:31 --> Unknown column 'm_parameter_values.description' in 'where clause'
ERROR - 2022-06-30 04:37:33 --> Unknown column 'm_parameter_values.description' in 'where clause'
ERROR - 2022-06-30 04:37:35 --> Unknown column 'm_parameter_values.description' in 'where clause'
ERROR - 2022-06-30 04:37:38 --> Unknown column 'm_parameter_values.description' in 'where clause'
ERROR - 2022-06-30 04:37:40 --> Unknown column 'm_parameter_values.description' in 'where clause'
ERROR - 2022-06-30 04:37:40 --> Unknown column 'm_parameter_values.description' in 'where clause'
ERROR - 2022-06-30 04:38:44 --> Unknown column 'm_parameter_values.description' in 'where clause'
ERROR - 2022-06-30 04:38:45 --> Unknown column 'm_parameter_values.description' in 'where clause'
ERROR - 2022-06-30 04:39:45 --> Unknown column 'm_parameter_values.description' in 'where clause'
