CRITICAL - 2023-07-05 00:00:36 --> Failed to parse json string, error: "Malformed UTF-8 characters, possibly incorrectly encoded".
#0 /var/www/astraagrolestari-weightbridge/vendor/codeigniter4/framework/system/Format/JSONFormatter.php(41): CodeIgniter\Format\Exceptions\FormatException::forInvalidJSON()
#1 /var/www/astraagrolestari-weightbridge/vendor/codeigniter4/framework/system/HTTP/ResponseTrait.php(317): CodeIgniter\Format\JSONFormatter->format()
#2 /var/www/astraagrolestari-weightbridge/vendor/codeigniter4/framework/system/HTTP/ResponseTrait.php(243): CodeIgniter\HTTP\Response->formatBody()
#3 /var/www/astraagrolestari-weightbridge/app/Controllers/Timbang.php(810): CodeIgniter\HTTP\Response->setJSON()
#4 /var/www/astraagrolestari-weightbridge/vendor/codeigniter4/framework/system/CodeIgniter.php(802): App\Controllers\Timbang->weighRead()
#5 /var/www/astraagrolestari-weightbridge/vendor/codeigniter4/framework/system/CodeIgniter.php(399): CodeIgniter\CodeIgniter->runController()
#6 /var/www/astraagrolestari-weightbridge/vendor/codeigniter4/framework/system/CodeIgniter.php(317): CodeIgniter\CodeIgniter->handleRequest()
#7 /var/www/astraagrolestari-weightbridge/public/index.php(37): CodeIgniter\CodeIgniter->run()
#8 {main}
CRITICAL - 2023-07-05 00:00:44 --> Failed to parse json string, error: "Malformed UTF-8 characters, possibly incorrectly encoded".
#0 /var/www/astraagrolestari-weightbridge/vendor/codeigniter4/framework/system/Format/JSONFormatter.php(41): CodeIgniter\Format\Exceptions\FormatException::forInvalidJSON()
#1 /var/www/astraagrolestari-weightbridge/vendor/codeigniter4/framework/system/HTTP/ResponseTrait.php(317): CodeIgniter\Format\JSONFormatter->format()
#2 /var/www/astraagrolestari-weightbridge/vendor/codeigniter4/framework/system/HTTP/ResponseTrait.php(243): CodeIgniter\HTTP\Response->formatBody()
#3 /var/www/astraagrolestari-weightbridge/app/Controllers/Timbang.php(810): CodeIgniter\HTTP\Response->setJSON()
#4 /var/www/astraagrolestari-weightbridge/vendor/codeigniter4/framework/system/CodeIgniter.php(802): App\Controllers\Timbang->weighRead()
#5 /var/www/astraagrolestari-weightbridge/vendor/codeigniter4/framework/system/CodeIgniter.php(399): CodeIgniter\CodeIgniter->runController()
#6 /var/www/astraagrolestari-weightbridge/vendor/codeigniter4/framework/system/CodeIgniter.php(317): CodeIgniter\CodeIgniter->handleRequest()
#7 /var/www/astraagrolestari-weightbridge/public/index.php(37): CodeIgniter\CodeIgniter->run()
#8 {main}
CRITICAL - 2023-07-05 00:00:53 --> Failed to parse json string, error: "Malformed UTF-8 characters, possibly incorrectly encoded".
#0 /var/www/astraagrolestari-weightbridge/vendor/codeigniter4/framework/system/Format/JSONFormatter.php(41): CodeIgniter\Format\Exceptions\FormatException::forInvalidJSON()
#1 /var/www/astraagrolestari-weightbridge/vendor/codeigniter4/framework/system/HTTP/ResponseTrait.php(317): CodeIgniter\Format\JSONFormatter->format()
#2 /var/www/astraagrolestari-weightbridge/vendor/codeigniter4/framework/system/HTTP/ResponseTrait.php(243): CodeIgniter\HTTP\Response->formatBody()
#3 /var/www/astraagrolestari-weightbridge/app/Controllers/Timbang.php(810): CodeIgniter\HTTP\Response->setJSON()
#4 /var/www/astraagrolestari-weightbridge/vendor/codeigniter4/framework/system/CodeIgniter.php(802): App\Controllers\Timbang->weighRead()
#5 /var/www/astraagrolestari-weightbridge/vendor/codeigniter4/framework/system/CodeIgniter.php(399): CodeIgniter\CodeIgniter->runController()
#6 /var/www/astraagrolestari-weightbridge/vendor/codeigniter4/framework/system/CodeIgniter.php(317): CodeIgniter\CodeIgniter->handleRequest()
#7 /var/www/astraagrolestari-weightbridge/public/index.php(37): CodeIgniter\CodeIgniter->run()
#8 {main}
CRITICAL - 2023-07-05 00:01:00 --> Failed to parse json string, error: "Malformed UTF-8 characters, possibly incorrectly encoded".
#0 /var/www/astraagrolestari-weightbridge/vendor/codeigniter4/framework/system/Format/JSONFormatter.php(41): CodeIgniter\Format\Exceptions\FormatException::forInvalidJSON()
#1 /var/www/astraagrolestari-weightbridge/vendor/codeigniter4/framework/system/HTTP/ResponseTrait.php(317): CodeIgniter\Format\JSONFormatter->format()
#2 /var/www/astraagrolestari-weightbridge/vendor/codeigniter4/framework/system/HTTP/ResponseTrait.php(243): CodeIgniter\HTTP\Response->formatBody()
#3 /var/www/astraagrolestari-weightbridge/app/Controllers/Timbang.php(810): CodeIgniter\HTTP\Response->setJSON()
#4 /var/www/astraagrolestari-weightbridge/vendor/codeigniter4/framework/system/CodeIgniter.php(802): App\Controllers\Timbang->weighRead()
#5 /var/www/astraagrolestari-weightbridge/vendor/codeigniter4/framework/system/CodeIgniter.php(399): CodeIgniter\CodeIgniter->runController()
#6 /var/www/astraagrolestari-weightbridge/vendor/codeigniter4/framework/system/CodeIgniter.php(317): CodeIgniter\CodeIgniter->handleRequest()
#7 /var/www/astraagrolestari-weightbridge/public/index.php(37): CodeIgniter\CodeIgniter->run()
#8 {main}
CRITICAL - 2023-07-05 00:01:10 --> Failed to parse json string, error: "Malformed UTF-8 characters, possibly incorrectly encoded".
#0 /var/www/astraagrolestari-weightbridge/vendor/codeigniter4/framework/system/Format/JSONFormatter.php(41): CodeIgniter\Format\Exceptions\FormatException::forInvalidJSON()
#1 /var/www/astraagrolestari-weightbridge/vendor/codeigniter4/framework/system/HTTP/ResponseTrait.php(317): CodeIgniter\Format\JSONFormatter->format()
#2 /var/www/astraagrolestari-weightbridge/vendor/codeigniter4/framework/system/HTTP/ResponseTrait.php(243): CodeIgniter\HTTP\Response->formatBody()
#3 /var/www/astraagrolestari-weightbridge/app/Controllers/Timbang.php(810): CodeIgniter\HTTP\Response->setJSON()
#4 /var/www/astraagrolestari-weightbridge/vendor/codeigniter4/framework/system/CodeIgniter.php(802): App\Controllers\Timbang->weighRead()
#5 /var/www/astraagrolestari-weightbridge/vendor/codeigniter4/framework/system/CodeIgniter.php(399): CodeIgniter\CodeIgniter->runController()
#6 /var/www/astraagrolestari-weightbridge/vendor/codeigniter4/framework/system/CodeIgniter.php(317): CodeIgniter\CodeIgniter->handleRequest()
#7 /var/www/astraagrolestari-weightbridge/public/index.php(37): CodeIgniter\CodeIgniter->run()
#8 {main}
CRITICAL - 2023-07-05 00:01:20 --> Failed to parse json string, error: "Malformed UTF-8 characters, possibly incorrectly encoded".
#0 /var/www/astraagrolestari-weightbridge/vendor/codeigniter4/framework/system/Format/JSONFormatter.php(41): CodeIgniter\Format\Exceptions\FormatException::forInvalidJSON()
#1 /var/www/astraagrolestari-weightbridge/vendor/codeigniter4/framework/system/HTTP/ResponseTrait.php(317): CodeIgniter\Format\JSONFormatter->format()
#2 /var/www/astraagrolestari-weightbridge/vendor/codeigniter4/framework/system/HTTP/ResponseTrait.php(243): CodeIgniter\HTTP\Response->formatBody()
#3 /var/www/astraagrolestari-weightbridge/app/Controllers/Timbang.php(810): CodeIgniter\HTTP\Response->setJSON()
#4 /var/www/astraagrolestari-weightbridge/vendor/codeigniter4/framework/system/CodeIgniter.php(802): App\Controllers\Timbang->weighRead()
#5 /var/www/astraagrolestari-weightbridge/vendor/codeigniter4/framework/system/CodeIgniter.php(399): CodeIgniter\CodeIgniter->runController()
#6 /var/www/astraagrolestari-weightbridge/vendor/codeigniter4/framework/system/CodeIgniter.php(317): CodeIgniter\CodeIgniter->handleRequest()
#7 /var/www/astraagrolestari-weightbridge/public/index.php(37): CodeIgniter\CodeIgniter->run()
#8 {main}
CRITICAL - 2023-07-05 00:01:37 --> Failed to parse json string, error: "Malformed UTF-8 characters, possibly incorrectly encoded".
#0 /var/www/astraagrolestari-weightbridge/vendor/codeigniter4/framework/system/Format/JSONFormatter.php(41): CodeIgniter\Format\Exceptions\FormatException::forInvalidJSON()
#1 /var/www/astraagrolestari-weightbridge/vendor/codeigniter4/framework/system/HTTP/ResponseTrait.php(317): CodeIgniter\Format\JSONFormatter->format()
#2 /var/www/astraagrolestari-weightbridge/vendor/codeigniter4/framework/system/HTTP/ResponseTrait.php(243): CodeIgniter\HTTP\Response->formatBody()
#3 /var/www/astraagrolestari-weightbridge/app/Controllers/Timbang.php(810): CodeIgniter\HTTP\Response->setJSON()
#4 /var/www/astraagrolestari-weightbridge/vendor/codeigniter4/framework/system/CodeIgniter.php(802): App\Controllers\Timbang->weighRead()
#5 /var/www/astraagrolestari-weightbridge/vendor/codeigniter4/framework/system/CodeIgniter.php(399): CodeIgniter\CodeIgniter->runController()
#6 /var/www/astraagrolestari-weightbridge/vendor/codeigniter4/framework/system/CodeIgniter.php(317): CodeIgniter\CodeIgniter->handleRequest()
#7 /var/www/astraagrolestari-weightbridge/public/index.php(37): CodeIgniter\CodeIgniter->run()
#8 {main}
CRITICAL - 2023-07-05 21:51:10 --> fread(): Length parameter must be greater than 0
#0 [internal function]: CodeIgniter\Debug\Exceptions->errorHandler()
#1 /var/www/astraagrolestari-weightbridge/app/Controllers/Timbang.php(833): fread()
#2 /var/www/astraagrolestari-weightbridge/app/Controllers/Timbang.php(726): App\Controllers\Timbang->readOuputWb()
#3 /var/www/astraagrolestari-weightbridge/vendor/codeigniter4/framework/system/CodeIgniter.php(802): App\Controllers\Timbang->weighRead()
#4 /var/www/astraagrolestari-weightbridge/vendor/codeigniter4/framework/system/CodeIgniter.php(399): CodeIgniter\CodeIgniter->runController()
#5 /var/www/astraagrolestari-weightbridge/vendor/codeigniter4/framework/system/CodeIgniter.php(317): CodeIgniter\CodeIgniter->handleRequest()
#6 /var/www/astraagrolestari-weightbridge/public/index.php(37): CodeIgniter\CodeIgniter->run()
#7 {main}
CRITICAL - 2023-07-05 21:51:54 --> Failed to parse json string, error: "Malformed UTF-8 characters, possibly incorrectly encoded".
#0 /var/www/astraagrolestari-weightbridge/vendor/codeigniter4/framework/system/Format/JSONFormatter.php(41): CodeIgniter\Format\Exceptions\FormatException::forInvalidJSON()
#1 /var/www/astraagrolestari-weightbridge/vendor/codeigniter4/framework/system/HTTP/ResponseTrait.php(317): CodeIgniter\Format\JSONFormatter->format()
#2 /var/www/astraagrolestari-weightbridge/vendor/codeigniter4/framework/system/HTTP/ResponseTrait.php(243): CodeIgniter\HTTP\Response->formatBody()
#3 /var/www/astraagrolestari-weightbridge/app/Controllers/Timbang.php(811): CodeIgniter\HTTP\Response->setJSON()
#4 /var/www/astraagrolestari-weightbridge/vendor/codeigniter4/framework/system/CodeIgniter.php(802): App\Controllers\Timbang->weighRead()
#5 /var/www/astraagrolestari-weightbridge/vendor/codeigniter4/framework/system/CodeIgniter.php(399): CodeIgniter\CodeIgniter->runController()
#6 /var/www/astraagrolestari-weightbridge/vendor/codeigniter4/framework/system/CodeIgniter.php(317): CodeIgniter\CodeIgniter->handleRequest()
#7 /var/www/astraagrolestari-weightbridge/public/index.php(37): CodeIgniter\CodeIgniter->run()
#8 {main}
CRITICAL - 2023-07-05 21:52:01 --> Failed to parse json string, error: "Malformed UTF-8 characters, possibly incorrectly encoded".
#0 /var/www/astraagrolestari-weightbridge/vendor/codeigniter4/framework/system/Format/JSONFormatter.php(41): CodeIgniter\Format\Exceptions\FormatException::forInvalidJSON()
#1 /var/www/astraagrolestari-weightbridge/vendor/codeigniter4/framework/system/HTTP/ResponseTrait.php(317): CodeIgniter\Format\JSONFormatter->format()
#2 /var/www/astraagrolestari-weightbridge/vendor/codeigniter4/framework/system/HTTP/ResponseTrait.php(243): CodeIgniter\HTTP\Response->formatBody()
#3 /var/www/astraagrolestari-weightbridge/app/Controllers/Timbang.php(811): CodeIgniter\HTTP\Response->setJSON()
#4 /var/www/astraagrolestari-weightbridge/vendor/codeigniter4/framework/system/CodeIgniter.php(802): App\Controllers\Timbang->weighRead()
#5 /var/www/astraagrolestari-weightbridge/vendor/codeigniter4/framework/system/CodeIgniter.php(399): CodeIgniter\CodeIgniter->runController()
#6 /var/www/astraagrolestari-weightbridge/vendor/codeigniter4/framework/system/CodeIgniter.php(317): CodeIgniter\CodeIgniter->handleRequest()
#7 /var/www/astraagrolestari-weightbridge/public/index.php(37): CodeIgniter\CodeIgniter->run()
#8 {main}
CRITICAL - 2023-07-05 21:52:08 --> fread(): Length parameter must be greater than 0
#0 [internal function]: CodeIgniter\Debug\Exceptions->errorHandler()
#1 /var/www/astraagrolestari-weightbridge/app/Controllers/Timbang.php(833): fread()
#2 /var/www/astraagrolestari-weightbridge/app/Controllers/Timbang.php(726): App\Controllers\Timbang->readOuputWb()
#3 /var/www/astraagrolestari-weightbridge/vendor/codeigniter4/framework/system/CodeIgniter.php(802): App\Controllers\Timbang->weighRead()
#4 /var/www/astraagrolestari-weightbridge/vendor/codeigniter4/framework/system/CodeIgniter.php(399): CodeIgniter\CodeIgniter->runController()
#5 /var/www/astraagrolestari-weightbridge/vendor/codeigniter4/framework/system/CodeIgniter.php(317): CodeIgniter\CodeIgniter->handleRequest()
#6 /var/www/astraagrolestari-weightbridge/public/index.php(37): CodeIgniter\CodeIgniter->run()
#7 {main}
CRITICAL - 2023-07-05 21:52:14 --> fread(): Length parameter must be greater than 0
#0 [internal function]: CodeIgniter\Debug\Exceptions->errorHandler()
#1 /var/www/astraagrolestari-weightbridge/app/Controllers/Timbang.php(833): fread()
#2 /var/www/astraagrolestari-weightbridge/app/Controllers/Timbang.php(726): App\Controllers\Timbang->readOuputWb()
#3 /var/www/astraagrolestari-weightbridge/vendor/codeigniter4/framework/system/CodeIgniter.php(802): App\Controllers\Timbang->weighRead()
#4 /var/www/astraagrolestari-weightbridge/vendor/codeigniter4/framework/system/CodeIgniter.php(399): CodeIgniter\CodeIgniter->runController()
#5 /var/www/astraagrolestari-weightbridge/vendor/codeigniter4/framework/system/CodeIgniter.php(317): CodeIgniter\CodeIgniter->handleRequest()
#6 /var/www/astraagrolestari-weightbridge/public/index.php(37): CodeIgniter\CodeIgniter->run()
#7 {main}
CRITICAL - 2023-07-05 21:52:21 --> fread(): Length parameter must be greater than 0
#0 [internal function]: CodeIgniter\Debug\Exceptions->errorHandler()
#1 /var/www/astraagrolestari-weightbridge/app/Controllers/Timbang.php(833): fread()
#2 /var/www/astraagrolestari-weightbridge/app/Controllers/Timbang.php(726): App\Controllers\Timbang->readOuputWb()
#3 /var/www/astraagrolestari-weightbridge/vendor/codeigniter4/framework/system/CodeIgniter.php(802): App\Controllers\Timbang->weighRead()
#4 /var/www/astraagrolestari-weightbridge/vendor/codeigniter4/framework/system/CodeIgniter.php(399): CodeIgniter\CodeIgniter->runController()
#5 /var/www/astraagrolestari-weightbridge/vendor/codeigniter4/framework/system/CodeIgniter.php(317): CodeIgniter\CodeIgniter->handleRequest()
#6 /var/www/astraagrolestari-weightbridge/public/index.php(37): CodeIgniter\CodeIgniter->run()
#7 {main}
CRITICAL - 2023-07-05 21:52:27 --> fread(): Length parameter must be greater than 0
#0 [internal function]: CodeIgniter\Debug\Exceptions->errorHandler()
#1 /var/www/astraagrolestari-weightbridge/app/Controllers/Timbang.php(833): fread()
#2 /var/www/astraagrolestari-weightbridge/app/Controllers/Timbang.php(726): App\Controllers\Timbang->readOuputWb()
#3 /var/www/astraagrolestari-weightbridge/vendor/codeigniter4/framework/system/CodeIgniter.php(802): App\Controllers\Timbang->weighRead()
#4 /var/www/astraagrolestari-weightbridge/vendor/codeigniter4/framework/system/CodeIgniter.php(399): CodeIgniter\CodeIgniter->runController()
#5 /var/www/astraagrolestari-weightbridge/vendor/codeigniter4/framework/system/CodeIgniter.php(317): CodeIgniter\CodeIgniter->handleRequest()
#6 /var/www/astraagrolestari-weightbridge/public/index.php(37): CodeIgniter\CodeIgniter->run()
#7 {main}
CRITICAL - 2023-07-05 21:52:34 --> fread(): Length parameter must be greater than 0
#0 [internal function]: CodeIgniter\Debug\Exceptions->errorHandler()
#1 /var/www/astraagrolestari-weightbridge/app/Controllers/Timbang.php(833): fread()
#2 /var/www/astraagrolestari-weightbridge/app/Controllers/Timbang.php(726): App\Controllers\Timbang->readOuputWb()
#3 /var/www/astraagrolestari-weightbridge/vendor/codeigniter4/framework/system/CodeIgniter.php(802): App\Controllers\Timbang->weighRead()
#4 /var/www/astraagrolestari-weightbridge/vendor/codeigniter4/framework/system/CodeIgniter.php(399): CodeIgniter\CodeIgniter->runController()
#5 /var/www/astraagrolestari-weightbridge/vendor/codeigniter4/framework/system/CodeIgniter.php(317): CodeIgniter\CodeIgniter->handleRequest()
#6 /var/www/astraagrolestari-weightbridge/public/index.php(37): CodeIgniter\CodeIgniter->run()
#7 {main}
CRITICAL - 2023-07-05 21:52:40 --> fread(): Length parameter must be greater than 0
#0 [internal function]: CodeIgniter\Debug\Exceptions->errorHandler()
#1 /var/www/astraagrolestari-weightbridge/app/Controllers/Timbang.php(833): fread()
#2 /var/www/astraagrolestari-weightbridge/app/Controllers/Timbang.php(726): App\Controllers\Timbang->readOuputWb()
#3 /var/www/astraagrolestari-weightbridge/vendor/codeigniter4/framework/system/CodeIgniter.php(802): App\Controllers\Timbang->weighRead()
#4 /var/www/astraagrolestari-weightbridge/vendor/codeigniter4/framework/system/CodeIgniter.php(399): CodeIgniter\CodeIgniter->runController()
#5 /var/www/astraagrolestari-weightbridge/vendor/codeigniter4/framework/system/CodeIgniter.php(317): CodeIgniter\CodeIgniter->handleRequest()
#6 /var/www/astraagrolestari-weightbridge/public/index.php(37): CodeIgniter\CodeIgniter->run()
#7 {main}
CRITICAL - 2023-07-05 21:52:47 --> fread(): Length parameter must be greater than 0
#0 [internal function]: CodeIgniter\Debug\Exceptions->errorHandler()
#1 /var/www/astraagrolestari-weightbridge/app/Controllers/Timbang.php(833): fread()
#2 /var/www/astraagrolestari-weightbridge/app/Controllers/Timbang.php(726): App\Controllers\Timbang->readOuputWb()
#3 /var/www/astraagrolestari-weightbridge/vendor/codeigniter4/framework/system/CodeIgniter.php(802): App\Controllers\Timbang->weighRead()
#4 /var/www/astraagrolestari-weightbridge/vendor/codeigniter4/framework/system/CodeIgniter.php(399): CodeIgniter\CodeIgniter->runController()
#5 /var/www/astraagrolestari-weightbridge/vendor/codeigniter4/framework/system/CodeIgniter.php(317): CodeIgniter\CodeIgniter->handleRequest()
#6 /var/www/astraagrolestari-weightbridge/public/index.php(37): CodeIgniter\CodeIgniter->run()
#7 {main}
CRITICAL - 2023-07-05 21:52:53 --> fread(): Length parameter must be greater than 0
#0 [internal function]: CodeIgniter\Debug\Exceptions->errorHandler()
#1 /var/www/astraagrolestari-weightbridge/app/Controllers/Timbang.php(833): fread()
#2 /var/www/astraagrolestari-weightbridge/app/Controllers/Timbang.php(726): App\Controllers\Timbang->readOuputWb()
#3 /var/www/astraagrolestari-weightbridge/vendor/codeigniter4/framework/system/CodeIgniter.php(802): App\Controllers\Timbang->weighRead()
#4 /var/www/astraagrolestari-weightbridge/vendor/codeigniter4/framework/system/CodeIgniter.php(399): CodeIgniter\CodeIgniter->runController()
#5 /var/www/astraagrolestari-weightbridge/vendor/codeigniter4/framework/system/CodeIgniter.php(317): CodeIgniter\CodeIgniter->handleRequest()
#6 /var/www/astraagrolestari-weightbridge/public/index.php(37): CodeIgniter\CodeIgniter->run()
#7 {main}
CRITICAL - 2023-07-05 21:52:59 --> fread(): Length parameter must be greater than 0
#0 [internal function]: CodeIgniter\Debug\Exceptions->errorHandler()
#1 /var/www/astraagrolestari-weightbridge/app/Controllers/Timbang.php(833): fread()
#2 /var/www/astraagrolestari-weightbridge/app/Controllers/Timbang.php(726): App\Controllers\Timbang->readOuputWb()
#3 /var/www/astraagrolestari-weightbridge/vendor/codeigniter4/framework/system/CodeIgniter.php(802): App\Controllers\Timbang->weighRead()
#4 /var/www/astraagrolestari-weightbridge/vendor/codeigniter4/framework/system/CodeIgniter.php(399): CodeIgniter\CodeIgniter->runController()
#5 /var/www/astraagrolestari-weightbridge/vendor/codeigniter4/framework/system/CodeIgniter.php(317): CodeIgniter\CodeIgniter->handleRequest()
#6 /var/www/astraagrolestari-weightbridge/public/index.php(37): CodeIgniter\CodeIgniter->run()
#7 {main}
CRITICAL - 2023-07-05 21:53:06 --> fread(): Length parameter must be greater than 0
#0 [internal function]: CodeIgniter\Debug\Exceptions->errorHandler()
#1 /var/www/astraagrolestari-weightbridge/app/Controllers/Timbang.php(833): fread()
#2 /var/www/astraagrolestari-weightbridge/app/Controllers/Timbang.php(726): App\Controllers\Timbang->readOuputWb()
#3 /var/www/astraagrolestari-weightbridge/vendor/codeigniter4/framework/system/CodeIgniter.php(802): App\Controllers\Timbang->weighRead()
#4 /var/www/astraagrolestari-weightbridge/vendor/codeigniter4/framework/system/CodeIgniter.php(399): CodeIgniter\CodeIgniter->runController()
#5 /var/www/astraagrolestari-weightbridge/vendor/codeigniter4/framework/system/CodeIgniter.php(317): CodeIgniter\CodeIgniter->handleRequest()
#6 /var/www/astraagrolestari-weightbridge/public/index.php(37): CodeIgniter\CodeIgniter->run()
#7 {main}
CRITICAL - 2023-07-05 21:53:12 --> fread(): Length parameter must be greater than 0
#0 [internal function]: CodeIgniter\Debug\Exceptions->errorHandler()
#1 /var/www/astraagrolestari-weightbridge/app/Controllers/Timbang.php(833): fread()
#2 /var/www/astraagrolestari-weightbridge/app/Controllers/Timbang.php(726): App\Controllers\Timbang->readOuputWb()
#3 /var/www/astraagrolestari-weightbridge/vendor/codeigniter4/framework/system/CodeIgniter.php(802): App\Controllers\Timbang->weighRead()
#4 /var/www/astraagrolestari-weightbridge/vendor/codeigniter4/framework/system/CodeIgniter.php(399): CodeIgniter\CodeIgniter->runController()
#5 /var/www/astraagrolestari-weightbridge/vendor/codeigniter4/framework/system/CodeIgniter.php(317): CodeIgniter\CodeIgniter->handleRequest()
#6 /var/www/astraagrolestari-weightbridge/public/index.php(37): CodeIgniter\CodeIgniter->run()
#7 {main}
CRITICAL - 2023-07-05 21:53:19 --> fread(): Length parameter must be greater than 0
#0 [internal function]: CodeIgniter\Debug\Exceptions->errorHandler()
#1 /var/www/astraagrolestari-weightbridge/app/Controllers/Timbang.php(833): fread()
#2 /var/www/astraagrolestari-weightbridge/app/Controllers/Timbang.php(726): App\Controllers\Timbang->readOuputWb()
#3 /var/www/astraagrolestari-weightbridge/vendor/codeigniter4/framework/system/CodeIgniter.php(802): App\Controllers\Timbang->weighRead()
#4 /var/www/astraagrolestari-weightbridge/vendor/codeigniter4/framework/system/CodeIgniter.php(399): CodeIgniter\CodeIgniter->runController()
#5 /var/www/astraagrolestari-weightbridge/vendor/codeigniter4/framework/system/CodeIgniter.php(317): CodeIgniter\CodeIgniter->handleRequest()
#6 /var/www/astraagrolestari-weightbridge/public/index.php(37): CodeIgniter\CodeIgniter->run()
#7 {main}
CRITICAL - 2023-07-05 21:53:25 --> fread(): Length parameter must be greater than 0
#0 [internal function]: CodeIgniter\Debug\Exceptions->errorHandler()
#1 /var/www/astraagrolestari-weightbridge/app/Controllers/Timbang.php(833): fread()
#2 /var/www/astraagrolestari-weightbridge/app/Controllers/Timbang.php(726): App\Controllers\Timbang->readOuputWb()
#3 /var/www/astraagrolestari-weightbridge/vendor/codeigniter4/framework/system/CodeIgniter.php(802): App\Controllers\Timbang->weighRead()
#4 /var/www/astraagrolestari-weightbridge/vendor/codeigniter4/framework/system/CodeIgniter.php(399): CodeIgniter\CodeIgniter->runController()
#5 /var/www/astraagrolestari-weightbridge/vendor/codeigniter4/framework/system/CodeIgniter.php(317): CodeIgniter\CodeIgniter->handleRequest()
#6 /var/www/astraagrolestari-weightbridge/public/index.php(37): CodeIgniter\CodeIgniter->run()
#7 {main}
CRITICAL - 2023-07-05 21:53:32 --> fread(): Length parameter must be greater than 0
#0 [internal function]: CodeIgniter\Debug\Exceptions->errorHandler()
#1 /var/www/astraagrolestari-weightbridge/app/Controllers/Timbang.php(833): fread()
#2 /var/www/astraagrolestari-weightbridge/app/Controllers/Timbang.php(726): App\Controllers\Timbang->readOuputWb()
#3 /var/www/astraagrolestari-weightbridge/vendor/codeigniter4/framework/system/CodeIgniter.php(802): App\Controllers\Timbang->weighRead()
#4 /var/www/astraagrolestari-weightbridge/vendor/codeigniter4/framework/system/CodeIgniter.php(399): CodeIgniter\CodeIgniter->runController()
#5 /var/www/astraagrolestari-weightbridge/vendor/codeigniter4/framework/system/CodeIgniter.php(317): CodeIgniter\CodeIgniter->handleRequest()
#6 /var/www/astraagrolestari-weightbridge/public/index.php(37): CodeIgniter\CodeIgniter->run()
#7 {main}
CRITICAL - 2023-07-05 21:53:38 --> fread(): Length parameter must be greater than 0
#0 [internal function]: CodeIgniter\Debug\Exceptions->errorHandler()
#1 /var/www/astraagrolestari-weightbridge/app/Controllers/Timbang.php(833): fread()
#2 /var/www/astraagrolestari-weightbridge/app/Controllers/Timbang.php(726): App\Controllers\Timbang->readOuputWb()
#3 /var/www/astraagrolestari-weightbridge/vendor/codeigniter4/framework/system/CodeIgniter.php(802): App\Controllers\Timbang->weighRead()
#4 /var/www/astraagrolestari-weightbridge/vendor/codeigniter4/framework/system/CodeIgniter.php(399): CodeIgniter\CodeIgniter->runController()
#5 /var/www/astraagrolestari-weightbridge/vendor/codeigniter4/framework/system/CodeIgniter.php(317): CodeIgniter\CodeIgniter->handleRequest()
#6 /var/www/astraagrolestari-weightbridge/public/index.php(37): CodeIgniter\CodeIgniter->run()
#7 {main}
CRITICAL - 2023-07-05 21:53:44 --> fread(): Length parameter must be greater than 0
#0 [internal function]: CodeIgniter\Debug\Exceptions->errorHandler()
#1 /var/www/astraagrolestari-weightbridge/app/Controllers/Timbang.php(833): fread()
#2 /var/www/astraagrolestari-weightbridge/app/Controllers/Timbang.php(726): App\Controllers\Timbang->readOuputWb()
#3 /var/www/astraagrolestari-weightbridge/vendor/codeigniter4/framework/system/CodeIgniter.php(802): App\Controllers\Timbang->weighRead()
#4 /var/www/astraagrolestari-weightbridge/vendor/codeigniter4/framework/system/CodeIgniter.php(399): CodeIgniter\CodeIgniter->runController()
#5 /var/www/astraagrolestari-weightbridge/vendor/codeigniter4/framework/system/CodeIgniter.php(317): CodeIgniter\CodeIgniter->handleRequest()
#6 /var/www/astraagrolestari-weightbridge/public/index.php(37): CodeIgniter\CodeIgniter->run()
#7 {main}
CRITICAL - 2023-07-05 21:53:51 --> fread(): Length parameter must be greater than 0
#0 [internal function]: CodeIgniter\Debug\Exceptions->errorHandler()
#1 /var/www/astraagrolestari-weightbridge/app/Controllers/Timbang.php(833): fread()
#2 /var/www/astraagrolestari-weightbridge/app/Controllers/Timbang.php(726): App\Controllers\Timbang->readOuputWb()
#3 /var/www/astraagrolestari-weightbridge/vendor/codeigniter4/framework/system/CodeIgniter.php(802): App\Controllers\Timbang->weighRead()
#4 /var/www/astraagrolestari-weightbridge/vendor/codeigniter4/framework/system/CodeIgniter.php(399): CodeIgniter\CodeIgniter->runController()
#5 /var/www/astraagrolestari-weightbridge/vendor/codeigniter4/framework/system/CodeIgniter.php(317): CodeIgniter\CodeIgniter->handleRequest()
#6 /var/www/astraagrolestari-weightbridge/public/index.php(37): CodeIgniter\CodeIgniter->run()
#7 {main}
CRITICAL - 2023-07-05 21:53:57 --> fread(): Length parameter must be greater than 0
#0 [internal function]: CodeIgniter\Debug\Exceptions->errorHandler()
#1 /var/www/astraagrolestari-weightbridge/app/Controllers/Timbang.php(833): fread()
#2 /var/www/astraagrolestari-weightbridge/app/Controllers/Timbang.php(726): App\Controllers\Timbang->readOuputWb()
#3 /var/www/astraagrolestari-weightbridge/vendor/codeigniter4/framework/system/CodeIgniter.php(802): App\Controllers\Timbang->weighRead()
#4 /var/www/astraagrolestari-weightbridge/vendor/codeigniter4/framework/system/CodeIgniter.php(399): CodeIgniter\CodeIgniter->runController()
#5 /var/www/astraagrolestari-weightbridge/vendor/codeigniter4/framework/system/CodeIgniter.php(317): CodeIgniter\CodeIgniter->handleRequest()
#6 /var/www/astraagrolestari-weightbridge/public/index.php(37): CodeIgniter\CodeIgniter->run()
#7 {main}
CRITICAL - 2023-07-05 21:54:04 --> fread(): Length parameter must be greater than 0
#0 [internal function]: CodeIgniter\Debug\Exceptions->errorHandler()
#1 /var/www/astraagrolestari-weightbridge/app/Controllers/Timbang.php(833): fread()
#2 /var/www/astraagrolestari-weightbridge/app/Controllers/Timbang.php(726): App\Controllers\Timbang->readOuputWb()
#3 /var/www/astraagrolestari-weightbridge/vendor/codeigniter4/framework/system/CodeIgniter.php(802): App\Controllers\Timbang->weighRead()
#4 /var/www/astraagrolestari-weightbridge/vendor/codeigniter4/framework/system/CodeIgniter.php(399): CodeIgniter\CodeIgniter->runController()
#5 /var/www/astraagrolestari-weightbridge/vendor/codeigniter4/framework/system/CodeIgniter.php(317): CodeIgniter\CodeIgniter->handleRequest()
#6 /var/www/astraagrolestari-weightbridge/public/index.php(37): CodeIgniter\CodeIgniter->run()
#7 {main}
CRITICAL - 2023-07-05 21:54:10 --> fread(): Length parameter must be greater than 0
#0 [internal function]: CodeIgniter\Debug\Exceptions->errorHandler()
#1 /var/www/astraagrolestari-weightbridge/app/Controllers/Timbang.php(833): fread()
#2 /var/www/astraagrolestari-weightbridge/app/Controllers/Timbang.php(726): App\Controllers\Timbang->readOuputWb()
#3 /var/www/astraagrolestari-weightbridge/vendor/codeigniter4/framework/system/CodeIgniter.php(802): App\Controllers\Timbang->weighRead()
#4 /var/www/astraagrolestari-weightbridge/vendor/codeigniter4/framework/system/CodeIgniter.php(399): CodeIgniter\CodeIgniter->runController()
#5 /var/www/astraagrolestari-weightbridge/vendor/codeigniter4/framework/system/CodeIgniter.php(317): CodeIgniter\CodeIgniter->handleRequest()
#6 /var/www/astraagrolestari-weightbridge/public/index.php(37): CodeIgniter\CodeIgniter->run()
#7 {main}
CRITICAL - 2023-07-05 21:54:17 --> fread(): Length parameter must be greater than 0
#0 [internal function]: CodeIgniter\Debug\Exceptions->errorHandler()
#1 /var/www/astraagrolestari-weightbridge/app/Controllers/Timbang.php(833): fread()
#2 /var/www/astraagrolestari-weightbridge/app/Controllers/Timbang.php(726): App\Controllers\Timbang->readOuputWb()
#3 /var/www/astraagrolestari-weightbridge/vendor/codeigniter4/framework/system/CodeIgniter.php(802): App\Controllers\Timbang->weighRead()
#4 /var/www/astraagrolestari-weightbridge/vendor/codeigniter4/framework/system/CodeIgniter.php(399): CodeIgniter\CodeIgniter->runController()
#5 /var/www/astraagrolestari-weightbridge/vendor/codeigniter4/framework/system/CodeIgniter.php(317): CodeIgniter\CodeIgniter->handleRequest()
#6 /var/www/astraagrolestari-weightbridge/public/index.php(37): CodeIgniter\CodeIgniter->run()
#7 {main}
CRITICAL - 2023-07-05 21:54:23 --> fread(): Length parameter must be greater than 0
#0 [internal function]: CodeIgniter\Debug\Exceptions->errorHandler()
#1 /var/www/astraagrolestari-weightbridge/app/Controllers/Timbang.php(833): fread()
#2 /var/www/astraagrolestari-weightbridge/app/Controllers/Timbang.php(726): App\Controllers\Timbang->readOuputWb()
#3 /var/www/astraagrolestari-weightbridge/vendor/codeigniter4/framework/system/CodeIgniter.php(802): App\Controllers\Timbang->weighRead()
#4 /var/www/astraagrolestari-weightbridge/vendor/codeigniter4/framework/system/CodeIgniter.php(399): CodeIgniter\CodeIgniter->runController()
#5 /var/www/astraagrolestari-weightbridge/vendor/codeigniter4/framework/system/CodeIgniter.php(317): CodeIgniter\CodeIgniter->handleRequest()
#6 /var/www/astraagrolestari-weightbridge/public/index.php(37): CodeIgniter\CodeIgniter->run()
#7 {main}
CRITICAL - 2023-07-05 21:54:30 --> fread(): Length parameter must be greater than 0
#0 [internal function]: CodeIgniter\Debug\Exceptions->errorHandler()
#1 /var/www/astraagrolestari-weightbridge/app/Controllers/Timbang.php(833): fread()
#2 /var/www/astraagrolestari-weightbridge/app/Controllers/Timbang.php(726): App\Controllers\Timbang->readOuputWb()
#3 /var/www/astraagrolestari-weightbridge/vendor/codeigniter4/framework/system/CodeIgniter.php(802): App\Controllers\Timbang->weighRead()
#4 /var/www/astraagrolestari-weightbridge/vendor/codeigniter4/framework/system/CodeIgniter.php(399): CodeIgniter\CodeIgniter->runController()
#5 /var/www/astraagrolestari-weightbridge/vendor/codeigniter4/framework/system/CodeIgniter.php(317): CodeIgniter\CodeIgniter->handleRequest()
#6 /var/www/astraagrolestari-weightbridge/public/index.php(37): CodeIgniter\CodeIgniter->run()
#7 {main}
CRITICAL - 2023-07-05 21:54:36 --> fread(): Length parameter must be greater than 0
#0 [internal function]: CodeIgniter\Debug\Exceptions->errorHandler()
#1 /var/www/astraagrolestari-weightbridge/app/Controllers/Timbang.php(833): fread()
#2 /var/www/astraagrolestari-weightbridge/app/Controllers/Timbang.php(726): App\Controllers\Timbang->readOuputWb()
#3 /var/www/astraagrolestari-weightbridge/vendor/codeigniter4/framework/system/CodeIgniter.php(802): App\Controllers\Timbang->weighRead()
#4 /var/www/astraagrolestari-weightbridge/vendor/codeigniter4/framework/system/CodeIgniter.php(399): CodeIgniter\CodeIgniter->runController()
#5 /var/www/astraagrolestari-weightbridge/vendor/codeigniter4/framework/system/CodeIgniter.php(317): CodeIgniter\CodeIgniter->handleRequest()
#6 /var/www/astraagrolestari-weightbridge/public/index.php(37): CodeIgniter\CodeIgniter->run()
#7 {main}
CRITICAL - 2023-07-05 21:54:42 --> fread(): Length parameter must be greater than 0
#0 [internal function]: CodeIgniter\Debug\Exceptions->errorHandler()
#1 /var/www/astraagrolestari-weightbridge/app/Controllers/Timbang.php(833): fread()
#2 /var/www/astraagrolestari-weightbridge/app/Controllers/Timbang.php(726): App\Controllers\Timbang->readOuputWb()
#3 /var/www/astraagrolestari-weightbridge/vendor/codeigniter4/framework/system/CodeIgniter.php(802): App\Controllers\Timbang->weighRead()
#4 /var/www/astraagrolestari-weightbridge/vendor/codeigniter4/framework/system/CodeIgniter.php(399): CodeIgniter\CodeIgniter->runController()
#5 /var/www/astraagrolestari-weightbridge/vendor/codeigniter4/framework/system/CodeIgniter.php(317): CodeIgniter\CodeIgniter->handleRequest()
#6 /var/www/astraagrolestari-weightbridge/public/index.php(37): CodeIgniter\CodeIgniter->run()
#7 {main}
CRITICAL - 2023-07-05 21:54:49 --> fread(): Length parameter must be greater than 0
#0 [internal function]: CodeIgniter\Debug\Exceptions->errorHandler()
#1 /var/www/astraagrolestari-weightbridge/app/Controllers/Timbang.php(833): fread()
#2 /var/www/astraagrolestari-weightbridge/app/Controllers/Timbang.php(726): App\Controllers\Timbang->readOuputWb()
#3 /var/www/astraagrolestari-weightbridge/vendor/codeigniter4/framework/system/CodeIgniter.php(802): App\Controllers\Timbang->weighRead()
#4 /var/www/astraagrolestari-weightbridge/vendor/codeigniter4/framework/system/CodeIgniter.php(399): CodeIgniter\CodeIgniter->runController()
#5 /var/www/astraagrolestari-weightbridge/vendor/codeigniter4/framework/system/CodeIgniter.php(317): CodeIgniter\CodeIgniter->handleRequest()
#6 /var/www/astraagrolestari-weightbridge/public/index.php(37): CodeIgniter\CodeIgniter->run()
#7 {main}
CRITICAL - 2023-07-05 21:54:55 --> fread(): Length parameter must be greater than 0
#0 [internal function]: CodeIgniter\Debug\Exceptions->errorHandler()
#1 /var/www/astraagrolestari-weightbridge/app/Controllers/Timbang.php(833): fread()
#2 /var/www/astraagrolestari-weightbridge/app/Controllers/Timbang.php(726): App\Controllers\Timbang->readOuputWb()
#3 /var/www/astraagrolestari-weightbridge/vendor/codeigniter4/framework/system/CodeIgniter.php(802): App\Controllers\Timbang->weighRead()
#4 /var/www/astraagrolestari-weightbridge/vendor/codeigniter4/framework/system/CodeIgniter.php(399): CodeIgniter\CodeIgniter->runController()
#5 /var/www/astraagrolestari-weightbridge/vendor/codeigniter4/framework/system/CodeIgniter.php(317): CodeIgniter\CodeIgniter->handleRequest()
#6 /var/www/astraagrolestari-weightbridge/public/index.php(37): CodeIgniter\CodeIgniter->run()
#7 {main}
CRITICAL - 2023-07-05 21:55:02 --> fread(): Length parameter must be greater than 0
#0 [internal function]: CodeIgniter\Debug\Exceptions->errorHandler()
#1 /var/www/astraagrolestari-weightbridge/app/Controllers/Timbang.php(833): fread()
#2 /var/www/astraagrolestari-weightbridge/app/Controllers/Timbang.php(726): App\Controllers\Timbang->readOuputWb()
#3 /var/www/astraagrolestari-weightbridge/vendor/codeigniter4/framework/system/CodeIgniter.php(802): App\Controllers\Timbang->weighRead()
#4 /var/www/astraagrolestari-weightbridge/vendor/codeigniter4/framework/system/CodeIgniter.php(399): CodeIgniter\CodeIgniter->runController()
#5 /var/www/astraagrolestari-weightbridge/vendor/codeigniter4/framework/system/CodeIgniter.php(317): CodeIgniter\CodeIgniter->handleRequest()
#6 /var/www/astraagrolestari-weightbridge/public/index.php(37): CodeIgniter\CodeIgniter->run()
#7 {main}
CRITICAL - 2023-07-05 21:55:08 --> fread(): Length parameter must be greater than 0
#0 [internal function]: CodeIgniter\Debug\Exceptions->errorHandler()
#1 /var/www/astraagrolestari-weightbridge/app/Controllers/Timbang.php(833): fread()
#2 /var/www/astraagrolestari-weightbridge/app/Controllers/Timbang.php(726): App\Controllers\Timbang->readOuputWb()
#3 /var/www/astraagrolestari-weightbridge/vendor/codeigniter4/framework/system/CodeIgniter.php(802): App\Controllers\Timbang->weighRead()
#4 /var/www/astraagrolestari-weightbridge/vendor/codeigniter4/framework/system/CodeIgniter.php(399): CodeIgniter\CodeIgniter->runController()
#5 /var/www/astraagrolestari-weightbridge/vendor/codeigniter4/framework/system/CodeIgniter.php(317): CodeIgniter\CodeIgniter->handleRequest()
#6 /var/www/astraagrolestari-weightbridge/public/index.php(37): CodeIgniter\CodeIgniter->run()
#7 {main}
CRITICAL - 2023-07-05 21:55:15 --> fread(): Length parameter must be greater than 0
#0 [internal function]: CodeIgniter\Debug\Exceptions->errorHandler()
#1 /var/www/astraagrolestari-weightbridge/app/Controllers/Timbang.php(833): fread()
#2 /var/www/astraagrolestari-weightbridge/app/Controllers/Timbang.php(726): App\Controllers\Timbang->readOuputWb()
#3 /var/www/astraagrolestari-weightbridge/vendor/codeigniter4/framework/system/CodeIgniter.php(802): App\Controllers\Timbang->weighRead()
#4 /var/www/astraagrolestari-weightbridge/vendor/codeigniter4/framework/system/CodeIgniter.php(399): CodeIgniter\CodeIgniter->runController()
#5 /var/www/astraagrolestari-weightbridge/vendor/codeigniter4/framework/system/CodeIgniter.php(317): CodeIgniter\CodeIgniter->handleRequest()
#6 /var/www/astraagrolestari-weightbridge/public/index.php(37): CodeIgniter\CodeIgniter->run()
#7 {main}
CRITICAL - 2023-07-05 21:55:21 --> fread(): Length parameter must be greater than 0
#0 [internal function]: CodeIgniter\Debug\Exceptions->errorHandler()
#1 /var/www/astraagrolestari-weightbridge/app/Controllers/Timbang.php(833): fread()
#2 /var/www/astraagrolestari-weightbridge/app/Controllers/Timbang.php(726): App\Controllers\Timbang->readOuputWb()
#3 /var/www/astraagrolestari-weightbridge/vendor/codeigniter4/framework/system/CodeIgniter.php(802): App\Controllers\Timbang->weighRead()
#4 /var/www/astraagrolestari-weightbridge/vendor/codeigniter4/framework/system/CodeIgniter.php(399): CodeIgniter\CodeIgniter->runController()
#5 /var/www/astraagrolestari-weightbridge/vendor/codeigniter4/framework/system/CodeIgniter.php(317): CodeIgniter\CodeIgniter->handleRequest()
#6 /var/www/astraagrolestari-weightbridge/public/index.php(37): CodeIgniter\CodeIgniter->run()
#7 {main}
CRITICAL - 2023-07-05 21:55:28 --> fread(): Length parameter must be greater than 0
#0 [internal function]: CodeIgniter\Debug\Exceptions->errorHandler()
#1 /var/www/astraagrolestari-weightbridge/app/Controllers/Timbang.php(833): fread()
#2 /var/www/astraagrolestari-weightbridge/app/Controllers/Timbang.php(726): App\Controllers\Timbang->readOuputWb()
#3 /var/www/astraagrolestari-weightbridge/vendor/codeigniter4/framework/system/CodeIgniter.php(802): App\Controllers\Timbang->weighRead()
#4 /var/www/astraagrolestari-weightbridge/vendor/codeigniter4/framework/system/CodeIgniter.php(399): CodeIgniter\CodeIgniter->runController()
#5 /var/www/astraagrolestari-weightbridge/vendor/codeigniter4/framework/system/CodeIgniter.php(317): CodeIgniter\CodeIgniter->handleRequest()
#6 /var/www/astraagrolestari-weightbridge/public/index.php(37): CodeIgniter\CodeIgniter->run()
#7 {main}
CRITICAL - 2023-07-05 21:55:34 --> fread(): Length parameter must be greater than 0
#0 [internal function]: CodeIgniter\Debug\Exceptions->errorHandler()
#1 /var/www/astraagrolestari-weightbridge/app/Controllers/Timbang.php(833): fread()
#2 /var/www/astraagrolestari-weightbridge/app/Controllers/Timbang.php(726): App\Controllers\Timbang->readOuputWb()
#3 /var/www/astraagrolestari-weightbridge/vendor/codeigniter4/framework/system/CodeIgniter.php(802): App\Controllers\Timbang->weighRead()
#4 /var/www/astraagrolestari-weightbridge/vendor/codeigniter4/framework/system/CodeIgniter.php(399): CodeIgniter\CodeIgniter->runController()
#5 /var/www/astraagrolestari-weightbridge/vendor/codeigniter4/framework/system/CodeIgniter.php(317): CodeIgniter\CodeIgniter->handleRequest()
#6 /var/www/astraagrolestari-weightbridge/public/index.php(37): CodeIgniter\CodeIgniter->run()
#7 {main}
CRITICAL - 2023-07-05 21:55:41 --> fread(): Length parameter must be greater than 0
#0 [internal function]: CodeIgniter\Debug\Exceptions->errorHandler()
#1 /var/www/astraagrolestari-weightbridge/app/Controllers/Timbang.php(833): fread()
#2 /var/www/astraagrolestari-weightbridge/app/Controllers/Timbang.php(726): App\Controllers\Timbang->readOuputWb()
#3 /var/www/astraagrolestari-weightbridge/vendor/codeigniter4/framework/system/CodeIgniter.php(802): App\Controllers\Timbang->weighRead()
#4 /var/www/astraagrolestari-weightbridge/vendor/codeigniter4/framework/system/CodeIgniter.php(399): CodeIgniter\CodeIgniter->runController()
#5 /var/www/astraagrolestari-weightbridge/vendor/codeigniter4/framework/system/CodeIgniter.php(317): CodeIgniter\CodeIgniter->handleRequest()
#6 /var/www/astraagrolestari-weightbridge/public/index.php(37): CodeIgniter\CodeIgniter->run()
#7 {main}
CRITICAL - 2023-07-05 21:55:47 --> fread(): Length parameter must be greater than 0
#0 [internal function]: CodeIgniter\Debug\Exceptions->errorHandler()
#1 /var/www/astraagrolestari-weightbridge/app/Controllers/Timbang.php(833): fread()
#2 /var/www/astraagrolestari-weightbridge/app/Controllers/Timbang.php(726): App\Controllers\Timbang->readOuputWb()
#3 /var/www/astraagrolestari-weightbridge/vendor/codeigniter4/framework/system/CodeIgniter.php(802): App\Controllers\Timbang->weighRead()
#4 /var/www/astraagrolestari-weightbridge/vendor/codeigniter4/framework/system/CodeIgniter.php(399): CodeIgniter\CodeIgniter->runController()
#5 /var/www/astraagrolestari-weightbridge/vendor/codeigniter4/framework/system/CodeIgniter.php(317): CodeIgniter\CodeIgniter->handleRequest()
#6 /var/www/astraagrolestari-weightbridge/public/index.php(37): CodeIgniter\CodeIgniter->run()
#7 {main}
CRITICAL - 2023-07-05 21:55:53 --> fread(): Length parameter must be greater than 0
#0 [internal function]: CodeIgniter\Debug\Exceptions->errorHandler()
#1 /var/www/astraagrolestari-weightbridge/app/Controllers/Timbang.php(833): fread()
#2 /var/www/astraagrolestari-weightbridge/app/Controllers/Timbang.php(726): App\Controllers\Timbang->readOuputWb()
#3 /var/www/astraagrolestari-weightbridge/vendor/codeigniter4/framework/system/CodeIgniter.php(802): App\Controllers\Timbang->weighRead()
#4 /var/www/astraagrolestari-weightbridge/vendor/codeigniter4/framework/system/CodeIgniter.php(399): CodeIgniter\CodeIgniter->runController()
#5 /var/www/astraagrolestari-weightbridge/vendor/codeigniter4/framework/system/CodeIgniter.php(317): CodeIgniter\CodeIgniter->handleRequest()
#6 /var/www/astraagrolestari-weightbridge/public/index.php(37): CodeIgniter\CodeIgniter->run()
#7 {main}
CRITICAL - 2023-07-05 21:56:00 --> fread(): Length parameter must be greater than 0
#0 [internal function]: CodeIgniter\Debug\Exceptions->errorHandler()
#1 /var/www/astraagrolestari-weightbridge/app/Controllers/Timbang.php(833): fread()
#2 /var/www/astraagrolestari-weightbridge/app/Controllers/Timbang.php(726): App\Controllers\Timbang->readOuputWb()
#3 /var/www/astraagrolestari-weightbridge/vendor/codeigniter4/framework/system/CodeIgniter.php(802): App\Controllers\Timbang->weighRead()
#4 /var/www/astraagrolestari-weightbridge/vendor/codeigniter4/framework/system/CodeIgniter.php(399): CodeIgniter\CodeIgniter->runController()
#5 /var/www/astraagrolestari-weightbridge/vendor/codeigniter4/framework/system/CodeIgniter.php(317): CodeIgniter\CodeIgniter->handleRequest()
#6 /var/www/astraagrolestari-weightbridge/public/index.php(37): CodeIgniter\CodeIgniter->run()
#7 {main}
CRITICAL - 2023-07-05 21:56:05 --> fread(): Length parameter must be greater than 0
#0 [internal function]: CodeIgniter\Debug\Exceptions->errorHandler()
#1 /var/www/astraagrolestari-weightbridge/app/Controllers/Timbang.php(833): fread()
#2 /var/www/astraagrolestari-weightbridge/app/Controllers/Timbang.php(726): App\Controllers\Timbang->readOuputWb()
#3 /var/www/astraagrolestari-weightbridge/vendor/codeigniter4/framework/system/CodeIgniter.php(802): App\Controllers\Timbang->weighRead()
#4 /var/www/astraagrolestari-weightbridge/vendor/codeigniter4/framework/system/CodeIgniter.php(399): CodeIgniter\CodeIgniter->runController()
#5 /var/www/astraagrolestari-weightbridge/vendor/codeigniter4/framework/system/CodeIgniter.php(317): CodeIgniter\CodeIgniter->handleRequest()
#6 /var/www/astraagrolestari-weightbridge/public/index.php(37): CodeIgniter\CodeIgniter->run()
#7 {main}
CRITICAL - 2023-07-05 21:56:06 --> fread(): Length parameter must be greater than 0
#0 [internal function]: CodeIgniter\Debug\Exceptions->errorHandler()
#1 /var/www/astraagrolestari-weightbridge/app/Controllers/Timbang.php(833): fread()
#2 /var/www/astraagrolestari-weightbridge/app/Controllers/Timbang.php(726): App\Controllers\Timbang->readOuputWb()
#3 /var/www/astraagrolestari-weightbridge/vendor/codeigniter4/framework/system/CodeIgniter.php(802): App\Controllers\Timbang->weighRead()
#4 /var/www/astraagrolestari-weightbridge/vendor/codeigniter4/framework/system/CodeIgniter.php(399): CodeIgniter\CodeIgniter->runController()
#5 /var/www/astraagrolestari-weightbridge/vendor/codeigniter4/framework/system/CodeIgniter.php(317): CodeIgniter\CodeIgniter->handleRequest()
#6 /var/www/astraagrolestari-weightbridge/public/index.php(37): CodeIgniter\CodeIgniter->run()
#7 {main}
CRITICAL - 2023-07-05 21:56:13 --> fread(): Length parameter must be greater than 0
#0 [internal function]: CodeIgniter\Debug\Exceptions->errorHandler()
#1 /var/www/astraagrolestari-weightbridge/app/Controllers/Timbang.php(833): fread()
#2 /var/www/astraagrolestari-weightbridge/app/Controllers/Timbang.php(726): App\Controllers\Timbang->readOuputWb()
#3 /var/www/astraagrolestari-weightbridge/vendor/codeigniter4/framework/system/CodeIgniter.php(802): App\Controllers\Timbang->weighRead()
#4 /var/www/astraagrolestari-weightbridge/vendor/codeigniter4/framework/system/CodeIgniter.php(399): CodeIgniter\CodeIgniter->runController()
#5 /var/www/astraagrolestari-weightbridge/vendor/codeigniter4/framework/system/CodeIgniter.php(317): CodeIgniter\CodeIgniter->handleRequest()
#6 /var/www/astraagrolestari-weightbridge/public/index.php(37): CodeIgniter\CodeIgniter->run()
#7 {main}
CRITICAL - 2023-07-05 21:56:19 --> fread(): Length parameter must be greater than 0
#0 [internal function]: CodeIgniter\Debug\Exceptions->errorHandler()
#1 /var/www/astraagrolestari-weightbridge/app/Controllers/Timbang.php(833): fread()
#2 /var/www/astraagrolestari-weightbridge/app/Controllers/Timbang.php(726): App\Controllers\Timbang->readOuputWb()
#3 /var/www/astraagrolestari-weightbridge/vendor/codeigniter4/framework/system/CodeIgniter.php(802): App\Controllers\Timbang->weighRead()
#4 /var/www/astraagrolestari-weightbridge/vendor/codeigniter4/framework/system/CodeIgniter.php(399): CodeIgniter\CodeIgniter->runController()
#5 /var/www/astraagrolestari-weightbridge/vendor/codeigniter4/framework/system/CodeIgniter.php(317): CodeIgniter\CodeIgniter->handleRequest()
#6 /var/www/astraagrolestari-weightbridge/public/index.php(37): CodeIgniter\CodeIgniter->run()
#7 {main}
CRITICAL - 2023-07-05 21:56:26 --> fread(): Length parameter must be greater than 0
#0 [internal function]: CodeIgniter\Debug\Exceptions->errorHandler()
#1 /var/www/astraagrolestari-weightbridge/app/Controllers/Timbang.php(833): fread()
#2 /var/www/astraagrolestari-weightbridge/app/Controllers/Timbang.php(726): App\Controllers\Timbang->readOuputWb()
#3 /var/www/astraagrolestari-weightbridge/vendor/codeigniter4/framework/system/CodeIgniter.php(802): App\Controllers\Timbang->weighRead()
#4 /var/www/astraagrolestari-weightbridge/vendor/codeigniter4/framework/system/CodeIgniter.php(399): CodeIgniter\CodeIgniter->runController()
#5 /var/www/astraagrolestari-weightbridge/vendor/codeigniter4/framework/system/CodeIgniter.php(317): CodeIgniter\CodeIgniter->handleRequest()
#6 /var/www/astraagrolestari-weightbridge/public/index.php(37): CodeIgniter\CodeIgniter->run()
#7 {main}
CRITICAL - 2023-07-05 21:56:32 --> fread(): Length parameter must be greater than 0
#0 [internal function]: CodeIgniter\Debug\Exceptions->errorHandler()
#1 /var/www/astraagrolestari-weightbridge/app/Controllers/Timbang.php(833): fread()
#2 /var/www/astraagrolestari-weightbridge/app/Controllers/Timbang.php(726): App\Controllers\Timbang->readOuputWb()
#3 /var/www/astraagrolestari-weightbridge/vendor/codeigniter4/framework/system/CodeIgniter.php(802): App\Controllers\Timbang->weighRead()
#4 /var/www/astraagrolestari-weightbridge/vendor/codeigniter4/framework/system/CodeIgniter.php(399): CodeIgniter\CodeIgniter->runController()
#5 /var/www/astraagrolestari-weightbridge/vendor/codeigniter4/framework/system/CodeIgniter.php(317): CodeIgniter\CodeIgniter->handleRequest()
#6 /var/www/astraagrolestari-weightbridge/public/index.php(37): CodeIgniter\CodeIgniter->run()
#7 {main}
CRITICAL - 2023-07-05 21:56:36 --> fread(): Length parameter must be greater than 0
#0 [internal function]: CodeIgniter\Debug\Exceptions->errorHandler()
#1 /var/www/astraagrolestari-weightbridge/app/Controllers/Timbang.php(833): fread()
#2 /var/www/astraagrolestari-weightbridge/app/Controllers/Timbang.php(726): App\Controllers\Timbang->readOuputWb()
#3 /var/www/astraagrolestari-weightbridge/vendor/codeigniter4/framework/system/CodeIgniter.php(802): App\Controllers\Timbang->weighRead()
#4 /var/www/astraagrolestari-weightbridge/vendor/codeigniter4/framework/system/CodeIgniter.php(399): CodeIgniter\CodeIgniter->runController()
#5 /var/www/astraagrolestari-weightbridge/vendor/codeigniter4/framework/system/CodeIgniter.php(317): CodeIgniter\CodeIgniter->handleRequest()
#6 /var/www/astraagrolestari-weightbridge/public/index.php(37): CodeIgniter\CodeIgniter->run()
#7 {main}
CRITICAL - 2023-07-05 21:56:39 --> fread(): Length parameter must be greater than 0
#0 [internal function]: CodeIgniter\Debug\Exceptions->errorHandler()
#1 /var/www/astraagrolestari-weightbridge/app/Controllers/Timbang.php(833): fread()
#2 /var/www/astraagrolestari-weightbridge/app/Controllers/Timbang.php(726): App\Controllers\Timbang->readOuputWb()
#3 /var/www/astraagrolestari-weightbridge/vendor/codeigniter4/framework/system/CodeIgniter.php(802): App\Controllers\Timbang->weighRead()
#4 /var/www/astraagrolestari-weightbridge/vendor/codeigniter4/framework/system/CodeIgniter.php(399): CodeIgniter\CodeIgniter->runController()
#5 /var/www/astraagrolestari-weightbridge/vendor/codeigniter4/framework/system/CodeIgniter.php(317): CodeIgniter\CodeIgniter->handleRequest()
#6 /var/www/astraagrolestari-weightbridge/public/index.php(37): CodeIgniter\CodeIgniter->run()
#7 {main}
CRITICAL - 2023-07-05 21:56:45 --> fread(): Length parameter must be greater than 0
#0 [internal function]: CodeIgniter\Debug\Exceptions->errorHandler()
#1 /var/www/astraagrolestari-weightbridge/app/Controllers/Timbang.php(833): fread()
#2 /var/www/astraagrolestari-weightbridge/app/Controllers/Timbang.php(726): App\Controllers\Timbang->readOuputWb()
#3 /var/www/astraagrolestari-weightbridge/vendor/codeigniter4/framework/system/CodeIgniter.php(802): App\Controllers\Timbang->weighRead()
#4 /var/www/astraagrolestari-weightbridge/vendor/codeigniter4/framework/system/CodeIgniter.php(399): CodeIgniter\CodeIgniter->runController()
#5 /var/www/astraagrolestari-weightbridge/vendor/codeigniter4/framework/system/CodeIgniter.php(317): CodeIgniter\CodeIgniter->handleRequest()
#6 /var/www/astraagrolestari-weightbridge/public/index.php(37): CodeIgniter\CodeIgniter->run()
#7 {main}
CRITICAL - 2023-07-05 21:56:52 --> fread(): Length parameter must be greater than 0
#0 [internal function]: CodeIgniter\Debug\Exceptions->errorHandler()
#1 /var/www/astraagrolestari-weightbridge/app/Controllers/Timbang.php(833): fread()
#2 /var/www/astraagrolestari-weightbridge/app/Controllers/Timbang.php(726): App\Controllers\Timbang->readOuputWb()
#3 /var/www/astraagrolestari-weightbridge/vendor/codeigniter4/framework/system/CodeIgniter.php(802): App\Controllers\Timbang->weighRead()
#4 /var/www/astraagrolestari-weightbridge/vendor/codeigniter4/framework/system/CodeIgniter.php(399): CodeIgniter\CodeIgniter->runController()
#5 /var/www/astraagrolestari-weightbridge/vendor/codeigniter4/framework/system/CodeIgniter.php(317): CodeIgniter\CodeIgniter->handleRequest()
#6 /var/www/astraagrolestari-weightbridge/public/index.php(37): CodeIgniter\CodeIgniter->run()
#7 {main}
CRITICAL - 2023-07-05 21:56:58 --> fread(): Length parameter must be greater than 0
#0 [internal function]: CodeIgniter\Debug\Exceptions->errorHandler()
#1 /var/www/astraagrolestari-weightbridge/app/Controllers/Timbang.php(833): fread()
#2 /var/www/astraagrolestari-weightbridge/app/Controllers/Timbang.php(726): App\Controllers\Timbang->readOuputWb()
#3 /var/www/astraagrolestari-weightbridge/vendor/codeigniter4/framework/system/CodeIgniter.php(802): App\Controllers\Timbang->weighRead()
#4 /var/www/astraagrolestari-weightbridge/vendor/codeigniter4/framework/system/CodeIgniter.php(399): CodeIgniter\CodeIgniter->runController()
#5 /var/www/astraagrolestari-weightbridge/vendor/codeigniter4/framework/system/CodeIgniter.php(317): CodeIgniter\CodeIgniter->handleRequest()
#6 /var/www/astraagrolestari-weightbridge/public/index.php(37): CodeIgniter\CodeIgniter->run()
#7 {main}
CRITICAL - 2023-07-05 21:57:05 --> fread(): Length parameter must be greater than 0
#0 [internal function]: CodeIgniter\Debug\Exceptions->errorHandler()
#1 /var/www/astraagrolestari-weightbridge/app/Controllers/Timbang.php(833): fread()
#2 /var/www/astraagrolestari-weightbridge/app/Controllers/Timbang.php(726): App\Controllers\Timbang->readOuputWb()
#3 /var/www/astraagrolestari-weightbridge/vendor/codeigniter4/framework/system/CodeIgniter.php(802): App\Controllers\Timbang->weighRead()
#4 /var/www/astraagrolestari-weightbridge/vendor/codeigniter4/framework/system/CodeIgniter.php(399): CodeIgniter\CodeIgniter->runController()
#5 /var/www/astraagrolestari-weightbridge/vendor/codeigniter4/framework/system/CodeIgniter.php(317): CodeIgniter\CodeIgniter->handleRequest()
#6 /var/www/astraagrolestari-weightbridge/public/index.php(37): CodeIgniter\CodeIgniter->run()
#7 {main}
CRITICAL - 2023-07-05 21:57:11 --> fread(): Length parameter must be greater than 0
#0 [internal function]: CodeIgniter\Debug\Exceptions->errorHandler()
#1 /var/www/astraagrolestari-weightbridge/app/Controllers/Timbang.php(833): fread()
#2 /var/www/astraagrolestari-weightbridge/app/Controllers/Timbang.php(726): App\Controllers\Timbang->readOuputWb()
#3 /var/www/astraagrolestari-weightbridge/vendor/codeigniter4/framework/system/CodeIgniter.php(802): App\Controllers\Timbang->weighRead()
#4 /var/www/astraagrolestari-weightbridge/vendor/codeigniter4/framework/system/CodeIgniter.php(399): CodeIgniter\CodeIgniter->runController()
#5 /var/www/astraagrolestari-weightbridge/vendor/codeigniter4/framework/system/CodeIgniter.php(317): CodeIgniter\CodeIgniter->handleRequest()
#6 /var/www/astraagrolestari-weightbridge/public/index.php(37): CodeIgniter\CodeIgniter->run()
#7 {main}
CRITICAL - 2023-07-05 21:57:18 --> fread(): Length parameter must be greater than 0
#0 [internal function]: CodeIgniter\Debug\Exceptions->errorHandler()
#1 /var/www/astraagrolestari-weightbridge/app/Controllers/Timbang.php(833): fread()
#2 /var/www/astraagrolestari-weightbridge/app/Controllers/Timbang.php(726): App\Controllers\Timbang->readOuputWb()
#3 /var/www/astraagrolestari-weightbridge/vendor/codeigniter4/framework/system/CodeIgniter.php(802): App\Controllers\Timbang->weighRead()
#4 /var/www/astraagrolestari-weightbridge/vendor/codeigniter4/framework/system/CodeIgniter.php(399): CodeIgniter\CodeIgniter->runController()
#5 /var/www/astraagrolestari-weightbridge/vendor/codeigniter4/framework/system/CodeIgniter.php(317): CodeIgniter\CodeIgniter->handleRequest()
#6 /var/www/astraagrolestari-weightbridge/public/index.php(37): CodeIgniter\CodeIgniter->run()
#7 {main}
