CRITICAL - 2022-07-27 21:11:35 --> date_format() expects parameter 1 to be DateTimeInterface, string given
#0 [internal function]: CodeIgniter\Debug\Exceptions->errorHandler(2, 'date_format() e...', 'C:\\xampp\\htdocs...', 1136, Array)
#1 C:\xampp\htdocs\astraagrolestari-weightbridge\app\Controllers\Timbang.php(1136): date_format('2022-07-28 9:11...', 'Y-m-d H:i:s')
#2 C:\xampp\htdocs\astraagrolestari-weightbridge\app\Controllers\Timbang.php(995): App\Controllers\Timbang->delete('2022-07-28 9:11...')
#3 C:\xampp\htdocs\astraagrolestari-weightbridge\vendor\codeigniter4\framework\system\CodeIgniter.php(802): App\Controllers\Timbang->save()
#4 C:\xampp\htdocs\astraagrolestari-weightbridge\vendor\codeigniter4\framework\system\CodeIgniter.php(399): CodeIgniter\CodeIgniter->runController(Object(App\Controllers\Timbang))
#5 C:\xampp\htdocs\astraagrolestari-weightbridge\vendor\codeigniter4\framework\system\CodeIgniter.php(317): CodeIgniter\CodeIgniter->handleRequest(NULL, Object(Config\Cache), false)
#6 C:\xampp\htdocs\astraagrolestari-weightbridge\public\index.php(37): CodeIgniter\CodeIgniter->run()
#7 {main}
CRITICAL - 2022-07-27 21:12:44 --> date_format() expects parameter 1 to be DateTimeInterface, string given
#0 [internal function]: CodeIgniter\Debug\Exceptions->errorHandler(2, 'date_format() e...', 'C:\\xampp\\htdocs...', 1136, Array)
#1 C:\xampp\htdocs\astraagrolestari-weightbridge\app\Controllers\Timbang.php(1136): date_format('2022-07-28 9:12...', 'Y-m-d H:i:s')
#2 C:\xampp\htdocs\astraagrolestari-weightbridge\app\Controllers\Timbang.php(995): App\Controllers\Timbang->delete('2022-07-28 9:12...')
#3 C:\xampp\htdocs\astraagrolestari-weightbridge\vendor\codeigniter4\framework\system\CodeIgniter.php(802): App\Controllers\Timbang->save()
#4 C:\xampp\htdocs\astraagrolestari-weightbridge\vendor\codeigniter4\framework\system\CodeIgniter.php(399): CodeIgniter\CodeIgniter->runController(Object(App\Controllers\Timbang))
#5 C:\xampp\htdocs\astraagrolestari-weightbridge\vendor\codeigniter4\framework\system\CodeIgniter.php(317): CodeIgniter\CodeIgniter->handleRequest(NULL, Object(Config\Cache), false)
#6 C:\xampp\htdocs\astraagrolestari-weightbridge\public\index.php(37): CodeIgniter\CodeIgniter->run()
#7 {main}
CRITICAL - 2022-07-27 21:15:10 --> date_format() expects parameter 1 to be DateTimeInterface, string given
#0 [internal function]: CodeIgniter\Debug\Exceptions->errorHandler(2, 'date_format() e...', 'C:\\xampp\\htdocs...', 1136, Array)
#1 C:\xampp\htdocs\astraagrolestari-weightbridge\app\Controllers\Timbang.php(1136): date_format('2022-07-28 9:15...', 'Y-m-d H:i:s')
#2 C:\xampp\htdocs\astraagrolestari-weightbridge\app\Controllers\Timbang.php(995): App\Controllers\Timbang->delete('2022-07-28 9:15...')
#3 C:\xampp\htdocs\astraagrolestari-weightbridge\vendor\codeigniter4\framework\system\CodeIgniter.php(802): App\Controllers\Timbang->save()
#4 C:\xampp\htdocs\astraagrolestari-weightbridge\vendor\codeigniter4\framework\system\CodeIgniter.php(399): CodeIgniter\CodeIgniter->runController(Object(App\Controllers\Timbang))
#5 C:\xampp\htdocs\astraagrolestari-weightbridge\vendor\codeigniter4\framework\system\CodeIgniter.php(317): CodeIgniter\CodeIgniter->handleRequest(NULL, Object(Config\Cache), false)
#6 C:\xampp\htdocs\astraagrolestari-weightbridge\public\index.php(37): CodeIgniter\CodeIgniter->run()
#7 {main}
CRITICAL - 2022-07-27 21:37:01 --> Call to a member function get() on null
#0 C:\xampp\htdocs\astraagrolestari-weightbridge\vendor\codeigniter4\framework\system\CodeIgniter.php(802): App\Controllers\Timbang->save()
#1 C:\xampp\htdocs\astraagrolestari-weightbridge\vendor\codeigniter4\framework\system\CodeIgniter.php(399): CodeIgniter\CodeIgniter->runController(Object(App\Controllers\Timbang))
#2 C:\xampp\htdocs\astraagrolestari-weightbridge\vendor\codeigniter4\framework\system\CodeIgniter.php(317): CodeIgniter\CodeIgniter->handleRequest(NULL, Object(Config\Cache), false)
#3 C:\xampp\htdocs\astraagrolestari-weightbridge\public\index.php(37): CodeIgniter\CodeIgniter->run()
#4 {main}
