CRITICAL - 2023-07-10 01:27:10 --> Failed to parse json string, error: "Malformed UTF-8 characters, possibly incorrectly encoded".
#0 /var/www/astraagrolestari-weightbridge/vendor/codeigniter4/framework/system/Format/JSONFormatter.php(41): CodeIgniter\Format\Exceptions\FormatException::forInvalidJSON()
#1 /var/www/astraagrolestari-weightbridge/vendor/codeigniter4/framework/system/HTTP/ResponseTrait.php(317): CodeIgniter\Format\JSONFormatter->format()
#2 /var/www/astraagrolestari-weightbridge/vendor/codeigniter4/framework/system/HTTP/ResponseTrait.php(243): CodeIgniter\HTTP\Response->formatBody()
#3 /var/www/astraagrolestari-weightbridge/app/Controllers/Timbang.php(761): CodeIgniter\HTTP\Response->setJSON()
#4 /var/www/astraagrolestari-weightbridge/vendor/codeigniter4/framework/system/CodeIgniter.php(802): App\Controllers\Timbang->weighRead()
#5 /var/www/astraagrolestari-weightbridge/vendor/codeigniter4/framework/system/CodeIgniter.php(399): CodeIgniter\CodeIgniter->runController()
#6 /var/www/astraagrolestari-weightbridge/vendor/codeigniter4/framework/system/CodeIgniter.php(317): CodeIgniter\CodeIgniter->handleRequest()
#7 /var/www/astraagrolestari-weightbridge/public/index.php(37): CodeIgniter\CodeIgniter->run()
#8 {main}
CRITICAL - 2023-07-10 01:27:19 --> Failed to parse json string, error: "Malformed UTF-8 characters, possibly incorrectly encoded".
#0 /var/www/astraagrolestari-weightbridge/vendor/codeigniter4/framework/system/Format/JSONFormatter.php(41): CodeIgniter\Format\Exceptions\FormatException::forInvalidJSON()
#1 /var/www/astraagrolestari-weightbridge/vendor/codeigniter4/framework/system/HTTP/ResponseTrait.php(317): CodeIgniter\Format\JSONFormatter->format()
#2 /var/www/astraagrolestari-weightbridge/vendor/codeigniter4/framework/system/HTTP/ResponseTrait.php(243): CodeIgniter\HTTP\Response->formatBody()
#3 /var/www/astraagrolestari-weightbridge/app/Controllers/Timbang.php(761): CodeIgniter\HTTP\Response->setJSON()
#4 /var/www/astraagrolestari-weightbridge/vendor/codeigniter4/framework/system/CodeIgniter.php(802): App\Controllers\Timbang->weighRead()
#5 /var/www/astraagrolestari-weightbridge/vendor/codeigniter4/framework/system/CodeIgniter.php(399): CodeIgniter\CodeIgniter->runController()
#6 /var/www/astraagrolestari-weightbridge/vendor/codeigniter4/framework/system/CodeIgniter.php(317): CodeIgniter\CodeIgniter->handleRequest()
#7 /var/www/astraagrolestari-weightbridge/public/index.php(37): CodeIgniter\CodeIgniter->run()
#8 {main}
CRITICAL - 2023-07-10 01:27:45 --> Failed to parse json string, error: "Malformed UTF-8 characters, possibly incorrectly encoded".
#0 /var/www/astraagrolestari-weightbridge/vendor/codeigniter4/framework/system/Format/JSONFormatter.php(41): CodeIgniter\Format\Exceptions\FormatException::forInvalidJSON()
#1 /var/www/astraagrolestari-weightbridge/vendor/codeigniter4/framework/system/HTTP/ResponseTrait.php(317): CodeIgniter\Format\JSONFormatter->format()
#2 /var/www/astraagrolestari-weightbridge/vendor/codeigniter4/framework/system/HTTP/ResponseTrait.php(243): CodeIgniter\HTTP\Response->formatBody()
#3 /var/www/astraagrolestari-weightbridge/app/Controllers/Timbang.php(761): CodeIgniter\HTTP\Response->setJSON()
#4 /var/www/astraagrolestari-weightbridge/vendor/codeigniter4/framework/system/CodeIgniter.php(802): App\Controllers\Timbang->weighRead()
#5 /var/www/astraagrolestari-weightbridge/vendor/codeigniter4/framework/system/CodeIgniter.php(399): CodeIgniter\CodeIgniter->runController()
#6 /var/www/astraagrolestari-weightbridge/vendor/codeigniter4/framework/system/CodeIgniter.php(317): CodeIgniter\CodeIgniter->handleRequest()
#7 /var/www/astraagrolestari-weightbridge/public/index.php(37): CodeIgniter\CodeIgniter->run()
#8 {main}
CRITICAL - 2023-07-10 01:28:48 --> Failed to parse json string, error: "Malformed UTF-8 characters, possibly incorrectly encoded".
#0 /var/www/astraagrolestari-weightbridge/vendor/codeigniter4/framework/system/Format/JSONFormatter.php(41): CodeIgniter\Format\Exceptions\FormatException::forInvalidJSON()
#1 /var/www/astraagrolestari-weightbridge/vendor/codeigniter4/framework/system/HTTP/ResponseTrait.php(317): CodeIgniter\Format\JSONFormatter->format()
#2 /var/www/astraagrolestari-weightbridge/vendor/codeigniter4/framework/system/HTTP/ResponseTrait.php(243): CodeIgniter\HTTP\Response->formatBody()
#3 /var/www/astraagrolestari-weightbridge/app/Controllers/Timbang.php(761): CodeIgniter\HTTP\Response->setJSON()
#4 /var/www/astraagrolestari-weightbridge/vendor/codeigniter4/framework/system/CodeIgniter.php(802): App\Controllers\Timbang->weighRead()
#5 /var/www/astraagrolestari-weightbridge/vendor/codeigniter4/framework/system/CodeIgniter.php(399): CodeIgniter\CodeIgniter->runController()
#6 /var/www/astraagrolestari-weightbridge/vendor/codeigniter4/framework/system/CodeIgniter.php(317): CodeIgniter\CodeIgniter->handleRequest()
#7 /var/www/astraagrolestari-weightbridge/public/index.php(37): CodeIgniter\CodeIgniter->run()
#8 {main}
CRITICAL - 2023-07-10 01:29:06 --> Failed to parse json string, error: "Malformed UTF-8 characters, possibly incorrectly encoded".
#0 /var/www/astraagrolestari-weightbridge/vendor/codeigniter4/framework/system/Format/JSONFormatter.php(41): CodeIgniter\Format\Exceptions\FormatException::forInvalidJSON()
#1 /var/www/astraagrolestari-weightbridge/vendor/codeigniter4/framework/system/HTTP/ResponseTrait.php(317): CodeIgniter\Format\JSONFormatter->format()
#2 /var/www/astraagrolestari-weightbridge/vendor/codeigniter4/framework/system/HTTP/ResponseTrait.php(243): CodeIgniter\HTTP\Response->formatBody()
#3 /var/www/astraagrolestari-weightbridge/app/Controllers/Timbang.php(761): CodeIgniter\HTTP\Response->setJSON()
#4 /var/www/astraagrolestari-weightbridge/vendor/codeigniter4/framework/system/CodeIgniter.php(802): App\Controllers\Timbang->weighRead()
#5 /var/www/astraagrolestari-weightbridge/vendor/codeigniter4/framework/system/CodeIgniter.php(399): CodeIgniter\CodeIgniter->runController()
#6 /var/www/astraagrolestari-weightbridge/vendor/codeigniter4/framework/system/CodeIgniter.php(317): CodeIgniter\CodeIgniter->handleRequest()
#7 /var/www/astraagrolestari-weightbridge/public/index.php(37): CodeIgniter\CodeIgniter->run()
#8 {main}
CRITICAL - 2023-07-10 01:29:12 --> Failed to parse json string, error: "Malformed UTF-8 characters, possibly incorrectly encoded".
#0 /var/www/astraagrolestari-weightbridge/vendor/codeigniter4/framework/system/Format/JSONFormatter.php(41): CodeIgniter\Format\Exceptions\FormatException::forInvalidJSON()
#1 /var/www/astraagrolestari-weightbridge/vendor/codeigniter4/framework/system/HTTP/ResponseTrait.php(317): CodeIgniter\Format\JSONFormatter->format()
#2 /var/www/astraagrolestari-weightbridge/vendor/codeigniter4/framework/system/HTTP/ResponseTrait.php(243): CodeIgniter\HTTP\Response->formatBody()
#3 /var/www/astraagrolestari-weightbridge/app/Controllers/Timbang.php(761): CodeIgniter\HTTP\Response->setJSON()
#4 /var/www/astraagrolestari-weightbridge/vendor/codeigniter4/framework/system/CodeIgniter.php(802): App\Controllers\Timbang->weighRead()
#5 /var/www/astraagrolestari-weightbridge/vendor/codeigniter4/framework/system/CodeIgniter.php(399): CodeIgniter\CodeIgniter->runController()
#6 /var/www/astraagrolestari-weightbridge/vendor/codeigniter4/framework/system/CodeIgniter.php(317): CodeIgniter\CodeIgniter->handleRequest()
#7 /var/www/astraagrolestari-weightbridge/public/index.php(37): CodeIgniter\CodeIgniter->run()
#8 {main}
CRITICAL - 2023-07-10 01:29:29 --> Failed to parse json string, error: "Malformed UTF-8 characters, possibly incorrectly encoded".
#0 /var/www/astraagrolestari-weightbridge/vendor/codeigniter4/framework/system/Format/JSONFormatter.php(41): CodeIgniter\Format\Exceptions\FormatException::forInvalidJSON()
#1 /var/www/astraagrolestari-weightbridge/vendor/codeigniter4/framework/system/HTTP/ResponseTrait.php(317): CodeIgniter\Format\JSONFormatter->format()
#2 /var/www/astraagrolestari-weightbridge/vendor/codeigniter4/framework/system/HTTP/ResponseTrait.php(243): CodeIgniter\HTTP\Response->formatBody()
#3 /var/www/astraagrolestari-weightbridge/app/Controllers/Timbang.php(761): CodeIgniter\HTTP\Response->setJSON()
#4 /var/www/astraagrolestari-weightbridge/vendor/codeigniter4/framework/system/CodeIgniter.php(802): App\Controllers\Timbang->weighRead()
#5 /var/www/astraagrolestari-weightbridge/vendor/codeigniter4/framework/system/CodeIgniter.php(399): CodeIgniter\CodeIgniter->runController()
#6 /var/www/astraagrolestari-weightbridge/vendor/codeigniter4/framework/system/CodeIgniter.php(317): CodeIgniter\CodeIgniter->handleRequest()
#7 /var/www/astraagrolestari-weightbridge/public/index.php(37): CodeIgniter\CodeIgniter->run()
#8 {main}
CRITICAL - 2023-07-10 01:29:43 --> Failed to parse json string, error: "Malformed UTF-8 characters, possibly incorrectly encoded".
#0 /var/www/astraagrolestari-weightbridge/vendor/codeigniter4/framework/system/Format/JSONFormatter.php(41): CodeIgniter\Format\Exceptions\FormatException::forInvalidJSON()
#1 /var/www/astraagrolestari-weightbridge/vendor/codeigniter4/framework/system/HTTP/ResponseTrait.php(317): CodeIgniter\Format\JSONFormatter->format()
#2 /var/www/astraagrolestari-weightbridge/vendor/codeigniter4/framework/system/HTTP/ResponseTrait.php(243): CodeIgniter\HTTP\Response->formatBody()
#3 /var/www/astraagrolestari-weightbridge/app/Controllers/Timbang.php(761): CodeIgniter\HTTP\Response->setJSON()
#4 /var/www/astraagrolestari-weightbridge/vendor/codeigniter4/framework/system/CodeIgniter.php(802): App\Controllers\Timbang->weighRead()
#5 /var/www/astraagrolestari-weightbridge/vendor/codeigniter4/framework/system/CodeIgniter.php(399): CodeIgniter\CodeIgniter->runController()
#6 /var/www/astraagrolestari-weightbridge/vendor/codeigniter4/framework/system/CodeIgniter.php(317): CodeIgniter\CodeIgniter->handleRequest()
#7 /var/www/astraagrolestari-weightbridge/public/index.php(37): CodeIgniter\CodeIgniter->run()
#8 {main}
CRITICAL - 2023-07-10 01:31:41 --> Failed to parse json string, error: "Malformed UTF-8 characters, possibly incorrectly encoded".
#0 /var/www/astraagrolestari-weightbridge/vendor/codeigniter4/framework/system/Format/JSONFormatter.php(41): CodeIgniter\Format\Exceptions\FormatException::forInvalidJSON()
#1 /var/www/astraagrolestari-weightbridge/vendor/codeigniter4/framework/system/HTTP/ResponseTrait.php(317): CodeIgniter\Format\JSONFormatter->format()
#2 /var/www/astraagrolestari-weightbridge/vendor/codeigniter4/framework/system/HTTP/ResponseTrait.php(243): CodeIgniter\HTTP\Response->formatBody()
#3 /var/www/astraagrolestari-weightbridge/app/Controllers/Timbang.php(761): CodeIgniter\HTTP\Response->setJSON()
#4 /var/www/astraagrolestari-weightbridge/vendor/codeigniter4/framework/system/CodeIgniter.php(802): App\Controllers\Timbang->weighRead()
#5 /var/www/astraagrolestari-weightbridge/vendor/codeigniter4/framework/system/CodeIgniter.php(399): CodeIgniter\CodeIgniter->runController()
#6 /var/www/astraagrolestari-weightbridge/vendor/codeigniter4/framework/system/CodeIgniter.php(317): CodeIgniter\CodeIgniter->handleRequest()
#7 /var/www/astraagrolestari-weightbridge/public/index.php(37): CodeIgniter\CodeIgniter->run()
#8 {main}
CRITICAL - 2023-07-10 01:31:50 --> Failed to parse json string, error: "Malformed UTF-8 characters, possibly incorrectly encoded".
#0 /var/www/astraagrolestari-weightbridge/vendor/codeigniter4/framework/system/Format/JSONFormatter.php(41): CodeIgniter\Format\Exceptions\FormatException::forInvalidJSON()
#1 /var/www/astraagrolestari-weightbridge/vendor/codeigniter4/framework/system/HTTP/ResponseTrait.php(317): CodeIgniter\Format\JSONFormatter->format()
#2 /var/www/astraagrolestari-weightbridge/vendor/codeigniter4/framework/system/HTTP/ResponseTrait.php(243): CodeIgniter\HTTP\Response->formatBody()
#3 /var/www/astraagrolestari-weightbridge/app/Controllers/Timbang.php(761): CodeIgniter\HTTP\Response->setJSON()
#4 /var/www/astraagrolestari-weightbridge/vendor/codeigniter4/framework/system/CodeIgniter.php(802): App\Controllers\Timbang->weighRead()
#5 /var/www/astraagrolestari-weightbridge/vendor/codeigniter4/framework/system/CodeIgniter.php(399): CodeIgniter\CodeIgniter->runController()
#6 /var/www/astraagrolestari-weightbridge/vendor/codeigniter4/framework/system/CodeIgniter.php(317): CodeIgniter\CodeIgniter->handleRequest()
#7 /var/www/astraagrolestari-weightbridge/public/index.php(37): CodeIgniter\CodeIgniter->run()
#8 {main}
CRITICAL - 2023-07-10 01:32:01 --> Failed to parse json string, error: "Malformed UTF-8 characters, possibly incorrectly encoded".
#0 /var/www/astraagrolestari-weightbridge/vendor/codeigniter4/framework/system/Format/JSONFormatter.php(41): CodeIgniter\Format\Exceptions\FormatException::forInvalidJSON()
#1 /var/www/astraagrolestari-weightbridge/vendor/codeigniter4/framework/system/HTTP/ResponseTrait.php(317): CodeIgniter\Format\JSONFormatter->format()
#2 /var/www/astraagrolestari-weightbridge/vendor/codeigniter4/framework/system/HTTP/ResponseTrait.php(243): CodeIgniter\HTTP\Response->formatBody()
#3 /var/www/astraagrolestari-weightbridge/app/Controllers/Timbang.php(761): CodeIgniter\HTTP\Response->setJSON()
#4 /var/www/astraagrolestari-weightbridge/vendor/codeigniter4/framework/system/CodeIgniter.php(802): App\Controllers\Timbang->weighRead()
#5 /var/www/astraagrolestari-weightbridge/vendor/codeigniter4/framework/system/CodeIgniter.php(399): CodeIgniter\CodeIgniter->runController()
#6 /var/www/astraagrolestari-weightbridge/vendor/codeigniter4/framework/system/CodeIgniter.php(317): CodeIgniter\CodeIgniter->handleRequest()
#7 /var/www/astraagrolestari-weightbridge/public/index.php(37): CodeIgniter\CodeIgniter->run()
#8 {main}
CRITICAL - 2023-07-10 01:32:08 --> Failed to parse json string, error: "Malformed UTF-8 characters, possibly incorrectly encoded".
#0 /var/www/astraagrolestari-weightbridge/vendor/codeigniter4/framework/system/Format/JSONFormatter.php(41): CodeIgniter\Format\Exceptions\FormatException::forInvalidJSON()
#1 /var/www/astraagrolestari-weightbridge/vendor/codeigniter4/framework/system/HTTP/ResponseTrait.php(317): CodeIgniter\Format\JSONFormatter->format()
#2 /var/www/astraagrolestari-weightbridge/vendor/codeigniter4/framework/system/HTTP/ResponseTrait.php(243): CodeIgniter\HTTP\Response->formatBody()
#3 /var/www/astraagrolestari-weightbridge/app/Controllers/Timbang.php(761): CodeIgniter\HTTP\Response->setJSON()
#4 /var/www/astraagrolestari-weightbridge/vendor/codeigniter4/framework/system/CodeIgniter.php(802): App\Controllers\Timbang->weighRead()
#5 /var/www/astraagrolestari-weightbridge/vendor/codeigniter4/framework/system/CodeIgniter.php(399): CodeIgniter\CodeIgniter->runController()
#6 /var/www/astraagrolestari-weightbridge/vendor/codeigniter4/framework/system/CodeIgniter.php(317): CodeIgniter\CodeIgniter->handleRequest()
#7 /var/www/astraagrolestari-weightbridge/public/index.php(37): CodeIgniter\CodeIgniter->run()
#8 {main}
CRITICAL - 2023-07-10 01:32:14 --> Failed to parse json string, error: "Malformed UTF-8 characters, possibly incorrectly encoded".
#0 /var/www/astraagrolestari-weightbridge/vendor/codeigniter4/framework/system/Format/JSONFormatter.php(41): CodeIgniter\Format\Exceptions\FormatException::forInvalidJSON()
#1 /var/www/astraagrolestari-weightbridge/vendor/codeigniter4/framework/system/HTTP/ResponseTrait.php(317): CodeIgniter\Format\JSONFormatter->format()
#2 /var/www/astraagrolestari-weightbridge/vendor/codeigniter4/framework/system/HTTP/ResponseTrait.php(243): CodeIgniter\HTTP\Response->formatBody()
#3 /var/www/astraagrolestari-weightbridge/app/Controllers/Timbang.php(761): CodeIgniter\HTTP\Response->setJSON()
#4 /var/www/astraagrolestari-weightbridge/vendor/codeigniter4/framework/system/CodeIgniter.php(802): App\Controllers\Timbang->weighRead()
#5 /var/www/astraagrolestari-weightbridge/vendor/codeigniter4/framework/system/CodeIgniter.php(399): CodeIgniter\CodeIgniter->runController()
#6 /var/www/astraagrolestari-weightbridge/vendor/codeigniter4/framework/system/CodeIgniter.php(317): CodeIgniter\CodeIgniter->handleRequest()
#7 /var/www/astraagrolestari-weightbridge/public/index.php(37): CodeIgniter\CodeIgniter->run()
#8 {main}
CRITICAL - 2023-07-10 01:32:26 --> Failed to parse json string, error: "Malformed UTF-8 characters, possibly incorrectly encoded".
#0 /var/www/astraagrolestari-weightbridge/vendor/codeigniter4/framework/system/Format/JSONFormatter.php(41): CodeIgniter\Format\Exceptions\FormatException::forInvalidJSON()
#1 /var/www/astraagrolestari-weightbridge/vendor/codeigniter4/framework/system/HTTP/ResponseTrait.php(317): CodeIgniter\Format\JSONFormatter->format()
#2 /var/www/astraagrolestari-weightbridge/vendor/codeigniter4/framework/system/HTTP/ResponseTrait.php(243): CodeIgniter\HTTP\Response->formatBody()
#3 /var/www/astraagrolestari-weightbridge/app/Controllers/Timbang.php(761): CodeIgniter\HTTP\Response->setJSON()
#4 /var/www/astraagrolestari-weightbridge/vendor/codeigniter4/framework/system/CodeIgniter.php(802): App\Controllers\Timbang->weighRead()
#5 /var/www/astraagrolestari-weightbridge/vendor/codeigniter4/framework/system/CodeIgniter.php(399): CodeIgniter\CodeIgniter->runController()
#6 /var/www/astraagrolestari-weightbridge/vendor/codeigniter4/framework/system/CodeIgniter.php(317): CodeIgniter\CodeIgniter->handleRequest()
#7 /var/www/astraagrolestari-weightbridge/public/index.php(37): CodeIgniter\CodeIgniter->run()
#8 {main}
CRITICAL - 2023-07-10 01:32:39 --> Failed to parse json string, error: "Malformed UTF-8 characters, possibly incorrectly encoded".
#0 /var/www/astraagrolestari-weightbridge/vendor/codeigniter4/framework/system/Format/JSONFormatter.php(41): CodeIgniter\Format\Exceptions\FormatException::forInvalidJSON()
#1 /var/www/astraagrolestari-weightbridge/vendor/codeigniter4/framework/system/HTTP/ResponseTrait.php(317): CodeIgniter\Format\JSONFormatter->format()
#2 /var/www/astraagrolestari-weightbridge/vendor/codeigniter4/framework/system/HTTP/ResponseTrait.php(243): CodeIgniter\HTTP\Response->formatBody()
#3 /var/www/astraagrolestari-weightbridge/app/Controllers/Timbang.php(761): CodeIgniter\HTTP\Response->setJSON()
#4 /var/www/astraagrolestari-weightbridge/vendor/codeigniter4/framework/system/CodeIgniter.php(802): App\Controllers\Timbang->weighRead()
#5 /var/www/astraagrolestari-weightbridge/vendor/codeigniter4/framework/system/CodeIgniter.php(399): CodeIgniter\CodeIgniter->runController()
#6 /var/www/astraagrolestari-weightbridge/vendor/codeigniter4/framework/system/CodeIgniter.php(317): CodeIgniter\CodeIgniter->handleRequest()
#7 /var/www/astraagrolestari-weightbridge/public/index.php(37): CodeIgniter\CodeIgniter->run()
#8 {main}
CRITICAL - 2023-07-10 01:32:55 --> Failed to parse json string, error: "Malformed UTF-8 characters, possibly incorrectly encoded".
#0 /var/www/astraagrolestari-weightbridge/vendor/codeigniter4/framework/system/Format/JSONFormatter.php(41): CodeIgniter\Format\Exceptions\FormatException::forInvalidJSON()
#1 /var/www/astraagrolestari-weightbridge/vendor/codeigniter4/framework/system/HTTP/ResponseTrait.php(317): CodeIgniter\Format\JSONFormatter->format()
#2 /var/www/astraagrolestari-weightbridge/vendor/codeigniter4/framework/system/HTTP/ResponseTrait.php(243): CodeIgniter\HTTP\Response->formatBody()
#3 /var/www/astraagrolestari-weightbridge/app/Controllers/Timbang.php(761): CodeIgniter\HTTP\Response->setJSON()
#4 /var/www/astraagrolestari-weightbridge/vendor/codeigniter4/framework/system/CodeIgniter.php(802): App\Controllers\Timbang->weighRead()
#5 /var/www/astraagrolestari-weightbridge/vendor/codeigniter4/framework/system/CodeIgniter.php(399): CodeIgniter\CodeIgniter->runController()
#6 /var/www/astraagrolestari-weightbridge/vendor/codeigniter4/framework/system/CodeIgniter.php(317): CodeIgniter\CodeIgniter->handleRequest()
#7 /var/www/astraagrolestari-weightbridge/public/index.php(37): CodeIgniter\CodeIgniter->run()
#8 {main}
CRITICAL - 2023-07-10 01:33:11 --> Failed to parse json string, error: "Malformed UTF-8 characters, possibly incorrectly encoded".
#0 /var/www/astraagrolestari-weightbridge/vendor/codeigniter4/framework/system/Format/JSONFormatter.php(41): CodeIgniter\Format\Exceptions\FormatException::forInvalidJSON()
#1 /var/www/astraagrolestari-weightbridge/vendor/codeigniter4/framework/system/HTTP/ResponseTrait.php(317): CodeIgniter\Format\JSONFormatter->format()
#2 /var/www/astraagrolestari-weightbridge/vendor/codeigniter4/framework/system/HTTP/ResponseTrait.php(243): CodeIgniter\HTTP\Response->formatBody()
#3 /var/www/astraagrolestari-weightbridge/app/Controllers/Timbang.php(761): CodeIgniter\HTTP\Response->setJSON()
#4 /var/www/astraagrolestari-weightbridge/vendor/codeigniter4/framework/system/CodeIgniter.php(802): App\Controllers\Timbang->weighRead()
#5 /var/www/astraagrolestari-weightbridge/vendor/codeigniter4/framework/system/CodeIgniter.php(399): CodeIgniter\CodeIgniter->runController()
#6 /var/www/astraagrolestari-weightbridge/vendor/codeigniter4/framework/system/CodeIgniter.php(317): CodeIgniter\CodeIgniter->handleRequest()
#7 /var/www/astraagrolestari-weightbridge/public/index.php(37): CodeIgniter\CodeIgniter->run()
#8 {main}
CRITICAL - 2023-07-10 01:33:40 --> Failed to parse json string, error: "Malformed UTF-8 characters, possibly incorrectly encoded".
#0 /var/www/astraagrolestari-weightbridge/vendor/codeigniter4/framework/system/Format/JSONFormatter.php(41): CodeIgniter\Format\Exceptions\FormatException::forInvalidJSON()
#1 /var/www/astraagrolestari-weightbridge/vendor/codeigniter4/framework/system/HTTP/ResponseTrait.php(317): CodeIgniter\Format\JSONFormatter->format()
#2 /var/www/astraagrolestari-weightbridge/vendor/codeigniter4/framework/system/HTTP/ResponseTrait.php(243): CodeIgniter\HTTP\Response->formatBody()
#3 /var/www/astraagrolestari-weightbridge/app/Controllers/Timbang.php(761): CodeIgniter\HTTP\Response->setJSON()
#4 /var/www/astraagrolestari-weightbridge/vendor/codeigniter4/framework/system/CodeIgniter.php(802): App\Controllers\Timbang->weighRead()
#5 /var/www/astraagrolestari-weightbridge/vendor/codeigniter4/framework/system/CodeIgniter.php(399): CodeIgniter\CodeIgniter->runController()
#6 /var/www/astraagrolestari-weightbridge/vendor/codeigniter4/framework/system/CodeIgniter.php(317): CodeIgniter\CodeIgniter->handleRequest()
#7 /var/www/astraagrolestari-weightbridge/public/index.php(37): CodeIgniter\CodeIgniter->run()
#8 {main}
CRITICAL - 2023-07-10 01:33:51 --> Failed to parse json string, error: "Malformed UTF-8 characters, possibly incorrectly encoded".
#0 /var/www/astraagrolestari-weightbridge/vendor/codeigniter4/framework/system/Format/JSONFormatter.php(41): CodeIgniter\Format\Exceptions\FormatException::forInvalidJSON()
#1 /var/www/astraagrolestari-weightbridge/vendor/codeigniter4/framework/system/HTTP/ResponseTrait.php(317): CodeIgniter\Format\JSONFormatter->format()
#2 /var/www/astraagrolestari-weightbridge/vendor/codeigniter4/framework/system/HTTP/ResponseTrait.php(243): CodeIgniter\HTTP\Response->formatBody()
#3 /var/www/astraagrolestari-weightbridge/app/Controllers/Timbang.php(761): CodeIgniter\HTTP\Response->setJSON()
#4 /var/www/astraagrolestari-weightbridge/vendor/codeigniter4/framework/system/CodeIgniter.php(802): App\Controllers\Timbang->weighRead()
#5 /var/www/astraagrolestari-weightbridge/vendor/codeigniter4/framework/system/CodeIgniter.php(399): CodeIgniter\CodeIgniter->runController()
#6 /var/www/astraagrolestari-weightbridge/vendor/codeigniter4/framework/system/CodeIgniter.php(317): CodeIgniter\CodeIgniter->handleRequest()
#7 /var/www/astraagrolestari-weightbridge/public/index.php(37): CodeIgniter\CodeIgniter->run()
#8 {main}
CRITICAL - 2023-07-10 01:34:14 --> Failed to parse json string, error: "Malformed UTF-8 characters, possibly incorrectly encoded".
#0 /var/www/astraagrolestari-weightbridge/vendor/codeigniter4/framework/system/Format/JSONFormatter.php(41): CodeIgniter\Format\Exceptions\FormatException::forInvalidJSON()
#1 /var/www/astraagrolestari-weightbridge/vendor/codeigniter4/framework/system/HTTP/ResponseTrait.php(317): CodeIgniter\Format\JSONFormatter->format()
#2 /var/www/astraagrolestari-weightbridge/vendor/codeigniter4/framework/system/HTTP/ResponseTrait.php(243): CodeIgniter\HTTP\Response->formatBody()
#3 /var/www/astraagrolestari-weightbridge/app/Controllers/Timbang.php(767): CodeIgniter\HTTP\Response->setJSON()
#4 /var/www/astraagrolestari-weightbridge/vendor/codeigniter4/framework/system/CodeIgniter.php(802): App\Controllers\Timbang->weighRead()
#5 /var/www/astraagrolestari-weightbridge/vendor/codeigniter4/framework/system/CodeIgniter.php(399): CodeIgniter\CodeIgniter->runController()
#6 /var/www/astraagrolestari-weightbridge/vendor/codeigniter4/framework/system/CodeIgniter.php(317): CodeIgniter\CodeIgniter->handleRequest()
#7 /var/www/astraagrolestari-weightbridge/public/index.php(37): CodeIgniter\CodeIgniter->run()
#8 {main}
CRITICAL - 2023-07-10 01:34:45 --> Failed to parse json string, error: "Malformed UTF-8 characters, possibly incorrectly encoded".
#0 /var/www/astraagrolestari-weightbridge/vendor/codeigniter4/framework/system/Format/JSONFormatter.php(41): CodeIgniter\Format\Exceptions\FormatException::forInvalidJSON()
#1 /var/www/astraagrolestari-weightbridge/vendor/codeigniter4/framework/system/HTTP/ResponseTrait.php(317): CodeIgniter\Format\JSONFormatter->format()
#2 /var/www/astraagrolestari-weightbridge/vendor/codeigniter4/framework/system/HTTP/ResponseTrait.php(243): CodeIgniter\HTTP\Response->formatBody()
#3 /var/www/astraagrolestari-weightbridge/app/Controllers/Timbang.php(767): CodeIgniter\HTTP\Response->setJSON()
#4 /var/www/astraagrolestari-weightbridge/vendor/codeigniter4/framework/system/CodeIgniter.php(802): App\Controllers\Timbang->weighRead()
#5 /var/www/astraagrolestari-weightbridge/vendor/codeigniter4/framework/system/CodeIgniter.php(399): CodeIgniter\CodeIgniter->runController()
#6 /var/www/astraagrolestari-weightbridge/vendor/codeigniter4/framework/system/CodeIgniter.php(317): CodeIgniter\CodeIgniter->handleRequest()
#7 /var/www/astraagrolestari-weightbridge/public/index.php(37): CodeIgniter\CodeIgniter->run()
#8 {main}
CRITICAL - 2023-07-10 01:35:02 --> Failed to parse json string, error: "Malformed UTF-8 characters, possibly incorrectly encoded".
#0 /var/www/astraagrolestari-weightbridge/vendor/codeigniter4/framework/system/Format/JSONFormatter.php(41): CodeIgniter\Format\Exceptions\FormatException::forInvalidJSON()
#1 /var/www/astraagrolestari-weightbridge/vendor/codeigniter4/framework/system/HTTP/ResponseTrait.php(317): CodeIgniter\Format\JSONFormatter->format()
#2 /var/www/astraagrolestari-weightbridge/vendor/codeigniter4/framework/system/HTTP/ResponseTrait.php(243): CodeIgniter\HTTP\Response->formatBody()
#3 /var/www/astraagrolestari-weightbridge/app/Controllers/Timbang.php(767): CodeIgniter\HTTP\Response->setJSON()
#4 /var/www/astraagrolestari-weightbridge/vendor/codeigniter4/framework/system/CodeIgniter.php(802): App\Controllers\Timbang->weighRead()
#5 /var/www/astraagrolestari-weightbridge/vendor/codeigniter4/framework/system/CodeIgniter.php(399): CodeIgniter\CodeIgniter->runController()
#6 /var/www/astraagrolestari-weightbridge/vendor/codeigniter4/framework/system/CodeIgniter.php(317): CodeIgniter\CodeIgniter->handleRequest()
#7 /var/www/astraagrolestari-weightbridge/public/index.php(37): CodeIgniter\CodeIgniter->run()
#8 {main}
CRITICAL - 2023-07-10 01:35:21 --> Failed to parse json string, error: "Malformed UTF-8 characters, possibly incorrectly encoded".
#0 /var/www/astraagrolestari-weightbridge/vendor/codeigniter4/framework/system/Format/JSONFormatter.php(41): CodeIgniter\Format\Exceptions\FormatException::forInvalidJSON()
#1 /var/www/astraagrolestari-weightbridge/vendor/codeigniter4/framework/system/HTTP/ResponseTrait.php(317): CodeIgniter\Format\JSONFormatter->format()
#2 /var/www/astraagrolestari-weightbridge/vendor/codeigniter4/framework/system/HTTP/ResponseTrait.php(243): CodeIgniter\HTTP\Response->formatBody()
#3 /var/www/astraagrolestari-weightbridge/app/Controllers/Timbang.php(767): CodeIgniter\HTTP\Response->setJSON()
#4 /var/www/astraagrolestari-weightbridge/vendor/codeigniter4/framework/system/CodeIgniter.php(802): App\Controllers\Timbang->weighRead()
#5 /var/www/astraagrolestari-weightbridge/vendor/codeigniter4/framework/system/CodeIgniter.php(399): CodeIgniter\CodeIgniter->runController()
#6 /var/www/astraagrolestari-weightbridge/vendor/codeigniter4/framework/system/CodeIgniter.php(317): CodeIgniter\CodeIgniter->handleRequest()
#7 /var/www/astraagrolestari-weightbridge/public/index.php(37): CodeIgniter\CodeIgniter->run()
#8 {main}
CRITICAL - 2023-07-10 01:38:24 --> Failed to parse json string, error: "Malformed UTF-8 characters, possibly incorrectly encoded".
#0 /var/www/astraagrolestari-weightbridge/vendor/codeigniter4/framework/system/Format/JSONFormatter.php(41): CodeIgniter\Format\Exceptions\FormatException::forInvalidJSON()
#1 /var/www/astraagrolestari-weightbridge/vendor/codeigniter4/framework/system/HTTP/ResponseTrait.php(317): CodeIgniter\Format\JSONFormatter->format()
#2 /var/www/astraagrolestari-weightbridge/vendor/codeigniter4/framework/system/HTTP/ResponseTrait.php(243): CodeIgniter\HTTP\Response->formatBody()
#3 /var/www/astraagrolestari-weightbridge/app/Controllers/Timbang.php(767): CodeIgniter\HTTP\Response->setJSON()
#4 /var/www/astraagrolestari-weightbridge/vendor/codeigniter4/framework/system/CodeIgniter.php(802): App\Controllers\Timbang->weighRead()
#5 /var/www/astraagrolestari-weightbridge/vendor/codeigniter4/framework/system/CodeIgniter.php(399): CodeIgniter\CodeIgniter->runController()
#6 /var/www/astraagrolestari-weightbridge/vendor/codeigniter4/framework/system/CodeIgniter.php(317): CodeIgniter\CodeIgniter->handleRequest()
#7 /var/www/astraagrolestari-weightbridge/public/index.php(37): CodeIgniter\CodeIgniter->run()
#8 {main}
CRITICAL - 2023-07-10 01:38:38 --> Failed to parse json string, error: "Malformed UTF-8 characters, possibly incorrectly encoded".
#0 /var/www/astraagrolestari-weightbridge/vendor/codeigniter4/framework/system/Format/JSONFormatter.php(41): CodeIgniter\Format\Exceptions\FormatException::forInvalidJSON()
#1 /var/www/astraagrolestari-weightbridge/vendor/codeigniter4/framework/system/HTTP/ResponseTrait.php(317): CodeIgniter\Format\JSONFormatter->format()
#2 /var/www/astraagrolestari-weightbridge/vendor/codeigniter4/framework/system/HTTP/ResponseTrait.php(243): CodeIgniter\HTTP\Response->formatBody()
#3 /var/www/astraagrolestari-weightbridge/app/Controllers/Timbang.php(767): CodeIgniter\HTTP\Response->setJSON()
#4 /var/www/astraagrolestari-weightbridge/vendor/codeigniter4/framework/system/CodeIgniter.php(802): App\Controllers\Timbang->weighRead()
#5 /var/www/astraagrolestari-weightbridge/vendor/codeigniter4/framework/system/CodeIgniter.php(399): CodeIgniter\CodeIgniter->runController()
#6 /var/www/astraagrolestari-weightbridge/vendor/codeigniter4/framework/system/CodeIgniter.php(317): CodeIgniter\CodeIgniter->handleRequest()
#7 /var/www/astraagrolestari-weightbridge/public/index.php(37): CodeIgniter\CodeIgniter->run()
#8 {main}
CRITICAL - 2023-07-10 01:38:55 --> Failed to parse json string, error: "Malformed UTF-8 characters, possibly incorrectly encoded".
#0 /var/www/astraagrolestari-weightbridge/vendor/codeigniter4/framework/system/Format/JSONFormatter.php(41): CodeIgniter\Format\Exceptions\FormatException::forInvalidJSON()
#1 /var/www/astraagrolestari-weightbridge/vendor/codeigniter4/framework/system/HTTP/ResponseTrait.php(317): CodeIgniter\Format\JSONFormatter->format()
#2 /var/www/astraagrolestari-weightbridge/vendor/codeigniter4/framework/system/HTTP/ResponseTrait.php(243): CodeIgniter\HTTP\Response->formatBody()
#3 /var/www/astraagrolestari-weightbridge/app/Controllers/Timbang.php(767): CodeIgniter\HTTP\Response->setJSON()
#4 /var/www/astraagrolestari-weightbridge/vendor/codeigniter4/framework/system/CodeIgniter.php(802): App\Controllers\Timbang->weighRead()
#5 /var/www/astraagrolestari-weightbridge/vendor/codeigniter4/framework/system/CodeIgniter.php(399): CodeIgniter\CodeIgniter->runController()
#6 /var/www/astraagrolestari-weightbridge/vendor/codeigniter4/framework/system/CodeIgniter.php(317): CodeIgniter\CodeIgniter->handleRequest()
#7 /var/www/astraagrolestari-weightbridge/public/index.php(37): CodeIgniter\CodeIgniter->run()
#8 {main}
CRITICAL - 2023-07-10 01:40:49 --> Failed to parse json string, error: "Malformed UTF-8 characters, possibly incorrectly encoded".
#0 /var/www/astraagrolestari-weightbridge/vendor/codeigniter4/framework/system/Format/JSONFormatter.php(41): CodeIgniter\Format\Exceptions\FormatException::forInvalidJSON()
#1 /var/www/astraagrolestari-weightbridge/vendor/codeigniter4/framework/system/HTTP/ResponseTrait.php(317): CodeIgniter\Format\JSONFormatter->format()
#2 /var/www/astraagrolestari-weightbridge/vendor/codeigniter4/framework/system/HTTP/ResponseTrait.php(243): CodeIgniter\HTTP\Response->formatBody()
#3 /var/www/astraagrolestari-weightbridge/app/Controllers/Timbang.php(767): CodeIgniter\HTTP\Response->setJSON()
#4 /var/www/astraagrolestari-weightbridge/vendor/codeigniter4/framework/system/CodeIgniter.php(802): App\Controllers\Timbang->weighRead()
#5 /var/www/astraagrolestari-weightbridge/vendor/codeigniter4/framework/system/CodeIgniter.php(399): CodeIgniter\CodeIgniter->runController()
#6 /var/www/astraagrolestari-weightbridge/vendor/codeigniter4/framework/system/CodeIgniter.php(317): CodeIgniter\CodeIgniter->handleRequest()
#7 /var/www/astraagrolestari-weightbridge/public/index.php(37): CodeIgniter\CodeIgniter->run()
#8 {main}
CRITICAL - 2023-07-10 01:41:34 --> Failed to parse json string, error: "Malformed UTF-8 characters, possibly incorrectly encoded".
#0 /var/www/astraagrolestari-weightbridge/vendor/codeigniter4/framework/system/Format/JSONFormatter.php(41): CodeIgniter\Format\Exceptions\FormatException::forInvalidJSON()
#1 /var/www/astraagrolestari-weightbridge/vendor/codeigniter4/framework/system/HTTP/ResponseTrait.php(317): CodeIgniter\Format\JSONFormatter->format()
#2 /var/www/astraagrolestari-weightbridge/vendor/codeigniter4/framework/system/HTTP/ResponseTrait.php(243): CodeIgniter\HTTP\Response->formatBody()
#3 /var/www/astraagrolestari-weightbridge/app/Controllers/Timbang.php(768): CodeIgniter\HTTP\Response->setJSON()
#4 /var/www/astraagrolestari-weightbridge/vendor/codeigniter4/framework/system/CodeIgniter.php(802): App\Controllers\Timbang->weighRead()
#5 /var/www/astraagrolestari-weightbridge/vendor/codeigniter4/framework/system/CodeIgniter.php(399): CodeIgniter\CodeIgniter->runController()
#6 /var/www/astraagrolestari-weightbridge/vendor/codeigniter4/framework/system/CodeIgniter.php(317): CodeIgniter\CodeIgniter->handleRequest()
#7 /var/www/astraagrolestari-weightbridge/public/index.php(37): CodeIgniter\CodeIgniter->run()
#8 {main}
CRITICAL - 2023-07-10 01:42:50 --> Failed to parse json string, error: "Malformed UTF-8 characters, possibly incorrectly encoded".
#0 /var/www/astraagrolestari-weightbridge/vendor/codeigniter4/framework/system/Format/JSONFormatter.php(41): CodeIgniter\Format\Exceptions\FormatException::forInvalidJSON()
#1 /var/www/astraagrolestari-weightbridge/vendor/codeigniter4/framework/system/HTTP/ResponseTrait.php(317): CodeIgniter\Format\JSONFormatter->format()
#2 /var/www/astraagrolestari-weightbridge/vendor/codeigniter4/framework/system/HTTP/ResponseTrait.php(243): CodeIgniter\HTTP\Response->formatBody()
#3 /var/www/astraagrolestari-weightbridge/app/Controllers/Timbang.php(768): CodeIgniter\HTTP\Response->setJSON()
#4 /var/www/astraagrolestari-weightbridge/vendor/codeigniter4/framework/system/CodeIgniter.php(802): App\Controllers\Timbang->weighRead()
#5 /var/www/astraagrolestari-weightbridge/vendor/codeigniter4/framework/system/CodeIgniter.php(399): CodeIgniter\CodeIgniter->runController()
#6 /var/www/astraagrolestari-weightbridge/vendor/codeigniter4/framework/system/CodeIgniter.php(317): CodeIgniter\CodeIgniter->handleRequest()
#7 /var/www/astraagrolestari-weightbridge/public/index.php(37): CodeIgniter\CodeIgniter->run()
#8 {main}
CRITICAL - 2023-07-10 01:43:18 --> Failed to parse json string, error: "Malformed UTF-8 characters, possibly incorrectly encoded".
#0 /var/www/astraagrolestari-weightbridge/vendor/codeigniter4/framework/system/Format/JSONFormatter.php(41): CodeIgniter\Format\Exceptions\FormatException::forInvalidJSON()
#1 /var/www/astraagrolestari-weightbridge/vendor/codeigniter4/framework/system/HTTP/ResponseTrait.php(317): CodeIgniter\Format\JSONFormatter->format()
#2 /var/www/astraagrolestari-weightbridge/vendor/codeigniter4/framework/system/HTTP/ResponseTrait.php(243): CodeIgniter\HTTP\Response->formatBody()
#3 /var/www/astraagrolestari-weightbridge/app/Controllers/Timbang.php(768): CodeIgniter\HTTP\Response->setJSON()
#4 /var/www/astraagrolestari-weightbridge/vendor/codeigniter4/framework/system/CodeIgniter.php(802): App\Controllers\Timbang->weighRead()
#5 /var/www/astraagrolestari-weightbridge/vendor/codeigniter4/framework/system/CodeIgniter.php(399): CodeIgniter\CodeIgniter->runController()
#6 /var/www/astraagrolestari-weightbridge/vendor/codeigniter4/framework/system/CodeIgniter.php(317): CodeIgniter\CodeIgniter->handleRequest()
#7 /var/www/astraagrolestari-weightbridge/public/index.php(37): CodeIgniter\CodeIgniter->run()
#8 {main}
